2024-10-24 12:15:41.531 [info] Extension host with pid 41688 started
2024-10-24 12:15:41.532 [error] Error: EEXIST: file already exists, open '/home/jojoforjob/.vscode-server/data/User/workspaceStorage/888e44ecd94f153848f9a8e0382318fb/vscode.lock'
2024-10-24 12:15:41.538 [info] Lock '/home/jojoforjob/.vscode-server/data/User/workspaceStorage/888e44ecd94f153848f9a8e0382318fb/vscode.lock': Could not acquire lock, checking if the file is stale.
2024-10-24 12:15:41.546 [info] Lock '/home/jojoforjob/.vscode-server/data/User/workspaceStorage/888e44ecd94f153848f9a8e0382318fb/vscode.lock': The lock does not look stale, elapsed: 795 ms, giving up.
2024-10-24 12:15:41.551 [error] Error: EEXIST: file already exists, open '/home/jojoforjob/.vscode-server/data/User/workspaceStorage/888e44ecd94f153848f9a8e0382318fb-1/vscode.lock'
2024-10-24 12:15:41.552 [info] Lock '/home/jojoforjob/.vscode-server/data/User/workspaceStorage/888e44ecd94f153848f9a8e0382318fb-1/vscode.lock': Could not acquire lock, checking if the file is stale.
2024-10-24 12:15:41.553 [info] Lock '/home/jojoforjob/.vscode-server/data/User/workspaceStorage/888e44ecd94f153848f9a8e0382318fb-1/vscode.lock': The lock does not look stale, elapsed: 891 ms, giving up.
2024-10-24 12:15:41.557 [info] Lock '/home/jojoforjob/.vscode-server/data/User/workspaceStorage/888e44ecd94f153848f9a8e0382318fb-2/vscode.lock': Lock acquired.
2024-10-24 12:15:41.805 [info] ExtensionService#_doActivateExtension vscode.git-base, startup: false, activationEvent: '*', root cause: vscode.git
2024-10-24 12:15:41.923 [info] ExtensionService#_doActivateExtension vscode.git, startup: false, activationEvent: '*'
2024-10-24 12:15:41.924 [info] ExtensionService#_doActivateExtension vscode.github, startup: false, activationEvent: '*'
2024-10-24 12:15:42.560 [info] Eager extensions activated
2024-10-24 12:15:42.561 [info] ExtensionService#_doActivateExtension vscode.debug-auto-launch, startup: false, activationEvent: 'onStartupFinished'
2024-10-24 12:15:42.562 [info] ExtensionService#_doActivateExtension vscode.merge-conflict, startup: false, activationEvent: 'onStartupFinished'
2024-10-24 12:15:46.537 [info] ExtensionService#_doActivateExtension ms-python.python, startup: false, activationEvent: 'onLanguage:python', root cause: ms-python.debugpy
2024-10-24 12:15:46.537 [info] ExtensionService#_doActivateExtension vscode.emmet, startup: false, activationEvent: 'onLanguage'
2024-10-24 12:15:47.287 [info] ExtensionService#_doActivateExtension ms-python.debugpy, startup: false, activationEvent: 'onLanguage:python'
2024-10-24 12:15:47.288 [info] ExtensionService#_doActivateExtension ms-python.vscode-pylance, startup: false, activationEvent: 'onLanguage:python'
2024-10-24 12:15:50.967 [error] TypeError: Cannot read properties of undefined (reading 'id')
	at /home/jojoforjob/.vscode-server/extensions/ms-python.python-2024.16.1-linux-x64/out/client/extension.js:2:597134
	at Array.forEach (<anonymous>)
	at u.validateCache (/home/jojoforjob/.vscode-server/extensions/ms-python.python-2024.16.1-linux-x64/out/client/extension.js:2:597032)
	at async x.addEnvsToCacheForQuery (/home/jojoforjob/.vscode-server/extensions/ms-python.python-2024.16.1-linux-x64/out/client/extension.js:2:603623)
	at async _.autoselectInterpreterWithLocators (/home/jojoforjob/.vscode-server/extensions/ms-python.python-2024.16.1-linux-x64/out/client/extension.js:2:457090)
	at async _.autoSelectInterpreter (/home/jojoforjob/.vscode-server/extensions/ms-python.python-2024.16.1-linux-x64/out/client/extension.js:2:454336)
	at async v.activateWorkspace (/home/jojoforjob/.vscode-server/extensions/ms-python.python-2024.16.1-linux-x64/out/client/extension.js:2:2204)
2024-10-24 12:15:50.969 [error] TypeError: Cannot read properties of undefined (reading 'id')
	at /home/jojoforjob/.vscode-server/extensions/ms-python.python-2024.16.1-linux-x64/out/client/extension.js:2:597134
	at Array.forEach (<anonymous>)
	at u.validateCache (/home/jojoforjob/.vscode-server/extensions/ms-python.python-2024.16.1-linux-x64/out/client/extension.js:2:597032)
	at async x.addEnvsToCacheForQuery (/home/jojoforjob/.vscode-server/extensions/ms-python.python-2024.16.1-linux-x64/out/client/extension.js:2:603623)
	at async _.autoselectInterpreterWithLocators (/home/jojoforjob/.vscode-server/extensions/ms-python.python-2024.16.1-linux-x64/out/client/extension.js:2:457090)
	at async _.autoSelectInterpreter (/home/jojoforjob/.vscode-server/extensions/ms-python.python-2024.16.1-linux-x64/out/client/extension.js:2:454336)
	at async v.activateWorkspace (/home/jojoforjob/.vscode-server/extensions/ms-python.python-2024.16.1-linux-x64/out/client/extension.js:2:2204)
2024-10-24 12:15:50.969 [error] TypeError: Cannot read properties of undefined (reading 'id')
	at /home/jojoforjob/.vscode-server/extensions/ms-python.python-2024.16.1-linux-x64/out/client/extension.js:2:597134
	at Array.forEach (<anonymous>)
	at u.validateCache (/home/jojoforjob/.vscode-server/extensions/ms-python.python-2024.16.1-linux-x64/out/client/extension.js:2:597032)
	at async x.addEnvsToCacheForQuery (/home/jojoforjob/.vscode-server/extensions/ms-python.python-2024.16.1-linux-x64/out/client/extension.js:2:603623)
	at async _.autoselectInterpreterWithLocators (/home/jojoforjob/.vscode-server/extensions/ms-python.python-2024.16.1-linux-x64/out/client/extension.js:2:457090)
	at async _.autoSelectInterpreter (/home/jojoforjob/.vscode-server/extensions/ms-python.python-2024.16.1-linux-x64/out/client/extension.js:2:454336)
	at async v.activateWorkspace (/home/jojoforjob/.vscode-server/extensions/ms-python.python-2024.16.1-linux-x64/out/client/extension.js:2:2204)
2024-10-24 13:04:16.705 [info] Extension host terminating: renderer disconnected for too long (2)
2024-10-24 13:04:16.708 [info] Lock '/home/jojoforjob/.vscode-server/data/User/workspaceStorage/888e44ecd94f153848f9a8e0382318fb-2/vscode.lock': Marking the lockfile as scheduled to be released in 6000 ms.
2024-10-24 13:04:16.769 [info] Extension host with pid 41688 exiting with code 0
