2024-10-22 07:46:03.607 [info] Extension host with pid 23503 started
2024-10-22 07:46:03.607 [error] Error: EEXIST: file already exists, open '/home/jojoforjob/.vscode-server/data/User/workspaceStorage/888e44ecd94f153848f9a8e0382318fb/vscode.lock'
2024-10-22 07:46:03.610 [info] Lock '/home/jojoforjob/.vscode-server/data/User/workspaceStorage/888e44ecd94f153848f9a8e0382318fb/vscode.lock': Could not acquire lock, checking if the file is stale.
2024-10-22 07:46:03.633 [info] Lock '/home/jojoforjob/.vscode-server/data/User/workspaceStorage/888e44ecd94f153848f9a8e0382318fb/vscode.lock': The lock does not look stale, elapsed: 787 ms, giving up.
2024-10-22 07:46:03.717 [info] Eager extensions activated
2024-10-22 07:46:03.719 [error] Error: EEXIST: file already exists, open '/home/jojoforjob/.vscode-server/data/User/workspaceStorage/888e44ecd94f153848f9a8e0382318fb-1/vscode.lock'
2024-10-22 07:46:03.729 [info] Lock '/home/jojoforjob/.vscode-server/data/User/workspaceStorage/888e44ecd94f153848f9a8e0382318fb-1/vscode.lock': Could not acquire lock, checking if the file is stale.
2024-10-22 07:46:03.731 [info] Lock '/home/jojoforjob/.vscode-server/data/User/workspaceStorage/888e44ecd94f153848f9a8e0382318fb-1/vscode.lock': The lock does not look stale, elapsed: 214 ms, giving up.
2024-10-22 07:46:03.744 [info] Lock '/home/jojoforjob/.vscode-server/data/User/workspaceStorage/888e44ecd94f153848f9a8e0382318fb-2/vscode.lock': Lock acquired.
2024-10-22 07:46:05.300 [info] ExtensionService#_doActivateExtension vscode.debug-auto-launch, startup: false, activationEvent: 'onStartupFinished'
2024-10-22 07:46:05.303 [info] ExtensionService#_doActivateExtension vscode.git-base, startup: false, activationEvent: '*', root cause: vscode.git
2024-10-22 07:46:05.304 [info] ExtensionService#_doActivateExtension vscode.merge-conflict, startup: false, activationEvent: 'onStartupFinished'
2024-10-22 07:46:05.619 [info] ExtensionService#_doActivateExtension vscode.git, startup: false, activationEvent: '*'
2024-10-22 07:46:05.621 [info] ExtensionService#_doActivateExtension vscode.github, startup: false, activationEvent: '*'
2024-10-22 07:46:32.842 [info] ExtensionService#_doActivateExtension ms-python.python, startup: false, activationEvent: 'onLanguage:python', root cause: ms-python.debugpy
2024-10-22 07:46:32.843 [info] ExtensionService#_doActivateExtension vscode.emmet, startup: false, activationEvent: 'onLanguage'
2024-10-22 07:46:33.734 [info] ExtensionService#_doActivateExtension ms-python.debugpy, startup: false, activationEvent: 'onLanguage:python'
2024-10-22 07:46:33.735 [info] ExtensionService#_doActivateExtension ms-python.vscode-pylance, startup: false, activationEvent: 'onLanguage:python'
2024-10-22 08:01:13.801 [info] ExtensionService#_doActivateExtension vscode.npm, startup: false, activationEvent: 'onTerminalQuickFixRequest:ms-vscode.npm-command'
2024-10-22 08:01:19.178 [info] ExtensionService#_doActivateExtension vscode.configuration-editing, startup: false, activationEvent: 'onLanguage:json'
2024-10-22 08:01:19.179 [info] ExtensionService#_doActivateExtension vscode.extension-editing, startup: false, activationEvent: 'onLanguage:json'
2024-10-22 08:01:19.179 [info] ExtensionService#_doActivateExtension vscode.json-language-features, startup: false, activationEvent: 'onLanguage:json'
2024-10-22 13:24:42.401 [info] Extension host terminating: received terminate message from renderer
2024-10-22 13:24:42.407 [info] Lock '/home/jojoforjob/.vscode-server/data/User/workspaceStorage/888e44ecd94f153848f9a8e0382318fb-2/vscode.lock': Marking the lockfile as scheduled to be released in 6000 ms.
2024-10-22 13:24:42.566 [info] Extension host with pid 23503 exiting with code 0
