2024-10-24 05:53:13.201 [info] [main] Log level: Info
2024-10-24 05:53:13.202 [info] [main] Validating found git in: "git"
2024-10-24 05:53:13.202 [info] [main] Using git "2.25.1" from "git"
2024-10-24 05:53:13.203 [info] [Model][doInitialScan] Initial repository scan started
2024-10-24 05:53:13.203 [info] > git rev-parse --show-toplevel [1421ms]
2024-10-24 05:53:13.203 [info] fatal: not a git repository (or any of the parent directories): .git
2024-10-24 05:53:13.234 [info] > git rev-parse --show-toplevel [49ms]
2024-10-24 05:53:13.234 [info] fatal: not a git repository (or any of the parent directories): .git
2024-10-24 05:53:13.326 [info] > git rev-parse --show-toplevel [22ms]
2024-10-24 05:53:13.326 [info] fatal: not a git repository (or any of the parent directories): .git
2024-10-24 05:53:13.378 [info] > git rev-parse --show-toplevel [3ms]
2024-10-24 05:53:13.378 [info] fatal: not a git repository (or any of the parent directories): .git
2024-10-24 05:53:13.398 [info] > git rev-parse --show-toplevel [6ms]
2024-10-24 05:53:13.399 [info] fatal: not a git repository (or any of the parent directories): .git
2024-10-24 05:53:13.454 [info] > git rev-parse --show-toplevel [34ms]
2024-10-24 05:53:13.454 [info] fatal: not a git repository (or any of the parent directories): .git
2024-10-24 05:53:13.494 [info] > git rev-parse --show-toplevel [19ms]
2024-10-24 05:53:13.494 [info] fatal: not a git repository (or any of the parent directories): .git
2024-10-24 05:53:13.525 [info] > git rev-parse --show-toplevel [7ms]
2024-10-24 05:53:13.525 [info] fatal: not a git repository (or any of the parent directories): .git
2024-10-24 05:53:13.558 [info] > git rev-parse --show-toplevel [17ms]
2024-10-24 05:53:13.558 [info] fatal: not a git repository (or any of the parent directories): .git
2024-10-24 05:53:13.582 [info] > git rev-parse --show-toplevel [2ms]
2024-10-24 05:53:13.582 [info] fatal: not a git repository (or any of the parent directories): .git
2024-10-24 05:53:13.645 [info] > git rev-parse --show-toplevel [11ms]
2024-10-24 05:53:13.646 [info] fatal: not a git repository (or any of the parent directories): .git
2024-10-24 05:53:13.681 [info] > git rev-parse --show-toplevel [10ms]
2024-10-24 05:53:13.681 [info] fatal: not a git repository (or any of the parent directories): .git
2024-10-24 05:53:13.703 [info] > git rev-parse --show-toplevel [3ms]
2024-10-24 05:53:13.703 [info] fatal: not a git repository (or any of the parent directories): .git
2024-10-24 05:53:13.707 [info] [Model][doInitialScan] Initial repository scan completed - repositories (0), closed repositories (0), parent repositories (0), unsafe repositories (0)
