[2024-10-24T13:15:30.996+0000] {local_task_job_runner.py:123} INFO - ::group::Pre task execution logs
[2024-10-24T13:15:31.017+0000] {taskinstance.py:2612} INFO - Dependencies all met for dep_context=non-requeueable deps ti=<TaskInstance: frank_dag.run_requests_task manual__2024-10-24T13:13:26.306542+00:00 [queued]>
[2024-10-24T13:15:31.030+0000] {taskinstance.py:2612} INFO - Dependencies all met for dep_context=requeueable deps ti=<TaskInstance: frank_dag.run_requests_task manual__2024-10-24T13:13:26.306542+00:00 [queued]>
[2024-10-24T13:15:31.032+0000] {taskinstance.py:2865} INFO - Starting attempt 2 of 2
[2024-10-24T13:15:31.058+0000] {taskinstance.py:2888} INFO - Executing <Task(PythonOperator): run_requests_task> on 2024-10-24 13:13:26.306542+00:00
[2024-10-24T13:15:31.066+0000] {standard_task_runner.py:72} INFO - Started process 19216 to run task
[2024-10-24T13:15:31.077+0000] {standard_task_runner.py:104} INFO - Running: ['airflow', 'tasks', 'run', 'frank_dag', 'run_requests_task', 'manual__2024-10-24T13:13:26.306542+00:00', '--job-id', '935', '--raw', '--subdir', 'DAGS_FOLDER/frank_dag.py', '--cfg-path', '/tmp/tmpcjkcutet']
[2024-10-24T13:15:31.082+0000] {standard_task_runner.py:105} INFO - Job 935: Subtask run_requests_task
[2024-10-24T13:15:31.165+0000] {task_command.py:467} INFO - Running <TaskInstance: frank_dag.run_requests_task manual__2024-10-24T13:13:26.306542+00:00 [running]> on host 60bbe790d101
[2024-10-24T13:15:31.288+0000] {taskinstance.py:3131} INFO - Exporting env vars: AIRFLOW_CTX_DAG_OWNER='airflow' AIRFLOW_CTX_DAG_ID='frank_dag' AIRFLOW_CTX_TASK_ID='run_requests_task' AIRFLOW_CTX_EXECUTION_DATE='2024-10-24T13:13:26.306542+00:00' AIRFLOW_CTX_TRY_NUMBER='2' AIRFLOW_CTX_DAG_RUN_ID='manual__2024-10-24T13:13:26.306542+00:00'
[2024-10-24T13:15:31.290+0000] {taskinstance.py:731} INFO - ::endgroup::
[2024-10-24T13:15:32.322+0000] {logging_mixin.py:190} INFO - 訊息成功傳送到 test-topic 分區 [2]
[2024-10-24T13:15:32.323+0000] {logging_mixin.py:190} INFO - 已傳送文章至 Kafka: Re: [問卦] 台灣怎麼改才不會走上澤倫斯基的後塵?
[2024-10-24T13:15:32.375+0000] {logging_mixin.py:190} INFO - 訊息成功傳送到 test-topic 分區 [2]
[2024-10-24T13:15:32.375+0000] {logging_mixin.py:190} INFO - 已傳送文章至 Kafka: [問卦] 古代人近視是不是就沒救了？
[2024-10-24T13:15:32.413+0000] {logging_mixin.py:190} INFO - 訊息成功傳送到 test-topic 分區 [4]
[2024-10-24T13:15:32.414+0000] {logging_mixin.py:190} INFO - 已傳送文章至 Kafka: [問卦] 麥當勞王建民卡片要收哪幾張才潮（急
[2024-10-24T13:15:32.474+0000] {logging_mixin.py:190} INFO - 訊息成功傳送到 test-topic 分區 [2]
[2024-10-24T13:15:32.474+0000] {logging_mixin.py:190} INFO - 已傳送文章至 Kafka: [問卦] 同學會遇到當年的霸凌仔怎麼辦到
[2024-10-24T13:15:32.551+0000] {logging_mixin.py:190} INFO - 訊息成功傳送到 test-topic 分區 [4]
[2024-10-24T13:15:32.551+0000] {logging_mixin.py:190} INFO - 已傳送文章至 Kafka: [問卦] 蛋價一顆三塊 一堆漲價無良店家在做啥
[2024-10-24T13:15:32.605+0000] {logging_mixin.py:190} INFO - 訊息成功傳送到 test-topic 分區 [3]
[2024-10-24T13:15:32.606+0000] {logging_mixin.py:190} INFO - 已傳送文章至 Kafka: [問卦] 日文的0 為什麼是外來語？
[2024-10-24T13:15:32.647+0000] {logging_mixin.py:190} INFO - 訊息成功傳送到 test-topic 分區 [4]
[2024-10-24T13:15:32.648+0000] {logging_mixin.py:190} INFO - 已傳送文章至 Kafka: Re: [新聞] 美日「利劍25」聯演登場嚇阻區域威脅
[2024-10-24T13:15:32.692+0000] {logging_mixin.py:190} INFO - 訊息成功傳送到 test-topic 分區 [4]
[2024-10-24T13:15:32.692+0000] {logging_mixin.py:190} INFO - 已傳送文章至 Kafka: Re: [新聞] 台在南非駐處正常運作不搬！台外長拒中共
[2024-10-24T13:15:32.773+0000] {logging_mixin.py:190} INFO - 訊息成功傳送到 test-topic 分區 [0]
[2024-10-24T13:15:32.774+0000] {logging_mixin.py:190} INFO - 已傳送文章至 Kafka: [新聞] 核三廠大修！這時間點全台火力發電98％
[2024-10-24T13:15:32.824+0000] {logging_mixin.py:190} INFO - 訊息成功傳送到 test-topic 分區 [0]
[2024-10-24T13:15:32.824+0000] {logging_mixin.py:190} INFO - 已傳送文章至 Kafka: Re: [問卦] 台灣怎麼改才不會走上澤倫斯基的後塵?
[2024-10-24T13:15:32.864+0000] {logging_mixin.py:190} INFO - 訊息成功傳送到 test-topic 分區 [2]
[2024-10-24T13:15:32.864+0000] {logging_mixin.py:190} INFO - 已傳送文章至 Kafka: [問卦] 萬聖節去別人家要糖真的有人會給嗎
[2024-10-24T13:15:33.147+0000] {logging_mixin.py:190} INFO - 訊息成功傳送到 test-topic 分區 [3]
[2024-10-24T13:15:33.147+0000] {logging_mixin.py:190} INFO - 已傳送文章至 Kafka: [新聞] 中市永興宮公告「大雅全區吃素」！在地人
[2024-10-24T13:15:33.219+0000] {logging_mixin.py:190} INFO - 訊息成功傳送到 test-topic 分區 [1]
[2024-10-24T13:15:33.219+0000] {logging_mixin.py:190} INFO - 已傳送文章至 Kafka: [新聞] 卓揆：核能無罪 但非萬靈丹
[2024-10-24T13:15:33.300+0000] {logging_mixin.py:190} INFO - 訊息成功傳送到 test-topic 分區 [2]
[2024-10-24T13:15:33.300+0000] {logging_mixin.py:190} INFO - 已傳送文章至 Kafka: [新聞] NanaQ前男友首發聲！認了「早想分手」：及時止損對彼此都好
[2024-10-24T13:15:33.348+0000] {logging_mixin.py:190} INFO - 訊息成功傳送到 test-topic 分區 [4]
[2024-10-24T13:15:33.349+0000] {logging_mixin.py:190} INFO - 已傳送文章至 Kafka: [問卦] momo不給我買東西怎辦
[2024-10-24T13:15:33.422+0000] {logging_mixin.py:190} INFO - 訊息成功傳送到 test-topic 分區 [0]
[2024-10-24T13:15:33.422+0000] {logging_mixin.py:190} INFO - 已傳送文章至 Kafka: [新聞] 獨／調查局350萬安毒詭異失蹤4年　竟是
[2024-10-24T13:15:33.490+0000] {logging_mixin.py:190} INFO - 訊息成功傳送到 test-topic 分區 [2]
[2024-10-24T13:15:33.491+0000] {logging_mixin.py:190} INFO - 已傳送文章至 Kafka: [問卦] 漳州泉州廈門人 行為會跟台灣人很像嗎？
[2024-10-24T13:15:34.516+0000] {logging_mixin.py:190} INFO - 訊息成功傳送到 test-topic 分區 [3]
[2024-10-24T13:15:34.517+0000] {logging_mixin.py:190} INFO - 已傳送文章至 Kafka: [新聞] 查無一槍斃命證據 下周延押柯文哲
[2024-10-24T13:15:34.572+0000] {logging_mixin.py:190} INFO - 訊息成功傳送到 test-topic 分區 [1]
[2024-10-24T13:15:34.573+0000] {logging_mixin.py:190} INFO - 已傳送文章至 Kafka: [問卦] 日式拉麵為啥賣的比牛肉麵貴?
[2024-10-24T13:15:34.574+0000] {logging_mixin.py:190} INFO - 第1頁完成
[2024-10-24T13:15:35.890+0000] {logging_mixin.py:190} INFO - 訊息成功傳送到 test-topic 分區 [0]
[2024-10-24T13:15:35.890+0000] {logging_mixin.py:190} INFO - 已傳送文章至 Kafka: [問卦] 台灣怎麼改才不會走上澤倫斯基的後塵?
[2024-10-24T13:15:35.934+0000] {logging_mixin.py:190} INFO - 訊息成功傳送到 test-topic 分區 [4]
[2024-10-24T13:15:35.934+0000] {logging_mixin.py:190} INFO - 已傳送文章至 Kafka: [問卦] 三戰要超越前兩戰才有資格撐起這名字吧
[2024-10-24T13:15:35.974+0000] {logging_mixin.py:190} INFO - 訊息成功傳送到 test-topic 分區 [4]
[2024-10-24T13:15:35.974+0000] {logging_mixin.py:190} INFO - 已傳送文章至 Kafka: Re: [新聞] 有片／NHK揭中國「認知戰」真相　王定宇
[2024-10-24T13:15:36.094+0000] {logging_mixin.py:190} INFO - 訊息成功傳送到 test-topic 分區 [2]
[2024-10-24T13:15:36.095+0000] {logging_mixin.py:190} INFO - 已傳送文章至 Kafka: [新聞] 死刑犯可能被釋放？吳宗憲曝：司法院幕
[2024-10-24T13:15:36.144+0000] {logging_mixin.py:190} INFO - 訊息成功傳送到 test-topic 分區 [1]
[2024-10-24T13:15:36.145+0000] {logging_mixin.py:190} INFO - 已傳送文章至 Kafka: [問卦] 言論自由和言論免責
[2024-10-24T13:15:36.183+0000] {logging_mixin.py:190} INFO - 訊息成功傳送到 test-topic 分區 [3]
[2024-10-24T13:15:36.184+0000] {logging_mixin.py:190} INFO - 已傳送文章至 Kafka: [問卦] 問卷大家 今日會搶10點半? 12點? 都不搶?
[2024-10-24T13:15:36.223+0000] {logging_mixin.py:190} INFO - 訊息成功傳送到 test-topic 分區 [1]
[2024-10-24T13:15:36.224+0000] {logging_mixin.py:190} INFO - 已傳送文章至 Kafka: Re: [新聞] 有片／NHK揭中國「認知戰」真相　王定宇
[2024-10-24T13:15:36.309+0000] {logging_mixin.py:190} INFO - 訊息成功傳送到 test-topic 分區 [3]
[2024-10-24T13:15:36.309+0000] {logging_mixin.py:190} INFO - 已傳送文章至 Kafka: Re: [新聞]「被超哥趕出來了…」YTR吃鐵板燒遭警驅
[2024-10-24T13:15:36.351+0000] {logging_mixin.py:190} INFO - 訊息成功傳送到 test-topic 分區 [0]
[2024-10-24T13:15:36.352+0000] {logging_mixin.py:190} INFO - 已傳送文章至 Kafka: [問卦] 勸人租房一輩子的網紅怎麼買房了？
[2024-10-24T13:15:36.394+0000] {logging_mixin.py:190} INFO - 訊息成功傳送到 test-topic 分區 [3]
[2024-10-24T13:15:36.394+0000] {logging_mixin.py:190} INFO - 已傳送文章至 Kafka: [問卦] 大家準備好要搶獵人卡片了嗎？
[2024-10-24T13:15:36.433+0000] {logging_mixin.py:190} INFO - 訊息成功傳送到 test-topic 分區 [3]
[2024-10-24T13:15:36.433+0000] {logging_mixin.py:190} INFO - 已傳送文章至 Kafka: [問卦] 等等12點青鳥會抵制拒絕搶票嗎？
[2024-10-24T13:15:36.471+0000] {logging_mixin.py:190} INFO - 訊息成功傳送到 test-topic 分區 [2]
[2024-10-24T13:15:36.471+0000] {logging_mixin.py:190} INFO - 已傳送文章至 Kafka: [問卦] 平常都吃幾號米呀？
[2024-10-24T13:15:36.523+0000] {logging_mixin.py:190} INFO - 訊息成功傳送到 test-topic 分區 [2]
[2024-10-24T13:15:36.524+0000] {logging_mixin.py:190} INFO - 已傳送文章至 Kafka: [新聞] 武嚇？高雄「白色遊騎兵團」起義柯粉「
[2024-10-24T13:15:36.592+0000] {logging_mixin.py:190} INFO - 訊息成功傳送到 test-topic 分區 [2]
[2024-10-24T13:15:36.593+0000] {logging_mixin.py:190} INFO - 已傳送文章至 Kafka: [問卦] 被嗆怎麼40歲了還來找30K工作 該怎回?
[2024-10-24T13:15:36.636+0000] {logging_mixin.py:190} INFO - 訊息成功傳送到 test-topic 分區 [0]
[2024-10-24T13:15:36.636+0000] {logging_mixin.py:190} INFO - 已傳送文章至 Kafka: [新聞] 毒蟲控警「侵吞扣案毒品」！新北偵查佐
[2024-10-24T13:15:36.691+0000] {logging_mixin.py:190} INFO - 訊息成功傳送到 test-topic 分區 [4]
[2024-10-24T13:15:36.691+0000] {logging_mixin.py:190} INFO - 已傳送文章至 Kafka: [問卦] 遊戲業史上最大翻車是那款?
[2024-10-24T13:15:36.736+0000] {logging_mixin.py:190} INFO - 訊息成功傳送到 test-topic 分區 [2]
[2024-10-24T13:15:36.737+0000] {logging_mixin.py:190} INFO - 已傳送文章至 Kafka: [問卦] 潭美你要來了嗎？
[2024-10-24T13:15:36.775+0000] {logging_mixin.py:190} INFO - 訊息成功傳送到 test-topic 分區 [1]
[2024-10-24T13:15:36.775+0000] {logging_mixin.py:190} INFO - 已傳送文章至 Kafka: [新聞] 花蓮跳浪藝術節直面地震 0403震幅成主視
[2024-10-24T13:15:36.928+0000] {logging_mixin.py:190} INFO - 訊息成功傳送到 test-topic 分區 [1]
[2024-10-24T13:15:36.928+0000] {logging_mixin.py:190} INFO - 已傳送文章至 Kafka: [新聞] 影/民進黨最新支持度下跌4.4%　資深媒體
[2024-10-24T13:15:36.929+0000] {logging_mixin.py:190} INFO - 第2頁完成
[2024-10-24T13:15:38.199+0000] {logging_mixin.py:190} INFO - 訊息成功傳送到 test-topic 分區 [2]
[2024-10-24T13:15:38.200+0000] {logging_mixin.py:190} INFO - 已傳送文章至 Kafka: [問卦] 日本小姐姐也太正了
[2024-10-24T13:15:38.249+0000] {logging_mixin.py:190} INFO - 訊息成功傳送到 test-topic 分區 [0]
[2024-10-24T13:15:38.249+0000] {logging_mixin.py:190} INFO - 已傳送文章至 Kafka: [問卦] 啦啦隊物化女性 還這麼沾沾自喜？
[2024-10-24T13:15:38.300+0000] {logging_mixin.py:190} INFO - 訊息成功傳送到 test-topic 分區 [0]
[2024-10-24T13:15:38.301+0000] {logging_mixin.py:190} INFO - 已傳送文章至 Kafka: [新聞] 台鹽綠能高層被控涉弊 前董座陳啟昱等5人
[2024-10-24T13:15:38.341+0000] {logging_mixin.py:190} INFO - 訊息成功傳送到 test-topic 分區 [1]
[2024-10-24T13:15:38.341+0000] {logging_mixin.py:190} INFO - 已傳送文章至 Kafka: Re: [問卦] 隨便考都有國立幹嘛還要搶補習班劃位?
[2024-10-24T13:15:38.488+0000] {logging_mixin.py:190} INFO - 訊息成功傳送到 test-topic 分區 [0]
[2024-10-24T13:15:38.488+0000] {logging_mixin.py:190} INFO - 已傳送文章至 Kafka: [新聞] 柯文哲前幕僚驚爆：有企業家問「錢到底
[2024-10-24T13:15:38.569+0000] {logging_mixin.py:190} INFO - 訊息成功傳送到 test-topic 分區 [2]
[2024-10-24T13:15:38.570+0000] {logging_mixin.py:190} INFO - 已傳送文章至 Kafka: [新聞] 台在南非駐處正常運作不搬！台外長拒中共
[2024-10-24T13:15:38.620+0000] {logging_mixin.py:190} INFO - 訊息成功傳送到 test-topic 分區 [0]
[2024-10-24T13:15:38.620+0000] {logging_mixin.py:190} INFO - 已傳送文章至 Kafka: [問卦] 電子業辦公室是不是產業升級無望了??
[2024-10-24T13:15:38.675+0000] {logging_mixin.py:190} INFO - 訊息成功傳送到 test-topic 分區 [1]
[2024-10-24T13:15:38.676+0000] {logging_mixin.py:190} INFO - 已傳送文章至 Kafka: [問卦] 被爸媽安排娶外籍新娘，什麼感覺？
[2024-10-24T13:15:38.744+0000] {logging_mixin.py:190} INFO - 訊息成功傳送到 test-topic 分區 [1]
[2024-10-24T13:15:38.745+0000] {logging_mixin.py:190} INFO - 已傳送文章至 Kafka: [問卦] 收集卡片到底有甚麼樂趣可言?
[2024-10-24T13:15:38.791+0000] {logging_mixin.py:190} INFO - 訊息成功傳送到 test-topic 分區 [4]
[2024-10-24T13:15:38.792+0000] {logging_mixin.py:190} INFO - 已傳送文章至 Kafka: [新聞] 兄弟反目！李顯龍胞弟尋英國庇護 稱政治
[2024-10-24T13:15:38.840+0000] {logging_mixin.py:190} INFO - 訊息成功傳送到 test-topic 分區 [0]
[2024-10-24T13:15:38.840+0000] {logging_mixin.py:190} INFO - 已傳送文章至 Kafka: Re: [問卦] 跟王菲同等級的歌手 有哪些呢?
[2024-10-24T13:15:38.880+0000] {logging_mixin.py:190} INFO - 訊息成功傳送到 test-topic 分區 [1]
[2024-10-24T13:15:38.882+0000] {logging_mixin.py:190} INFO - 已傳送文章至 Kafka: [問卦] 等等12點 有方法可以搶周杰倫的門票嗎
[2024-10-24T13:15:38.932+0000] {logging_mixin.py:190} INFO - 訊息成功傳送到 test-topic 分區 [1]
[2024-10-24T13:15:38.933+0000] {logging_mixin.py:190} INFO - 已傳送文章至 Kafka: [問卦] 國中姪子：念能力不就抄血鬼術？
[2024-10-24T13:15:38.989+0000] {logging_mixin.py:190} INFO - 訊息成功傳送到 test-topic 分區 [3]
[2024-10-24T13:15:38.990+0000] {logging_mixin.py:190} INFO - 已傳送文章至 Kafka: [新聞] 高22米全台最大！高雄巨型南瓜燈試燈搶
[2024-10-24T13:15:39.043+0000] {logging_mixin.py:190} INFO - 訊息成功傳送到 test-topic 分區 [1]
[2024-10-24T13:15:39.044+0000] {logging_mixin.py:190} INFO - 已傳送文章至 Kafka: [問卦] 為何現在當醫生還要發論文才能升遷?
[2024-10-24T13:15:39.112+0000] {logging_mixin.py:190} INFO - 訊息成功傳送到 test-topic 分區 [2]
[2024-10-24T13:15:39.113+0000] {logging_mixin.py:190} INFO - 已傳送文章至 Kafka: [問卦] NBA現在是三分球大賽？？？？
[2024-10-24T13:15:39.159+0000] {logging_mixin.py:190} INFO - 訊息成功傳送到 test-topic 分區 [0]
[2024-10-24T13:15:39.160+0000] {logging_mixin.py:190} INFO - 已傳送文章至 Kafka: [問卦] 驚! 中國手機充斥市面，不會有資安風險？
[2024-10-24T13:15:39.213+0000] {logging_mixin.py:190} INFO - 訊息成功傳送到 test-topic 分區 [4]
[2024-10-24T13:15:39.213+0000] {logging_mixin.py:190} INFO - 已傳送文章至 Kafka: Re: [新聞] 梳子、牙刷不再免費提供！旅宿業新規　一
[2024-10-24T13:15:39.266+0000] {logging_mixin.py:190} INFO - 訊息成功傳送到 test-topic 分區 [2]
[2024-10-24T13:15:39.267+0000] {logging_mixin.py:190} INFO - 已傳送文章至 Kafka: [問卦] 女同事香水味很重 要怎麼勸導？
[2024-10-24T13:15:39.313+0000] {logging_mixin.py:190} INFO - 訊息成功傳送到 test-topic 分區 [2]
[2024-10-24T13:15:39.313+0000] {logging_mixin.py:190} INFO - 已傳送文章至 Kafka: [問卦] 主管說要做7S   是哪7個S
[2024-10-24T13:15:39.314+0000] {logging_mixin.py:190} INFO - 第3頁完成
[2024-10-24T13:15:40.565+0000] {logging_mixin.py:190} INFO - 訊息成功傳送到 test-topic 分區 [0]
[2024-10-24T13:15:40.566+0000] {logging_mixin.py:190} INFO - 已傳送文章至 Kafka: [問卦] 12點要搶票了 484要避開搶六日
[2024-10-24T13:15:40.617+0000] {logging_mixin.py:190} INFO - 訊息成功傳送到 test-topic 分區 [1]
[2024-10-24T13:15:40.617+0000] {logging_mixin.py:190} INFO - 已傳送文章至 Kafka: [問卦] 為什麼任賢齊唱那麼多武俠主題曲啊？
[2024-10-24T13:15:40.660+0000] {logging_mixin.py:190} INFO - 訊息成功傳送到 test-topic 分區 [4]
[2024-10-24T13:15:40.661+0000] {logging_mixin.py:190} INFO - 已傳送文章至 Kafka: [問卦] 現在最頂的衛生紙是哪家辣
[2024-10-24T13:15:40.832+0000] {logging_mixin.py:190} INFO - 訊息成功傳送到 test-topic 分區 [4]
[2024-10-24T13:15:40.833+0000] {logging_mixin.py:190} INFO - 已傳送文章至 Kafka: [新聞] 挺柯團體｢白色遊騎兵團｣號召練武對抗青鳥！民眾黨高雄黨
[2024-10-24T13:15:40.921+0000] {logging_mixin.py:190} INFO - 訊息成功傳送到 test-topic 分區 [2]
[2024-10-24T13:15:40.921+0000] {logging_mixin.py:190} INFO - 已傳送文章至 Kafka: Re: [新聞] 「被21人團客臨時放鳥」知名摩洛哥餐廳「
[2024-10-24T13:15:40.960+0000] {logging_mixin.py:190} INFO - 訊息成功傳送到 test-topic 分區 [0]
[2024-10-24T13:15:40.961+0000] {logging_mixin.py:190} INFO - 已傳送文章至 Kafka: [問卦] 拿拐杖敲別人搶劫博愛座的為什麼可以上車
[2024-10-24T13:15:41.009+0000] {logging_mixin.py:190} INFO - 訊息成功傳送到 test-topic 分區 [4]
[2024-10-24T13:15:41.010+0000] {logging_mixin.py:190} INFO - 已傳送文章至 Kafka: [問卦] 各位麥當勞獵人今天會去抽卡嗎?
[2024-10-24T13:15:41.047+0000] {logging_mixin.py:190} INFO - 訊息成功傳送到 test-topic 分區 [0]
[2024-10-24T13:15:41.047+0000] {logging_mixin.py:190} INFO - 已傳送文章至 Kafka: Re: [問卦] 麥當勞為什麼不送玩具了
[2024-10-24T13:15:41.124+0000] {logging_mixin.py:190} INFO - 訊息成功傳送到 test-topic 分區 [4]
[2024-10-24T13:15:41.125+0000] {logging_mixin.py:190} INFO - 已傳送文章至 Kafka: [新聞] 兩個月合起來是什麼字？女博士回「朋」遭
[2024-10-24T13:15:41.170+0000] {logging_mixin.py:190} INFO - 訊息成功傳送到 test-topic 分區 [0]
[2024-10-24T13:15:41.170+0000] {logging_mixin.py:190} INFO - 已傳送文章至 Kafka: [問卦] 用搶票機器人買到票合法嗎？
[2024-10-24T13:15:41.572+0000] {logging_mixin.py:190} INFO - 訊息成功傳送到 test-topic 分區 [4]
[2024-10-24T13:15:41.572+0000] {logging_mixin.py:190} INFO - 已傳送文章至 Kafka: [新聞] 黃捷推女同借精生子！陳昭姿10點聲明嗆：
[2024-10-24T13:15:41.618+0000] {logging_mixin.py:190} INFO - 訊息成功傳送到 test-topic 分區 [4]
[2024-10-24T13:15:41.618+0000] {logging_mixin.py:190} INFO - 已傳送文章至 Kafka: [新聞] 驚悚影片｜老婆不准酒醉老公進門　結果他
[2024-10-24T13:15:41.657+0000] {logging_mixin.py:190} INFO - 訊息成功傳送到 test-topic 分區 [0]
[2024-10-24T13:15:41.658+0000] {logging_mixin.py:190} INFO - 已傳送文章至 Kafka: [問卦] 立即購票是時間到才會出來嗎？
[2024-10-24T13:15:41.709+0000] {logging_mixin.py:190} INFO - 訊息成功傳送到 test-topic 分區 [3]
[2024-10-24T13:15:41.709+0000] {logging_mixin.py:190} INFO - 已傳送文章至 Kafka: [問卦] 去麥當勞排獵人盲包要注意什麼?
[2024-10-24T13:15:41.758+0000] {logging_mixin.py:190} INFO - 訊息成功傳送到 test-topic 分區 [4]
[2024-10-24T13:15:41.758+0000] {logging_mixin.py:190} INFO - 已傳送文章至 Kafka: [問卦] 一般人被羈押是不是賺爛了？
[2024-10-24T13:15:41.810+0000] {logging_mixin.py:190} INFO - 訊息成功傳送到 test-topic 分區 [2]
[2024-10-24T13:15:41.810+0000] {logging_mixin.py:190} INFO - 已傳送文章至 Kafka: [問卦] 亞熱帶的台灣人幹嘛學歐洲人穿西裝?
[2024-10-24T13:15:41.858+0000] {logging_mixin.py:190} INFO - 訊息成功傳送到 test-topic 分區 [2]
[2024-10-24T13:15:41.859+0000] {logging_mixin.py:190} INFO - 已傳送文章至 Kafka: [問卦] 抽到小麥 阿路嘉 俠客 瑪奇會怎樣
[2024-10-24T13:15:41.918+0000] {logging_mixin.py:190} INFO - 訊息成功傳送到 test-topic 分區 [2]
[2024-10-24T13:15:41.918+0000] {logging_mixin.py:190} INFO - 已傳送文章至 Kafka: Re: [新聞] 蓋核電漲電費 日本核電補助新制度遭批判
[2024-10-24T13:15:41.973+0000] {logging_mixin.py:190} INFO - 訊息成功傳送到 test-topic 分區 [0]
[2024-10-24T13:15:41.973+0000] {logging_mixin.py:190} INFO - 已傳送文章至 Kafka: [問卦] 台灣什麼時候流行搶中國藝人票了？
[2024-10-24T13:15:41.974+0000] {logging_mixin.py:190} INFO - 第4頁完成
[2024-10-24T13:15:43.287+0000] {logging_mixin.py:190} INFO - 訊息成功傳送到 test-topic 分區 [3]
[2024-10-24T13:15:43.288+0000] {logging_mixin.py:190} INFO - 已傳送文章至 Kafka: Re: [問卦] 跟王菲同等級的歌手 有哪些呢?
[2024-10-24T13:15:43.328+0000] {logging_mixin.py:190} INFO - 訊息成功傳送到 test-topic 分區 [0]
[2024-10-24T13:15:43.328+0000] {logging_mixin.py:190} INFO - 已傳送文章至 Kafka: Re: [問卦] 隨便考都有國立幹嘛還要搶補習班劃位?
[2024-10-24T13:15:43.386+0000] {logging_mixin.py:190} INFO - 訊息成功傳送到 test-topic 分區 [0]
[2024-10-24T13:15:43.387+0000] {logging_mixin.py:190} INFO - 已傳送文章至 Kafka: Re: [問卦] 北韓出兵烏克蘭南韓在氣什麼？
[2024-10-24T13:15:43.429+0000] {logging_mixin.py:190} INFO - 訊息成功傳送到 test-topic 分區 [1]
[2024-10-24T13:15:43.429+0000] {logging_mixin.py:190} INFO - 已傳送文章至 Kafka: Re: [問卦] 台灣這麼小 為何要分類做環保？
[2024-10-24T13:15:43.485+0000] {logging_mixin.py:190} INFO - 訊息成功傳送到 test-topic 分區 [0]
[2024-10-24T13:15:43.485+0000] {logging_mixin.py:190} INFO - 已傳送文章至 Kafka: [問卦] 32處男問為什麼只有我旁邊的位置是空位
[2024-10-24T13:15:43.593+0000] {logging_mixin.py:190} INFO - 訊息成功傳送到 test-topic 分區 [2]
[2024-10-24T13:15:43.594+0000] {logging_mixin.py:190} INFO - 已傳送文章至 Kafka: [新聞] 矢板明夫捍衛台灣民主 486先生好感動
[2024-10-24T13:15:43.632+0000] {logging_mixin.py:190} INFO - 訊息成功傳送到 test-topic 分區 [0]
[2024-10-24T13:15:43.633+0000] {logging_mixin.py:190} INFO - 已傳送文章至 Kafka: Re: [問卦] 萬聖節是北美節日，台灣怎麼那麼多人過？
[2024-10-24T13:15:43.688+0000] {logging_mixin.py:190} INFO - 訊息成功傳送到 test-topic 分區 [4]
[2024-10-24T13:15:43.688+0000] {logging_mixin.py:190} INFO - 已傳送文章至 Kafka: [問卦] 麥當勞為什麼不送玩具了
[2024-10-24T13:15:43.736+0000] {logging_mixin.py:190} INFO - 訊息成功傳送到 test-topic 分區 [3]
[2024-10-24T13:15:43.736+0000] {logging_mixin.py:190} INFO - 已傳送文章至 Kafka: Re: [問卦] 台灣的五權分立是哪一步走錯了
[2024-10-24T13:15:43.808+0000] {logging_mixin.py:190} INFO - 訊息成功傳送到 test-topic 分區 [4]
[2024-10-24T13:15:43.809+0000] {logging_mixin.py:190} INFO - 已傳送文章至 Kafka: [問卦] 隨便一個湖南小姐姐皮膚都這麼白
[2024-10-24T13:15:43.874+0000] {logging_mixin.py:190} INFO - 訊息成功傳送到 test-topic 分區 [0]
[2024-10-24T13:15:43.875+0000] {logging_mixin.py:190} INFO - 已傳送文章至 Kafka: [問卦] 很難想像你們的下一代怎麼買房？
[2024-10-24T13:15:43.924+0000] {logging_mixin.py:190} INFO - 訊息成功傳送到 test-topic 分區 [0]
[2024-10-24T13:15:43.924+0000] {logging_mixin.py:190} INFO - 已傳送文章至 Kafka: [問卦] 使用獨孤九劍參加奧運擊劍有搞頭嗎
[2024-10-24T13:15:43.961+0000] {logging_mixin.py:190} INFO - 訊息成功傳送到 test-topic 分區 [3]
[2024-10-24T13:15:43.962+0000] {logging_mixin.py:190} INFO - 已傳送文章至 Kafka: [問卦] 小孩討糖不給他，找其他大人算感情詐騙嗎
[2024-10-24T13:15:44.013+0000] {logging_mixin.py:190} INFO - 訊息成功傳送到 test-topic 分區 [0]
[2024-10-24T13:15:44.013+0000] {logging_mixin.py:190} INFO - 已傳送文章至 Kafka: Re: [問卦] 物價是不是失控了？
[2024-10-24T13:15:44.064+0000] {logging_mixin.py:190} INFO - 訊息成功傳送到 test-topic 分區 [3]
[2024-10-24T13:15:44.065+0000] {logging_mixin.py:190} INFO - 已傳送文章至 Kafka: [問卦] 沒有武器的部隊要怎麼抗中保台？
[2024-10-24T13:15:44.385+0000] {logging_mixin.py:190} INFO - 訊息成功傳送到 test-topic 分區 [4]
[2024-10-24T13:15:44.386+0000] {logging_mixin.py:190} INFO - 已傳送文章至 Kafka: [問卦] 「行政權本來就應該獨大」怎麼反駁？
[2024-10-24T13:15:44.425+0000] {logging_mixin.py:190} INFO - 訊息成功傳送到 test-topic 分區 [4]
[2024-10-24T13:15:44.426+0000] {logging_mixin.py:190} INFO - 已傳送文章至 Kafka: Re: [問卦] 台灣的五權分立是哪一步走錯了
[2024-10-24T13:15:44.479+0000] {logging_mixin.py:190} INFO - 訊息成功傳送到 test-topic 分區 [3]
[2024-10-24T13:15:44.480+0000] {logging_mixin.py:190} INFO - 已傳送文章至 Kafka: Re: [新聞] 受烏俄戰爭影響 烏克蘭人口減少逾1千萬人
[2024-10-24T13:15:44.524+0000] {logging_mixin.py:190} INFO - 訊息成功傳送到 test-topic 分區 [3]
[2024-10-24T13:15:44.524+0000] {logging_mixin.py:190} INFO - 已傳送文章至 Kafka: [問卦] 抱怨媒體素質低落的為何不訂閱優質媒體
[2024-10-24T13:15:44.525+0000] {logging_mixin.py:190} INFO - 第5頁完成
[2024-10-24T13:15:45.786+0000] {logging_mixin.py:190} INFO - 訊息成功傳送到 test-topic 分區 [4]
[2024-10-24T13:15:45.786+0000] {logging_mixin.py:190} INFO - 已傳送文章至 Kafka: [問卦] 台灣機車優先道設計是不是有問題?
[2024-10-24T13:15:45.846+0000] {logging_mixin.py:190} INFO - 訊息成功傳送到 test-topic 分區 [4]
[2024-10-24T13:15:45.847+0000] {logging_mixin.py:190} INFO - 已傳送文章至 Kafka: [問卦] 核三開始歲修
[2024-10-24T13:15:45.909+0000] {logging_mixin.py:190} INFO - 訊息成功傳送到 test-topic 分區 [1]
[2024-10-24T13:15:45.909+0000] {logging_mixin.py:190} INFO - 已傳送文章至 Kafka: [新聞] 美日「利劍25」聯演登場嚇阻區域威脅
[2024-10-24T13:15:45.961+0000] {logging_mixin.py:190} INFO - 訊息成功傳送到 test-topic 分區 [4]
[2024-10-24T13:15:45.961+0000] {logging_mixin.py:190} INFO - 已傳送文章至 Kafka: [新聞] 澳洲政府幹大事!計畫豪灑1500億元買「標
[2024-10-24T13:15:46.008+0000] {logging_mixin.py:190} INFO - 訊息成功傳送到 test-topic 分區 [0]
[2024-10-24T13:15:46.009+0000] {logging_mixin.py:190} INFO - 已傳送文章至 Kafka: [問卦] 迪士尼為什麼不開單人乘坐的通道？
[2024-10-24T13:15:46.075+0000] {logging_mixin.py:190} INFO - 訊息成功傳送到 test-topic 分區 [2]
[2024-10-24T13:15:46.075+0000] {logging_mixin.py:190} INFO - 已傳送文章至 Kafka: Re: [新聞] 快新聞／一步不退！卓榮泰再喊話立法
[2024-10-24T13:15:46.115+0000] {logging_mixin.py:190} INFO - 訊息成功傳送到 test-topic 分區 [3]
[2024-10-24T13:15:46.116+0000] {logging_mixin.py:190} INFO - 已傳送文章至 Kafka: [問卦] 午后的陣雨像他甜蜜的表白
[2024-10-24T13:15:46.174+0000] {logging_mixin.py:190} INFO - 訊息成功傳送到 test-topic 分區 [4]
[2024-10-24T13:15:46.174+0000] {logging_mixin.py:190} INFO - 已傳送文章至 Kafka: [問卦] 北韓出兵烏克蘭南韓在氣什麼？
[2024-10-24T13:15:46.219+0000] {logging_mixin.py:190} INFO - 訊息成功傳送到 test-topic 分區 [4]
[2024-10-24T13:15:46.219+0000] {logging_mixin.py:190} INFO - 已傳送文章至 Kafka: Re: [問卦] 台灣的五權分立是哪一步走錯了
[2024-10-24T13:15:46.283+0000] {logging_mixin.py:190} INFO - 訊息成功傳送到 test-topic 分區 [1]
[2024-10-24T13:15:46.283+0000] {logging_mixin.py:190} INFO - 已傳送文章至 Kafka: [問卦] 萬聖節是北美節日，台灣怎麼那麼多人過？
[2024-10-24T13:15:46.346+0000] {logging_mixin.py:190} INFO - 訊息成功傳送到 test-topic 分區 [2]
[2024-10-24T13:15:46.347+0000] {logging_mixin.py:190} INFO - 已傳送文章至 Kafka: Re: [新聞] 美日「利劍25」聯演登場嚇阻區域威脅
[2024-10-24T13:15:46.393+0000] {logging_mixin.py:190} INFO - 訊息成功傳送到 test-topic 分區 [3]
[2024-10-24T13:15:46.394+0000] {logging_mixin.py:190} INFO - 已傳送文章至 Kafka: Re: [問卦] 台灣的五權分立是哪一步走錯了
[2024-10-24T13:15:46.453+0000] {logging_mixin.py:190} INFO - 訊息成功傳送到 test-topic 分區 [2]
[2024-10-24T13:15:46.453+0000] {logging_mixin.py:190} INFO - 已傳送文章至 Kafka: Re: [新聞] 藍要修憲訴法 綠批先違憲、怕釋憲、就毀
[2024-10-24T13:15:46.497+0000] {logging_mixin.py:190} INFO - 訊息成功傳送到 test-topic 分區 [1]
[2024-10-24T13:15:46.498+0000] {logging_mixin.py:190} INFO - 已傳送文章至 Kafka: Re: [問卦] 數學能力可以苦練嗎
[2024-10-24T13:15:46.559+0000] {logging_mixin.py:190} INFO - 訊息成功傳送到 test-topic 分區 [2]
[2024-10-24T13:15:46.560+0000] {logging_mixin.py:190} INFO - 已傳送文章至 Kafka: [問卦] 萬聖節如果打扮成鄭捷 捷運會拒載嗎
[2024-10-24T13:15:46.601+0000] {logging_mixin.py:190} INFO - 訊息成功傳送到 test-topic 分區 [3]
[2024-10-24T13:15:46.602+0000] {logging_mixin.py:190} INFO - 已傳送文章至 Kafka: [問卦] 想踏入加密貨幣，買冷錢包的問題？
[2024-10-24T13:15:46.675+0000] {logging_mixin.py:190} INFO - 訊息成功傳送到 test-topic 分區 [4]
[2024-10-24T13:15:46.675+0000] {logging_mixin.py:190} INFO - 已傳送文章至 Kafka: [問卦] 32處男問到底要怎樣才能交到女朋友啦
[2024-10-24T13:15:46.724+0000] {logging_mixin.py:190} INFO - 訊息成功傳送到 test-topic 分區 [2]
[2024-10-24T13:15:46.724+0000] {logging_mixin.py:190} INFO - 已傳送文章至 Kafka: Re: [新聞] 遭小草火大開轟「消費柯文哲」！蔡壁如不
[2024-10-24T13:15:46.786+0000] {logging_mixin.py:190} INFO - 訊息成功傳送到 test-topic 分區 [1]
[2024-10-24T13:15:46.786+0000] {logging_mixin.py:190} INFO - 已傳送文章至 Kafka: [問卦] 推薦の旅遊YouTuber☺
[2024-10-24T13:15:46.787+0000] {logging_mixin.py:190} INFO - 第6頁完成
[2024-10-24T13:15:48.052+0000] {logging_mixin.py:190} INFO - 訊息成功傳送到 test-topic 分區 [3]
[2024-10-24T13:15:48.052+0000] {logging_mixin.py:190} INFO - 已傳送文章至 Kafka: [問卦] 禿頭哥為何喜歡噓文?
[2024-10-24T13:15:48.161+0000] {logging_mixin.py:190} INFO - 訊息成功傳送到 test-topic 分區 [0]
[2024-10-24T13:15:48.161+0000] {logging_mixin.py:190} INFO - 已傳送文章至 Kafka: Re: [新聞] 藍要修憲訴法 綠批先違憲、怕釋憲、就毀
[2024-10-24T13:15:48.230+0000] {logging_mixin.py:190} INFO - 訊息成功傳送到 test-topic 分區 [4]
[2024-10-24T13:15:48.230+0000] {logging_mixin.py:190} INFO - 已傳送文章至 Kafka: [新聞] 史詩級大逆轉！經濟學人：川普當選機率54
[2024-10-24T13:15:48.268+0000] {logging_mixin.py:190} INFO - 訊息成功傳送到 test-topic 分區 [3]
[2024-10-24T13:15:48.269+0000] {logging_mixin.py:190} INFO - 已傳送文章至 Kafka: [問卦] 這樣的甜蜜 讓我開始相信命運
[2024-10-24T13:15:48.323+0000] {logging_mixin.py:190} INFO - 訊息成功傳送到 test-topic 分區 [2]
[2024-10-24T13:15:48.323+0000] {logging_mixin.py:190} INFO - 已傳送文章至 Kafka: [問卦] 中年禿頭只能相親嗎?
[2024-10-24T13:15:48.374+0000] {logging_mixin.py:190} INFO - 訊息成功傳送到 test-topic 分區 [3]
[2024-10-24T13:15:48.375+0000] {logging_mixin.py:190} INFO - 已傳送文章至 Kafka: Re: [新聞] 萬聖節穿太暴露、血腥「北捷將拒載」
[2024-10-24T13:15:48.420+0000] {logging_mixin.py:190} INFO - 訊息成功傳送到 test-topic 分區 [2]
[2024-10-24T13:15:48.420+0000] {logging_mixin.py:190} INFO - 已傳送文章至 Kafka: [問卦] 台灣今年怎麼一直在下雨？
[2024-10-24T13:15:48.474+0000] {logging_mixin.py:190} INFO - 訊息成功傳送到 test-topic 分區 [3]
[2024-10-24T13:15:48.474+0000] {logging_mixin.py:190} INFO - 已傳送文章至 Kafka: Re: [問卦] 澳洲少子化怎麼救？
[2024-10-24T13:15:48.515+0000] {logging_mixin.py:190} INFO - 訊息成功傳送到 test-topic 分區 [3]
[2024-10-24T13:15:48.516+0000] {logging_mixin.py:190} INFO - 已傳送文章至 Kafka: [問卦] 中午12:30要搶票 有撇步嗎？
[2024-10-24T13:15:48.561+0000] {logging_mixin.py:190} INFO - 訊息成功傳送到 test-topic 分區 [2]
[2024-10-24T13:15:48.561+0000] {logging_mixin.py:190} INFO - 已傳送文章至 Kafka: [問卦] 萬聖節扮成鄭捷上得了捷運嗎
[2024-10-24T13:15:48.603+0000] {logging_mixin.py:190} INFO - 訊息成功傳送到 test-topic 分區 [1]
[2024-10-24T13:15:48.604+0000] {logging_mixin.py:190} INFO - 已傳送文章至 Kafka: [問卦] 清潔人員刺得亂七八糟的？
[2024-10-24T13:15:48.663+0000] {logging_mixin.py:190} INFO - 訊息成功傳送到 test-topic 分區 [0]
[2024-10-24T13:15:48.663+0000] {logging_mixin.py:190} INFO - 已傳送文章至 Kafka: [問卦] 台麥是不是把獵人卡搞得很解？
[2024-10-24T13:15:49.381+0000] {logging_mixin.py:190} INFO - 訊息成功傳送到 test-topic 分區 [3]
[2024-10-24T13:15:49.381+0000] {logging_mixin.py:190} INFO - 已傳送文章至 Kafka: [新聞] 「被21人團客臨時放鳥」知名摩洛哥餐廳「
[2024-10-24T13:15:49.428+0000] {logging_mixin.py:190} INFO - 訊息成功傳送到 test-topic 分區 [1]
[2024-10-24T13:15:49.428+0000] {logging_mixin.py:190} INFO - 已傳送文章至 Kafka: [新聞] 義竹鬧區路拓寬 沒停車空間惹怨
[2024-10-24T13:15:49.474+0000] {logging_mixin.py:190} INFO - 訊息成功傳送到 test-topic 分區 [2]
[2024-10-24T13:15:49.475+0000] {logging_mixin.py:190} INFO - 已傳送文章至 Kafka: [問卦] 老花了，真的會配“多焦鏡片”嗎？
[2024-10-24T13:15:49.519+0000] {logging_mixin.py:190} INFO - 訊息成功傳送到 test-topic 分區 [4]
[2024-10-24T13:15:49.520+0000] {logging_mixin.py:190} INFO - 已傳送文章至 Kafka: [問卦] 你遇到戰爭會回營嗎？
[2024-10-24T13:15:49.697+0000] {logging_mixin.py:190} INFO - 訊息成功傳送到 test-topic 分區 [1]
[2024-10-24T13:15:49.697+0000] {logging_mixin.py:190} INFO - 已傳送文章至 Kafka: [新聞] 男愛慕正妹多年「伸手抓雙乳」　35萬換免
[2024-10-24T13:15:49.737+0000] {logging_mixin.py:190} INFO - 訊息成功傳送到 test-topic 分區 [2]
[2024-10-24T13:15:49.738+0000] {logging_mixin.py:190} INFO - 已傳送文章至 Kafka: [問卦] 有沒有湖口工業區入口那邊停電的掛
[2024-10-24T13:15:49.738+0000] {logging_mixin.py:190} INFO - 第7頁完成
[2024-10-24T13:15:50.996+0000] {logging_mixin.py:190} INFO - 訊息成功傳送到 test-topic 分區 [0]
[2024-10-24T13:15:50.997+0000] {logging_mixin.py:190} INFO - 已傳送文章至 Kafka: [問卦] 有沒有台男空杯問題的解決方法
[2024-10-24T13:15:51.084+0000] {logging_mixin.py:190} INFO - 訊息成功傳送到 test-topic 分區 [2]
[2024-10-24T13:15:51.084+0000] {logging_mixin.py:190} INFO - 已傳送文章至 Kafka: [問卦] 兩岸和平為啥還要義務役一年？
[2024-10-24T13:15:51.124+0000] {logging_mixin.py:190} INFO - 訊息成功傳送到 test-topic 分區 [2]
[2024-10-24T13:15:51.125+0000] {logging_mixin.py:190} INFO - 已傳送文章至 Kafka: [問卦] 虛擬人物的政確之路該怎麼走？
[2024-10-24T13:15:51.168+0000] {logging_mixin.py:190} INFO - 訊息成功傳送到 test-topic 分區 [2]
[2024-10-24T13:15:51.168+0000] {logging_mixin.py:190} INFO - 已傳送文章至 Kafka: Re: [問卦] 台灣這麼小 為何要分類做環保？
[2024-10-24T13:15:51.222+0000] {logging_mixin.py:190} INFO - 訊息成功傳送到 test-topic 分區 [3]
[2024-10-24T13:15:51.223+0000] {logging_mixin.py:190} INFO - 已傳送文章至 Kafka: Re: [問卦] 數學能力可以苦練嗎
[2024-10-24T13:15:51.271+0000] {logging_mixin.py:190} INFO - 訊息成功傳送到 test-topic 分區 [4]
[2024-10-24T13:15:51.271+0000] {logging_mixin.py:190} INFO - 已傳送文章至 Kafka: [新聞] 外籍女看護遇色雇主性騷還拿拐杖毆打
[2024-10-24T13:15:51.316+0000] {logging_mixin.py:190} INFO - 訊息成功傳送到 test-topic 分區 [4]
[2024-10-24T13:15:51.316+0000] {logging_mixin.py:190} INFO - 已傳送文章至 Kafka: Re: [新聞] 快訊／鄰居聞到屍臭味！　警破門見高雄男
[2024-10-24T13:15:51.423+0000] {logging_mixin.py:190} INFO - 訊息成功傳送到 test-topic 分區 [2]
[2024-10-24T13:15:51.424+0000] {logging_mixin.py:190} INFO - 已傳送文章至 Kafka: Re: [問卦] 台灣的五權分立是哪一步走錯了
[2024-10-24T13:15:51.512+0000] {logging_mixin.py:190} INFO - 訊息成功傳送到 test-topic 分區 [0]
[2024-10-24T13:15:51.512+0000] {logging_mixin.py:190} INFO - 已傳送文章至 Kafka: [新聞] 藍要修憲訴法 綠批先違憲、怕釋憲、就毀
[2024-10-24T13:15:51.553+0000] {logging_mixin.py:190} INFO - 訊息成功傳送到 test-topic 分區 [2]
[2024-10-24T13:15:51.553+0000] {logging_mixin.py:190} INFO - 已傳送文章至 Kafka: [問卦] 威州跟賓州是這次美國大選的關鍵？
[2024-10-24T13:15:51.626+0000] {logging_mixin.py:190} INFO - 訊息成功傳送到 test-topic 分區 [4]
[2024-10-24T13:15:51.626+0000] {logging_mixin.py:190} INFO - 已傳送文章至 Kafka: [問卦] 潮州副站長的逼車技術是哪學的好厲害偶像
[2024-10-24T13:15:51.669+0000] {logging_mixin.py:190} INFO - 訊息成功傳送到 test-topic 分區 [4]
[2024-10-24T13:15:51.669+0000] {logging_mixin.py:190} INFO - 已傳送文章至 Kafka: Re: [新聞] 外籍女看護遇色雇主性騷還拿拐杖毆打
[2024-10-24T13:15:51.712+0000] {logging_mixin.py:190} INFO - 訊息成功傳送到 test-topic 分區 [4]
[2024-10-24T13:15:51.712+0000] {logging_mixin.py:190} INFO - 已傳送文章至 Kafka: [爆卦] 左媒：川普想要有希特勒有的將軍
[2024-10-24T13:15:51.826+0000] {logging_mixin.py:190} INFO - 訊息成功傳送到 test-topic 分區 [2]
[2024-10-24T13:15:51.826+0000] {logging_mixin.py:190} INFO - 已傳送文章至 Kafka: [問卦] 隨便考都有國立幹嘛還要搶補習班劃位?
[2024-10-24T13:15:51.867+0000] {logging_mixin.py:190} INFO - 訊息成功傳送到 test-topic 分區 [4]
[2024-10-24T13:15:51.867+0000] {logging_mixin.py:190} INFO - 已傳送文章至 Kafka: Re: [新聞] 有片／NHK揭中國「認知戰」真相　王定宇
[2024-10-24T13:15:51.915+0000] {logging_mixin.py:190} INFO - 訊息成功傳送到 test-topic 分區 [3]
[2024-10-24T13:15:51.915+0000] {logging_mixin.py:190} INFO - 已傳送文章至 Kafka: [問卦] 欸 空污會造成不舉怎沒人在意
[2024-10-24T13:15:51.980+0000] {logging_mixin.py:190} INFO - 訊息成功傳送到 test-topic 分區 [4]
[2024-10-24T13:15:51.981+0000] {logging_mixin.py:190} INFO - 已傳送文章至 Kafka: [新聞] 台灣房價沒比別國漲得兇猛！專家揭買不起
[2024-10-24T13:15:51.981+0000] {logging_mixin.py:190} INFO - 第8頁完成
[2024-10-24T13:15:53.230+0000] {logging_mixin.py:190} INFO - 訊息成功傳送到 test-topic 分區 [1]
[2024-10-24T13:15:53.230+0000] {logging_mixin.py:190} INFO - 已傳送文章至 Kafka: Re: [新聞] 民眾黨辦「賴清德搞什麼鬼」簡舒培：柯家
[2024-10-24T13:15:53.329+0000] {logging_mixin.py:190} INFO - 訊息成功傳送到 test-topic 分區 [2]
[2024-10-24T13:15:53.330+0000] {logging_mixin.py:190} INFO - 已傳送文章至 Kafka: [新聞] 台中男師快打站施打疫苗 竟與衛生所人妻
[2024-10-24T13:15:53.384+0000] {logging_mixin.py:190} INFO - 訊息成功傳送到 test-topic 分區 [0]
[2024-10-24T13:15:53.384+0000] {logging_mixin.py:190} INFO - 已傳送文章至 Kafka: [新聞] 遭日本SBI抨擊沒誠信　黃崇仁罕見親上火
[2024-10-24T13:15:53.628+0000] {logging_mixin.py:190} INFO - 訊息成功傳送到 test-topic 分區 [1]
[2024-10-24T13:15:53.628+0000] {logging_mixin.py:190} INFO - 已傳送文章至 Kafka: [新聞] 快新聞／一步不退！卓榮泰再喊話立法院
[2024-10-24T13:15:53.688+0000] {logging_mixin.py:190} INFO - 訊息成功傳送到 test-topic 分區 [2]
[2024-10-24T13:15:53.689+0000] {logging_mixin.py:190} INFO - 已傳送文章至 Kafka: Re: [新聞] 遭日本SBI抨擊沒誠信　黃崇仁罕見親上火
[2024-10-24T13:15:53.731+0000] {logging_mixin.py:190} INFO - 訊息成功傳送到 test-topic 分區 [3]
[2024-10-24T13:15:53.732+0000] {logging_mixin.py:190} INFO - 已傳送文章至 Kafka: Re: [問卦] 跟王菲同等級的歌手 有哪些呢?
[2024-10-24T13:15:53.795+0000] {logging_mixin.py:190} INFO - 訊息成功傳送到 test-topic 分區 [0]
[2024-10-24T13:15:53.795+0000] {logging_mixin.py:190} INFO - 已傳送文章至 Kafka: [問卦]為何ptt的人要推薦爛貨？
[2024-10-24T13:15:53.836+0000] {logging_mixin.py:190} INFO - 訊息成功傳送到 test-topic 分區 [4]
[2024-10-24T13:15:53.837+0000] {logging_mixin.py:190} INFO - 已傳送文章至 Kafka: Re: [問卦] 台灣的五權分立是哪一步走錯了
[2024-10-24T13:15:53.905+0000] {logging_mixin.py:190} INFO - 訊息成功傳送到 test-topic 分區 [3]
[2024-10-24T13:15:53.906+0000] {logging_mixin.py:190} INFO - 已傳送文章至 Kafka: [爆卦] 美國麥當勞大腸桿菌感染上美國CDC警告
[2024-10-24T13:15:53.948+0000] {logging_mixin.py:190} INFO - 訊息成功傳送到 test-topic 分區 [2]
[2024-10-24T13:15:53.949+0000] {logging_mixin.py:190} INFO - 已傳送文章至 Kafka: [問卦] 欸欸欸 住麥當勞隔壁的幫我看一下
[2024-10-24T13:15:54.008+0000] {logging_mixin.py:190} INFO - 訊息成功傳送到 test-topic 分區 [2]
[2024-10-24T13:15:54.008+0000] {logging_mixin.py:190} INFO - 已傳送文章至 Kafka: Re: [問卦] 台灣的五權分立是哪一步走錯了
[2024-10-24T13:15:54.052+0000] {logging_mixin.py:190} INFO - 訊息成功傳送到 test-topic 分區 [0]
[2024-10-24T13:15:54.053+0000] {logging_mixin.py:190} INFO - 已傳送文章至 Kafka: [問卦] 有沒有騎太快撞到鳥的八卦？
[2024-10-24T13:15:54.111+0000] {logging_mixin.py:190} INFO - 訊息成功傳送到 test-topic 分區 [2]
[2024-10-24T13:15:54.111+0000] {logging_mixin.py:190} INFO - 已傳送文章至 Kafka: Re: [新聞] 裝死、送你去柬埔寨！ 台中七期豪宅冷血
[2024-10-24T13:15:54.287+0000] {logging_mixin.py:190} INFO - 訊息成功傳送到 test-topic 分區 [2]
[2024-10-24T13:15:54.287+0000] {logging_mixin.py:190} INFO - 已傳送文章至 Kafka: [問卦] 澳洲少子化怎麼救？
[2024-10-24T13:15:54.411+0000] {logging_mixin.py:190} INFO - 訊息成功傳送到 test-topic 分區 [4]
[2024-10-24T13:15:54.412+0000] {logging_mixin.py:190} INFO - 已傳送文章至 Kafka: [新聞] 快訊／鄰居聞到屍臭味！　警破門見高雄男
[2024-10-24T13:15:54.461+0000] {logging_mixin.py:190} INFO - 訊息成功傳送到 test-topic 分區 [4]
[2024-10-24T13:15:54.461+0000] {logging_mixin.py:190} INFO - 已傳送文章至 Kafka: Re: [新聞] 有片／NHK揭中國「認知戰」真相　王定宇
[2024-10-24T13:15:54.518+0000] {logging_mixin.py:190} INFO - 訊息成功傳送到 test-topic 分區 [4]
[2024-10-24T13:15:54.518+0000] {logging_mixin.py:190} INFO - 已傳送文章至 Kafka: [新聞] 韓國瑜對「台灣」品牌有信心 相信台灣人
[2024-10-24T13:15:54.574+0000] {logging_mixin.py:190} INFO - 訊息成功傳送到 test-topic 分區 [4]
[2024-10-24T13:15:54.574+0000] {logging_mixin.py:190} INFO - 已傳送文章至 Kafka: [問卦] 主張房子是男生買單的女權怎麼想的
[2024-10-24T13:15:54.618+0000] {logging_mixin.py:190} INFO - 訊息成功傳送到 test-topic 分區 [3]
[2024-10-24T13:15:54.618+0000] {logging_mixin.py:190} INFO - 已傳送文章至 Kafka: Re: [問卦] 欸！中國空軍一號怎麼會是７４７？
[2024-10-24T13:15:54.619+0000] {logging_mixin.py:190} INFO - 第9頁完成
[2024-10-24T13:15:55.875+0000] {logging_mixin.py:190} INFO - 訊息成功傳送到 test-topic 分區 [4]
[2024-10-24T13:15:55.875+0000] {logging_mixin.py:190} INFO - 已傳送文章至 Kafka: Re: [問卦] 數學能力可以苦練嗎
[2024-10-24T13:15:56.008+0000] {logging_mixin.py:190} INFO - 訊息成功傳送到 test-topic 分區 [4]
[2024-10-24T13:15:56.009+0000] {logging_mixin.py:190} INFO - 已傳送文章至 Kafka: [新聞] 「20年國會經驗」可抵學歷換公職　羅廷瑋
[2024-10-24T13:15:56.062+0000] {logging_mixin.py:190} INFO - 訊息成功傳送到 test-topic 分區 [4]
[2024-10-24T13:15:56.062+0000] {logging_mixin.py:190} INFO - 已傳送文章至 Kafka: Re: [問卦] 跟王菲同等級的歌手 有哪些呢?
[2024-10-24T13:15:56.110+0000] {logging_mixin.py:190} INFO - 訊息成功傳送到 test-topic 分區 [0]
[2024-10-24T13:15:56.110+0000] {logging_mixin.py:190} INFO - 已傳送文章至 Kafka: [問卦] 是不是應該抵制周杰倫伍佰五月天救華語歌
[2024-10-24T13:15:56.170+0000] {logging_mixin.py:190} INFO - 訊息成功傳送到 test-topic 分區 [1]
[2024-10-24T13:15:56.171+0000] {logging_mixin.py:190} INFO - 已傳送文章至 Kafka: [問卦] 沒人發現惡靈古堡電影根本就很好看嗎！
[2024-10-24T13:15:56.220+0000] {logging_mixin.py:190} INFO - 訊息成功傳送到 test-topic 分區 [3]
[2024-10-24T13:15:56.220+0000] {logging_mixin.py:190} INFO - 已傳送文章至 Kafka: [問卦] 震撼彈！女同事跑去逛童裝？
[2024-10-24T13:15:56.345+0000] {logging_mixin.py:190} INFO - 訊息成功傳送到 test-topic 分區 [4]
[2024-10-24T13:15:56.345+0000] {logging_mixin.py:190} INFO - 已傳送文章至 Kafka: Re: [新聞] 裝死、送你去柬埔寨！ 台中七期豪宅冷血
[2024-10-24T13:15:56.429+0000] {logging_mixin.py:190} INFO - 訊息成功傳送到 test-topic 分區 [1]
[2024-10-24T13:15:56.429+0000] {logging_mixin.py:190} INFO - 已傳送文章至 Kafka: [問卦] 台灣這麼小 為何要分類做環保？
[2024-10-24T13:15:56.475+0000] {logging_mixin.py:190} INFO - 訊息成功傳送到 test-topic 分區 [2]
[2024-10-24T13:15:56.476+0000] {logging_mixin.py:190} INFO - 已傳送文章至 Kafka: [問卦] 太扯了！！凌晨兩點半燒金紙是在幹嘛？
[2024-10-24T13:15:56.545+0000] {logging_mixin.py:190} INFO - 訊息成功傳送到 test-topic 分區 [2]
[2024-10-24T13:15:56.545+0000] {logging_mixin.py:190} INFO - 已傳送文章至 Kafka: [問卦] 獵人現在到底在畫三小？
[2024-10-24T13:15:56.594+0000] {logging_mixin.py:190} INFO - 訊息成功傳送到 test-topic 分區 [1]
[2024-10-24T13:15:56.595+0000] {logging_mixin.py:190} INFO - 已傳送文章至 Kafka: [問卦] 現在年輕人還看日綜嗎?
[2024-10-24T13:15:56.642+0000] {logging_mixin.py:190} INFO - 訊息成功傳送到 test-topic 分區 [3]
[2024-10-24T13:15:56.642+0000] {logging_mixin.py:190} INFO - 已傳送文章至 Kafka: [問卦] 超級喜歡桂綸鎂!
[2024-10-24T13:15:56.689+0000] {logging_mixin.py:190} INFO - 訊息成功傳送到 test-topic 分區 [2]
[2024-10-24T13:15:56.690+0000] {logging_mixin.py:190} INFO - 已傳送文章至 Kafka: [問卦] 少年董都怎麼發家崛起的啊？
[2024-10-24T13:15:56.734+0000] {logging_mixin.py:190} INFO - 訊息成功傳送到 test-topic 分區 [1]
[2024-10-24T13:15:56.734+0000] {logging_mixin.py:190} INFO - 已傳送文章至 Kafka: Re: [問卦]有人一天睡3-4小時就夠了？
[2024-10-24T13:15:56.803+0000] {logging_mixin.py:190} INFO - 訊息成功傳送到 test-topic 分區 [3]
[2024-10-24T13:15:56.803+0000] {logging_mixin.py:190} INFO - 已傳送文章至 Kafka: [問卦] 天氣冷了台男準備好穿搭了嗎
[2024-10-24T13:15:56.862+0000] {logging_mixin.py:190} INFO - 訊息成功傳送到 test-topic 分區 [2]
[2024-10-24T13:15:56.862+0000] {logging_mixin.py:190} INFO - 已傳送文章至 Kafka: [問卦] 靠燃氣綠能發電到底是哪個白癡想的
[2024-10-24T13:15:56.913+0000] {logging_mixin.py:190} INFO - 訊息成功傳送到 test-topic 分區 [0]
[2024-10-24T13:15:56.914+0000] {logging_mixin.py:190} INFO - 已傳送文章至 Kafka: Re: [問卦] 台灣這麼小 為何要分類做環保？
[2024-10-24T13:15:56.999+0000] {logging_mixin.py:190} INFO - 訊息成功傳送到 test-topic 分區 [4]
[2024-10-24T13:15:56.999+0000] {logging_mixin.py:190} INFO - 已傳送文章至 Kafka: [新聞] 民眾黨辦「賴清德搞什麼鬼」簡舒培：柯家
[2024-10-24T13:15:57.043+0000] {logging_mixin.py:190} INFO - 訊息成功傳送到 test-topic 分區 [3]
[2024-10-24T13:15:57.043+0000] {logging_mixin.py:190} INFO - 已傳送文章至 Kafka: Re: [新聞] 民眾黨辦「賴清德搞什麼鬼」簡舒培：柯家
[2024-10-24T13:15:57.109+0000] {logging_mixin.py:190} INFO - 訊息成功傳送到 test-topic 分區 [3]
[2024-10-24T13:15:57.109+0000] {logging_mixin.py:190} INFO - 已傳送文章至 Kafka: Re: [問卦] 幹 原來明朝時期就有火槍了喔?
[2024-10-24T13:15:57.110+0000] {logging_mixin.py:190} INFO - 第10頁完成
[2024-10-24T13:15:58.370+0000] {logging_mixin.py:190} INFO - 訊息成功傳送到 test-topic 分區 [4]
[2024-10-24T13:15:58.370+0000] {logging_mixin.py:190} INFO - 已傳送文章至 Kafka: [問卦] 為何房屋二樓交易量特別多？
[2024-10-24T13:15:58.469+0000] {logging_mixin.py:190} INFO - 訊息成功傳送到 test-topic 分區 [1]
[2024-10-24T13:15:58.469+0000] {logging_mixin.py:190} INFO - 已傳送文章至 Kafka: [問卦] 基層員工很多工作不出全力只做個70分
[2024-10-24T13:15:58.520+0000] {logging_mixin.py:190} INFO - 訊息成功傳送到 test-topic 分區 [4]
[2024-10-24T13:15:58.521+0000] {logging_mixin.py:190} INFO - 已傳送文章至 Kafka: [問卦] 這時間睡不著怎麼辦？
[2024-10-24T13:15:58.558+0000] {logging_mixin.py:190} INFO - 訊息成功傳送到 test-topic 分區 [2]
[2024-10-24T13:15:58.558+0000] {logging_mixin.py:190} INFO - 已傳送文章至 Kafka: [問卦] 沒有朋友跟家人的人 可以買瑪莉歐派對嗎
[2024-10-24T13:15:58.595+0000] {logging_mixin.py:190} INFO - 訊息成功傳送到 test-topic 分區 [0]
[2024-10-24T13:15:58.595+0000] {logging_mixin.py:190} INFO - 已傳送文章至 Kafka: [問卦] 在屋頂喵著你的歌？
[2024-10-24T13:15:58.648+0000] {logging_mixin.py:190} INFO - 訊息成功傳送到 test-topic 分區 [0]
[2024-10-24T13:15:58.649+0000] {logging_mixin.py:190} INFO - 已傳送文章至 Kafka: [問卦] 有一個肥宅告白失敗,然後殺了學妹
[2024-10-24T13:15:58.686+0000] {logging_mixin.py:190} INFO - 訊息成功傳送到 test-topic 分區 [0]
[2024-10-24T13:15:58.687+0000] {logging_mixin.py:190} INFO - 已傳送文章至 Kafka: [問卦] 有一說一 我們老了還是大方玩小時的電玩
[2024-10-24T13:15:58.736+0000] {logging_mixin.py:190} INFO - 訊息成功傳送到 test-topic 分區 [0]
[2024-10-24T13:15:58.737+0000] {logging_mixin.py:190} INFO - 已傳送文章至 Kafka: [問卦]有人一天睡3-4小時就夠了？
[2024-10-24T13:15:58.795+0000] {logging_mixin.py:190} INFO - 訊息成功傳送到 test-topic 分區 [1]
[2024-10-24T13:15:58.796+0000] {logging_mixin.py:190} INFO - 已傳送文章至 Kafka: [問卦] 王跟悟空誰會贏
[2024-10-24T13:15:58.867+0000] {logging_mixin.py:190} INFO - 訊息成功傳送到 test-topic 分區 [2]
[2024-10-24T13:15:58.867+0000] {logging_mixin.py:190} INFO - 已傳送文章至 Kafka: Re: [問卦] 台灣的五權分立是哪一步走錯了
[2024-10-24T13:15:58.911+0000] {logging_mixin.py:190} INFO - 訊息成功傳送到 test-topic 分區 [4]
[2024-10-24T13:15:58.911+0000] {logging_mixin.py:190} INFO - 已傳送文章至 Kafka: Re: [問卦] 這時間睡不著怎麼辦？
[2024-10-24T13:15:58.951+0000] {logging_mixin.py:190} INFO - 訊息成功傳送到 test-topic 分區 [1]
[2024-10-24T13:15:58.951+0000] {logging_mixin.py:190} INFO - 已傳送文章至 Kafka: Re: [問卦] 為什麼台灣人喜歡給別人壓力？
[2024-10-24T13:15:58.990+0000] {logging_mixin.py:190} INFO - 訊息成功傳送到 test-topic 分區 [3]
[2024-10-24T13:15:58.990+0000] {logging_mixin.py:190} INFO - 已傳送文章至 Kafka: Re: [問卦] 跟王菲同等級的歌手 有哪些呢?
[2024-10-24T13:15:59.026+0000] {logging_mixin.py:190} INFO - 訊息成功傳送到 test-topic 分區 [0]
[2024-10-24T13:15:59.026+0000] {logging_mixin.py:190} INFO - 已傳送文章至 Kafka: Re: [新聞] 亂象叢生！董娘遭控安插親戚全家寄生
[2024-10-24T13:15:59.070+0000] {logging_mixin.py:190} INFO - 訊息成功傳送到 test-topic 分區 [0]
[2024-10-24T13:15:59.070+0000] {logging_mixin.py:190} INFO - 已傳送文章至 Kafka: [問卦] 今天要搶周杰倫演唱會票的進來
[2024-10-24T13:15:59.121+0000] {logging_mixin.py:190} INFO - 訊息成功傳送到 test-topic 分區 [0]
[2024-10-24T13:15:59.121+0000] {logging_mixin.py:190} INFO - 已傳送文章至 Kafka: Re: [問卦] 台灣的五權分立是哪一步走錯了
[2024-10-24T13:15:59.552+0000] {logging_mixin.py:190} INFO - 訊息成功傳送到 test-topic 分區 [2]
[2024-10-24T13:15:59.552+0000] {logging_mixin.py:190} INFO - 已傳送文章至 Kafka: [新聞] 裝死、送你去柬埔寨！ 台中七期豪宅冷血
[2024-10-24T13:15:59.602+0000] {logging_mixin.py:190} INFO - 訊息成功傳送到 test-topic 分區 [0]
[2024-10-24T13:15:59.603+0000] {logging_mixin.py:190} INFO - 已傳送文章至 Kafka: [問卦] 現在年輕人還看日劇嗎?
[2024-10-24T13:15:59.603+0000] {logging_mixin.py:190} INFO - 第11頁完成
[2024-10-24T13:16:00.874+0000] {logging_mixin.py:190} INFO - 訊息成功傳送到 test-topic 分區 [3]
[2024-10-24T13:16:00.874+0000] {logging_mixin.py:190} INFO - 已傳送文章至 Kafka: Re: [問卦] 物價是不是失控了？
[2024-10-24T13:16:00.922+0000] {logging_mixin.py:190} INFO - 訊息成功傳送到 test-topic 分區 [1]
[2024-10-24T13:16:00.922+0000] {logging_mixin.py:190} INFO - 已傳送文章至 Kafka: [問卦] 講到北條會先想到誰啊？
[2024-10-24T13:16:00.966+0000] {logging_mixin.py:190} INFO - 訊息成功傳送到 test-topic 分區 [1]
[2024-10-24T13:16:00.967+0000] {logging_mixin.py:190} INFO - 已傳送文章至 Kafka: Re: [問卦] 獵人的主角 叫小剛吧 我剛剛重看了一次
[2024-10-24T13:16:01.007+0000] {logging_mixin.py:190} INFO - 訊息成功傳送到 test-topic 分區 [4]
[2024-10-24T13:16:01.007+0000] {logging_mixin.py:190} INFO - 已傳送文章至 Kafka: Re: [新聞] 萬聖節穿太暴露、血腥「北捷將拒載」
[2024-10-24T13:16:01.077+0000] {logging_mixin.py:190} INFO - 訊息成功傳送到 test-topic 分區 [1]
[2024-10-24T13:16:01.077+0000] {logging_mixin.py:190} INFO - 已傳送文章至 Kafka: Re: [新聞] 台鹽綠能虧損上億爆弊案 南檢指揮調查局
[2024-10-24T13:16:01.118+0000] {logging_mixin.py:190} INFO - 訊息成功傳送到 test-topic 分區 [1]
[2024-10-24T13:16:01.118+0000] {logging_mixin.py:190} INFO - 已傳送文章至 Kafka: [問卦] 大家剛搗完 也是這種感覺嗎
[2024-10-24T13:16:01.167+0000] {logging_mixin.py:190} INFO - 訊息成功傳送到 test-topic 分區 [2]
[2024-10-24T13:16:01.167+0000] {logging_mixin.py:190} INFO - 已傳送文章至 Kafka: [問卦] 張智堯在台灣紅嗎?
[2024-10-24T13:16:01.224+0000] {logging_mixin.py:190} INFO - 訊息成功傳送到 test-topic 分區 [2]
[2024-10-24T13:16:01.225+0000] {logging_mixin.py:190} INFO - 已傳送文章至 Kafka: [問卦] 潮州副站長說有師姊在月台尿尿影片是哪支
[2024-10-24T13:16:01.264+0000] {logging_mixin.py:190} INFO - 訊息成功傳送到 test-topic 分區 [3]
[2024-10-24T13:16:01.265+0000] {logging_mixin.py:190} INFO - 已傳送文章至 Kafka: Re: [問卦] 台灣的五權分立是哪一步走錯了
[2024-10-24T13:16:01.330+0000] {logging_mixin.py:190} INFO - 訊息成功傳送到 test-topic 分區 [0]
[2024-10-24T13:16:01.330+0000] {logging_mixin.py:190} INFO - 已傳送文章至 Kafka: [新聞] 因應蟒蛇戰略 農業部:輔導轉種甘藷、大豆
[2024-10-24T13:16:01.394+0000] {logging_mixin.py:190} INFO - 訊息成功傳送到 test-topic 分區 [0]
[2024-10-24T13:16:01.394+0000] {logging_mixin.py:190} INFO - 已傳送文章至 Kafka: Re: [問卦] 台灣的五權分立是哪一步走錯了
[2024-10-24T13:16:01.439+0000] {logging_mixin.py:190} INFO - 訊息成功傳送到 test-topic 分區 [3]
[2024-10-24T13:16:01.440+0000] {logging_mixin.py:190} INFO - 已傳送文章至 Kafka: Re: [問卦] 為何美國送以色列薩德不送烏克蘭？
[2024-10-24T13:16:01.491+0000] {logging_mixin.py:190} INFO - 訊息成功傳送到 test-topic 分區 [0]
[2024-10-24T13:16:01.491+0000] {logging_mixin.py:190} INFO - 已傳送文章至 Kafka: Re: [問卦] 台灣的五權分立是哪一步走錯了
[2024-10-24T13:16:01.541+0000] {logging_mixin.py:190} INFO - 訊息成功傳送到 test-topic 分區 [3]
[2024-10-24T13:16:01.542+0000] {logging_mixin.py:190} INFO - 已傳送文章至 Kafka: [問卦] 大家希望開放哪些支語來使用?
[2024-10-24T13:16:01.582+0000] {logging_mixin.py:190} INFO - 訊息成功傳送到 test-topic 分區 [3]
[2024-10-24T13:16:01.583+0000] {logging_mixin.py:190} INFO - 已傳送文章至 Kafka: [問卦] 印度仔到國外會對強姦改觀嗎?
[2024-10-24T13:16:01.648+0000] {logging_mixin.py:190} INFO - 訊息成功傳送到 test-topic 分區 [2]
[2024-10-24T13:16:01.649+0000] {logging_mixin.py:190} INFO - 已傳送文章至 Kafka: Re: [問卦] 台灣的五權分立是哪一步走錯了
[2024-10-24T13:16:01.704+0000] {logging_mixin.py:190} INFO - 訊息成功傳送到 test-topic 分區 [2]
[2024-10-24T13:16:01.704+0000] {logging_mixin.py:190} INFO - 已傳送文章至 Kafka: [問卦] 有人開始消費降級了嗎?
[2024-10-24T13:16:01.756+0000] {logging_mixin.py:190} INFO - 訊息成功傳送到 test-topic 分區 [0]
[2024-10-24T13:16:01.757+0000] {logging_mixin.py:190} INFO - 已傳送文章至 Kafka: [問卦] 為什麼台灣人喜歡給別人壓力？
[2024-10-24T13:16:01.798+0000] {logging_mixin.py:190} INFO - 訊息成功傳送到 test-topic 分區 [2]
[2024-10-24T13:16:01.799+0000] {logging_mixin.py:190} INFO - 已傳送文章至 Kafka: Re: [問卦] 大家希望開放哪些支語來使用?
[2024-10-24T13:16:01.800+0000] {logging_mixin.py:190} INFO - 第12頁完成
[2024-10-24T13:16:03.061+0000] {logging_mixin.py:190} INFO - 訊息成功傳送到 test-topic 分區 [3]
[2024-10-24T13:16:03.061+0000] {logging_mixin.py:190} INFO - 已傳送文章至 Kafka: [問卦] 金鐘獎是什麼時候開始緬懷當年度過逝藝人
[2024-10-24T13:16:03.167+0000] {logging_mixin.py:190} INFO - 訊息成功傳送到 test-topic 分區 [1]
[2024-10-24T13:16:03.167+0000] {logging_mixin.py:190} INFO - 已傳送文章至 Kafka: [新聞] 台北19歲女11樓墜落 送醫傷重不治
[2024-10-24T13:16:03.221+0000] {logging_mixin.py:190} INFO - 訊息成功傳送到 test-topic 分區 [4]
[2024-10-24T13:16:03.221+0000] {logging_mixin.py:190} INFO - 已傳送文章至 Kafka: [問卦] 現在還有人吃枇杷嗎？
[2024-10-24T13:16:03.274+0000] {logging_mixin.py:190} INFO - 訊息成功傳送到 test-topic 分區 [3]
[2024-10-24T13:16:03.274+0000] {logging_mixin.py:190} INFO - 已傳送文章至 Kafka: [問卦] 美劇是怎麼改掉動不動就露奶做愛的
[2024-10-24T13:16:03.342+0000] {logging_mixin.py:190} INFO - 訊息成功傳送到 test-topic 分區 [2]
[2024-10-24T13:16:03.343+0000] {logging_mixin.py:190} INFO - 已傳送文章至 Kafka: Re: [問卦] 台灣的五權分立是哪一步走錯了
[2024-10-24T13:16:03.393+0000] {logging_mixin.py:190} INFO - 訊息成功傳送到 test-topic 分區 [3]
[2024-10-24T13:16:03.394+0000] {logging_mixin.py:190} INFO - 已傳送文章至 Kafka: Re: [新聞] 梳子、牙刷不再免費提供！旅宿業新規　一
[2024-10-24T13:16:03.453+0000] {logging_mixin.py:190} INFO - 訊息成功傳送到 test-topic 分區 [3]
[2024-10-24T13:16:03.453+0000] {logging_mixin.py:190} INFO - 已傳送文章至 Kafka: [問卦] 狀況很糟糕 但連一個能說話的人都沒有
[2024-10-24T13:16:03.495+0000] {logging_mixin.py:190} INFO - 訊息成功傳送到 test-topic 分區 [4]
[2024-10-24T13:16:03.496+0000] {logging_mixin.py:190} INFO - 已傳送文章至 Kafka: [問卦] 韓國國民所得校正回歸？
[2024-10-24T13:16:03.542+0000] {logging_mixin.py:190} INFO - 訊息成功傳送到 test-topic 分區 [3]
[2024-10-24T13:16:03.543+0000] {logging_mixin.py:190} INFO - 已傳送文章至 Kafka: Re: [問卦] 為啥林逸欣粉絲不知道她是雙胞胎
[2024-10-24T13:16:03.598+0000] {logging_mixin.py:190} INFO - 訊息成功傳送到 test-topic 分區 [1]
[2024-10-24T13:16:03.599+0000] {logging_mixin.py:190} INFO - 已傳送文章至 Kafka: [問卦] 為何美國送以色列薩德不送烏克蘭？
[2024-10-24T13:16:03.672+0000] {logging_mixin.py:190} INFO - 訊息成功傳送到 test-topic 分區 [0]
[2024-10-24T13:16:03.672+0000] {logging_mixin.py:190} INFO - 已傳送文章至 Kafka: [問卦] 跟王菲同等級的歌手 有哪些呢?
[2024-10-24T13:16:03.722+0000] {logging_mixin.py:190} INFO - 訊息成功傳送到 test-topic 分區 [3]
[2024-10-24T13:16:03.723+0000] {logging_mixin.py:190} INFO - 已傳送文章至 Kafka: [問卦] 3A遊戲臉都固定的不能調整捏臉創角色嗎?
[2024-10-24T13:16:03.772+0000] {logging_mixin.py:190} INFO - 訊息成功傳送到 test-topic 分區 [0]
[2024-10-24T13:16:03.773+0000] {logging_mixin.py:190} INFO - 已傳送文章至 Kafka: [問卦] 為何比較漂亮的都是在隔壁班
[2024-10-24T13:16:03.846+0000] {logging_mixin.py:190} INFO - 訊息成功傳送到 test-topic 分區 [2]
[2024-10-24T13:16:03.846+0000] {logging_mixin.py:190} INFO - 已傳送文章至 Kafka: [問卦] 沒人發現現在新建案一蓋就要蓋八年嗎！
[2024-10-24T13:16:03.893+0000] {logging_mixin.py:190} INFO - 訊息成功傳送到 test-topic 分區 [1]
[2024-10-24T13:16:03.894+0000] {logging_mixin.py:190} INFO - 已傳送文章至 Kafka: [問卦] 台灣未來的成長發展就是綠電了吧
[2024-10-24T13:16:03.961+0000] {logging_mixin.py:190} INFO - 訊息成功傳送到 test-topic 分區 [3]
[2024-10-24T13:16:03.961+0000] {logging_mixin.py:190} INFO - 已傳送文章至 Kafka: [問卦] 驚！飯店徵人需要靈知經驗？
[2024-10-24T13:16:04.009+0000] {logging_mixin.py:190} INFO - 訊息成功傳送到 test-topic 分區 [0]
[2024-10-24T13:16:04.009+0000] {logging_mixin.py:190} INFO - 已傳送文章至 Kafka: [問卦] 我是人 我反環保
[2024-10-24T13:16:04.066+0000] {logging_mixin.py:190} INFO - 訊息成功傳送到 test-topic 分區 [2]
[2024-10-24T13:16:04.066+0000] {logging_mixin.py:190} INFO - 已傳送文章至 Kafka: [問卦] 蛋價一直下跌，怎麼加蛋 都沒有降價?
[2024-10-24T13:16:04.124+0000] {logging_mixin.py:190} INFO - 訊息成功傳送到 test-topic 分區 [4]
[2024-10-24T13:16:04.124+0000] {logging_mixin.py:190} INFO - 已傳送文章至 Kafka: [問卦] 籃球,身高到底佔了幾%
[2024-10-24T13:16:04.164+0000] {logging_mixin.py:190} INFO - 訊息成功傳送到 test-topic 分區 [0]
[2024-10-24T13:16:04.165+0000] {logging_mixin.py:190} INFO - 已傳送文章至 Kafka: [問卦] 第一次發現記憶拼圖裡面有0.1秒有多震驚
[2024-10-24T13:16:04.166+0000] {logging_mixin.py:190} INFO - 第13頁完成
[2024-10-24T13:16:05.431+0000] {logging_mixin.py:190} INFO - 訊息成功傳送到 test-topic 分區 [4]
[2024-10-24T13:16:05.432+0000] {logging_mixin.py:190} INFO - 已傳送文章至 Kafka: Re: [新聞] 被爆是柯文哲金主之一 黃崇仁嘆「很
[2024-10-24T13:16:05.475+0000] {logging_mixin.py:190} INFO - 訊息成功傳送到 test-topic 分區 [1]
[2024-10-24T13:16:05.475+0000] {logging_mixin.py:190} INFO - 已傳送文章至 Kafka: [問卦] 老人聊天常常是無效溝通的狀態？
[2024-10-24T13:16:05.527+0000] {logging_mixin.py:190} INFO - 訊息成功傳送到 test-topic 分區 [4]
[2024-10-24T13:16:05.528+0000] {logging_mixin.py:190} INFO - 已傳送文章至 Kafka: [問卦] 台麥杯蓋蓋兩層,是否用了更多的塑膠?
[2024-10-24T13:16:05.572+0000] {logging_mixin.py:190} INFO - 訊息成功傳送到 test-topic 分區 [0]
[2024-10-24T13:16:05.572+0000] {logging_mixin.py:190} INFO - 已傳送文章至 Kafka: [問卦] 為何楊笠一直有獲得代言
[2024-10-24T13:16:05.624+0000] {logging_mixin.py:190} INFO - 訊息成功傳送到 test-topic 分區 [4]
[2024-10-24T13:16:05.625+0000] {logging_mixin.py:190} INFO - 已傳送文章至 Kafka: Re: [問卦] 台灣的五權分立是哪一步走錯了
[2024-10-24T13:16:05.681+0000] {logging_mixin.py:190} INFO - 訊息成功傳送到 test-topic 分區 [1]
[2024-10-24T13:16:05.682+0000] {logging_mixin.py:190} INFO - 已傳送文章至 Kafka: [問卦] 獵人的主角 叫小剛吧 我剛剛重看了一次
[2024-10-24T13:16:05.727+0000] {logging_mixin.py:190} INFO - 訊息成功傳送到 test-topic 分區 [2]
[2024-10-24T13:16:05.728+0000] {logging_mixin.py:190} INFO - 已傳送文章至 Kafka: Re: [問卦] 黑熊學院會是新一代的救國團嗎？
[2024-10-24T13:16:05.790+0000] {logging_mixin.py:190} INFO - 訊息成功傳送到 test-topic 分區 [2]
[2024-10-24T13:16:05.791+0000] {logging_mixin.py:190} INFO - 已傳送文章至 Kafka: [新聞] 陳昭姿再爆狂言！轟性平委員反代孕「心理
[2024-10-24T13:16:05.835+0000] {logging_mixin.py:190} INFO - 訊息成功傳送到 test-topic 分區 [0]
[2024-10-24T13:16:05.835+0000] {logging_mixin.py:190} INFO - 已傳送文章至 Kafka: [問卦] 跟女同事做愛，該怎麼假裝沒事？
[2024-10-24T13:16:05.879+0000] {logging_mixin.py:190} INFO - 訊息成功傳送到 test-topic 分區 [0]
[2024-10-24T13:16:05.880+0000] {logging_mixin.py:190} INFO - 已傳送文章至 Kafka: Re: [新聞] 蛋價崩跌創四年新低！　民眾無感：加蛋沒
[2024-10-24T13:16:05.926+0000] {logging_mixin.py:190} INFO - 訊息成功傳送到 test-topic 分區 [4]
[2024-10-24T13:16:05.927+0000] {logging_mixin.py:190} INFO - 已傳送文章至 Kafka: [問卦] 爆料AI有感知能力的人是本世紀最大笑話?
[2024-10-24T13:16:05.986+0000] {logging_mixin.py:190} INFO - 訊息成功傳送到 test-topic 分區 [3]
[2024-10-24T13:16:05.986+0000] {logging_mixin.py:190} INFO - 已傳送文章至 Kafka: [問卦] 九面關於這次獵人事件的看法(懶人包)
[2024-10-24T13:16:06.035+0000] {logging_mixin.py:190} INFO - 訊息成功傳送到 test-topic 分區 [4]
[2024-10-24T13:16:06.035+0000] {logging_mixin.py:190} INFO - 已傳送文章至 Kafka: [問卦] 霜降的降該唸ㄒㄧㄤˊ 或 ㄐㄧㄤˋ
[2024-10-24T13:16:06.078+0000] {logging_mixin.py:190} INFO - 訊息成功傳送到 test-topic 分區 [3]
[2024-10-24T13:16:06.079+0000] {logging_mixin.py:190} INFO - 已傳送文章至 Kafka: [問卦] 勁戰七代也該出了吧??
[2024-10-24T13:16:06.142+0000] {logging_mixin.py:190} INFO - 訊息成功傳送到 test-topic 分區 [2]
[2024-10-24T13:16:06.142+0000] {logging_mixin.py:190} INFO - 已傳送文章至 Kafka: Re: [新聞] 梳子、牙刷不再免費提供！旅宿業新規　一
[2024-10-24T13:16:06.201+0000] {logging_mixin.py:190} INFO - 訊息成功傳送到 test-topic 分區 [0]
[2024-10-24T13:16:06.202+0000] {logging_mixin.py:190} INFO - 已傳送文章至 Kafka: [問卦] 葉蒨文以前不輸楊丞琳吧!
[2024-10-24T13:16:06.247+0000] {logging_mixin.py:190} INFO - 訊息成功傳送到 test-topic 分區 [0]
[2024-10-24T13:16:06.249+0000] {logging_mixin.py:190} INFO - 已傳送文章至 Kafka: [問卦] 台北市重新定義低總價了3880
[2024-10-24T13:16:06.302+0000] {logging_mixin.py:190} INFO - 訊息成功傳送到 test-topic 分區 [0]
[2024-10-24T13:16:06.302+0000] {logging_mixin.py:190} INFO - 已傳送文章至 Kafka: Re: [問卦] 台灣的五權分立是哪一步走錯了
[2024-10-24T13:16:06.346+0000] {logging_mixin.py:190} INFO - 訊息成功傳送到 test-topic 分區 [0]
[2024-10-24T13:16:06.346+0000] {logging_mixin.py:190} INFO - 已傳送文章至 Kafka: Re: [問卦] 台灣的五權分立是哪一步走錯了
[2024-10-24T13:16:06.431+0000] {logging_mixin.py:190} INFO - 訊息成功傳送到 test-topic 分區 [2]
[2024-10-24T13:16:06.432+0000] {logging_mixin.py:190} INFO - 已傳送文章至 Kafka: [問卦] 算質數的用意？
[2024-10-24T13:16:06.432+0000] {logging_mixin.py:190} INFO - 第14頁完成
[2024-10-24T13:16:07.706+0000] {logging_mixin.py:190} INFO - 訊息成功傳送到 test-topic 分區 [1]
[2024-10-24T13:16:07.707+0000] {logging_mixin.py:190} INFO - 已傳送文章至 Kafka: [問卦] 藍芽耳機 電磁波會傷害大腦嗎？
[2024-10-24T13:16:07.756+0000] {logging_mixin.py:190} INFO - 訊息成功傳送到 test-topic 分區 [3]
[2024-10-24T13:16:07.757+0000] {logging_mixin.py:190} INFO - 已傳送文章至 Kafka: [新聞] 泰勒絲演唱會遭川普粉絲鬧場！ 派飛機
[2024-10-24T13:16:07.804+0000] {logging_mixin.py:190} INFO - 訊息成功傳送到 test-topic 分區 [3]
[2024-10-24T13:16:07.804+0000] {logging_mixin.py:190} INFO - 已傳送文章至 Kafka: Re: [新聞] 蛋價跌跌不休 茂生：已出現雞農拋售養雞
[2024-10-24T13:16:08.058+0000] {logging_mixin.py:190} INFO - 訊息成功傳送到 test-topic 分區 [2]
[2024-10-24T13:16:08.059+0000] {logging_mixin.py:190} INFO - 已傳送文章至 Kafka: [問卦] 數學能力可以苦練嗎
[2024-10-24T13:16:08.096+0000] {logging_mixin.py:190} INFO - 訊息成功傳送到 test-topic 分區 [3]
[2024-10-24T13:16:08.098+0000] {logging_mixin.py:190} INFO - 已傳送文章至 Kafka: [問卦] 聽說台胞證中國旅遊景點免費
[2024-10-24T13:16:08.143+0000] {logging_mixin.py:190} INFO - 訊息成功傳送到 test-topic 分區 [0]
[2024-10-24T13:16:08.144+0000] {logging_mixin.py:190} INFO - 已傳送文章至 Kafka: [問卦] 全世界哪個國家像台灣這麼愛出國？
[2024-10-24T13:16:08.188+0000] {logging_mixin.py:190} INFO - 訊息成功傳送到 test-topic 分區 [0]
[2024-10-24T13:16:08.188+0000] {logging_mixin.py:190} INFO - 已傳送文章至 Kafka: [問卦] 男生怎麼自慰到前列腺高潮？
[2024-10-24T13:16:08.257+0000] {logging_mixin.py:190} INFO - 訊息成功傳送到 test-topic 分區 [3]
[2024-10-24T13:16:08.257+0000] {logging_mixin.py:190} INFO - 已傳送文章至 Kafka: Re: [新聞] 被爆是柯文哲金主之一 黃崇仁嘆「很衰」
[2024-10-24T13:16:08.299+0000] {logging_mixin.py:190} INFO - 訊息成功傳送到 test-topic 分區 [3]
[2024-10-24T13:16:08.299+0000] {logging_mixin.py:190} INFO - 已傳送文章至 Kafka: [問卦] 會因為不想升遷而藏招嗎？
[2024-10-24T13:16:08.343+0000] {logging_mixin.py:190} INFO - 訊息成功傳送到 test-topic 分區 [4]
[2024-10-24T13:16:08.343+0000] {logging_mixin.py:190} INFO - 已傳送文章至 Kafka: [問卦] 明天麥當勞要怎麼掃卡包？
[2024-10-24T13:16:08.417+0000] {logging_mixin.py:190} INFO - 訊息成功傳送到 test-topic 分區 [4]
[2024-10-24T13:16:08.417+0000] {logging_mixin.py:190} INFO - 已傳送文章至 Kafka: [新聞] 女飛官偷吃同袍！傳裸照嬌喊「臭老公」
[2024-10-24T13:16:08.464+0000] {logging_mixin.py:190} INFO - 訊息成功傳送到 test-topic 分區 [2]
[2024-10-24T13:16:08.465+0000] {logging_mixin.py:190} INFO - 已傳送文章至 Kafka: [問卦] 分手了要不要刪掉對方朋友呀
[2024-10-24T13:16:08.508+0000] {logging_mixin.py:190} INFO - 訊息成功傳送到 test-topic 分區 [3]
[2024-10-24T13:16:08.508+0000] {logging_mixin.py:190} INFO - 已傳送文章至 Kafka: [新聞] 新北殯儀館 貨梯鋼索斷裂 3工人送醫無礙
[2024-10-24T13:16:08.566+0000] {logging_mixin.py:190} INFO - 訊息成功傳送到 test-topic 分區 [2]
[2024-10-24T13:16:08.566+0000] {logging_mixin.py:190} INFO - 已傳送文章至 Kafka: Re: [問卦] 烏俄戰爭最新情報（20241020）
[2024-10-24T13:16:08.612+0000] {logging_mixin.py:190} INFO - 訊息成功傳送到 test-topic 分區 [0]
[2024-10-24T13:16:08.612+0000] {logging_mixin.py:190} INFO - 已傳送文章至 Kafka: Re: [問卦] 台灣的五權分立是哪一步走錯了
[2024-10-24T13:16:08.660+0000] {logging_mixin.py:190} INFO - 訊息成功傳送到 test-topic 分區 [3]
[2024-10-24T13:16:08.660+0000] {logging_mixin.py:190} INFO - 已傳送文章至 Kafka: [新聞] 前夫涉嫌看顧客雙乳　Makiyo痛罵：噁心下流又無恥
[2024-10-24T13:16:08.700+0000] {logging_mixin.py:190} INFO - 訊息成功傳送到 test-topic 分區 [2]
[2024-10-24T13:16:08.701+0000] {logging_mixin.py:190} INFO - 已傳送文章至 Kafka: Re: [新聞] 蛋價跌跌不休 茂生：已出現雞農拋售養雞
[2024-10-24T13:16:08.739+0000] {logging_mixin.py:190} INFO - 訊息成功傳送到 test-topic 分區 [1]
[2024-10-24T13:16:08.740+0000] {logging_mixin.py:190} INFO - 已傳送文章至 Kafka: [問卦] 買房頭期款投資獵人卡包能賺多少
[2024-10-24T13:16:08.789+0000] {logging_mixin.py:190} INFO - 訊息成功傳送到 test-topic 分區 [3]
[2024-10-24T13:16:08.789+0000] {logging_mixin.py:190} INFO - 已傳送文章至 Kafka: [問卦] 卡通迷就不生氣嗎？
[2024-10-24T13:16:08.790+0000] {logging_mixin.py:190} INFO - 第15頁完成
[2024-10-24T13:16:10.073+0000] {logging_mixin.py:190} INFO - 訊息成功傳送到 test-topic 分區 [3]
[2024-10-24T13:16:10.074+0000] {logging_mixin.py:190} INFO - 已傳送文章至 Kafka: Re: [新聞] 梳子、牙刷不再免費提供！旅宿業新規　一
[2024-10-24T13:16:10.131+0000] {logging_mixin.py:190} INFO - 訊息成功傳送到 test-topic 分區 [1]
[2024-10-24T13:16:10.131+0000] {logging_mixin.py:190} INFO - 已傳送文章至 Kafka: [問卦] 日本韓國有文化美感台灣沒有？
[2024-10-24T13:16:10.173+0000] {logging_mixin.py:190} INFO - 訊息成功傳送到 test-topic 分區 [3]
[2024-10-24T13:16:10.174+0000] {logging_mixin.py:190} INFO - 已傳送文章至 Kafka: [問卦] 有沒有你的一切活動都在被監控的卦？
[2024-10-24T13:16:10.222+0000] {logging_mixin.py:190} INFO - 訊息成功傳送到 test-topic 分區 [3]
[2024-10-24T13:16:10.223+0000] {logging_mixin.py:190} INFO - 已傳送文章至 Kafka: [問卦] 明天麥當勞會被獵人癱瘓鬧上新聞嗎？
[2024-10-24T13:16:10.260+0000] {logging_mixin.py:190} INFO - 訊息成功傳送到 test-topic 分區 [0]
[2024-10-24T13:16:10.261+0000] {logging_mixin.py:190} INFO - 已傳送文章至 Kafka: [問卦] 酷拉皮卡也是穿愛馬士嗎
[2024-10-24T13:16:10.307+0000] {logging_mixin.py:190} INFO - 訊息成功傳送到 test-topic 分區 [2]
[2024-10-24T13:16:10.308+0000] {logging_mixin.py:190} INFO - 已傳送文章至 Kafka: [問卦] 有沒有美奶滋百搭的八卦?
[2024-10-24T13:16:10.352+0000] {logging_mixin.py:190} INFO - 訊息成功傳送到 test-topic 分區 [1]
[2024-10-24T13:16:10.353+0000] {logging_mixin.py:190} INFO - 已傳送文章至 Kafka: [問卦] 鳥貴族到底要排到什麼時候
[2024-10-24T13:16:10.400+0000] {logging_mixin.py:190} INFO - 訊息成功傳送到 test-topic 分區 [1]
[2024-10-24T13:16:10.401+0000] {logging_mixin.py:190} INFO - 已傳送文章至 Kafka: [問卦] 現在網咖還是很熱門的八卦？
[2024-10-24T13:16:10.443+0000] {logging_mixin.py:190} INFO - 訊息成功傳送到 test-topic 分區 [3]
[2024-10-24T13:16:10.444+0000] {logging_mixin.py:190} INFO - 已傳送文章至 Kafka: [問卦] 不缺電但是IDC機房一直漲價腫摸辦
[2024-10-24T13:16:10.495+0000] {logging_mixin.py:190} INFO - 訊息成功傳送到 test-topic 分區 [2]
[2024-10-24T13:16:10.495+0000] {logging_mixin.py:190} INFO - 已傳送文章至 Kafka: [新聞] 「汐東線」今決標！基隆捷運邁大步　汐
[2024-10-24T13:16:10.555+0000] {logging_mixin.py:190} INFO - 訊息成功傳送到 test-topic 分區 [3]
[2024-10-24T13:16:10.555+0000] {logging_mixin.py:190} INFO - 已傳送文章至 Kafka: [新聞] 遭疑核能態度大轉彎 卓揆:盼各黨能以開放
[2024-10-24T13:16:10.606+0000] {logging_mixin.py:190} INFO - 訊息成功傳送到 test-topic 分區 [3]
[2024-10-24T13:16:10.606+0000] {logging_mixin.py:190} INFO - 已傳送文章至 Kafka: [問卦] 殺老婆和兩個女兒的犯人要出來了？
[2024-10-24T13:16:10.676+0000] {logging_mixin.py:190} INFO - 訊息成功傳送到 test-topic 分區 [2]
[2024-10-24T13:16:10.676+0000] {logging_mixin.py:190} INFO - 已傳送文章至 Kafka: [新聞] 吳思瑤控「政治癡漢偷拍」　羅智強揭真相
[2024-10-24T13:16:10.727+0000] {logging_mixin.py:190} INFO - 訊息成功傳送到 test-topic 分區 [1]
[2024-10-24T13:16:10.727+0000] {logging_mixin.py:190} INFO - 已傳送文章至 Kafka: [新聞] 12歲弟打呼超大聲！醫挖出「2顆粉紅貢丸
[2024-10-24T13:16:10.789+0000] {logging_mixin.py:190} INFO - 訊息成功傳送到 test-topic 分區 [2]
[2024-10-24T13:16:10.789+0000] {logging_mixin.py:190} INFO - 已傳送文章至 Kafka: Re: [新聞] 有片／NHK揭中國「認知戰」真相　王定宇
[2024-10-24T13:16:10.829+0000] {logging_mixin.py:190} INFO - 訊息成功傳送到 test-topic 分區 [0]
[2024-10-24T13:16:10.831+0000] {logging_mixin.py:190} INFO - 已傳送文章至 Kafka: Re: [問卦] 你人在日本 被北檢列被告  會回台嗎
[2024-10-24T13:16:10.873+0000] {logging_mixin.py:190} INFO - 訊息成功傳送到 test-topic 分區 [4]
[2024-10-24T13:16:10.874+0000] {logging_mixin.py:190} INFO - 已傳送文章至 Kafka: Re: [問卦] 美劇為何愛拍很多季 最後又爛尾?
[2024-10-24T13:16:10.924+0000] {logging_mixin.py:190} INFO - 訊息成功傳送到 test-topic 分區 [2]
[2024-10-24T13:16:10.925+0000] {logging_mixin.py:190} INFO - 已傳送文章至 Kafka: Re: [問卦] 台灣的五權分立是哪一步走錯了
[2024-10-24T13:16:10.971+0000] {logging_mixin.py:190} INFO - 訊息成功傳送到 test-topic 分區 [2]
[2024-10-24T13:16:10.971+0000] {logging_mixin.py:190} INFO - 已傳送文章至 Kafka: [問卦] 阿肥們一餐能吃幾塊炸雞(麥當勞/肯德基)
[2024-10-24T13:16:11.011+0000] {logging_mixin.py:190} INFO - 訊息成功傳送到 test-topic 分區 [2]
[2024-10-24T13:16:11.012+0000] {logging_mixin.py:190} INFO - 已傳送文章至 Kafka: Re: [新聞] 王鴻薇控藍綠直轄市補助差很大 王定宇：
[2024-10-24T13:16:11.012+0000] {logging_mixin.py:190} INFO - 第16頁完成
[2024-10-24T13:16:12.272+0000] {logging_mixin.py:190} INFO - 訊息成功傳送到 test-topic 分區 [3]
[2024-10-24T13:16:12.273+0000] {logging_mixin.py:190} INFO - 已傳送文章至 Kafka: [問卦] 到處都在講周杰倫售票太扯了吧==？
[2024-10-24T13:16:12.327+0000] {logging_mixin.py:190} INFO - 訊息成功傳送到 test-topic 分區 [0]
[2024-10-24T13:16:12.328+0000] {logging_mixin.py:190} INFO - 已傳送文章至 Kafka: [問卦] 為什麼台灣人做什麼都很急？
[2024-10-24T13:16:12.374+0000] {logging_mixin.py:190} INFO - 訊息成功傳送到 test-topic 分區 [0]
[2024-10-24T13:16:12.374+0000] {logging_mixin.py:190} INFO - 已傳送文章至 Kafka: [新聞] 中國多地海水倒灌 官方稱中外無先例 民不
[2024-10-24T13:16:12.422+0000] {logging_mixin.py:190} INFO - 訊息成功傳送到 test-topic 分區 [4]
[2024-10-24T13:16:12.422+0000] {logging_mixin.py:190} INFO - 已傳送文章至 Kafka: [新聞] 王鴻薇控藍綠直轄市補助差很大 王定宇：
[2024-10-24T13:16:12.457+0000] {logging_mixin.py:190} INFO - 訊息成功傳送到 test-topic 分區 [2]
[2024-10-24T13:16:12.458+0000] {logging_mixin.py:190} INFO - 已傳送文章至 Kafka: [問卦] 東協國家人那麼愛花錢怎還是窮？
[2024-10-24T13:16:12.503+0000] {logging_mixin.py:190} INFO - 訊息成功傳送到 test-topic 分區 [3]
[2024-10-24T13:16:12.503+0000] {logging_mixin.py:190} INFO - 已傳送文章至 Kafka: [問卦] 如果看程序員小菲菲還需要看資結嗎
[2024-10-24T13:16:12.574+0000] {logging_mixin.py:190} INFO - 訊息成功傳送到 test-topic 分區 [2]
[2024-10-24T13:16:12.575+0000] {logging_mixin.py:190} INFO - 已傳送文章至 Kafka: [新聞] 台南試辦行穿線號誌投影燈 地面紅綠光條
[2024-10-24T13:16:12.623+0000] {logging_mixin.py:190} INFO - 訊息成功傳送到 test-topic 分區 [4]
[2024-10-24T13:16:12.623+0000] {logging_mixin.py:190} INFO - 已傳送文章至 Kafka: [問卦] 這漢堡163元你可以嗎☺
[2024-10-24T13:16:12.685+0000] {logging_mixin.py:190} INFO - 訊息成功傳送到 test-topic 分區 [0]
[2024-10-24T13:16:12.686+0000] {logging_mixin.py:190} INFO - 已傳送文章至 Kafka: [新聞] 利劍B軍演開始 關指部才緊急召回官兵？
[2024-10-24T13:16:12.732+0000] {logging_mixin.py:190} INFO - 訊息成功傳送到 test-topic 分區 [3]
[2024-10-24T13:16:12.732+0000] {logging_mixin.py:190} INFO - 已傳送文章至 Kafka: [問卦] 台灣男女為何沒有對立得很嚴重
[2024-10-24T13:16:12.785+0000] {logging_mixin.py:190} INFO - 訊息成功傳送到 test-topic 分區 [3]
[2024-10-24T13:16:12.786+0000] {logging_mixin.py:190} INFO - 已傳送文章至 Kafka: [問卦] 明天麥當勞是不是最大贏家
[2024-10-24T13:16:12.839+0000] {logging_mixin.py:190} INFO - 訊息成功傳送到 test-topic 分區 [0]
[2024-10-24T13:16:12.839+0000] {logging_mixin.py:190} INFO - 已傳送文章至 Kafka: [新聞] 蓋核電漲電費 日本核電補助新制度遭批判
[2024-10-24T13:16:12.885+0000] {logging_mixin.py:190} INFO - 訊息成功傳送到 test-topic 分區 [1]
[2024-10-24T13:16:12.885+0000] {logging_mixin.py:190} INFO - 已傳送文章至 Kafka: [問卦] 圖們江以東是朝鮮族傳統領地的卦？
[2024-10-24T13:16:12.940+0000] {logging_mixin.py:190} INFO - 訊息成功傳送到 test-topic 分區 [1]
[2024-10-24T13:16:12.940+0000] {logging_mixin.py:190} INFO - 已傳送文章至 Kafka: [問卦] 沒錢，要如何交到女朋友= =...?
[2024-10-24T13:16:12.986+0000] {logging_mixin.py:190} INFO - 訊息成功傳送到 test-topic 分區 [1]
[2024-10-24T13:16:12.987+0000] {logging_mixin.py:190} INFO - 已傳送文章至 Kafka: Re: [新聞] 快訊／北市中正區某大樓「17歲少女11F
[2024-10-24T13:16:13.035+0000] {logging_mixin.py:190} INFO - 訊息成功傳送到 test-topic 分區 [1]
[2024-10-24T13:16:13.036+0000] {logging_mixin.py:190} INFO - 已傳送文章至 Kafka: [問卦] 大立光現在可以all in了沒
[2024-10-24T13:16:13.080+0000] {logging_mixin.py:190} INFO - 訊息成功傳送到 test-topic 分區 [3]
[2024-10-24T13:16:13.082+0000] {logging_mixin.py:190} INFO - 已傳送文章至 Kafka: Re: [問卦] 笑死==原來一堆房屋仲介都是永慶的？
[2024-10-24T13:16:13.316+0000] {logging_mixin.py:190} INFO - 訊息成功傳送到 test-topic 分區 [4]
[2024-10-24T13:16:13.317+0000] {logging_mixin.py:190} INFO - 已傳送文章至 Kafka: [問卦] 台灣的五權分立是哪一步走錯了
[2024-10-24T13:16:13.356+0000] {logging_mixin.py:190} INFO - 訊息成功傳送到 test-topic 分區 [0]
[2024-10-24T13:16:13.357+0000] {logging_mixin.py:190} INFO - 已傳送文章至 Kafka: [問卦] 看一場棒球賽 300萬.
[2024-10-24T13:16:13.396+0000] {logging_mixin.py:190} INFO - 訊息成功傳送到 test-topic 分區 [1]
[2024-10-24T13:16:13.397+0000] {logging_mixin.py:190} INFO - 已傳送文章至 Kafka: [問卦] 越女 能稱  亞洲第一高顏值的國家 嗎
[2024-10-24T13:16:13.398+0000] {logging_mixin.py:190} INFO - 第17頁完成
[2024-10-24T13:16:14.650+0000] {logging_mixin.py:190} INFO - 訊息成功傳送到 test-topic 分區 [1]
[2024-10-24T13:16:14.650+0000] {logging_mixin.py:190} INFO - 已傳送文章至 Kafka: Re: [新聞] 日星水川麻美加入《零日攻擊》！ 陳其邁
[2024-10-24T13:16:14.704+0000] {logging_mixin.py:190} INFO - 訊息成功傳送到 test-topic 分區 [1]
[2024-10-24T13:16:14.704+0000] {logging_mixin.py:190} INFO - 已傳送文章至 Kafka: Re: [新聞] 柯文哲募款大將曝光　吳靜怡揭露她是柯
[2024-10-24T13:16:14.748+0000] {logging_mixin.py:190} INFO - 訊息成功傳送到 test-topic 分區 [2]
[2024-10-24T13:16:14.749+0000] {logging_mixin.py:190} INFO - 已傳送文章至 Kafka: Re: [新聞] 梳子、牙刷不再免費提供！旅宿業新規　一
[2024-10-24T13:16:14.815+0000] {logging_mixin.py:190} INFO - 訊息成功傳送到 test-topic 分區 [1]
[2024-10-24T13:16:14.816+0000] {logging_mixin.py:190} INFO - 已傳送文章至 Kafka: [問卦] 日幣又回到150！？
[2024-10-24T13:16:14.862+0000] {logging_mixin.py:190} INFO - 訊息成功傳送到 test-topic 分區 [3]
[2024-10-24T13:16:14.863+0000] {logging_mixin.py:190} INFO - 已傳送文章至 Kafka: [問卦] 現在在唸文組博士的都是什麼人
[2024-10-24T13:16:14.912+0000] {logging_mixin.py:190} INFO - 訊息成功傳送到 test-topic 分區 [1]
[2024-10-24T13:16:14.912+0000] {logging_mixin.py:190} INFO - 已傳送文章至 Kafka: [新聞] 土城房價5年漲4成 房仲：這些題材狂吸5大
[2024-10-24T13:16:14.988+0000] {logging_mixin.py:190} INFO - 訊息成功傳送到 test-topic 分區 [0]
[2024-10-24T13:16:14.988+0000] {logging_mixin.py:190} INFO - 已傳送文章至 Kafka: [問卦] 北韓出兵,...俄羅斯根本虧大了???
[2024-10-24T13:16:15.027+0000] {logging_mixin.py:190} INFO - 訊息成功傳送到 test-topic 分區 [0]
[2024-10-24T13:16:15.028+0000] {logging_mixin.py:190} INFO - 已傳送文章至 Kafka: [問卦] 原來膽大黨片尾那隻招財貓
[2024-10-24T13:16:15.080+0000] {logging_mixin.py:190} INFO - 訊息成功傳送到 test-topic 分區 [0]
[2024-10-24T13:16:15.081+0000] {logging_mixin.py:190} INFO - 已傳送文章至 Kafka: [新聞] 為名牌淪詐團車手少年穿逾4萬元LV運動鞋
[2024-10-24T13:16:15.125+0000] {logging_mixin.py:190} INFO - 訊息成功傳送到 test-topic 分區 [4]
[2024-10-24T13:16:15.125+0000] {logging_mixin.py:190} INFO - 已傳送文章至 Kafka: [問卦] 甲片放冷錢包會被破解嗎= =
[2024-10-24T13:16:15.169+0000] {logging_mixin.py:190} INFO - 訊息成功傳送到 test-topic 分區 [4]
[2024-10-24T13:16:15.169+0000] {logging_mixin.py:190} INFO - 已傳送文章至 Kafka: Re: [新聞] 梳子、牙刷不再免費提供！旅宿業新規　一
[2024-10-24T13:16:15.217+0000] {logging_mixin.py:190} INFO - 訊息成功傳送到 test-topic 分區 [2]
[2024-10-24T13:16:15.217+0000] {logging_mixin.py:190} INFO - 已傳送文章至 Kafka: [問卦] 每天上班都在想要不要辭職正常嗎==？
[2024-10-24T13:16:15.261+0000] {logging_mixin.py:190} INFO - 訊息成功傳送到 test-topic 分區 [3]
[2024-10-24T13:16:15.261+0000] {logging_mixin.py:190} INFO - 已傳送文章至 Kafka: [新聞] 陸女逛侏儒河馬「彈跳豬」園區拿彈弓亂射
[2024-10-24T13:16:15.309+0000] {logging_mixin.py:190} INFO - 訊息成功傳送到 test-topic 分區 [1]
[2024-10-24T13:16:15.309+0000] {logging_mixin.py:190} INFO - 已傳送文章至 Kafka: [問卦] 火力家園，得肺癌電費能減半嗎？
[2024-10-24T13:16:15.379+0000] {logging_mixin.py:190} INFO - 訊息成功傳送到 test-topic 分區 [4]
[2024-10-24T13:16:15.380+0000] {logging_mixin.py:190} INFO - 已傳送文章至 Kafka: Re: [新聞] 蛋價跌跌不休 茂生：已出現雞農拋售養雞
[2024-10-24T13:16:15.444+0000] {logging_mixin.py:190} INFO - 訊息成功傳送到 test-topic 分區 [1]
[2024-10-24T13:16:15.444+0000] {logging_mixin.py:190} INFO - 已傳送文章至 Kafka: Re: [新聞] 梳子、牙刷不再免費提供！旅宿業新規　一
[2024-10-24T13:16:15.514+0000] {logging_mixin.py:190} INFO - 訊息成功傳送到 test-topic 分區 [1]
[2024-10-24T13:16:15.515+0000] {logging_mixin.py:190} INFO - 已傳送文章至 Kafka: [問卦] 北京有92所大學
[2024-10-24T13:16:15.561+0000] {logging_mixin.py:190} INFO - 訊息成功傳送到 test-topic 分區 [1]
[2024-10-24T13:16:15.562+0000] {logging_mixin.py:190} INFO - 已傳送文章至 Kafka: [問卦] 聽キセキ聽到中毒了怎麼辦？
[2024-10-24T13:16:15.603+0000] {logging_mixin.py:190} INFO - 訊息成功傳送到 test-topic 分區 [0]
[2024-10-24T13:16:15.603+0000] {logging_mixin.py:190} INFO - 已傳送文章至 Kafka: Re: [新聞] 別讓高中生上戰場！藍擬修《全動法》　徐
[2024-10-24T13:16:15.604+0000] {logging_mixin.py:190} INFO - 第18頁完成
[2024-10-24T13:16:16.859+0000] {logging_mixin.py:190} INFO - 訊息成功傳送到 test-topic 分區 [1]
[2024-10-24T13:16:16.860+0000] {logging_mixin.py:190} INFO - 已傳送文章至 Kafka: Re: [問卦] 八卦怎麼交女友?
[2024-10-24T13:16:16.998+0000] {logging_mixin.py:190} INFO - 訊息成功傳送到 test-topic 分區 [2]
[2024-10-24T13:16:16.998+0000] {logging_mixin.py:190} INFO - 已傳送文章至 Kafka: [新聞] 20年國會經驗抵碩士學位？羅廷瑋爆綠委關
[2024-10-24T13:16:17.038+0000] {logging_mixin.py:190} INFO - 訊息成功傳送到 test-topic 分區 [0]
[2024-10-24T13:16:17.039+0000] {logging_mixin.py:190} INFO - 已傳送文章至 Kafka: Re: [問卦] 我國警察的密錄器為什麼不上網?
[2024-10-24T13:16:17.078+0000] {logging_mixin.py:190} INFO - 訊息成功傳送到 test-topic 分區 [3]
[2024-10-24T13:16:17.078+0000] {logging_mixin.py:190} INFO - 已傳送文章至 Kafka: [問卦] 美國的二輪摩托車 重機怎麼表現不怎優秀
[2024-10-24T13:16:17.124+0000] {logging_mixin.py:190} INFO - 訊息成功傳送到 test-topic 分區 [4]
[2024-10-24T13:16:17.124+0000] {logging_mixin.py:190} INFO - 已傳送文章至 Kafka: Re: [新聞] 核能立場轉彎？卓揆：有新技術不應置身事
[2024-10-24T13:16:17.165+0000] {logging_mixin.py:190} INFO - 訊息成功傳送到 test-topic 分區 [2]
[2024-10-24T13:16:17.166+0000] {logging_mixin.py:190} INFO - 已傳送文章至 Kafka: [問卦] 蘇俄人打德國人的時候是講英文嗎
[2024-10-24T13:16:17.291+0000] {logging_mixin.py:190} INFO - 訊息成功傳送到 test-topic 分區 [1]
[2024-10-24T13:16:17.291+0000] {logging_mixin.py:190} INFO - 已傳送文章至 Kafka: [新聞] 政確又翻車！日商3A大作砸32億 首日暴死悽慘數字曝比《星鳴
[2024-10-24T13:16:17.332+0000] {logging_mixin.py:190} INFO - 訊息成功傳送到 test-topic 分區 [2]
[2024-10-24T13:16:17.332+0000] {logging_mixin.py:190} INFO - 已傳送文章至 Kafka: [問卦] 三坪多的房間牆上什麼顏色
[2024-10-24T13:16:17.375+0000] {logging_mixin.py:190} INFO - 訊息成功傳送到 test-topic 分區 [3]
[2024-10-24T13:16:17.375+0000] {logging_mixin.py:190} INFO - 已傳送文章至 Kafka: [問卦] 把剪刀伸進肛門好可怕! 不敢看 ><
[2024-10-24T13:16:17.476+0000] {logging_mixin.py:190} INFO - 訊息成功傳送到 test-topic 分區 [0]
[2024-10-24T13:16:17.477+0000] {logging_mixin.py:190} INFO - 已傳送文章至 Kafka: [新聞] 有片／NHK揭中國「認知戰」真相　王定宇
[2024-10-24T13:16:17.525+0000] {logging_mixin.py:190} INFO - 訊息成功傳送到 test-topic 分區 [3]
[2024-10-24T13:16:17.526+0000] {logging_mixin.py:190} INFO - 已傳送文章至 Kafka: Re: [新聞] 蛋價跌跌不休 茂生：已出現雞農拋售養雞
[2024-10-24T13:16:17.593+0000] {logging_mixin.py:190} INFO - 訊息成功傳送到 test-topic 分區 [4]
[2024-10-24T13:16:17.593+0000] {logging_mixin.py:190} INFO - 已傳送文章至 Kafka: [新聞] 快訊／高雄男陳屍公寓租屋！鄰居超毛報
[2024-10-24T13:16:17.645+0000] {logging_mixin.py:190} INFO - 訊息成功傳送到 test-topic 分區 [0]
[2024-10-24T13:16:17.646+0000] {logging_mixin.py:190} INFO - 已傳送文章至 Kafka: [問卦] 水世界真的爛嗎？
[2024-10-24T13:16:17.687+0000] {logging_mixin.py:190} INFO - 訊息成功傳送到 test-topic 分區 [4]
[2024-10-24T13:16:17.688+0000] {logging_mixin.py:190} INFO - 已傳送文章至 Kafka: [問卦] 有部納粹在月球建基地的搞笑電影☺
[2024-10-24T13:16:17.731+0000] {logging_mixin.py:190} INFO - 訊息成功傳送到 test-topic 分區 [2]
[2024-10-24T13:16:17.731+0000] {logging_mixin.py:190} INFO - 已傳送文章至 Kafka: [問卦] 明天「綠電」三寶會大漲幾天?
[2024-10-24T13:16:17.771+0000] {logging_mixin.py:190} INFO - 訊息成功傳送到 test-topic 分區 [3]
[2024-10-24T13:16:17.772+0000] {logging_mixin.py:190} INFO - 已傳送文章至 Kafka: [問卦] 基隆路地下道很塞 走上面會比較快嗎？
[2024-10-24T13:16:17.819+0000] {logging_mixin.py:190} INFO - 訊息成功傳送到 test-topic 分區 [1]
[2024-10-24T13:16:17.820+0000] {logging_mixin.py:190} INFO - 已傳送文章至 Kafka: Re: [新聞] 補習班奇觀！「凌晨3點」學生大排隊　過
[2024-10-24T13:16:17.856+0000] {logging_mixin.py:190} INFO - 訊息成功傳送到 test-topic 分區 [4]
[2024-10-24T13:16:17.857+0000] {logging_mixin.py:190} INFO - 已傳送文章至 Kafka: [新聞] 共有人發起變價拍賣「法院認證廢墟」　外
[2024-10-24T13:16:17.953+0000] {logging_mixin.py:190} INFO - 訊息成功傳送到 test-topic 分區 [1]
[2024-10-24T13:16:17.954+0000] {logging_mixin.py:190} INFO - 已傳送文章至 Kafka: [新聞] 聯合國估計：俄羅斯全面入侵後 烏克蘭人口銳減
[2024-10-24T13:16:18.005+0000] {logging_mixin.py:190} INFO - 訊息成功傳送到 test-topic 分區 [0]
[2024-10-24T13:16:18.005+0000] {logging_mixin.py:190} INFO - 已傳送文章至 Kafka: [問卦] 如果嚴子琪跟你求婚？
[2024-10-24T13:16:18.006+0000] {logging_mixin.py:190} INFO - 第19頁完成
[2024-10-24T13:16:18.156+0000] {taskinstance.py:3310} ERROR - Task failed with exception
Traceback (most recent call last):
  File "/home/airflow/.local/lib/python3.12/site-packages/airflow/models/taskinstance.py", line 767, in _execute_task
    result = _execute_callable(context=context, **execute_callable_kwargs)
             ^^^^^^^^^^^^^^^^^^^^^^^^^^^^^^^^^^^^^^^^^^^^^^^^^^^^^^^^^^^^^
  File "/home/airflow/.local/lib/python3.12/site-packages/airflow/models/taskinstance.py", line 733, in _execute_callable
    return ExecutionCallableRunner(
           ^^^^^^^^^^^^^^^^^^^^^^^^
  File "/home/airflow/.local/lib/python3.12/site-packages/airflow/utils/operator_helpers.py", line 252, in run
    return self.func(*args, **kwargs)
           ^^^^^^^^^^^^^^^^^^^^^^^^^^
  File "/home/airflow/.local/lib/python3.12/site-packages/airflow/models/baseoperator.py", line 406, in wrapper
    return func(self, *args, **kwargs)
           ^^^^^^^^^^^^^^^^^^^^^^^^^^^
  File "/home/airflow/.local/lib/python3.12/site-packages/airflow/operators/python.py", line 238, in execute
    return_value = self.execute_callable()
                   ^^^^^^^^^^^^^^^^^^^^^^^
  File "/home/airflow/.local/lib/python3.12/site-packages/airflow/operators/python.py", line 256, in execute_callable
    return runner.run(*self.op_args, **self.op_kwargs)
           ^^^^^^^^^^^^^^^^^^^^^^^^^^^^^^^^^^^^^^^^^^^
  File "/home/airflow/.local/lib/python3.12/site-packages/airflow/utils/operator_helpers.py", line 252, in run
    return self.func(*args, **kwargs)
           ^^^^^^^^^^^^^^^^^^^^^^^^^^
  File "/opt/airflow/dags/frank_dag.py", line 187, in frank_ptt
    slack_page_callback()
TypeError: frank_ptt.<locals>.slack_page_callback() missing 1 required positional argument: 'context'
[2024-10-24T13:16:18.163+0000] {taskinstance.py:1225} INFO - Marking task as FAILED. dag_id=frank_dag, task_id=run_requests_task, run_id=manual__2024-10-24T13:13:26.306542+00:00, execution_date=20241024T131326, start_date=20241024T131531, end_date=20241024T131618
[2024-10-24T13:16:18.163+0000] {taskinstance.py:1563} INFO - Executing callback at index 0: slack_failure_callback
[2024-10-24T13:16:18.165+0000] {baseoperator.py:405} WARNING - SlackWebhookOperator.execute cannot be called outside TaskInstance!
[2024-10-24T13:16:18.170+0000] {base.py:84} INFO - Retrieving connection 'slack_webhook'
[2024-10-24T13:16:18.524+0000] {taskinstance.py:340} INFO - ::group::Post task execution logs
[2024-10-24T13:16:18.525+0000] {standard_task_runner.py:124} ERROR - Failed to execute job 935 for task run_requests_task (frank_ptt.<locals>.slack_page_callback() missing 1 required positional argument: 'context'; 19216)
Traceback (most recent call last):
  File "/home/airflow/.local/lib/python3.12/site-packages/airflow/task/task_runner/standard_task_runner.py", line 117, in _start_by_fork
    ret = args.func(args, dag=self.dag)
          ^^^^^^^^^^^^^^^^^^^^^^^^^^^^^
  File "/home/airflow/.local/lib/python3.12/site-packages/airflow/cli/cli_config.py", line 49, in command
    return func(*args, **kwargs)
           ^^^^^^^^^^^^^^^^^^^^^
  File "/home/airflow/.local/lib/python3.12/site-packages/airflow/utils/cli.py", line 115, in wrapper
    return f(*args, **kwargs)
           ^^^^^^^^^^^^^^^^^^
  File "/home/airflow/.local/lib/python3.12/site-packages/airflow/cli/commands/task_command.py", line 483, in task_run
    task_return_code = _run_task_by_selected_method(args, _dag, ti)
                       ^^^^^^^^^^^^^^^^^^^^^^^^^^^^^^^^^^^^^^^^^^^^
  File "/home/airflow/.local/lib/python3.12/site-packages/airflow/cli/commands/task_command.py", line 256, in _run_task_by_selected_method
    return _run_raw_task(args, ti)
           ^^^^^^^^^^^^^^^^^^^^^^^
  File "/home/airflow/.local/lib/python3.12/site-packages/airflow/cli/commands/task_command.py", line 341, in _run_raw_task
    return ti._run_raw_task(
           ^^^^^^^^^^^^^^^^^
  File "/home/airflow/.local/lib/python3.12/site-packages/airflow/utils/session.py", line 97, in wrapper
    return func(*args, session=session, **kwargs)
           ^^^^^^^^^^^^^^^^^^^^^^^^^^^^^^^^^^^^^^
  File "/home/airflow/.local/lib/python3.12/site-packages/airflow/models/taskinstance.py", line 3004, in _run_raw_task
    return _run_raw_task(
           ^^^^^^^^^^^^^^
  File "/home/airflow/.local/lib/python3.12/site-packages/airflow/models/taskinstance.py", line 273, in _run_raw_task
    TaskInstance._execute_task_with_callbacks(
  File "/home/airflow/.local/lib/python3.12/site-packages/airflow/models/taskinstance.py", line 3158, in _execute_task_with_callbacks
    result = self._execute_task(context, task_orig)
             ^^^^^^^^^^^^^^^^^^^^^^^^^^^^^^^^^^^^^^
  File "/home/airflow/.local/lib/python3.12/site-packages/airflow/models/taskinstance.py", line 3182, in _execute_task
    return _execute_task(self, context, task_orig)
           ^^^^^^^^^^^^^^^^^^^^^^^^^^^^^^^^^^^^^^^
  File "/home/airflow/.local/lib/python3.12/site-packages/airflow/models/taskinstance.py", line 767, in _execute_task
    result = _execute_callable(context=context, **execute_callable_kwargs)
             ^^^^^^^^^^^^^^^^^^^^^^^^^^^^^^^^^^^^^^^^^^^^^^^^^^^^^^^^^^^^^
  File "/home/airflow/.local/lib/python3.12/site-packages/airflow/models/taskinstance.py", line 733, in _execute_callable
    return ExecutionCallableRunner(
           ^^^^^^^^^^^^^^^^^^^^^^^^
  File "/home/airflow/.local/lib/python3.12/site-packages/airflow/utils/operator_helpers.py", line 252, in run
    return self.func(*args, **kwargs)
           ^^^^^^^^^^^^^^^^^^^^^^^^^^
  File "/home/airflow/.local/lib/python3.12/site-packages/airflow/models/baseoperator.py", line 406, in wrapper
    return func(self, *args, **kwargs)
           ^^^^^^^^^^^^^^^^^^^^^^^^^^^
  File "/home/airflow/.local/lib/python3.12/site-packages/airflow/operators/python.py", line 238, in execute
    return_value = self.execute_callable()
                   ^^^^^^^^^^^^^^^^^^^^^^^
  File "/home/airflow/.local/lib/python3.12/site-packages/airflow/operators/python.py", line 256, in execute_callable
    return runner.run(*self.op_args, **self.op_kwargs)
           ^^^^^^^^^^^^^^^^^^^^^^^^^^^^^^^^^^^^^^^^^^^
  File "/home/airflow/.local/lib/python3.12/site-packages/airflow/utils/operator_helpers.py", line 252, in run
    return self.func(*args, **kwargs)
           ^^^^^^^^^^^^^^^^^^^^^^^^^^
  File "/opt/airflow/dags/frank_dag.py", line 187, in frank_ptt
    slack_page_callback()
TypeError: frank_ptt.<locals>.slack_page_callback() missing 1 required positional argument: 'context'
[2024-10-24T13:16:18.578+0000] {local_task_job_runner.py:266} INFO - Task exited with return code 1
[2024-10-24T13:16:18.593+0000] {taskinstance.py:3900} INFO - 0 downstream tasks scheduled from follow-on schedule check
[2024-10-24T13:16:18.594+0000] {local_task_job_runner.py:245} INFO - ::endgroup::
