2024-10-22 06:34:45.864 [info] Experiment 'pythonRecommendTensorboardExt' is active
2024-10-22 06:34:45.864 [info] Experiment 'pythonTerminalEnvVarActivation' is active
2024-10-22 06:34:45.864 [info] Experiment 'pythonTestAdapter' is active
2024-10-22 06:34:45.864 [warning] Dir "/home/jojoforjob/.pixi/envs" is not watchable (directory does not exist)
2024-10-22 06:34:45.864 [info] Default formatter is set to null for workspace /home/jojoforjob
2024-10-22 06:34:46.011 [info] > pyenv which python
2024-10-22 06:34:46.011 [info] cwd: .
2024-10-22 06:34:46.162 [info] > pixi --version
2024-10-22 06:34:46.237 [info] > python -c "import sys;print(sys.executable)"
2024-10-22 06:34:46.241 [error] [Error: Command failed: python -c "import sys;print(sys.executable)"
/bin/sh: 1: python: not found

	at genericNodeError (node:internal/errors:984:15)
	at wrappedFn (node:internal/errors:538:14)
	at ChildProcess.exithandler (node:child_process:422:12)
	at ChildProcess.emit (node:events:531:35)
	at maybeClose (node:internal/child_process:1105:16)
	at Socket.<anonymous> (node:internal/child_process:457:11)
	at Socket.emit (node:events:519:28)
	at Pipe.<anonymous> (node:net:339:12)] {
  code: 127,
  killed: false,
  signal: null,
  cmd: 'python -c "import sys;print(sys.executable)"'
}
2024-10-22 06:34:46.475 [info] > pyenv which python
2024-10-22 06:34:46.475 [info] cwd: .
2024-10-22 06:34:47.709 [info] Starting Pylance language server.
2024-10-22 06:40:36.499 [info] Discover tests for workspace name: jojoforjob - uri: /home/jojoforjob/utils/test.py
2024-10-22 06:40:48.219 [info] Starting Environment refresh
2024-10-22 06:40:48.219 [info] Searching for interpreters in posix paths locator
2024-10-22 06:40:48.222 [info] Searching for pyenv environments
2024-10-22 06:40:48.222 [info] Searching for conda environments
2024-10-22 06:40:48.222 [info] Searching for global virtual environments
2024-10-22 06:40:48.222 [info] Searching for custom virtual environments
2024-10-22 06:40:48.229 [info] > conda info --json
2024-10-22 06:40:48.239 [info] > hatch env show --json
2024-10-22 06:40:48.239 [info] cwd: .
2024-10-22 06:40:48.244 [info] pyenv is not installed
2024-10-22 06:40:48.244 [info] Finished searching for pyenv environments: 24 milliseconds
2024-10-22 06:40:48.245 [info] Finished searching for custom virtual envs: 24 milliseconds
2024-10-22 06:40:48.256 [info] Finished searching for global virtual envs: 35 milliseconds
2024-10-22 06:40:48.258 [info] Found: /bin/python3 --> /bin/python3.8
2024-10-22 06:40:48.260 [info] Found: /bin/python3.8 --> /bin/python3.8
2024-10-22 06:40:48.274 [info] Found: /usr/bin/python3 --> /usr/bin/python3.8
2024-10-22 06:40:48.274 [info] Found: /usr/bin/python3.8 --> /usr/bin/python3.8
2024-10-22 06:40:48.305 [info] Finished searching for interpreters in posix paths locator: 81 milliseconds
2024-10-22 06:40:48.305 [info] > /bin/python3 -I ./.vscode-server/extensions/ms-python.python-2024.16.1-linux-x64/python_files/get_output_via_markers.py ./.vscode-server/extensions/ms-python.python-2024.16.1-linux-x64/python_files/interpreterInfo.py
2024-10-22 06:40:48.330 [info] > /usr/bin/python3 -I ./.vscode-server/extensions/ms-python.python-2024.16.1-linux-x64/python_files/get_output_via_markers.py ./.vscode-server/extensions/ms-python.python-2024.16.1-linux-x64/python_files/interpreterInfo.py
2024-10-22 06:40:48.330 [info] Environments refresh paths discovered (event): 113 milliseconds
2024-10-22 06:40:48.330 [info] Environments refresh paths discovered: 113 milliseconds
2024-10-22 06:40:48.379 [info] Environments refresh finished (event): 162 milliseconds
2024-10-22 06:40:48.387 [info] Environment refresh took 171 milliseconds
2024-10-22 06:40:53.642 [info] Discover tests for workspace name: jojoforjob - uri: /home/jojoforjob
2024-10-22 06:40:53.642 [info] Python interpreter path: /bin/python3
2024-10-22 06:56:20.367 [info] Discover tests for workspace name: jojoforjob - uri: /home/jojoforjob/utils/test.py
2024-10-22 06:57:25.311 [info] Discover tests for workspace name: jojoforjob - uri: /home/jojoforjob/utils/test.py
2024-10-22 06:57:42.389 [info] Discover tests for workspace name: jojoforjob - uri: /home/jojoforjob/utils/test.py
2024-10-22 06:57:52.256 [info] Discover tests for workspace name: jojoforjob - uri: /home/jojoforjob/utils/test.py
2024-10-22 06:58:41.985 [info] Discover tests for workspace name: jojoforjob - uri: /home/jojoforjob/utils/test.py
2024-10-22 07:00:03.500 [info] Discover tests for workspace name: jojoforjob - uri: /home/jojoforjob/utils/test.py
