2024-10-24 05:53:14.467 [info] (Client) Pylance async client (2024.10.1) started with python extension (2024.16.1)
2024-10-24 05:53:15.199 [info] [Info  - 5:53:15 AM] (86804) Server root directory: file:///home/jojoforjob/.vscode-server/extensions/ms-python.vscode-pylance-2024.10.1/dist
2024-10-24 05:53:15.245 [info] [Info  - 5:53:15 AM] (86804) Pylance language server 2024.10.1 (pyright version 1.1.382, commit e46efc6b) starting
2024-10-24 05:53:15.245 [info] [Info  - 5:53:15 AM] (86804) Starting service instance "jojoforjob"
2024-10-24 05:53:15.352 [info] [Info  - 5:53:15 AM] (86804) Setting environmentName for service "jojoforjob": "3.8.10 (global)"
2024-10-24 05:53:15.353 [info] [Info  - 5:53:15 AM] (86804) Setting pythonPath for service "jojoforjob": "/bin/python3"
2024-10-24 05:53:15.355 [info] [Info  - 5:53:15 AM] (86804) No include entries specified; assuming /home/jojoforjob
2024-10-24 05:53:15.356 [info] [Info  - 5:53:15 AM] (86804) Auto-excluding **/node_modules
2024-10-24 05:53:15.357 [info] [Info  - 5:53:15 AM] (86804) Auto-excluding **/__pycache__
2024-10-24 05:53:15.357 [info] [Info  - 5:53:15 AM] (86804) Auto-excluding **/.*
2024-10-24 05:53:15.450 [info] [Info  - 5:53:15 AM] (86804) Assuming Python version 3.8.10.final.0
2024-10-24 05:53:16.831 [info] [Info  - 5:53:16 AM] (86804) Found 8 source files
2024-10-24 05:55:35.184 [info] [Error - 5:55:35 AM] Request textDocument/documentHighlight failed.
2024-10-24 05:55:35.185 [info] Error: Starting server failed
	at P.$start (/home/jojoforjob/.vscode-server/extensions/ms-python.python-2024.16.1-linux-x64/out/client/extension.js:2:2118973)
	at process.processTicksAndRejections (node:internal/process/task_queues:95:5)
	at async P.sendRequest (/home/jojoforjob/.vscode-server/extensions/ms-python.python-2024.16.1-linux-x64/out/client/extension.js:2:2102459)
	at async IS.provideDocumentHighlights (file:///home/jojoforjob/.vscode-server/cli/servers/Stable-384ff7382de624fb94dbaf6da11977bba1ecd427/server/out/vs/workbench/api/node/extensionHostProcess.js:137:126082)
2024-10-24 05:55:35.185 [info] [Error - 5:55:35 AM] Request textDocument/semanticTokens/range failed.
2024-10-24 05:55:35.185 [info] Error: Starting server failed
	at P.$start (/home/jojoforjob/.vscode-server/extensions/ms-python.python-2024.16.1-linux-x64/out/client/extension.js:2:2118973)
	at process.processTicksAndRejections (node:internal/process/task_queues:95:5)
	at async P.sendRequest (/home/jojoforjob/.vscode-server/extensions/ms-python.python-2024.16.1-linux-x64/out/client/extension.js:2:2102459)
	at async NS.provideDocumentRangeSemanticTokens (file:///home/jojoforjob/.vscode-server/cli/servers/Stable-384ff7382de624fb94dbaf6da11977bba1ecd427/server/out/vs/workbench/api/node/extensionHostProcess.js:137:135888)
2024-10-24 05:55:35.185 [info] [Error - 5:55:35 AM] Request textDocument/inlayHint failed.
2024-10-24 05:55:35.185 [info] Error: Starting server failed
	at P.$start (/home/jojoforjob/.vscode-server/extensions/ms-python.python-2024.16.1-linux-x64/out/client/extension.js:2:2118973)
	at process.processTicksAndRejections (node:internal/process/task_queues:95:5)
	at async P.sendRequest (/home/jojoforjob/.vscode-server/extensions/ms-python.python-2024.16.1-linux-x64/out/client/extension.js:2:2102459)
	at async o (/home/jojoforjob/.vscode-server/extensions/ms-python.python-2024.16.1-linux-x64/out/client/extension.js:2:2214685)
	at async ag.provideInlayHints (file:///home/jojoforjob/.vscode-server/cli/servers/Stable-384ff7382de624fb94dbaf6da11977bba1ecd427/server/out/vs/workbench/api/node/extensionHostProcess.js:137:143180)
2024-10-24 05:55:35.185 [info] [Error - 5:55:35 AM] Request textDocument/documentHighlight failed.
2024-10-24 05:55:35.186 [info] Error: Starting server failed
	at P.$start (/home/jojoforjob/.vscode-server/extensions/ms-python.python-2024.16.1-linux-x64/out/client/extension.js:2:2118973)
	at process.processTicksAndRejections (node:internal/process/task_queues:95:5)
	at async P.sendRequest (/home/jojoforjob/.vscode-server/extensions/ms-python.python-2024.16.1-linux-x64/out/client/extension.js:2:2102459)
	at async IS.provideDocumentHighlights (file:///home/jojoforjob/.vscode-server/cli/servers/Stable-384ff7382de624fb94dbaf6da11977bba1ecd427/server/out/vs/workbench/api/node/extensionHostProcess.js:137:126082)
2024-10-24 05:55:35.186 [info] [Error - 5:55:35 AM] Request textDocument/documentHighlight failed.
2024-10-24 05:55:35.186 [info] Error: Starting server failed
	at P.$start (/home/jojoforjob/.vscode-server/extensions/ms-python.python-2024.16.1-linux-x64/out/client/extension.js:2:2118973)
	at process.processTicksAndRejections (node:internal/process/task_queues:95:5)
	at async P.sendRequest (/home/jojoforjob/.vscode-server/extensions/ms-python.python-2024.16.1-linux-x64/out/client/extension.js:2:2102459)
	at async IS.provideDocumentHighlights (file:///home/jojoforjob/.vscode-server/cli/servers/Stable-384ff7382de624fb94dbaf6da11977bba1ecd427/server/out/vs/workbench/api/node/extensionHostProcess.js:137:126082)
2024-10-24 05:55:35.215 [info] [Info  - 5:55:35 AM] (86804) [FG] Long operation: binding: file:///home/jojoforjob/.vscode-server/extensions/ms-python.vscode-pylance-2024.10.1/dist/typeshed-fallback/stdlib/builtins.pyi (134635ms)
2024-10-24 05:55:35.255 [info] [Info  - 5:55:35 AM] (86804) Background analysis(1) root directory: file:///home/jojoforjob/.vscode-server/extensions/ms-python.vscode-pylance-2024.10.1/dist
2024-10-24 05:55:35.266 [info] [Info  - 5:55:35 AM] (86804) Background analysis(1) started
