2024-10-22 14:05:05.590 [info] [main] Log level: Info
2024-10-22 14:05:05.590 [info] [main] Validating found git in: "git"
2024-10-22 14:05:05.590 [info] [main] Using git "2.25.1" from "git"
2024-10-22 14:05:05.590 [info] [Model][doInitialScan] Initial repository scan started
2024-10-22 14:05:05.590 [info] > git rev-parse --show-toplevel [176ms]
2024-10-22 14:05:05.590 [info] fatal: not a git repository (or any of the parent directories): .git
2024-10-22 14:05:05.590 [info] > git rev-parse --show-toplevel [14ms]
2024-10-22 14:05:05.590 [info] fatal: not a git repository (or any of the parent directories): .git
2024-10-22 14:05:05.693 [info] > git rev-parse --show-toplevel [14ms]
2024-10-22 14:05:05.693 [info] fatal: not a git repository (or any of the parent directories): .git
2024-10-22 14:05:05.715 [info] > git rev-parse --show-toplevel [8ms]
2024-10-22 14:05:05.715 [info] fatal: not a git repository (or any of the parent directories): .git
2024-10-22 14:05:05.745 [info] > git rev-parse --show-toplevel [15ms]
2024-10-22 14:05:05.745 [info] fatal: not a git repository (or any of the parent directories): .git
2024-10-22 14:05:05.755 [info] > git rev-parse --show-toplevel [5ms]
2024-10-22 14:05:05.755 [info] fatal: not a git repository (or any of the parent directories): .git
2024-10-22 14:05:05.779 [info] > git rev-parse --show-toplevel [14ms]
2024-10-22 14:05:05.779 [info] fatal: not a git repository (or any of the parent directories): .git
2024-10-22 14:05:05.933 [info] > git rev-parse --show-toplevel [138ms]
2024-10-22 14:05:05.933 [info] fatal: not a git repository (or any of the parent directories): .git
2024-10-22 14:05:06.090 [info] > git rev-parse --show-toplevel [140ms]
2024-10-22 14:05:06.091 [info] fatal: not a git repository (or any of the parent directories): .git
2024-10-22 14:05:06.143 [info] > git rev-parse --show-toplevel [16ms]
2024-10-22 14:05:06.143 [info] fatal: not a git repository (or any of the parent directories): .git
2024-10-22 14:05:06.188 [info] > git rev-parse --show-toplevel [13ms]
2024-10-22 14:05:06.188 [info] fatal: not a git repository (or any of the parent directories): .git
2024-10-22 14:05:06.216 [info] > git rev-parse --show-toplevel [12ms]
2024-10-22 14:05:06.216 [info] fatal: not a git repository (or any of the parent directories): .git
2024-10-22 14:05:06.253 [info] > git rev-parse --show-toplevel [9ms]
2024-10-22 14:05:06.253 [info] fatal: not a git repository (or any of the parent directories): .git
2024-10-22 14:05:06.256 [info] [Model][doInitialScan] Initial repository scan completed - repositories (0), closed repositories (0), parent repositories (0), unsafe repositories (0)
2024-10-22 14:15:54.988 [info] > git rev-parse --show-toplevel [10ms]
2024-10-22 14:15:54.988 [info] fatal: not a git repository (or any of the parent directories): .git
