2024-10-24 05:53:09.242 [info] Extension host with pid 86618 started
2024-10-24 05:53:09.243 [error] Error: EEXIST: file already exists, open '/home/jojoforjob/.vscode-server/data/User/workspaceStorage/888e44ecd94f153848f9a8e0382318fb/vscode.lock'
2024-10-24 05:53:09.253 [info] Lock '/home/jojoforjob/.vscode-server/data/User/workspaceStorage/888e44ecd94f153848f9a8e0382318fb/vscode.lock': Could not acquire lock, checking if the file is stale.
2024-10-24 05:53:09.269 [info] ExtensionService#_doActivateExtension vscode.emmet, startup: false, activationEvent: 'onLanguage'
2024-10-24 05:53:09.272 [info] ExtensionService#_doActivateExtension ms-python.python, startup: false, activationEvent: 'onLanguage:python', root cause: ms-python.debugpy
2024-10-24 05:53:09.273 [info] ExtensionService#_doActivateExtension vscode.git-base, startup: false, activationEvent: '*', root cause: vscode.git
2024-10-24 05:53:10.419 [info] Lock '/home/jojoforjob/.vscode-server/data/User/workspaceStorage/888e44ecd94f153848f9a8e0382318fb/vscode.lock': The lock does not look stale, elapsed: 856 ms, giving up.
2024-10-24 05:53:10.471 [error] Error: EEXIST: file already exists, open '/home/jojoforjob/.vscode-server/data/User/workspaceStorage/888e44ecd94f153848f9a8e0382318fb-1/vscode.lock'
2024-10-24 05:53:10.476 [info] Lock '/home/jojoforjob/.vscode-server/data/User/workspaceStorage/888e44ecd94f153848f9a8e0382318fb-1/vscode.lock': Could not acquire lock, checking if the file is stale.
2024-10-24 05:53:10.478 [info] Lock '/home/jojoforjob/.vscode-server/data/User/workspaceStorage/888e44ecd94f153848f9a8e0382318fb-1/vscode.lock': The lock does not look stale, elapsed: 170 ms, giving up.
2024-10-24 05:53:10.507 [info] Lock '/home/jojoforjob/.vscode-server/data/User/workspaceStorage/888e44ecd94f153848f9a8e0382318fb-2/vscode.lock': Lock acquired.
2024-10-24 05:53:11.057 [info] ExtensionService#_doActivateExtension vscode.git, startup: false, activationEvent: '*'
2024-10-24 05:53:11.058 [info] ExtensionService#_doActivateExtension vscode.github, startup: false, activationEvent: '*'
2024-10-24 05:53:11.619 [info] Eager extensions activated
2024-10-24 05:53:11.620 [info] ExtensionService#_doActivateExtension vscode.debug-auto-launch, startup: false, activationEvent: 'onStartupFinished'
2024-10-24 05:53:11.621 [info] ExtensionService#_doActivateExtension vscode.merge-conflict, startup: false, activationEvent: 'onStartupFinished'
2024-10-24 05:53:11.857 [info] ExtensionService#_doActivateExtension ms-python.debugpy, startup: false, activationEvent: 'onLanguage:python'
2024-10-24 05:53:11.858 [info] ExtensionService#_doActivateExtension ms-python.vscode-pylance, startup: false, activationEvent: 'onLanguage:python'
2024-10-24 05:55:34.591 [info] Extension host terminating: received terminate message from renderer
2024-10-24 05:55:34.598 [info] Lock '/home/jojoforjob/.vscode-server/data/User/workspaceStorage/888e44ecd94f153848f9a8e0382318fb-2/vscode.lock': Marking the lockfile as scheduled to be released in 6000 ms.
2024-10-24 05:55:35.186 [error] [ms-python.python] provider FAILED
2024-10-24 05:55:35.186 [error] Error: Starting server failed
	at P.$start (/home/jojoforjob/.vscode-server/extensions/ms-python.python-2024.16.1-linux-x64/out/client/extension.js:2:2118973)
	at process.processTicksAndRejections (node:internal/process/task_queues:95:5)
	at async P.sendRequest (/home/jojoforjob/.vscode-server/extensions/ms-python.python-2024.16.1-linux-x64/out/client/extension.js:2:2102459)
	at async IS.provideDocumentHighlights (file:///home/jojoforjob/.vscode-server/cli/servers/Stable-384ff7382de624fb94dbaf6da11977bba1ecd427/server/out/vs/workbench/api/node/extensionHostProcess.js:137:126082)
2024-10-24 05:55:35.191 [error] [ms-python.python] provider FAILED
2024-10-24 05:55:35.191 [error] Error: Starting server failed
	at P.$start (/home/jojoforjob/.vscode-server/extensions/ms-python.python-2024.16.1-linux-x64/out/client/extension.js:2:2118973)
	at process.processTicksAndRejections (node:internal/process/task_queues:95:5)
	at async P.sendRequest (/home/jojoforjob/.vscode-server/extensions/ms-python.python-2024.16.1-linux-x64/out/client/extension.js:2:2102459)
	at async NS.provideDocumentRangeSemanticTokens (file:///home/jojoforjob/.vscode-server/cli/servers/Stable-384ff7382de624fb94dbaf6da11977bba1ecd427/server/out/vs/workbench/api/node/extensionHostProcess.js:137:135888)
2024-10-24 05:55:35.192 [error] [ms-python.python] provider FAILED
2024-10-24 05:55:35.193 [error] Error: Starting server failed
	at P.$start (/home/jojoforjob/.vscode-server/extensions/ms-python.python-2024.16.1-linux-x64/out/client/extension.js:2:2118973)
	at process.processTicksAndRejections (node:internal/process/task_queues:95:5)
	at async P.sendRequest (/home/jojoforjob/.vscode-server/extensions/ms-python.python-2024.16.1-linux-x64/out/client/extension.js:2:2102459)
	at async o (/home/jojoforjob/.vscode-server/extensions/ms-python.python-2024.16.1-linux-x64/out/client/extension.js:2:2214685)
	at async ag.provideInlayHints (file:///home/jojoforjob/.vscode-server/cli/servers/Stable-384ff7382de624fb94dbaf6da11977bba1ecd427/server/out/vs/workbench/api/node/extensionHostProcess.js:137:143180)
2024-10-24 05:55:35.193 [error] [ms-python.python] provider FAILED
2024-10-24 05:55:35.193 [error] Error: Starting server failed
	at P.$start (/home/jojoforjob/.vscode-server/extensions/ms-python.python-2024.16.1-linux-x64/out/client/extension.js:2:2118973)
	at process.processTicksAndRejections (node:internal/process/task_queues:95:5)
	at async P.sendRequest (/home/jojoforjob/.vscode-server/extensions/ms-python.python-2024.16.1-linux-x64/out/client/extension.js:2:2102459)
	at async IS.provideDocumentHighlights (file:///home/jojoforjob/.vscode-server/cli/servers/Stable-384ff7382de624fb94dbaf6da11977bba1ecd427/server/out/vs/workbench/api/node/extensionHostProcess.js:137:126082)
2024-10-24 05:55:35.194 [error] [ms-python.python] provider FAILED
2024-10-24 05:55:35.200 [error] Error: Starting server failed
	at P.$start (/home/jojoforjob/.vscode-server/extensions/ms-python.python-2024.16.1-linux-x64/out/client/extension.js:2:2118973)
	at process.processTicksAndRejections (node:internal/process/task_queues:95:5)
	at async P.sendRequest (/home/jojoforjob/.vscode-server/extensions/ms-python.python-2024.16.1-linux-x64/out/client/extension.js:2:2102459)
	at async IS.provideDocumentHighlights (file:///home/jojoforjob/.vscode-server/cli/servers/Stable-384ff7382de624fb94dbaf6da11977bba1ecd427/server/out/vs/workbench/api/node/extensionHostProcess.js:137:126082)
2024-10-24 05:55:35.233 [error] Canceled: Canceled
	at new eA (file:///home/jojoforjob/.vscode-server/cli/servers/Stable-384ff7382de624fb94dbaf6da11977bba1ecd427/server/out/vs/workbench/api/node/extensionHostProcess.js:31:151177)
	at Zb.U (file:///home/jojoforjob/.vscode-server/cli/servers/Stable-384ff7382de624fb94dbaf6da11977bba1ecd427/server/out/vs/workbench/api/node/extensionHostProcess.js:31:155789)
	at s.<computed>.n.charCodeAt.s.<computed> (file:///home/jojoforjob/.vscode-server/cli/servers/Stable-384ff7382de624fb94dbaf6da11977bba1ecd427/server/out/vs/workbench/api/node/extensionHostProcess.js:31:153283)
	at T0.g (file:///home/jojoforjob/.vscode-server/cli/servers/Stable-384ff7382de624fb94dbaf6da11977bba1ecd427/server/out/vs/workbench/api/node/extensionHostProcess.js:114:32325)
	at T0.executeCommand (file:///home/jojoforjob/.vscode-server/cli/servers/Stable-384ff7382de624fb94dbaf6da11977bba1ecd427/server/out/vs/workbench/api/node/extensionHostProcess.js:114:31826)
	at r.registerCommand.description (file:///home/jojoforjob/.vscode-server/cli/servers/Stable-384ff7382de624fb94dbaf6da11977bba1ecd427/server/out/vs/workbench/api/node/extensionHostProcess.js:114:31156)
	at T0.h (file:///home/jojoforjob/.vscode-server/cli/servers/Stable-384ff7382de624fb94dbaf6da11977bba1ecd427/server/out/vs/workbench/api/node/extensionHostProcess.js:114:32845)
	at T0.g (file:///home/jojoforjob/.vscode-server/cli/servers/Stable-384ff7382de624fb94dbaf6da11977bba1ecd427/server/out/vs/workbench/api/node/extensionHostProcess.js:114:31919)
	at T0.executeCommand (file:///home/jojoforjob/.vscode-server/cli/servers/Stable-384ff7382de624fb94dbaf6da11977bba1ecd427/server/out/vs/workbench/api/node/extensionHostProcess.js:114:31826)
	at Object.executeCommand (file:///home/jojoforjob/.vscode-server/cli/servers/Stable-384ff7382de624fb94dbaf6da11977bba1ecd427/server/out/vs/workbench/api/node/extensionHostProcess.js:156:37049)
	at n.default.provideCodeLenses (/home/jojoforjob/.vscode-server/cli/servers/Stable-384ff7382de624fb94dbaf6da11977bba1ecd427/server/extensions/merge-conflict/dist/mergeConflictMain.js:1:165251)
	at runNextTicks (node:internal/process/task_queues:60:5)
	at process.processTimers (node:internal/timers:516:9)
	at async rg.provideCodeLenses (file:///home/jojoforjob/.vscode-server/cli/servers/Stable-384ff7382de624fb94dbaf6da11977bba1ecd427/server/out/vs/workbench/api/node/extensionHostProcess.js:137:123141) setContext undefined
2024-10-24 05:55:35.234 [error] Canceled: Canceled
	at new eA (file:///home/jojoforjob/.vscode-server/cli/servers/Stable-384ff7382de624fb94dbaf6da11977bba1ecd427/server/out/vs/workbench/api/node/extensionHostProcess.js:31:151177)
	at Zb.U (file:///home/jojoforjob/.vscode-server/cli/servers/Stable-384ff7382de624fb94dbaf6da11977bba1ecd427/server/out/vs/workbench/api/node/extensionHostProcess.js:31:155789)
	at s.<computed>.n.charCodeAt.s.<computed> (file:///home/jojoforjob/.vscode-server/cli/servers/Stable-384ff7382de624fb94dbaf6da11977bba1ecd427/server/out/vs/workbench/api/node/extensionHostProcess.js:31:153283)
	at T0.g (file:///home/jojoforjob/.vscode-server/cli/servers/Stable-384ff7382de624fb94dbaf6da11977bba1ecd427/server/out/vs/workbench/api/node/extensionHostProcess.js:114:32325)
	at T0.executeCommand (file:///home/jojoforjob/.vscode-server/cli/servers/Stable-384ff7382de624fb94dbaf6da11977bba1ecd427/server/out/vs/workbench/api/node/extensionHostProcess.js:114:31826)
	at r.registerCommand.description (file:///home/jojoforjob/.vscode-server/cli/servers/Stable-384ff7382de624fb94dbaf6da11977bba1ecd427/server/out/vs/workbench/api/node/extensionHostProcess.js:114:31156)
	at T0.h (file:///home/jojoforjob/.vscode-server/cli/servers/Stable-384ff7382de624fb94dbaf6da11977bba1ecd427/server/out/vs/workbench/api/node/extensionHostProcess.js:114:32845)
	at T0.g (file:///home/jojoforjob/.vscode-server/cli/servers/Stable-384ff7382de624fb94dbaf6da11977bba1ecd427/server/out/vs/workbench/api/node/extensionHostProcess.js:114:31919)
	at T0.executeCommand (file:///home/jojoforjob/.vscode-server/cli/servers/Stable-384ff7382de624fb94dbaf6da11977bba1ecd427/server/out/vs/workbench/api/node/extensionHostProcess.js:114:31826)
	at Object.executeCommand (file:///home/jojoforjob/.vscode-server/cli/servers/Stable-384ff7382de624fb94dbaf6da11977bba1ecd427/server/out/vs/workbench/api/node/extensionHostProcess.js:156:37049)
	at n.default.provideCodeLenses (/home/jojoforjob/.vscode-server/cli/servers/Stable-384ff7382de624fb94dbaf6da11977bba1ecd427/server/extensions/merge-conflict/dist/mergeConflictMain.js:1:165251)
	at runNextTicks (node:internal/process/task_queues:60:5)
	at process.processTimers (node:internal/timers:516:9)
	at async rg.provideCodeLenses (file:///home/jojoforjob/.vscode-server/cli/servers/Stable-384ff7382de624fb94dbaf6da11977bba1ecd427/server/out/vs/workbench/api/node/extensionHostProcess.js:137:123141) setContext undefined
2024-10-24 05:55:35.235 [error] Canceled: Canceled
	at new eA (file:///home/jojoforjob/.vscode-server/cli/servers/Stable-384ff7382de624fb94dbaf6da11977bba1ecd427/server/out/vs/workbench/api/node/extensionHostProcess.js:31:151177)
	at Zb.U (file:///home/jojoforjob/.vscode-server/cli/servers/Stable-384ff7382de624fb94dbaf6da11977bba1ecd427/server/out/vs/workbench/api/node/extensionHostProcess.js:31:155789)
	at s.<computed>.n.charCodeAt.s.<computed> (file:///home/jojoforjob/.vscode-server/cli/servers/Stable-384ff7382de624fb94dbaf6da11977bba1ecd427/server/out/vs/workbench/api/node/extensionHostProcess.js:31:153283)
	at T0.g (file:///home/jojoforjob/.vscode-server/cli/servers/Stable-384ff7382de624fb94dbaf6da11977bba1ecd427/server/out/vs/workbench/api/node/extensionHostProcess.js:114:32325)
	at T0.executeCommand (file:///home/jojoforjob/.vscode-server/cli/servers/Stable-384ff7382de624fb94dbaf6da11977bba1ecd427/server/out/vs/workbench/api/node/extensionHostProcess.js:114:31826)
	at r.registerCommand.description (file:///home/jojoforjob/.vscode-server/cli/servers/Stable-384ff7382de624fb94dbaf6da11977bba1ecd427/server/out/vs/workbench/api/node/extensionHostProcess.js:114:31156)
	at T0.h (file:///home/jojoforjob/.vscode-server/cli/servers/Stable-384ff7382de624fb94dbaf6da11977bba1ecd427/server/out/vs/workbench/api/node/extensionHostProcess.js:114:32845)
	at T0.g (file:///home/jojoforjob/.vscode-server/cli/servers/Stable-384ff7382de624fb94dbaf6da11977bba1ecd427/server/out/vs/workbench/api/node/extensionHostProcess.js:114:31919)
	at T0.executeCommand (file:///home/jojoforjob/.vscode-server/cli/servers/Stable-384ff7382de624fb94dbaf6da11977bba1ecd427/server/out/vs/workbench/api/node/extensionHostProcess.js:114:31826)
	at Object.executeCommand (file:///home/jojoforjob/.vscode-server/cli/servers/Stable-384ff7382de624fb94dbaf6da11977bba1ecd427/server/out/vs/workbench/api/node/extensionHostProcess.js:156:37049)
	at n.default.provideCodeLenses (/home/jojoforjob/.vscode-server/cli/servers/Stable-384ff7382de624fb94dbaf6da11977bba1ecd427/server/extensions/merge-conflict/dist/mergeConflictMain.js:1:165251)
	at runNextTicks (node:internal/process/task_queues:60:5)
	at process.processTimers (node:internal/timers:516:9)
	at async rg.provideCodeLenses (file:///home/jojoforjob/.vscode-server/cli/servers/Stable-384ff7382de624fb94dbaf6da11977bba1ecd427/server/out/vs/workbench/api/node/extensionHostProcess.js:137:123141) setContext undefined
2024-10-24 05:55:35.292 [info] Extension host with pid 86618 exiting with code 0
