2024-10-24 06:25:45.285 [info] [main] Log level: Info
2024-10-24 06:25:45.285 [info] [main] Validating found git in: "git"
2024-10-24 06:25:45.285 [info] [main] Using git "2.25.1" from "git"
2024-10-24 06:25:45.285 [info] [Model][doInitialScan] Initial repository scan started
2024-10-24 06:25:45.285 [info] > git rev-parse --show-toplevel [11ms]
2024-10-24 06:25:45.285 [info] fatal: not a git repository (or any of the parent directories): .git
2024-10-24 06:25:45.285 [info] > git rev-parse --show-toplevel [860ms]
2024-10-24 06:25:45.285 [info] fatal: not a git repository (or any of the parent directories): .git
2024-10-24 06:25:45.345 [info] > git rev-parse --show-toplevel [47ms]
2024-10-24 06:25:45.345 [info] fatal: not a git repository (or any of the parent directories): .git
2024-10-24 06:25:45.360 [info] > git rev-parse --show-toplevel [9ms]
2024-10-24 06:25:45.360 [info] fatal: not a git repository (or any of the parent directories): .git
2024-10-24 06:25:45.382 [info] > git rev-parse --show-toplevel [17ms]
2024-10-24 06:25:45.382 [info] fatal: not a git repository (or any of the parent directories): .git
2024-10-24 06:25:45.394 [info] > git rev-parse --show-toplevel [2ms]
2024-10-24 06:25:45.394 [info] fatal: not a git repository (or any of the parent directories): .git
2024-10-24 06:25:45.426 [info] > git rev-parse --show-toplevel [6ms]
2024-10-24 06:25:45.426 [info] fatal: not a git repository (or any of the parent directories): .git
2024-10-24 06:25:45.449 [info] > git rev-parse --show-toplevel [2ms]
2024-10-24 06:25:45.449 [info] fatal: not a git repository (or any of the parent directories): .git
2024-10-24 06:25:45.464 [info] > git rev-parse --show-toplevel [3ms]
2024-10-24 06:25:45.464 [info] fatal: not a git repository (or any of the parent directories): .git
2024-10-24 06:25:45.538 [info] > git rev-parse --show-toplevel [69ms]
2024-10-24 06:25:45.538 [info] fatal: not a git repository (or any of the parent directories): .git
2024-10-24 06:25:45.592 [info] > git rev-parse --show-toplevel [34ms]
2024-10-24 06:25:45.592 [info] fatal: not a git repository (or any of the parent directories): .git
2024-10-24 06:25:45.603 [info] > git rev-parse --show-toplevel [5ms]
2024-10-24 06:25:45.604 [info] fatal: not a git repository (or any of the parent directories): .git
2024-10-24 06:25:45.621 [info] > git rev-parse --show-toplevel [2ms]
2024-10-24 06:25:45.621 [info] fatal: not a git repository (or any of the parent directories): .git
2024-10-24 06:25:45.624 [info] [Model][doInitialScan] Initial repository scan completed - repositories (0), closed repositories (0), parent repositories (0), unsafe repositories (0)
2024-10-24 06:25:45.637 [info] > git rev-parse --show-toplevel [7ms]
2024-10-24 06:25:45.637 [info] fatal: not a git repository (or any of the parent directories): .git
2024-10-24 06:26:37.903 [info] > git rev-parse --show-toplevel [10ms]
2024-10-24 06:26:37.903 [info] fatal: not a git repository (or any of the parent directories): .git
2024-10-24 06:35:18.661 [info] > git rev-parse --show-toplevel [1ms]
2024-10-24 06:35:18.661 [info] fatal: not a git repository (or any of the parent directories): .git
2024-10-24 06:35:21.883 [info] > git rev-parse --show-toplevel [2ms]
2024-10-24 06:35:21.883 [info] fatal: not a git repository (or any of the parent directories): .git
2024-10-24 06:39:11.603 [info] > git rev-parse --show-toplevel [1ms]
2024-10-24 06:39:11.603 [info] fatal: not a git repository (or any of the parent directories): .git
2024-10-24 06:40:10.080 [info] > git rev-parse --show-toplevel [1ms]
2024-10-24 06:40:10.080 [info] fatal: not a git repository (or any of the parent directories): .git
2024-10-24 06:44:34.407 [info] > git rev-parse --show-toplevel [2ms]
2024-10-24 06:44:34.407 [info] fatal: not a git repository (or any of the parent directories): .git
2024-10-24 06:44:36.217 [info] > git rev-parse --show-toplevel [1ms]
2024-10-24 06:44:36.217 [info] fatal: not a git repository (or any of the parent directories): .git
2024-10-24 06:44:41.046 [info] > git rev-parse --show-toplevel [2ms]
2024-10-24 06:44:41.046 [info] fatal: not a git repository (or any of the parent directories): .git
2024-10-24 06:45:17.726 [info] > git rev-parse --show-toplevel [2ms]
2024-10-24 06:45:17.727 [info] fatal: not a git repository (or any of the parent directories): .git
2024-10-24 06:45:22.754 [info] > git rev-parse --show-toplevel [2ms]
2024-10-24 06:45:22.754 [info] fatal: not a git repository (or any of the parent directories): .git
2024-10-24 06:48:32.447 [info] > git rev-parse --show-toplevel [2ms]
2024-10-24 06:48:32.447 [info] fatal: not a git repository (or any of the parent directories): .git
2024-10-24 06:48:36.033 [info] > git rev-parse --show-toplevel [2ms]
2024-10-24 06:48:36.033 [info] fatal: not a git repository (or any of the parent directories): .git
2024-10-24 06:48:57.529 [info] > git rev-parse --show-toplevel [2ms]
2024-10-24 06:48:57.529 [info] fatal: not a git repository (or any of the parent directories): .git
2024-10-24 06:49:05.139 [info] > git rev-parse --show-toplevel [2ms]
2024-10-24 06:49:05.139 [info] fatal: not a git repository (or any of the parent directories): .git
2024-10-24 06:49:07.000 [info] > git rev-parse --show-toplevel [2ms]
2024-10-24 06:49:07.000 [info] fatal: not a git repository (or any of the parent directories): .git
2024-10-24 06:49:13.106 [info] > git rev-parse --show-toplevel [1ms]
2024-10-24 06:49:13.107 [info] fatal: not a git repository (or any of the parent directories): .git
