[2024-10-22T11:59:23.040+0000] {local_task_job_runner.py:123} INFO - ::group::Pre task execution logs
[2024-10-22T11:59:23.056+0000] {taskinstance.py:2612} INFO - Dependencies all met for dep_context=non-requeueable deps ti=<TaskInstance: selenium_scraper_dag_with_slack.run_selenium_task manual__2024-10-22T11:52:08.283136+00:00 [queued]>
[2024-10-22T11:59:23.065+0000] {taskinstance.py:2612} INFO - Dependencies all met for dep_context=requeueable deps ti=<TaskInstance: selenium_scraper_dag_with_slack.run_selenium_task manual__2024-10-22T11:52:08.283136+00:00 [queued]>
[2024-10-22T11:59:23.066+0000] {taskinstance.py:2865} INFO - Starting attempt 2 of 4
[2024-10-22T11:59:23.086+0000] {taskinstance.py:2888} INFO - Executing <Task(PythonOperator): run_selenium_task> on 2024-10-22 11:52:08.283136+00:00
[2024-10-22T11:59:23.093+0000] {standard_task_runner.py:72} INFO - Started process 9400 to run task
[2024-10-22T11:59:23.099+0000] {standard_task_runner.py:104} INFO - Running: ['airflow', 'tasks', 'run', 'selenium_scraper_dag_with_slack', 'run_selenium_task', 'manual__2024-10-22T11:52:08.283136+00:00', '--job-id', '476', '--raw', '--subdir', 'DAGS_FOLDER/slacktest.py', '--cfg-path', '/tmp/tmpcq6v76_k']
[2024-10-22T11:59:23.102+0000] {standard_task_runner.py:105} INFO - Job 476: Subtask run_selenium_task
[2024-10-22T11:59:23.156+0000] {task_command.py:467} INFO - Running <TaskInstance: selenium_scraper_dag_with_slack.run_selenium_task manual__2024-10-22T11:52:08.283136+00:00 [running]> on host 60bbe790d101
[2024-10-22T11:59:23.252+0000] {taskinstance.py:3131} INFO - Exporting env vars: AIRFLOW_CTX_DAG_OWNER='airflow' AIRFLOW_CTX_DAG_ID='selenium_scraper_dag_with_slack' AIRFLOW_CTX_TASK_ID='run_selenium_task' AIRFLOW_CTX_EXECUTION_DATE='2024-10-22T11:52:08.283136+00:00' AIRFLOW_CTX_TRY_NUMBER='2' AIRFLOW_CTX_DAG_RUN_ID='manual__2024-10-22T11:52:08.283136+00:00'
[2024-10-22T11:59:23.253+0000] {taskinstance.py:731} INFO - ::endgroup::
[2024-10-22T11:59:23.274+0000] {logger.py:11} INFO - ====== WebDriver manager ======
[2024-10-22T11:59:23.776+0000] {logger.py:11} INFO - Get LATEST chromedriver version for google-chrome
[2024-10-22T11:59:23.992+0000] {logger.py:11} INFO - Get LATEST chromedriver version for google-chrome
[2024-10-22T11:59:24.114+0000] {logger.py:11} INFO - Driver [/home/airflow/.wdm/drivers/chromedriver/linux64/130.0.6723.58/chromedriver-linux64/chromedriver] found in cache
[2024-10-22T11:59:27.571+0000] {logging_mixin.py:190} INFO - Page title is: Google
[2024-10-22T11:59:29.430+0000] {logging_mixin.py:190} INFO - New page title is: Selenium - Google 搜尋
[2024-10-22T11:59:29.578+0000] {python.py:240} INFO - Done. Returned value was: None
[2024-10-22T11:59:29.585+0000] {taskinstance.py:340} INFO - ::group::Post task execution logs
[2024-10-22T11:59:29.585+0000] {taskinstance.py:352} INFO - Marking task as SUCCESS. dag_id=selenium_scraper_dag_with_slack, task_id=run_selenium_task, run_id=manual__2024-10-22T11:52:08.283136+00:00, execution_date=20241022T115208, start_date=20241022T115923, end_date=20241022T115929
[2024-10-22T11:59:29.655+0000] {local_task_job_runner.py:266} INFO - Task exited with return code 0
[2024-10-22T11:59:29.677+0000] {taskinstance.py:3900} INFO - 1 downstream tasks scheduled from follow-on schedule check
[2024-10-22T11:59:29.683+0000] {local_task_job_runner.py:245} INFO - ::endgroup::
