2024-10-24 05:16:42.133 [info] (Client) Pylance async client (2024.10.1) started with python extension (2024.16.1)
2024-10-24 05:16:42.836 [info] [Info  - 5:16:42 AM] (84533) Server root directory: file:///home/jojoforjob/.vscode-server/extensions/ms-python.vscode-pylance-2024.10.1/dist
2024-10-24 05:16:42.838 [info] [Info  - 5:16:42 AM] (84533) Pylance language server 2024.10.1 (pyright version 1.1.382, commit e46efc6b) starting
2024-10-24 05:16:42.838 [info] [Info  - 5:16:42 AM] (84533) Starting service instance "jojoforjob"
2024-10-24 05:16:43.037 [info] [Info  - 5:16:43 AM] (84533) Setting environmentName for service "jojoforjob": "3.8.10 (global)"
2024-10-24 05:16:43.042 [info] [Info  - 5:16:43 AM] (84533) Setting pythonPath for service "jojoforjob": "/bin/python3"
2024-10-24 05:16:43.055 [info] [Info  - 5:16:43 AM] (84533) No include entries specified; assuming /home/jojoforjob
2024-10-24 05:16:43.257 [info] [Info  - 5:16:43 AM] (84533) Auto-excluding **/node_modules
2024-10-24 05:16:43.257 [info] [Info  - 5:16:43 AM] (84533) Auto-excluding **/__pycache__
2024-10-24 05:16:43.257 [info] [Info  - 5:16:43 AM] (84533) Auto-excluding **/.*
2024-10-24 05:16:43.258 [info] [Info  - 5:16:43 AM] (84533) Assuming Python version 3.8.10.final.0
2024-10-24 05:16:44.182 [info] [Info  - 5:16:44 AM] (84533) Found 8 source files
2024-10-24 05:16:45.935 [info] [Info  - 5:16:45 AM] (84533) Background analysis(1) root directory: file:///home/jojoforjob/.vscode-server/extensions/ms-python.vscode-pylance-2024.10.1/dist
2024-10-24 05:16:45.937 [info] [Info  - 5:16:45 AM] (84533) Background analysis(1) started
2024-10-24 05:16:47.137 [info] [Info  - 5:16:47 AM] (84533) Indexer background runner(2) root directory: file:///home/jojoforjob/.vscode-server/extensions/ms-python.vscode-pylance-2024.10.1/dist (index)
2024-10-24 05:16:47.137 [info] [Info  - 5:16:47 AM] (84533) Indexing(2) started
2024-10-24 05:16:48.816 [info] [Info  - 5:16:48 AM] (84533) [BG(1)] Long operation: SemanticTokens full at file:///home/jojoforjob/dags/frank_dag.py (2753ms)
2024-10-24 05:16:49.803 [info] [Info  - 5:16:49 AM] (84533) [IDX(2)] Long operation: scan packages file:///home/jojoforjob (2379ms)
2024-10-24 05:16:49.804 [info] [Info  - 5:16:49 AM] (84533) scanned(2) 76 files over 1 exec env
2024-10-24 05:16:50.352 [info] [Info  - 5:16:50 AM] (84533) indexed(2) 76 files over 1 exec env
2024-10-24 05:16:50.432 [info] [Info  - 5:16:50 AM] (84533) Indexing finished(2).
