2024-10-24 08:49:03.439 [info] Extension host with pid 20189 started
2024-10-24 08:49:03.440 [error] Error: EEXIST: file already exists, open '/home/jojoforjob/.vscode-server/data/User/workspaceStorage/888e44ecd94f153848f9a8e0382318fb/vscode.lock'
2024-10-24 08:49:03.441 [info] Lock '/home/jojoforjob/.vscode-server/data/User/workspaceStorage/888e44ecd94f153848f9a8e0382318fb/vscode.lock': Could not acquire lock, checking if the file is stale.
2024-10-24 08:49:03.452 [info] Lock '/home/jojoforjob/.vscode-server/data/User/workspaceStorage/888e44ecd94f153848f9a8e0382318fb/vscode.lock': The lock does not look stale, elapsed: 968 ms, giving up.
2024-10-24 08:49:03.453 [error] Error: EEXIST: file already exists, open '/home/jojoforjob/.vscode-server/data/User/workspaceStorage/888e44ecd94f153848f9a8e0382318fb-1/vscode.lock'
2024-10-24 08:49:03.453 [info] Lock '/home/jojoforjob/.vscode-server/data/User/workspaceStorage/888e44ecd94f153848f9a8e0382318fb-1/vscode.lock': Could not acquire lock, checking if the file is stale.
2024-10-24 08:49:03.454 [info] Lock '/home/jojoforjob/.vscode-server/data/User/workspaceStorage/888e44ecd94f153848f9a8e0382318fb-1/vscode.lock': The lock does not look stale, elapsed: 601 ms, giving up.
2024-10-24 08:49:03.459 [info] Lock '/home/jojoforjob/.vscode-server/data/User/workspaceStorage/888e44ecd94f153848f9a8e0382318fb-2/vscode.lock': Lock acquired.
2024-10-24 08:49:03.622 [info] Eager extensions activated
2024-10-24 08:49:08.885 [info] ExtensionService#_doActivateExtension vscode.debug-auto-launch, startup: false, activationEvent: 'onStartupFinished'
2024-10-24 08:49:08.887 [info] ExtensionService#_doActivateExtension vscode.git-base, startup: false, activationEvent: '*', root cause: vscode.git
2024-10-24 08:49:08.887 [info] ExtensionService#_doActivateExtension vscode.merge-conflict, startup: false, activationEvent: 'onStartupFinished'
2024-10-24 08:49:09.072 [info] ExtensionService#_doActivateExtension vscode.git, startup: false, activationEvent: '*'
2024-10-24 08:49:09.072 [info] ExtensionService#_doActivateExtension vscode.github, startup: false, activationEvent: '*'
2024-10-24 08:49:27.602 [info] ExtensionService#_doActivateExtension ms-python.python, startup: false, activationEvent: 'onLanguage:python', root cause: ms-python.debugpy
2024-10-24 08:49:27.602 [info] ExtensionService#_doActivateExtension vscode.emmet, startup: false, activationEvent: 'onLanguage'
2024-10-24 08:49:28.217 [info] ExtensionService#_doActivateExtension ms-python.debugpy, startup: false, activationEvent: 'onLanguage:python'
2024-10-24 08:49:28.217 [info] ExtensionService#_doActivateExtension ms-python.vscode-pylance, startup: false, activationEvent: 'onLanguage:python'
2024-10-24 10:29:18.151 [info] Extension host terminating: received terminate message from renderer
2024-10-24 10:29:18.152 [info] Lock '/home/jojoforjob/.vscode-server/data/User/workspaceStorage/888e44ecd94f153848f9a8e0382318fb-2/vscode.lock': Marking the lockfile as scheduled to be released in 6000 ms.
2024-10-24 10:29:18.197 [info] Extension host with pid 20189 exiting with code 0
