2024-10-22 12:37:56.371 [info] [main] Log level: Info
2024-10-22 12:37:56.371 [info] [main] Validating found git in: "git"
2024-10-22 12:37:56.372 [info] [main] Using git "2.25.1" from "git"
2024-10-22 12:37:56.372 [info] [Model][doInitialScan] Initial repository scan started
2024-10-22 12:37:56.373 [info] > git rev-parse --show-toplevel [129ms]
2024-10-22 12:37:56.373 [info] fatal: not a git repository (or any of the parent directories): .git
2024-10-22 12:37:56.373 [info] > git rev-parse --show-toplevel [227ms]
2024-10-22 12:37:56.374 [info] fatal: not a git repository (or any of the parent directories): .git
2024-10-22 12:37:56.492 [info] > git rev-parse --show-toplevel [75ms]
2024-10-22 12:37:56.493 [info] fatal: not a git repository (or any of the parent directories): .git
2024-10-22 12:37:56.783 [info] > git rev-parse --show-toplevel [257ms]
2024-10-22 12:37:56.783 [info] fatal: not a git repository (or any of the parent directories): .git
2024-10-22 12:37:56.814 [info] > git rev-parse --show-toplevel [11ms]
2024-10-22 12:37:56.815 [info] fatal: not a git repository (or any of the parent directories): .git
2024-10-22 12:37:56.837 [info] > git rev-parse --show-toplevel [14ms]
2024-10-22 12:37:56.838 [info] fatal: not a git repository (or any of the parent directories): .git
2024-10-22 12:37:56.857 [info] > git rev-parse --show-toplevel [7ms]
2024-10-22 12:37:56.857 [info] fatal: not a git repository (or any of the parent directories): .git
2024-10-22 12:37:56.885 [info] > git rev-parse --show-toplevel [13ms]
2024-10-22 12:37:56.885 [info] fatal: not a git repository (or any of the parent directories): .git
2024-10-22 12:37:56.913 [info] > git rev-parse --show-toplevel [11ms]
2024-10-22 12:37:56.913 [info] fatal: not a git repository (or any of the parent directories): .git
2024-10-22 12:37:56.945 [info] > git rev-parse --show-toplevel [16ms]
2024-10-22 12:37:56.945 [info] fatal: not a git repository (or any of the parent directories): .git
2024-10-22 12:37:56.962 [info] > git rev-parse --show-toplevel [7ms]
2024-10-22 12:37:56.963 [info] fatal: not a git repository (or any of the parent directories): .git
2024-10-22 12:37:56.992 [info] > git rev-parse --show-toplevel [5ms]
2024-10-22 12:37:56.993 [info] fatal: not a git repository (or any of the parent directories): .git
2024-10-22 12:37:57.017 [info] > git rev-parse --show-toplevel [10ms]
2024-10-22 12:37:57.018 [info] fatal: not a git repository (or any of the parent directories): .git
2024-10-22 12:37:57.025 [info] [Model][doInitialScan] Initial repository scan completed - repositories (0), closed repositories (0), parent repositories (0), unsafe repositories (0)
2024-10-22 12:37:57.066 [info] > git rev-parse --show-toplevel [2ms]
2024-10-22 12:37:57.066 [info] fatal: not a git repository (or any of the parent directories): .git
