2024-10-24 06:26:34.419 [info] Experiment 'pythonRecommendTensorboardExt' is active
2024-10-24 06:26:34.419 [info] Experiment 'pythonTerminalEnvVarActivation' is active
2024-10-24 06:26:34.419 [info] Experiment 'pythonTestAdapter' is active
2024-10-24 06:26:34.420 [warning] Dir "/home/jojoforjob/.pixi/envs" is not watchable (directory does not exist)
2024-10-24 06:26:34.420 [info] Default formatter is set to null for workspace /home/jojoforjob
2024-10-24 06:26:34.420 [info] Starting Environment refresh
2024-10-24 06:26:34.420 [info] Searching for interpreters in posix paths locator
2024-10-24 06:26:34.420 [info] Searching for pyenv environments
2024-10-24 06:26:34.420 [info] Searching for conda environments
2024-10-24 06:26:34.420 [info] Searching for global virtual environments
2024-10-24 06:26:34.420 [info] Searching for custom virtual environments
2024-10-24 06:26:34.420 [info] pyenv is not installed
2024-10-24 06:26:34.420 [info] Finished searching for pyenv environments: 515 milliseconds
2024-10-24 06:26:34.420 [info] Finished searching for custom virtual envs: 524 milliseconds
2024-10-24 06:26:34.420 [info] > conda info --json
2024-10-24 06:26:34.420 [info] > pixi --version
2024-10-24 06:26:34.420 [info] > hatch env show --json
2024-10-24 06:26:34.420 [info] cwd: .
2024-10-24 06:26:34.420 [info] Finished searching for global virtual envs: 662 milliseconds
2024-10-24 06:26:34.420 [info] Found: /bin/python3 --> /bin/python3.8
2024-10-24 06:26:34.437 [info] Found: /bin/python3.8 --> /bin/python3.8
2024-10-24 06:26:34.471 [info] Found: /usr/bin/python3 --> /usr/bin/python3.8
2024-10-24 06:26:34.472 [info] Found: /usr/bin/python3.8 --> /usr/bin/python3.8
2024-10-24 06:26:34.529 [info] > /bin/python3 -I ./.vscode-server/extensions/ms-python.python-2024.16.1-linux-x64/python_files/get_output_via_markers.py ./.vscode-server/extensions/ms-python.python-2024.16.1-linux-x64/python_files/interpreterInfo.py
2024-10-24 06:26:34.558 [info] Finished searching for interpreters in posix paths locator: 874 milliseconds
2024-10-24 06:26:34.572 [info] > /usr/bin/python3 -I ./.vscode-server/extensions/ms-python.python-2024.16.1-linux-x64/python_files/get_output_via_markers.py ./.vscode-server/extensions/ms-python.python-2024.16.1-linux-x64/python_files/interpreterInfo.py
2024-10-24 06:26:34.572 [info] Environments refresh paths discovered (event): 889 milliseconds
2024-10-24 06:26:34.572 [info] Environments refresh paths discovered: 889 milliseconds
2024-10-24 06:26:34.583 [info] Python interpreter path: /bin/python3
2024-10-24 06:26:34.625 [info] Environments refresh finished (event): 942 milliseconds
2024-10-24 06:26:34.629 [info] Environment refresh took 947 milliseconds
2024-10-24 06:26:34.646 [info] > pyenv which python
2024-10-24 06:26:34.646 [info] cwd: .
2024-10-24 06:26:35.467 [info] Starting Pylance language server.
2024-10-24 06:27:03.232 [info] Discover tests for workspace name: jojoforjob - uri: /home/jojoforjob/dags/frank_dag.py
2024-10-24 06:28:57.890 [info] Discover tests for workspace name: jojoforjob - uri: /home/jojoforjob/dags/frank_dag.py
2024-10-24 06:32:22.078 [info] Discover tests for workspace name: jojoforjob - uri: /home/jojoforjob/dags/frank_dag.py
2024-10-24 06:32:51.998 [info] Discover tests for workspace name: jojoforjob - uri: /home/jojoforjob/dags/frank_dag.py
2024-10-24 07:32:48.588 [info] Discover tests for workspace name: jojoforjob - uri: /home/jojoforjob/dags/frank_dag.py
2024-10-24 07:39:48.844 [info] Discover tests for workspace name: jojoforjob - uri: /home/jojoforjob/dags/frank_dag.py
2024-10-24 07:40:25.440 [info] Discover tests for workspace name: jojoforjob - uri: /home/jojoforjob/dags/frank_dag.py
