[2024-10-24T13:16:31.151+0000] {local_task_job_runner.py:123} INFO - ::group::Pre task execution logs
[2024-10-24T13:16:31.165+0000] {taskinstance.py:2612} INFO - Dependencies all met for dep_context=non-requeueable deps ti=<TaskInstance: selenium_scraper_dag.run_selenium_task manual__2024-10-24T13:16:24.363453+00:00 [queued]>
[2024-10-24T13:16:31.173+0000] {taskinstance.py:2612} INFO - Dependencies all met for dep_context=requeueable deps ti=<TaskInstance: selenium_scraper_dag.run_selenium_task manual__2024-10-24T13:16:24.363453+00:00 [queued]>
[2024-10-24T13:16:31.174+0000] {taskinstance.py:2865} INFO - Starting attempt 1 of 2
[2024-10-24T13:16:31.193+0000] {taskinstance.py:2888} INFO - Executing <Task(PythonOperator): run_selenium_task> on 2024-10-24 13:16:24.363453+00:00
[2024-10-24T13:16:31.200+0000] {standard_task_runner.py:72} INFO - Started process 19232 to run task
[2024-10-24T13:16:31.204+0000] {standard_task_runner.py:104} INFO - Running: ['airflow', 'tasks', 'run', 'selenium_scraper_dag', 'run_selenium_task', 'manual__2024-10-24T13:16:24.363453+00:00', '--job-id', '936', '--raw', '--subdir', 'DAGS_FOLDER/selenium_test.py', '--cfg-path', '/tmp/tmpieg362n7']
[2024-10-24T13:16:31.207+0000] {standard_task_runner.py:105} INFO - Job 936: Subtask run_selenium_task
[2024-10-24T13:16:31.264+0000] {task_command.py:467} INFO - Running <TaskInstance: selenium_scraper_dag.run_selenium_task manual__2024-10-24T13:16:24.363453+00:00 [running]> on host 60bbe790d101
[2024-10-24T13:16:31.362+0000] {taskinstance.py:3131} INFO - Exporting env vars: AIRFLOW_CTX_DAG_OWNER='airflow' AIRFLOW_CTX_DAG_ID='selenium_scraper_dag' AIRFLOW_CTX_TASK_ID='run_selenium_task' AIRFLOW_CTX_EXECUTION_DATE='2024-10-24T13:16:24.363453+00:00' AIRFLOW_CTX_TRY_NUMBER='1' AIRFLOW_CTX_DAG_RUN_ID='manual__2024-10-24T13:16:24.363453+00:00'
[2024-10-24T13:16:31.364+0000] {taskinstance.py:731} INFO - ::endgroup::
[2024-10-24T13:16:31.386+0000] {logger.py:11} INFO - ====== WebDriver manager ======
[2024-10-24T13:16:31.650+0000] {logger.py:11} INFO - Get LATEST chromedriver version for google-chrome
[2024-10-24T13:16:31.787+0000] {logger.py:11} INFO - Get LATEST chromedriver version for google-chrome
[2024-10-24T13:16:31.915+0000] {logger.py:11} INFO - Driver [/home/airflow/.wdm/drivers/chromedriver/linux64/130.0.6723.69/chromedriver] found in cache
[2024-10-24T13:16:33.479+0000] {logging_mixin.py:190} INFO - Page title is: Google
[2024-10-24T13:16:34.821+0000] {logging_mixin.py:190} INFO - New page title is: 
[2024-10-24T13:16:34.931+0000] {python.py:240} INFO - Done. Returned value was: None
[2024-10-24T13:16:34.938+0000] {taskinstance.py:340} INFO - ::group::Post task execution logs
[2024-10-24T13:16:34.938+0000] {taskinstance.py:352} INFO - Marking task as SUCCESS. dag_id=selenium_scraper_dag, task_id=run_selenium_task, run_id=manual__2024-10-24T13:16:24.363453+00:00, execution_date=20241024T131624, start_date=20241024T131631, end_date=20241024T131634
[2024-10-24T13:16:34.991+0000] {local_task_job_runner.py:266} INFO - Task exited with return code 0
[2024-10-24T13:16:35.011+0000] {taskinstance.py:3900} INFO - 0 downstream tasks scheduled from follow-on schedule check
[2024-10-24T13:16:35.013+0000] {local_task_job_runner.py:245} INFO - ::endgroup::
