2024-10-22 04:40:19.070 [info] (Client) Pylance async client (2024.10.1) started with python extension (2024.16.1)
2024-10-22 04:40:19.289 [info] [Info  - 4:40:19 AM] (4741) Server root directory: file:///home/jojoforjob/.vscode-server/extensions/ms-python.vscode-pylance-2024.10.1/dist
2024-10-22 04:40:19.293 [info] [Info  - 4:40:19 AM] (4741) Pylance language server 2024.10.1 (pyright version 1.1.382, commit e46efc6b) starting
2024-10-22 04:40:19.294 [info] [Info  - 4:40:19 AM] (4741) Starting service instance "jojoforjob"
2024-10-22 04:40:19.294 [info] [Info  - 4:40:19 AM] (4741) Starting service instance "home"
2024-10-22 04:40:19.416 [info] [Info  - 4:40:19 AM] (4741) Setting environmentName for service "jojoforjob": "3.9.6 (global)"
2024-10-22 04:40:19.422 [info] [Info  - 4:40:19 AM] (4741) Setting pythonPath for service "jojoforjob": "/usr/bin/python3"
2024-10-22 04:40:19.422 [info] [Info  - 4:40:19 AM] (4741) No include entries specified; assuming /home/jojoforjob
2024-10-22 04:40:19.423 [info] [Info  - 4:40:19 AM] (4741) Auto-excluding **/node_modules
2024-10-22 04:40:19.423 [info] [Info  - 4:40:19 AM] (4741) Auto-excluding **/__pycache__
2024-10-22 04:40:19.432 [info] [Info  - 4:40:19 AM] (4741) Auto-excluding **/.*
2024-10-22 04:40:19.482 [info] [Info  - 4:40:19 AM] (4741) Assuming Python version 3.8.10.final.0
2024-10-22 04:40:19.727 [info] [Info  - 4:40:19 AM] (4741) Found 3 source files
2024-10-22 04:40:19.895 [info] [Info  - 4:40:19 AM] (4741) Setting environmentName for service "home": "/usr/local/bin/python3"
2024-10-22 04:40:19.895 [info] [Info  - 4:40:19 AM] (4741) No include entries specified; assuming /home
2024-10-22 04:40:19.895 [info] [Info  - 4:40:19 AM] (4741) Auto-excluding **/node_modules
2024-10-22 04:40:19.895 [info] [Info  - 4:40:19 AM] (4741) Auto-excluding **/__pycache__
2024-10-22 04:40:19.896 [info] [Info  - 4:40:19 AM] (4741) Auto-excluding **/.*
2024-10-22 04:40:20.158 [info] [Info  - 4:40:20 AM] (4741) Found 3 source files
2024-10-22 04:40:22.595 [info] [Info  - 4:40:22 AM] (4741) Background analysis(1) root directory: file:///home/jojoforjob/.vscode-server/extensions/ms-python.vscode-pylance-2024.10.1/dist
2024-10-22 04:40:22.619 [info] [Info  - 4:40:22 AM] (4741) Background analysis(1) started
2024-10-22 04:40:22.976 [info] [Info  - 4:40:22 AM] (4741) Background analysis(2) root directory: file:///home/jojoforjob/.vscode-server/extensions/ms-python.vscode-pylance-2024.10.1/dist
2024-10-22 04:40:22.993 [info] [Info  - 4:40:22 AM] (4741) Background analysis(2) started
2024-10-22 04:40:23.445 [info] [Info  - 4:40:23 AM] (4741) Indexer background runner(3) root directory: file:///home/jojoforjob/.vscode-server/extensions/ms-python.vscode-pylance-2024.10.1/dist (index)
2024-10-22 04:40:23.446 [info] [Info  - 4:40:23 AM] (4741) Indexing(3) started
2024-10-22 04:40:26.433 [info] [Info  - 4:40:26 AM] (4741) [BG(1)] Long operation: SemanticTokens full at file:///home/jojoforjob/dags/1.py (3385ms)
2024-10-22 04:40:27.303 [info] [Info  - 4:40:27 AM] (4741) [IDX(3)] Long operation: scan packages file:///home/jojoforjob (3269ms)
2024-10-22 04:40:27.304 [info] [Info  - 4:40:27 AM] (4741) scanned(3) 76 files over 1 exec env
2024-10-22 04:40:30.097 [info] [Info  - 4:40:30 AM] (4741) [IDX(3)] Long operation: index execution environment file:///home/jojoforjob (2160ms)
2024-10-22 04:40:30.134 [info] [Info  - 4:40:30 AM] (4741) [IDX(3)] Long operation: index packages file:///home/jojoforjob (2207ms)
2024-10-22 04:40:30.135 [info] [Info  - 4:40:30 AM] (4741) indexed(3) 76 files over 1 exec env
2024-10-22 04:40:31.032 [info] [Info  - 4:40:31 AM] (4741) scanned(3) 76 files over 1 exec env
2024-10-22 04:40:33.016 [info] [Info  - 4:40:33 AM] (4741) indexed(3) 76 files over 1 exec env
2024-10-22 04:40:33.142 [info] [Info  - 4:40:33 AM] (4741) Indexing finished(3).
