[2024-10-24T09:48:51.122+0000] {local_task_job_runner.py:123} INFO - ::group::Pre task execution logs
[2024-10-24T09:48:51.134+0000] {taskinstance.py:2612} INFO - Dependencies all met for dep_context=non-requeueable deps ti=<TaskInstance: frank_dag.run_selenium_task scheduled__2024-10-24T09:44:00+00:00 [queued]>
[2024-10-24T09:48:51.142+0000] {taskinstance.py:2612} INFO - Dependencies all met for dep_context=requeueable deps ti=<TaskInstance: frank_dag.run_selenium_task scheduled__2024-10-24T09:44:00+00:00 [queued]>
[2024-10-24T09:48:51.143+0000] {taskinstance.py:2865} INFO - Starting attempt 2 of 2
[2024-10-24T09:48:51.161+0000] {taskinstance.py:2888} INFO - Executing <Task(PythonOperator): run_selenium_task> on 2024-10-24 09:44:00+00:00
[2024-10-24T09:48:51.165+0000] {standard_task_runner.py:72} INFO - Started process 8870 to run task
[2024-10-24T09:48:51.170+0000] {standard_task_runner.py:104} INFO - Running: ['airflow', 'tasks', 'run', 'frank_dag', 'run_selenium_task', 'scheduled__2024-10-24T09:44:00+00:00', '--job-id', '900', '--raw', '--subdir', 'DAGS_FOLDER/frank_dag.py', '--cfg-path', '/tmp/tmp0ear83uf']
[2024-10-24T09:48:51.173+0000] {standard_task_runner.py:105} INFO - Job 900: Subtask run_selenium_task
[2024-10-24T09:48:51.222+0000] {task_command.py:467} INFO - Running <TaskInstance: frank_dag.run_selenium_task scheduled__2024-10-24T09:44:00+00:00 [running]> on host 60bbe790d101
[2024-10-24T09:48:51.308+0000] {taskinstance.py:3131} INFO - Exporting env vars: AIRFLOW_CTX_DAG_OWNER='airflow' AIRFLOW_CTX_DAG_ID='frank_dag' AIRFLOW_CTX_TASK_ID='run_selenium_task' AIRFLOW_CTX_EXECUTION_DATE='2024-10-24T09:44:00+00:00' AIRFLOW_CTX_TRY_NUMBER='2' AIRFLOW_CTX_DAG_RUN_ID='scheduled__2024-10-24T09:44:00+00:00'
[2024-10-24T09:48:51.310+0000] {taskinstance.py:731} INFO - ::endgroup::
[2024-10-24T09:48:52.333+0000] {logging_mixin.py:190} INFO - 訊息成功傳送到 test-topic 分區 [2]
[2024-10-24T09:48:52.334+0000] {logging_mixin.py:190} INFO - 已傳送文章至 Kafka: Re: [問卦] 台灣怎麼改才不會走上澤倫斯基的後塵?
[2024-10-24T09:48:52.376+0000] {logging_mixin.py:190} INFO - 訊息成功傳送到 test-topic 分區 [2]
[2024-10-24T09:48:52.376+0000] {logging_mixin.py:190} INFO - 已傳送文章至 Kafka: [問卦] 古代人近視是不是就沒救了？
[2024-10-24T09:48:52.411+0000] {logging_mixin.py:190} INFO - 訊息成功傳送到 test-topic 分區 [4]
[2024-10-24T09:48:52.412+0000] {logging_mixin.py:190} INFO - 已傳送文章至 Kafka: [問卦] 麥當勞王建民卡片要收哪幾張才潮（急
[2024-10-24T09:48:52.450+0000] {logging_mixin.py:190} INFO - 訊息成功傳送到 test-topic 分區 [2]
[2024-10-24T09:48:52.450+0000] {logging_mixin.py:190} INFO - 已傳送文章至 Kafka: [問卦] 同學會遇到當年的霸凌仔怎麼辦到
[2024-10-24T09:48:52.519+0000] {logging_mixin.py:190} INFO - 訊息成功傳送到 test-topic 分區 [4]
[2024-10-24T09:48:52.519+0000] {logging_mixin.py:190} INFO - 已傳送文章至 Kafka: [問卦] 蛋價一顆三塊 一堆漲價無良店家在做啥
[2024-10-24T09:48:52.565+0000] {logging_mixin.py:190} INFO - 訊息成功傳送到 test-topic 分區 [3]
[2024-10-24T09:48:52.565+0000] {logging_mixin.py:190} INFO - 已傳送文章至 Kafka: [問卦] 日文的0 為什麼是外來語？
[2024-10-24T09:48:52.608+0000] {logging_mixin.py:190} INFO - 訊息成功傳送到 test-topic 分區 [4]
[2024-10-24T09:48:52.608+0000] {logging_mixin.py:190} INFO - 已傳送文章至 Kafka: Re: [新聞] 美日「利劍25」聯演登場嚇阻區域威脅
[2024-10-24T09:48:52.649+0000] {logging_mixin.py:190} INFO - 訊息成功傳送到 test-topic 分區 [4]
[2024-10-24T09:48:52.650+0000] {logging_mixin.py:190} INFO - 已傳送文章至 Kafka: Re: [新聞] 台在南非駐處正常運作不搬！台外長拒中共
[2024-10-24T09:48:52.731+0000] {logging_mixin.py:190} INFO - 訊息成功傳送到 test-topic 分區 [0]
[2024-10-24T09:48:52.732+0000] {logging_mixin.py:190} INFO - 已傳送文章至 Kafka: [新聞] 核三廠大修！這時間點全台火力發電98％
[2024-10-24T09:48:52.777+0000] {logging_mixin.py:190} INFO - 訊息成功傳送到 test-topic 分區 [0]
[2024-10-24T09:48:52.777+0000] {logging_mixin.py:190} INFO - 已傳送文章至 Kafka: Re: [問卦] 台灣怎麼改才不會走上澤倫斯基的後塵?
[2024-10-24T09:48:52.819+0000] {logging_mixin.py:190} INFO - 訊息成功傳送到 test-topic 分區 [2]
[2024-10-24T09:48:52.819+0000] {logging_mixin.py:190} INFO - 已傳送文章至 Kafka: [問卦] 萬聖節去別人家要糖真的有人會給嗎
[2024-10-24T09:48:53.085+0000] {logging_mixin.py:190} INFO - 訊息成功傳送到 test-topic 分區 [3]
[2024-10-24T09:48:53.085+0000] {logging_mixin.py:190} INFO - 已傳送文章至 Kafka: [新聞] 中市永興宮公告「大雅全區吃素」！在地人
[2024-10-24T09:48:53.158+0000] {logging_mixin.py:190} INFO - 訊息成功傳送到 test-topic 分區 [1]
[2024-10-24T09:48:53.159+0000] {logging_mixin.py:190} INFO - 已傳送文章至 Kafka: [新聞] 卓揆：核能無罪 但非萬靈丹
[2024-10-24T09:48:53.218+0000] {logging_mixin.py:190} INFO - 訊息成功傳送到 test-topic 分區 [2]
[2024-10-24T09:48:53.218+0000] {logging_mixin.py:190} INFO - 已傳送文章至 Kafka: [新聞] NanaQ前男友首發聲！認了「早想分手」：及時止損對彼此都好
[2024-10-24T09:48:53.260+0000] {logging_mixin.py:190} INFO - 訊息成功傳送到 test-topic 分區 [4]
[2024-10-24T09:48:53.260+0000] {logging_mixin.py:190} INFO - 已傳送文章至 Kafka: [問卦] momo不給我買東西怎辦
[2024-10-24T09:48:53.322+0000] {logging_mixin.py:190} INFO - 訊息成功傳送到 test-topic 分區 [0]
[2024-10-24T09:48:53.323+0000] {logging_mixin.py:190} INFO - 已傳送文章至 Kafka: [新聞] 獨／調查局350萬安毒詭異失蹤4年　竟是
[2024-10-24T09:48:53.392+0000] {logging_mixin.py:190} INFO - 訊息成功傳送到 test-topic 分區 [2]
[2024-10-24T09:48:53.393+0000] {logging_mixin.py:190} INFO - 已傳送文章至 Kafka: [問卦] 漳州泉州廈門人 行為會跟台灣人很像嗎？
[2024-10-24T09:48:54.225+0000] {logging_mixin.py:190} INFO - 訊息成功傳送到 test-topic 分區 [3]
[2024-10-24T09:48:54.226+0000] {logging_mixin.py:190} INFO - 已傳送文章至 Kafka: [新聞] 查無一槍斃命證據 下周延押柯文哲
[2024-10-24T09:48:54.276+0000] {logging_mixin.py:190} INFO - 訊息成功傳送到 test-topic 分區 [1]
[2024-10-24T09:48:54.276+0000] {logging_mixin.py:190} INFO - 已傳送文章至 Kafka: [問卦] 日式拉麵為啥賣的比牛肉麵貴?
[2024-10-24T09:48:54.277+0000] {logging_mixin.py:190} INFO - 第1頁完成
[2024-10-24T09:48:55.536+0000] {logging_mixin.py:190} INFO - 訊息成功傳送到 test-topic 分區 [0]
[2024-10-24T09:48:55.537+0000] {logging_mixin.py:190} INFO - 已傳送文章至 Kafka: [問卦] 台灣怎麼改才不會走上澤倫斯基的後塵?
[2024-10-24T09:48:55.578+0000] {logging_mixin.py:190} INFO - 訊息成功傳送到 test-topic 分區 [4]
[2024-10-24T09:48:55.579+0000] {logging_mixin.py:190} INFO - 已傳送文章至 Kafka: [問卦] 三戰要超越前兩戰才有資格撐起這名字吧
[2024-10-24T09:48:55.615+0000] {logging_mixin.py:190} INFO - 訊息成功傳送到 test-topic 分區 [4]
[2024-10-24T09:48:55.616+0000] {logging_mixin.py:190} INFO - 已傳送文章至 Kafka: Re: [新聞] 有片／NHK揭中國「認知戰」真相　王定宇
[2024-10-24T09:48:55.746+0000] {logging_mixin.py:190} INFO - 訊息成功傳送到 test-topic 分區 [2]
[2024-10-24T09:48:55.746+0000] {logging_mixin.py:190} INFO - 已傳送文章至 Kafka: [新聞] 死刑犯可能被釋放？吳宗憲曝：司法院幕
[2024-10-24T09:48:55.791+0000] {logging_mixin.py:190} INFO - 訊息成功傳送到 test-topic 分區 [1]
[2024-10-24T09:48:55.791+0000] {logging_mixin.py:190} INFO - 已傳送文章至 Kafka: [問卦] 言論自由和言論免責
[2024-10-24T09:48:55.827+0000] {logging_mixin.py:190} INFO - 訊息成功傳送到 test-topic 分區 [3]
[2024-10-24T09:48:55.827+0000] {logging_mixin.py:190} INFO - 已傳送文章至 Kafka: [問卦] 問卷大家 今日會搶10點半? 12點? 都不搶?
[2024-10-24T09:48:55.864+0000] {logging_mixin.py:190} INFO - 訊息成功傳送到 test-topic 分區 [1]
[2024-10-24T09:48:55.864+0000] {logging_mixin.py:190} INFO - 已傳送文章至 Kafka: Re: [新聞] 有片／NHK揭中國「認知戰」真相　王定宇
[2024-10-24T09:48:55.944+0000] {logging_mixin.py:190} INFO - 訊息成功傳送到 test-topic 分區 [3]
[2024-10-24T09:48:55.944+0000] {logging_mixin.py:190} INFO - 已傳送文章至 Kafka: Re: [新聞]「被超哥趕出來了…」YTR吃鐵板燒遭警驅
[2024-10-24T09:48:55.984+0000] {logging_mixin.py:190} INFO - 訊息成功傳送到 test-topic 分區 [0]
[2024-10-24T09:48:55.985+0000] {logging_mixin.py:190} INFO - 已傳送文章至 Kafka: [問卦] 勸人租房一輩子的網紅怎麼買房了？
[2024-10-24T09:48:56.023+0000] {logging_mixin.py:190} INFO - 訊息成功傳送到 test-topic 分區 [3]
[2024-10-24T09:48:56.024+0000] {logging_mixin.py:190} INFO - 已傳送文章至 Kafka: [問卦] 大家準備好要搶獵人卡片了嗎？
[2024-10-24T09:48:56.071+0000] {logging_mixin.py:190} INFO - 訊息成功傳送到 test-topic 分區 [3]
[2024-10-24T09:48:56.071+0000] {logging_mixin.py:190} INFO - 已傳送文章至 Kafka: [問卦] 等等12點青鳥會抵制拒絕搶票嗎？
[2024-10-24T09:48:56.107+0000] {logging_mixin.py:190} INFO - 訊息成功傳送到 test-topic 分區 [2]
[2024-10-24T09:48:56.107+0000] {logging_mixin.py:190} INFO - 已傳送文章至 Kafka: [問卦] 平常都吃幾號米呀？
[2024-10-24T09:48:56.152+0000] {logging_mixin.py:190} INFO - 訊息成功傳送到 test-topic 分區 [2]
[2024-10-24T09:48:56.153+0000] {logging_mixin.py:190} INFO - 已傳送文章至 Kafka: [新聞] 武嚇？高雄「白色遊騎兵團」起義柯粉「
[2024-10-24T09:48:56.212+0000] {logging_mixin.py:190} INFO - 訊息成功傳送到 test-topic 分區 [2]
[2024-10-24T09:48:56.213+0000] {logging_mixin.py:190} INFO - 已傳送文章至 Kafka: [問卦] 被嗆怎麼40歲了還來找30K工作 該怎回?
[2024-10-24T09:48:56.249+0000] {logging_mixin.py:190} INFO - 訊息成功傳送到 test-topic 分區 [0]
[2024-10-24T09:48:56.250+0000] {logging_mixin.py:190} INFO - 已傳送文章至 Kafka: [新聞] 毒蟲控警「侵吞扣案毒品」！新北偵查佐
[2024-10-24T09:48:56.303+0000] {logging_mixin.py:190} INFO - 訊息成功傳送到 test-topic 分區 [4]
[2024-10-24T09:48:56.304+0000] {logging_mixin.py:190} INFO - 已傳送文章至 Kafka: [問卦] 遊戲業史上最大翻車是那款?
[2024-10-24T09:48:56.350+0000] {logging_mixin.py:190} INFO - 訊息成功傳送到 test-topic 分區 [2]
[2024-10-24T09:48:56.350+0000] {logging_mixin.py:190} INFO - 已傳送文章至 Kafka: [問卦] 潭美你要來了嗎？
[2024-10-24T09:48:56.385+0000] {logging_mixin.py:190} INFO - 訊息成功傳送到 test-topic 分區 [1]
[2024-10-24T09:48:56.386+0000] {logging_mixin.py:190} INFO - 已傳送文章至 Kafka: [新聞] 花蓮跳浪藝術節直面地震 0403震幅成主視
[2024-10-24T09:48:56.516+0000] {logging_mixin.py:190} INFO - 訊息成功傳送到 test-topic 分區 [1]
[2024-10-24T09:48:56.516+0000] {logging_mixin.py:190} INFO - 已傳送文章至 Kafka: [新聞] 影/民進黨最新支持度下跌4.4%　資深媒體
[2024-10-24T09:48:56.517+0000] {logging_mixin.py:190} INFO - 第2頁完成
[2024-10-24T09:48:57.746+0000] {logging_mixin.py:190} INFO - 訊息成功傳送到 test-topic 分區 [2]
[2024-10-24T09:48:57.746+0000] {logging_mixin.py:190} INFO - 已傳送文章至 Kafka: [問卦] 日本小姐姐也太正了
[2024-10-24T09:48:57.795+0000] {logging_mixin.py:190} INFO - 訊息成功傳送到 test-topic 分區 [0]
[2024-10-24T09:48:57.795+0000] {logging_mixin.py:190} INFO - 已傳送文章至 Kafka: [問卦] 啦啦隊物化女性 還這麼沾沾自喜？
[2024-10-24T09:48:57.843+0000] {logging_mixin.py:190} INFO - 訊息成功傳送到 test-topic 分區 [0]
[2024-10-24T09:48:57.843+0000] {logging_mixin.py:190} INFO - 已傳送文章至 Kafka: [新聞] 台鹽綠能高層被控涉弊 前董座陳啟昱等5人
[2024-10-24T09:48:57.880+0000] {logging_mixin.py:190} INFO - 訊息成功傳送到 test-topic 分區 [1]
[2024-10-24T09:48:57.880+0000] {logging_mixin.py:190} INFO - 已傳送文章至 Kafka: Re: [問卦] 隨便考都有國立幹嘛還要搶補習班劃位?
[2024-10-24T09:48:58.016+0000] {logging_mixin.py:190} INFO - 訊息成功傳送到 test-topic 分區 [0]
[2024-10-24T09:48:58.017+0000] {logging_mixin.py:190} INFO - 已傳送文章至 Kafka: [新聞] 柯文哲前幕僚驚爆：有企業家問「錢到底
[2024-10-24T09:48:58.091+0000] {logging_mixin.py:190} INFO - 訊息成功傳送到 test-topic 分區 [2]
[2024-10-24T09:48:58.091+0000] {logging_mixin.py:190} INFO - 已傳送文章至 Kafka: [新聞] 台在南非駐處正常運作不搬！台外長拒中共
[2024-10-24T09:48:58.131+0000] {logging_mixin.py:190} INFO - 訊息成功傳送到 test-topic 分區 [0]
[2024-10-24T09:48:58.131+0000] {logging_mixin.py:190} INFO - 已傳送文章至 Kafka: [問卦] 電子業辦公室是不是產業升級無望了??
[2024-10-24T09:48:58.193+0000] {logging_mixin.py:190} INFO - 訊息成功傳送到 test-topic 分區 [1]
[2024-10-24T09:48:58.193+0000] {logging_mixin.py:190} INFO - 已傳送文章至 Kafka: [問卦] 被爸媽安排娶外籍新娘，什麼感覺？
[2024-10-24T09:48:58.246+0000] {logging_mixin.py:190} INFO - 訊息成功傳送到 test-topic 分區 [1]
[2024-10-24T09:48:58.247+0000] {logging_mixin.py:190} INFO - 已傳送文章至 Kafka: [問卦] 收集卡片到底有甚麼樂趣可言?
[2024-10-24T09:48:58.293+0000] {logging_mixin.py:190} INFO - 訊息成功傳送到 test-topic 分區 [4]
[2024-10-24T09:48:58.293+0000] {logging_mixin.py:190} INFO - 已傳送文章至 Kafka: [新聞] 兄弟反目！李顯龍胞弟尋英國庇護 稱政治
[2024-10-24T09:48:58.339+0000] {logging_mixin.py:190} INFO - 訊息成功傳送到 test-topic 分區 [0]
[2024-10-24T09:48:58.339+0000] {logging_mixin.py:190} INFO - 已傳送文章至 Kafka: Re: [問卦] 跟王菲同等級的歌手 有哪些呢?
[2024-10-24T09:48:58.376+0000] {logging_mixin.py:190} INFO - 訊息成功傳送到 test-topic 分區 [1]
[2024-10-24T09:48:58.376+0000] {logging_mixin.py:190} INFO - 已傳送文章至 Kafka: [問卦] 等等12點 有方法可以搶周杰倫的門票嗎
[2024-10-24T09:48:58.420+0000] {logging_mixin.py:190} INFO - 訊息成功傳送到 test-topic 分區 [1]
[2024-10-24T09:48:58.421+0000] {logging_mixin.py:190} INFO - 已傳送文章至 Kafka: [問卦] 國中姪子：念能力不就抄血鬼術？
[2024-10-24T09:48:58.468+0000] {logging_mixin.py:190} INFO - 訊息成功傳送到 test-topic 分區 [3]
[2024-10-24T09:48:58.469+0000] {logging_mixin.py:190} INFO - 已傳送文章至 Kafka: [新聞] 高22米全台最大！高雄巨型南瓜燈試燈搶
[2024-10-24T09:48:58.513+0000] {logging_mixin.py:190} INFO - 訊息成功傳送到 test-topic 分區 [1]
[2024-10-24T09:48:58.514+0000] {logging_mixin.py:190} INFO - 已傳送文章至 Kafka: [問卦] 為何現在當醫生還要發論文才能升遷?
[2024-10-24T09:48:58.574+0000] {logging_mixin.py:190} INFO - 訊息成功傳送到 test-topic 分區 [2]
[2024-10-24T09:48:58.575+0000] {logging_mixin.py:190} INFO - 已傳送文章至 Kafka: [問卦] NBA現在是三分球大賽？？？？
[2024-10-24T09:48:58.612+0000] {logging_mixin.py:190} INFO - 訊息成功傳送到 test-topic 分區 [0]
[2024-10-24T09:48:58.613+0000] {logging_mixin.py:190} INFO - 已傳送文章至 Kafka: [問卦] 驚! 中國手機充斥市面，不會有資安風險？
[2024-10-24T09:48:58.652+0000] {logging_mixin.py:190} INFO - 訊息成功傳送到 test-topic 分區 [4]
[2024-10-24T09:48:58.652+0000] {logging_mixin.py:190} INFO - 已傳送文章至 Kafka: Re: [新聞] 梳子、牙刷不再免費提供！旅宿業新規　一
[2024-10-24T09:48:58.703+0000] {logging_mixin.py:190} INFO - 訊息成功傳送到 test-topic 分區 [2]
[2024-10-24T09:48:58.703+0000] {logging_mixin.py:190} INFO - 已傳送文章至 Kafka: [問卦] 女同事香水味很重 要怎麼勸導？
[2024-10-24T09:48:58.748+0000] {logging_mixin.py:190} INFO - 訊息成功傳送到 test-topic 分區 [2]
[2024-10-24T09:48:58.748+0000] {logging_mixin.py:190} INFO - 已傳送文章至 Kafka: [問卦] 主管說要做7S   是哪7個S
[2024-10-24T09:48:58.749+0000] {logging_mixin.py:190} INFO - 第3頁完成
[2024-10-24T09:48:59.980+0000] {logging_mixin.py:190} INFO - 訊息成功傳送到 test-topic 分區 [0]
[2024-10-24T09:48:59.981+0000] {logging_mixin.py:190} INFO - 已傳送文章至 Kafka: [問卦] 12點要搶票了 484要避開搶六日
[2024-10-24T09:49:00.030+0000] {logging_mixin.py:190} INFO - 訊息成功傳送到 test-topic 分區 [1]
[2024-10-24T09:49:00.031+0000] {logging_mixin.py:190} INFO - 已傳送文章至 Kafka: [問卦] 為什麼任賢齊唱那麼多武俠主題曲啊？
[2024-10-24T09:49:00.067+0000] {logging_mixin.py:190} INFO - 訊息成功傳送到 test-topic 分區 [4]
[2024-10-24T09:49:00.068+0000] {logging_mixin.py:190} INFO - 已傳送文章至 Kafka: [問卦] 現在最頂的衛生紙是哪家辣
[2024-10-24T09:49:00.222+0000] {logging_mixin.py:190} INFO - 訊息成功傳送到 test-topic 分區 [4]
[2024-10-24T09:49:00.222+0000] {logging_mixin.py:190} INFO - 已傳送文章至 Kafka: [新聞] 挺柯團體｢白色遊騎兵團｣號召練武對抗青鳥！民眾黨高雄黨
[2024-10-24T09:49:00.304+0000] {logging_mixin.py:190} INFO - 訊息成功傳送到 test-topic 分區 [2]
[2024-10-24T09:49:00.304+0000] {logging_mixin.py:190} INFO - 已傳送文章至 Kafka: Re: [新聞] 「被21人團客臨時放鳥」知名摩洛哥餐廳「
[2024-10-24T09:49:00.344+0000] {logging_mixin.py:190} INFO - 訊息成功傳送到 test-topic 分區 [0]
[2024-10-24T09:49:00.344+0000] {logging_mixin.py:190} INFO - 已傳送文章至 Kafka: [問卦] 拿拐杖敲別人搶劫博愛座的為什麼可以上車
[2024-10-24T09:49:00.389+0000] {logging_mixin.py:190} INFO - 訊息成功傳送到 test-topic 分區 [4]
[2024-10-24T09:49:00.389+0000] {logging_mixin.py:190} INFO - 已傳送文章至 Kafka: [問卦] 各位麥當勞獵人今天會去抽卡嗎?
[2024-10-24T09:49:00.423+0000] {logging_mixin.py:190} INFO - 訊息成功傳送到 test-topic 分區 [0]
[2024-10-24T09:49:00.424+0000] {logging_mixin.py:190} INFO - 已傳送文章至 Kafka: Re: [問卦] 麥當勞為什麼不送玩具了
[2024-10-24T09:49:00.497+0000] {logging_mixin.py:190} INFO - 訊息成功傳送到 test-topic 分區 [4]
[2024-10-24T09:49:00.497+0000] {logging_mixin.py:190} INFO - 已傳送文章至 Kafka: [新聞] 兩個月合起來是什麼字？女博士回「朋」遭
[2024-10-24T09:49:00.535+0000] {logging_mixin.py:190} INFO - 訊息成功傳送到 test-topic 分區 [0]
[2024-10-24T09:49:00.535+0000] {logging_mixin.py:190} INFO - 已傳送文章至 Kafka: [問卦] 用搶票機器人買到票合法嗎？
[2024-10-24T09:49:00.913+0000] {logging_mixin.py:190} INFO - 訊息成功傳送到 test-topic 分區 [4]
[2024-10-24T09:49:00.914+0000] {logging_mixin.py:190} INFO - 已傳送文章至 Kafka: [新聞] 黃捷推女同借精生子！陳昭姿10點聲明嗆：
[2024-10-24T09:49:00.952+0000] {logging_mixin.py:190} INFO - 訊息成功傳送到 test-topic 分區 [4]
[2024-10-24T09:49:00.952+0000] {logging_mixin.py:190} INFO - 已傳送文章至 Kafka: [新聞] 驚悚影片｜老婆不准酒醉老公進門　結果他
[2024-10-24T09:49:00.991+0000] {logging_mixin.py:190} INFO - 訊息成功傳送到 test-topic 分區 [0]
[2024-10-24T09:49:00.992+0000] {logging_mixin.py:190} INFO - 已傳送文章至 Kafka: [問卦] 立即購票是時間到才會出來嗎？
[2024-10-24T09:49:01.039+0000] {logging_mixin.py:190} INFO - 訊息成功傳送到 test-topic 分區 [4]
[2024-10-24T09:49:01.039+0000] {logging_mixin.py:190} INFO - 已傳送文章至 Kafka: [新聞] 獨家／前少將遭爆趁老父病危趕簽委任書
[2024-10-24T09:49:01.086+0000] {logging_mixin.py:190} INFO - 訊息成功傳送到 test-topic 分區 [3]
[2024-10-24T09:49:01.087+0000] {logging_mixin.py:190} INFO - 已傳送文章至 Kafka: [問卦] 去麥當勞排獵人盲包要注意什麼?
[2024-10-24T09:49:01.126+0000] {logging_mixin.py:190} INFO - 訊息成功傳送到 test-topic 分區 [4]
[2024-10-24T09:49:01.127+0000] {logging_mixin.py:190} INFO - 已傳送文章至 Kafka: [問卦] 一般人被羈押是不是賺爛了？
[2024-10-24T09:49:01.170+0000] {logging_mixin.py:190} INFO - 訊息成功傳送到 test-topic 分區 [2]
[2024-10-24T09:49:01.171+0000] {logging_mixin.py:190} INFO - 已傳送文章至 Kafka: [問卦] 亞熱帶的台灣人幹嘛學歐洲人穿西裝?
[2024-10-24T09:49:01.214+0000] {logging_mixin.py:190} INFO - 訊息成功傳送到 test-topic 分區 [2]
[2024-10-24T09:49:01.214+0000] {logging_mixin.py:190} INFO - 已傳送文章至 Kafka: [問卦] 抽到小麥 阿路嘉 俠客 瑪奇會怎樣
[2024-10-24T09:49:01.267+0000] {logging_mixin.py:190} INFO - 訊息成功傳送到 test-topic 分區 [2]
[2024-10-24T09:49:01.268+0000] {logging_mixin.py:190} INFO - 已傳送文章至 Kafka: Re: [新聞] 蓋核電漲電費 日本核電補助新制度遭批判
[2024-10-24T09:49:01.307+0000] {logging_mixin.py:190} INFO - 訊息成功傳送到 test-topic 分區 [0]
[2024-10-24T09:49:01.307+0000] {logging_mixin.py:190} INFO - 已傳送文章至 Kafka: [問卦] 台灣什麼時候流行搶中國藝人票了？
[2024-10-24T09:49:01.308+0000] {logging_mixin.py:190} INFO - 第4頁完成
[2024-10-24T09:49:02.563+0000] {logging_mixin.py:190} INFO - 訊息成功傳送到 test-topic 分區 [3]
[2024-10-24T09:49:02.563+0000] {logging_mixin.py:190} INFO - 已傳送文章至 Kafka: Re: [問卦] 跟王菲同等級的歌手 有哪些呢?
[2024-10-24T09:49:02.610+0000] {logging_mixin.py:190} INFO - 訊息成功傳送到 test-topic 分區 [0]
[2024-10-24T09:49:02.611+0000] {logging_mixin.py:190} INFO - 已傳送文章至 Kafka: Re: [問卦] 隨便考都有國立幹嘛還要搶補習班劃位?
[2024-10-24T09:49:02.676+0000] {logging_mixin.py:190} INFO - 訊息成功傳送到 test-topic 分區 [0]
[2024-10-24T09:49:02.677+0000] {logging_mixin.py:190} INFO - 已傳送文章至 Kafka: Re: [問卦] 北韓出兵烏克蘭南韓在氣什麼？
[2024-10-24T09:49:02.718+0000] {logging_mixin.py:190} INFO - 訊息成功傳送到 test-topic 分區 [1]
[2024-10-24T09:49:02.718+0000] {logging_mixin.py:190} INFO - 已傳送文章至 Kafka: Re: [問卦] 台灣這麼小 為何要分類做環保？
[2024-10-24T09:49:02.768+0000] {logging_mixin.py:190} INFO - 訊息成功傳送到 test-topic 分區 [0]
[2024-10-24T09:49:02.768+0000] {logging_mixin.py:190} INFO - 已傳送文章至 Kafka: [問卦] 32處男問為什麼只有我旁邊的位置是空位
[2024-10-24T09:49:02.863+0000] {logging_mixin.py:190} INFO - 訊息成功傳送到 test-topic 分區 [2]
[2024-10-24T09:49:02.864+0000] {logging_mixin.py:190} INFO - 已傳送文章至 Kafka: [新聞] 矢板明夫捍衛台灣民主 486先生好感動
[2024-10-24T09:49:02.900+0000] {logging_mixin.py:190} INFO - 訊息成功傳送到 test-topic 分區 [0]
[2024-10-24T09:49:02.900+0000] {logging_mixin.py:190} INFO - 已傳送文章至 Kafka: Re: [問卦] 萬聖節是北美節日，台灣怎麼那麼多人過？
[2024-10-24T09:49:02.952+0000] {logging_mixin.py:190} INFO - 訊息成功傳送到 test-topic 分區 [4]
[2024-10-24T09:49:02.952+0000] {logging_mixin.py:190} INFO - 已傳送文章至 Kafka: [問卦] 麥當勞為什麼不送玩具了
[2024-10-24T09:49:02.997+0000] {logging_mixin.py:190} INFO - 訊息成功傳送到 test-topic 分區 [3]
[2024-10-24T09:49:02.997+0000] {logging_mixin.py:190} INFO - 已傳送文章至 Kafka: Re: [問卦] 台灣的五權分立是哪一步走錯了
[2024-10-24T09:49:03.061+0000] {logging_mixin.py:190} INFO - 訊息成功傳送到 test-topic 分區 [4]
[2024-10-24T09:49:03.062+0000] {logging_mixin.py:190} INFO - 已傳送文章至 Kafka: [問卦] 隨便一個湖南小姐姐皮膚都這麼白
[2024-10-24T09:49:03.122+0000] {logging_mixin.py:190} INFO - 訊息成功傳送到 test-topic 分區 [0]
[2024-10-24T09:49:03.122+0000] {logging_mixin.py:190} INFO - 已傳送文章至 Kafka: [問卦] 很難想像你們的下一代怎麼買房？
[2024-10-24T09:49:03.165+0000] {logging_mixin.py:190} INFO - 訊息成功傳送到 test-topic 分區 [0]
[2024-10-24T09:49:03.165+0000] {logging_mixin.py:190} INFO - 已傳送文章至 Kafka: [問卦] 使用獨孤九劍參加奧運擊劍有搞頭嗎
[2024-10-24T09:49:03.201+0000] {logging_mixin.py:190} INFO - 訊息成功傳送到 test-topic 分區 [3]
[2024-10-24T09:49:03.202+0000] {logging_mixin.py:190} INFO - 已傳送文章至 Kafka: [問卦] 小孩討糖不給他，找其他大人算感情詐騙嗎
[2024-10-24T09:49:03.245+0000] {logging_mixin.py:190} INFO - 訊息成功傳送到 test-topic 分區 [0]
[2024-10-24T09:49:03.246+0000] {logging_mixin.py:190} INFO - 已傳送文章至 Kafka: Re: [問卦] 物價是不是失控了？
[2024-10-24T09:49:03.289+0000] {logging_mixin.py:190} INFO - 訊息成功傳送到 test-topic 分區 [3]
[2024-10-24T09:49:03.290+0000] {logging_mixin.py:190} INFO - 已傳送文章至 Kafka: [問卦] 沒有武器的部隊要怎麼抗中保台？
[2024-10-24T09:49:03.574+0000] {logging_mixin.py:190} INFO - 訊息成功傳送到 test-topic 分區 [4]
[2024-10-24T09:49:03.574+0000] {logging_mixin.py:190} INFO - 已傳送文章至 Kafka: [問卦] 「行政權本來就應該獨大」怎麼反駁？
[2024-10-24T09:49:03.614+0000] {logging_mixin.py:190} INFO - 訊息成功傳送到 test-topic 分區 [4]
[2024-10-24T09:49:03.614+0000] {logging_mixin.py:190} INFO - 已傳送文章至 Kafka: Re: [問卦] 台灣的五權分立是哪一步走錯了
[2024-10-24T09:49:03.671+0000] {logging_mixin.py:190} INFO - 訊息成功傳送到 test-topic 分區 [3]
[2024-10-24T09:49:03.671+0000] {logging_mixin.py:190} INFO - 已傳送文章至 Kafka: Re: [新聞] 受烏俄戰爭影響 烏克蘭人口減少逾1千萬人
[2024-10-24T09:49:03.715+0000] {logging_mixin.py:190} INFO - 訊息成功傳送到 test-topic 分區 [3]
[2024-10-24T09:49:03.716+0000] {logging_mixin.py:190} INFO - 已傳送文章至 Kafka: [問卦] 抱怨媒體素質低落的為何不訂閱優質媒體
[2024-10-24T09:49:03.716+0000] {logging_mixin.py:190} INFO - 第5頁完成
[2024-10-24T09:49:04.944+0000] {logging_mixin.py:190} INFO - 訊息成功傳送到 test-topic 分區 [4]
[2024-10-24T09:49:04.944+0000] {logging_mixin.py:190} INFO - 已傳送文章至 Kafka: [問卦] 台灣機車優先道設計是不是有問題?
[2024-10-24T09:49:05.001+0000] {logging_mixin.py:190} INFO - 訊息成功傳送到 test-topic 分區 [4]
[2024-10-24T09:49:05.001+0000] {logging_mixin.py:190} INFO - 已傳送文章至 Kafka: [問卦] 核三開始歲修
[2024-10-24T09:49:05.061+0000] {logging_mixin.py:190} INFO - 訊息成功傳送到 test-topic 分區 [1]
[2024-10-24T09:49:05.062+0000] {logging_mixin.py:190} INFO - 已傳送文章至 Kafka: [新聞] 美日「利劍25」聯演登場嚇阻區域威脅
[2024-10-24T09:49:05.112+0000] {logging_mixin.py:190} INFO - 訊息成功傳送到 test-topic 分區 [4]
[2024-10-24T09:49:05.112+0000] {logging_mixin.py:190} INFO - 已傳送文章至 Kafka: [新聞] 澳洲政府幹大事!計畫豪灑1500億元買「標
[2024-10-24T09:49:05.153+0000] {logging_mixin.py:190} INFO - 訊息成功傳送到 test-topic 分區 [0]
[2024-10-24T09:49:05.154+0000] {logging_mixin.py:190} INFO - 已傳送文章至 Kafka: [問卦] 迪士尼為什麼不開單人乘坐的通道？
[2024-10-24T09:49:05.213+0000] {logging_mixin.py:190} INFO - 訊息成功傳送到 test-topic 分區 [2]
[2024-10-24T09:49:05.213+0000] {logging_mixin.py:190} INFO - 已傳送文章至 Kafka: Re: [新聞] 快新聞／一步不退！卓榮泰再喊話立法
[2024-10-24T09:49:05.249+0000] {logging_mixin.py:190} INFO - 訊息成功傳送到 test-topic 分區 [3]
[2024-10-24T09:49:05.249+0000] {logging_mixin.py:190} INFO - 已傳送文章至 Kafka: [問卦] 午后的陣雨像他甜蜜的表白
[2024-10-24T09:49:05.300+0000] {logging_mixin.py:190} INFO - 訊息成功傳送到 test-topic 分區 [4]
[2024-10-24T09:49:05.300+0000] {logging_mixin.py:190} INFO - 已傳送文章至 Kafka: [問卦] 北韓出兵烏克蘭南韓在氣什麼？
[2024-10-24T09:49:05.341+0000] {logging_mixin.py:190} INFO - 訊息成功傳送到 test-topic 分區 [4]
[2024-10-24T09:49:05.342+0000] {logging_mixin.py:190} INFO - 已傳送文章至 Kafka: Re: [問卦] 台灣的五權分立是哪一步走錯了
[2024-10-24T09:49:05.398+0000] {logging_mixin.py:190} INFO - 訊息成功傳送到 test-topic 分區 [1]
[2024-10-24T09:49:05.398+0000] {logging_mixin.py:190} INFO - 已傳送文章至 Kafka: [問卦] 萬聖節是北美節日，台灣怎麼那麼多人過？
[2024-10-24T09:49:05.470+0000] {logging_mixin.py:190} INFO - 訊息成功傳送到 test-topic 分區 [2]
[2024-10-24T09:49:05.471+0000] {logging_mixin.py:190} INFO - 已傳送文章至 Kafka: Re: [新聞] 美日「利劍25」聯演登場嚇阻區域威脅
[2024-10-24T09:49:05.512+0000] {logging_mixin.py:190} INFO - 訊息成功傳送到 test-topic 分區 [3]
[2024-10-24T09:49:05.513+0000] {logging_mixin.py:190} INFO - 已傳送文章至 Kafka: Re: [問卦] 台灣的五權分立是哪一步走錯了
[2024-10-24T09:49:05.567+0000] {logging_mixin.py:190} INFO - 訊息成功傳送到 test-topic 分區 [2]
[2024-10-24T09:49:05.568+0000] {logging_mixin.py:190} INFO - 已傳送文章至 Kafka: Re: [新聞] 藍要修憲訴法 綠批先違憲、怕釋憲、就毀
[2024-10-24T09:49:05.608+0000] {logging_mixin.py:190} INFO - 訊息成功傳送到 test-topic 分區 [1]
[2024-10-24T09:49:05.608+0000] {logging_mixin.py:190} INFO - 已傳送文章至 Kafka: Re: [問卦] 數學能力可以苦練嗎
[2024-10-24T09:49:05.647+0000] {logging_mixin.py:190} INFO - 訊息成功傳送到 test-topic 分區 [2]
[2024-10-24T09:49:05.647+0000] {logging_mixin.py:190} INFO - 已傳送文章至 Kafka: [問卦] 萬聖節如果打扮成鄭捷 捷運會拒載嗎
[2024-10-24T09:49:05.685+0000] {logging_mixin.py:190} INFO - 訊息成功傳送到 test-topic 分區 [3]
[2024-10-24T09:49:05.686+0000] {logging_mixin.py:190} INFO - 已傳送文章至 Kafka: [問卦] 想踏入加密貨幣，買冷錢包的問題？
[2024-10-24T09:49:05.738+0000] {logging_mixin.py:190} INFO - 訊息成功傳送到 test-topic 分區 [4]
[2024-10-24T09:49:05.738+0000] {logging_mixin.py:190} INFO - 已傳送文章至 Kafka: [問卦] 32處男問到底要怎樣才能交到女朋友啦
[2024-10-24T09:49:05.803+0000] {logging_mixin.py:190} INFO - 訊息成功傳送到 test-topic 分區 [2]
[2024-10-24T09:49:05.803+0000] {logging_mixin.py:190} INFO - 已傳送文章至 Kafka: Re: [新聞] 遭小草火大開轟「消費柯文哲」！蔡壁如不
[2024-10-24T09:49:05.862+0000] {logging_mixin.py:190} INFO - 訊息成功傳送到 test-topic 分區 [1]
[2024-10-24T09:49:05.862+0000] {logging_mixin.py:190} INFO - 已傳送文章至 Kafka: [問卦] 推薦の旅遊YouTuber☺
[2024-10-24T09:49:05.863+0000] {logging_mixin.py:190} INFO - 第6頁完成
[2024-10-24T09:49:07.095+0000] {logging_mixin.py:190} INFO - 訊息成功傳送到 test-topic 分區 [3]
[2024-10-24T09:49:07.095+0000] {logging_mixin.py:190} INFO - 已傳送文章至 Kafka: [問卦] 禿頭哥為何喜歡噓文?
[2024-10-24T09:49:07.181+0000] {logging_mixin.py:190} INFO - 訊息成功傳送到 test-topic 分區 [0]
[2024-10-24T09:49:07.181+0000] {logging_mixin.py:190} INFO - 已傳送文章至 Kafka: Re: [新聞] 藍要修憲訴法 綠批先違憲、怕釋憲、就毀
[2024-10-24T09:49:07.250+0000] {logging_mixin.py:190} INFO - 訊息成功傳送到 test-topic 分區 [4]
[2024-10-24T09:49:07.250+0000] {logging_mixin.py:190} INFO - 已傳送文章至 Kafka: [新聞] 史詩級大逆轉！經濟學人：川普當選機率54
[2024-10-24T09:49:07.292+0000] {logging_mixin.py:190} INFO - 訊息成功傳送到 test-topic 分區 [3]
[2024-10-24T09:49:07.292+0000] {logging_mixin.py:190} INFO - 已傳送文章至 Kafka: [問卦] 這樣的甜蜜 讓我開始相信命運
[2024-10-24T09:49:07.343+0000] {logging_mixin.py:190} INFO - 訊息成功傳送到 test-topic 分區 [2]
[2024-10-24T09:49:07.343+0000] {logging_mixin.py:190} INFO - 已傳送文章至 Kafka: [問卦] 中年禿頭只能相親嗎?
[2024-10-24T09:49:07.394+0000] {logging_mixin.py:190} INFO - 訊息成功傳送到 test-topic 分區 [3]
[2024-10-24T09:49:07.394+0000] {logging_mixin.py:190} INFO - 已傳送文章至 Kafka: Re: [新聞] 萬聖節穿太暴露、血腥「北捷將拒載」
[2024-10-24T09:49:07.436+0000] {logging_mixin.py:190} INFO - 訊息成功傳送到 test-topic 分區 [2]
[2024-10-24T09:49:07.436+0000] {logging_mixin.py:190} INFO - 已傳送文章至 Kafka: [問卦] 台灣今年怎麼一直在下雨？
[2024-10-24T09:49:07.490+0000] {logging_mixin.py:190} INFO - 訊息成功傳送到 test-topic 分區 [3]
[2024-10-24T09:49:07.491+0000] {logging_mixin.py:190} INFO - 已傳送文章至 Kafka: Re: [問卦] 澳洲少子化怎麼救？
[2024-10-24T09:49:07.529+0000] {logging_mixin.py:190} INFO - 訊息成功傳送到 test-topic 分區 [3]
[2024-10-24T09:49:07.530+0000] {logging_mixin.py:190} INFO - 已傳送文章至 Kafka: [問卦] 中午12:30要搶票 有撇步嗎？
[2024-10-24T09:49:07.577+0000] {logging_mixin.py:190} INFO - 訊息成功傳送到 test-topic 分區 [2]
[2024-10-24T09:49:07.578+0000] {logging_mixin.py:190} INFO - 已傳送文章至 Kafka: [問卦] 萬聖節扮成鄭捷上得了捷運嗎
[2024-10-24T09:49:07.619+0000] {logging_mixin.py:190} INFO - 訊息成功傳送到 test-topic 分區 [1]
[2024-10-24T09:49:07.619+0000] {logging_mixin.py:190} INFO - 已傳送文章至 Kafka: [問卦] 清潔人員刺得亂七八糟的？
[2024-10-24T09:49:07.665+0000] {logging_mixin.py:190} INFO - 訊息成功傳送到 test-topic 分區 [0]
[2024-10-24T09:49:07.666+0000] {logging_mixin.py:190} INFO - 已傳送文章至 Kafka: [問卦] 台麥是不是把獵人卡搞得很解？
[2024-10-24T09:49:08.318+0000] {logging_mixin.py:190} INFO - 訊息成功傳送到 test-topic 分區 [3]
[2024-10-24T09:49:08.319+0000] {logging_mixin.py:190} INFO - 已傳送文章至 Kafka: [新聞] 「被21人團客臨時放鳥」知名摩洛哥餐廳「
[2024-10-24T09:49:08.360+0000] {logging_mixin.py:190} INFO - 訊息成功傳送到 test-topic 分區 [1]
[2024-10-24T09:49:08.360+0000] {logging_mixin.py:190} INFO - 已傳送文章至 Kafka: [新聞] 義竹鬧區路拓寬 沒停車空間惹怨
[2024-10-24T09:49:08.403+0000] {logging_mixin.py:190} INFO - 訊息成功傳送到 test-topic 分區 [2]
[2024-10-24T09:49:08.404+0000] {logging_mixin.py:190} INFO - 已傳送文章至 Kafka: [問卦] 老花了，真的會配“多焦鏡片”嗎？
[2024-10-24T09:49:08.450+0000] {logging_mixin.py:190} INFO - 訊息成功傳送到 test-topic 分區 [4]
[2024-10-24T09:49:08.450+0000] {logging_mixin.py:190} INFO - 已傳送文章至 Kafka: [問卦] 你遇到戰爭會回營嗎？
[2024-10-24T09:49:08.621+0000] {logging_mixin.py:190} INFO - 訊息成功傳送到 test-topic 分區 [1]
[2024-10-24T09:49:08.622+0000] {logging_mixin.py:190} INFO - 已傳送文章至 Kafka: [新聞] 男愛慕正妹多年「伸手抓雙乳」　35萬換免
[2024-10-24T09:49:08.659+0000] {logging_mixin.py:190} INFO - 訊息成功傳送到 test-topic 分區 [2]
[2024-10-24T09:49:08.659+0000] {logging_mixin.py:190} INFO - 已傳送文章至 Kafka: [問卦] 有沒有湖口工業區入口那邊停電的掛
[2024-10-24T09:49:08.660+0000] {logging_mixin.py:190} INFO - 第7頁完成
[2024-10-24T09:49:09.889+0000] {logging_mixin.py:190} INFO - 訊息成功傳送到 test-topic 分區 [0]
[2024-10-24T09:49:09.889+0000] {logging_mixin.py:190} INFO - 已傳送文章至 Kafka: [問卦] 有沒有台男空杯問題的解決方法
[2024-10-24T09:49:09.972+0000] {logging_mixin.py:190} INFO - 訊息成功傳送到 test-topic 分區 [2]
[2024-10-24T09:49:09.972+0000] {logging_mixin.py:190} INFO - 已傳送文章至 Kafka: [問卦] 兩岸和平為啥還要義務役一年？
[2024-10-24T09:49:10.014+0000] {logging_mixin.py:190} INFO - 訊息成功傳送到 test-topic 分區 [2]
[2024-10-24T09:49:10.014+0000] {logging_mixin.py:190} INFO - 已傳送文章至 Kafka: [問卦] 虛擬人物的政確之路該怎麼走？
[2024-10-24T09:49:10.054+0000] {logging_mixin.py:190} INFO - 訊息成功傳送到 test-topic 分區 [2]
[2024-10-24T09:49:10.055+0000] {logging_mixin.py:190} INFO - 已傳送文章至 Kafka: Re: [問卦] 台灣這麼小 為何要分類做環保？
[2024-10-24T09:49:10.118+0000] {logging_mixin.py:190} INFO - 訊息成功傳送到 test-topic 分區 [1]
[2024-10-24T09:49:10.118+0000] {logging_mixin.py:190} INFO - 已傳送文章至 Kafka: [新聞] 川普炸薯條！麥當勞：我們不是紅或藍 我
[2024-10-24T09:49:10.159+0000] {logging_mixin.py:190} INFO - 訊息成功傳送到 test-topic 分區 [3]
[2024-10-24T09:49:10.159+0000] {logging_mixin.py:190} INFO - 已傳送文章至 Kafka: Re: [問卦] 數學能力可以苦練嗎
[2024-10-24T09:49:10.205+0000] {logging_mixin.py:190} INFO - 訊息成功傳送到 test-topic 分區 [4]
[2024-10-24T09:49:10.206+0000] {logging_mixin.py:190} INFO - 已傳送文章至 Kafka: [新聞] 外籍女看護遇色雇主性騷還拿拐杖毆打
[2024-10-24T09:49:10.255+0000] {logging_mixin.py:190} INFO - 訊息成功傳送到 test-topic 分區 [4]
[2024-10-24T09:49:10.255+0000] {logging_mixin.py:190} INFO - 已傳送文章至 Kafka: Re: [新聞] 快訊／鄰居聞到屍臭味！　警破門見高雄男
[2024-10-24T09:49:10.356+0000] {logging_mixin.py:190} INFO - 訊息成功傳送到 test-topic 分區 [2]
[2024-10-24T09:49:10.356+0000] {logging_mixin.py:190} INFO - 已傳送文章至 Kafka: Re: [問卦] 台灣的五權分立是哪一步走錯了
[2024-10-24T09:49:10.434+0000] {logging_mixin.py:190} INFO - 訊息成功傳送到 test-topic 分區 [0]
[2024-10-24T09:49:10.434+0000] {logging_mixin.py:190} INFO - 已傳送文章至 Kafka: [新聞] 藍要修憲訴法 綠批先違憲、怕釋憲、就毀
[2024-10-24T09:49:10.473+0000] {logging_mixin.py:190} INFO - 訊息成功傳送到 test-topic 分區 [2]
[2024-10-24T09:49:10.473+0000] {logging_mixin.py:190} INFO - 已傳送文章至 Kafka: [問卦] 威州跟賓州是這次美國大選的關鍵？
[2024-10-24T09:49:10.521+0000] {logging_mixin.py:190} INFO - 訊息成功傳送到 test-topic 分區 [4]
[2024-10-24T09:49:10.521+0000] {logging_mixin.py:190} INFO - 已傳送文章至 Kafka: [問卦] 潮州副站長的逼車技術是哪學的好厲害偶像
[2024-10-24T09:49:10.557+0000] {logging_mixin.py:190} INFO - 訊息成功傳送到 test-topic 分區 [4]
[2024-10-24T09:49:10.557+0000] {logging_mixin.py:190} INFO - 已傳送文章至 Kafka: Re: [新聞] 外籍女看護遇色雇主性騷還拿拐杖毆打
[2024-10-24T09:49:10.599+0000] {logging_mixin.py:190} INFO - 訊息成功傳送到 test-topic 分區 [4]
[2024-10-24T09:49:10.599+0000] {logging_mixin.py:190} INFO - 已傳送文章至 Kafka: [爆卦] 左媒：川普想要有希特勒有的將軍
[2024-10-24T09:49:10.705+0000] {logging_mixin.py:190} INFO - 訊息成功傳送到 test-topic 分區 [2]
[2024-10-24T09:49:10.706+0000] {logging_mixin.py:190} INFO - 已傳送文章至 Kafka: [問卦] 隨便考都有國立幹嘛還要搶補習班劃位?
[2024-10-24T09:49:10.745+0000] {logging_mixin.py:190} INFO - 訊息成功傳送到 test-topic 分區 [4]
[2024-10-24T09:49:10.746+0000] {logging_mixin.py:190} INFO - 已傳送文章至 Kafka: Re: [新聞] 有片／NHK揭中國「認知戰」真相　王定宇
[2024-10-24T09:49:10.786+0000] {logging_mixin.py:190} INFO - 訊息成功傳送到 test-topic 分區 [3]
[2024-10-24T09:49:10.786+0000] {logging_mixin.py:190} INFO - 已傳送文章至 Kafka: [問卦] 欸 空污會造成不舉怎沒人在意
[2024-10-24T09:49:10.845+0000] {logging_mixin.py:190} INFO - 訊息成功傳送到 test-topic 分區 [4]
[2024-10-24T09:49:10.845+0000] {logging_mixin.py:190} INFO - 已傳送文章至 Kafka: [新聞] 台灣房價沒比別國漲得兇猛！專家揭買不起
[2024-10-24T09:49:10.845+0000] {logging_mixin.py:190} INFO - 第8頁完成
[2024-10-24T09:49:12.091+0000] {logging_mixin.py:190} INFO - 訊息成功傳送到 test-topic 分區 [1]
[2024-10-24T09:49:12.091+0000] {logging_mixin.py:190} INFO - 已傳送文章至 Kafka: Re: [新聞] 民眾黨辦「賴清德搞什麼鬼」簡舒培：柯家
[2024-10-24T09:49:12.179+0000] {logging_mixin.py:190} INFO - 訊息成功傳送到 test-topic 分區 [2]
[2024-10-24T09:49:12.179+0000] {logging_mixin.py:190} INFO - 已傳送文章至 Kafka: [新聞] 台中男師快打站施打疫苗 竟與衛生所人妻
[2024-10-24T09:49:12.317+0000] {logging_mixin.py:190} INFO - 訊息成功傳送到 test-topic 分區 [0]
[2024-10-24T09:49:12.318+0000] {logging_mixin.py:190} INFO - 已傳送文章至 Kafka: [新聞] 遭日本SBI抨擊沒誠信　黃崇仁罕見親上火
[2024-10-24T09:49:12.540+0000] {logging_mixin.py:190} INFO - 訊息成功傳送到 test-topic 分區 [1]
[2024-10-24T09:49:12.540+0000] {logging_mixin.py:190} INFO - 已傳送文章至 Kafka: [新聞] 快新聞／一步不退！卓榮泰再喊話立法院
[2024-10-24T09:49:12.597+0000] {logging_mixin.py:190} INFO - 訊息成功傳送到 test-topic 分區 [2]
[2024-10-24T09:49:12.598+0000] {logging_mixin.py:190} INFO - 已傳送文章至 Kafka: Re: [新聞] 遭日本SBI抨擊沒誠信　黃崇仁罕見親上火
[2024-10-24T09:49:12.640+0000] {logging_mixin.py:190} INFO - 訊息成功傳送到 test-topic 分區 [3]
[2024-10-24T09:49:12.641+0000] {logging_mixin.py:190} INFO - 已傳送文章至 Kafka: Re: [問卦] 跟王菲同等級的歌手 有哪些呢?
[2024-10-24T09:49:12.702+0000] {logging_mixin.py:190} INFO - 訊息成功傳送到 test-topic 分區 [0]
[2024-10-24T09:49:12.702+0000] {logging_mixin.py:190} INFO - 已傳送文章至 Kafka: [問卦]為何ptt的人要推薦爛貨？
[2024-10-24T09:49:12.741+0000] {logging_mixin.py:190} INFO - 訊息成功傳送到 test-topic 分區 [4]
[2024-10-24T09:49:12.741+0000] {logging_mixin.py:190} INFO - 已傳送文章至 Kafka: Re: [問卦] 台灣的五權分立是哪一步走錯了
[2024-10-24T09:49:12.798+0000] {logging_mixin.py:190} INFO - 訊息成功傳送到 test-topic 分區 [3]
[2024-10-24T09:49:12.798+0000] {logging_mixin.py:190} INFO - 已傳送文章至 Kafka: [爆卦] 美國麥當勞大腸桿菌感染上美國CDC警告
[2024-10-24T09:49:12.838+0000] {logging_mixin.py:190} INFO - 訊息成功傳送到 test-topic 分區 [2]
[2024-10-24T09:49:12.838+0000] {logging_mixin.py:190} INFO - 已傳送文章至 Kafka: [問卦] 欸欸欸 住麥當勞隔壁的幫我看一下
[2024-10-24T09:49:12.891+0000] {logging_mixin.py:190} INFO - 訊息成功傳送到 test-topic 分區 [2]
[2024-10-24T09:49:12.892+0000] {logging_mixin.py:190} INFO - 已傳送文章至 Kafka: Re: [問卦] 台灣的五權分立是哪一步走錯了
[2024-10-24T09:49:12.934+0000] {logging_mixin.py:190} INFO - 訊息成功傳送到 test-topic 分區 [0]
[2024-10-24T09:49:12.934+0000] {logging_mixin.py:190} INFO - 已傳送文章至 Kafka: [問卦] 有沒有騎太快撞到鳥的八卦？
[2024-10-24T09:49:12.981+0000] {logging_mixin.py:190} INFO - 訊息成功傳送到 test-topic 分區 [2]
[2024-10-24T09:49:12.982+0000] {logging_mixin.py:190} INFO - 已傳送文章至 Kafka: Re: [新聞] 裝死、送你去柬埔寨！ 台中七期豪宅冷血
[2024-10-24T09:49:13.145+0000] {logging_mixin.py:190} INFO - 訊息成功傳送到 test-topic 分區 [2]
[2024-10-24T09:49:13.146+0000] {logging_mixin.py:190} INFO - 已傳送文章至 Kafka: [問卦] 澳洲少子化怎麼救？
[2024-10-24T09:49:13.255+0000] {logging_mixin.py:190} INFO - 訊息成功傳送到 test-topic 分區 [4]
[2024-10-24T09:49:13.255+0000] {logging_mixin.py:190} INFO - 已傳送文章至 Kafka: [新聞] 快訊／鄰居聞到屍臭味！　警破門見高雄男
[2024-10-24T09:49:13.302+0000] {logging_mixin.py:190} INFO - 訊息成功傳送到 test-topic 分區 [4]
[2024-10-24T09:49:13.302+0000] {logging_mixin.py:190} INFO - 已傳送文章至 Kafka: Re: [新聞] 有片／NHK揭中國「認知戰」真相　王定宇
[2024-10-24T09:49:13.351+0000] {logging_mixin.py:190} INFO - 訊息成功傳送到 test-topic 分區 [4]
[2024-10-24T09:49:13.351+0000] {logging_mixin.py:190} INFO - 已傳送文章至 Kafka: [新聞] 韓國瑜對「台灣」品牌有信心 相信台灣人
[2024-10-24T09:49:13.400+0000] {logging_mixin.py:190} INFO - 訊息成功傳送到 test-topic 分區 [4]
[2024-10-24T09:49:13.400+0000] {logging_mixin.py:190} INFO - 已傳送文章至 Kafka: [問卦] 主張房子是男生買單的女權怎麼想的
[2024-10-24T09:49:13.440+0000] {logging_mixin.py:190} INFO - 訊息成功傳送到 test-topic 分區 [3]
[2024-10-24T09:49:13.441+0000] {logging_mixin.py:190} INFO - 已傳送文章至 Kafka: Re: [問卦] 欸！中國空軍一號怎麼會是７４７？
[2024-10-24T09:49:13.441+0000] {logging_mixin.py:190} INFO - 第9頁完成
[2024-10-24T09:49:14.668+0000] {logging_mixin.py:190} INFO - 訊息成功傳送到 test-topic 分區 [4]
[2024-10-24T09:49:14.669+0000] {logging_mixin.py:190} INFO - 已傳送文章至 Kafka: Re: [問卦] 數學能力可以苦練嗎
[2024-10-24T09:49:14.793+0000] {logging_mixin.py:190} INFO - 訊息成功傳送到 test-topic 分區 [4]
[2024-10-24T09:49:14.794+0000] {logging_mixin.py:190} INFO - 已傳送文章至 Kafka: [新聞] 「20年國會經驗」可抵學歷換公職　羅廷瑋
[2024-10-24T09:49:14.845+0000] {logging_mixin.py:190} INFO - 訊息成功傳送到 test-topic 分區 [4]
[2024-10-24T09:49:14.845+0000] {logging_mixin.py:190} INFO - 已傳送文章至 Kafka: Re: [問卦] 跟王菲同等級的歌手 有哪些呢?
[2024-10-24T09:49:14.888+0000] {logging_mixin.py:190} INFO - 訊息成功傳送到 test-topic 分區 [0]
[2024-10-24T09:49:14.888+0000] {logging_mixin.py:190} INFO - 已傳送文章至 Kafka: [問卦] 是不是應該抵制周杰倫伍佰五月天救華語歌
[2024-10-24T09:49:14.937+0000] {logging_mixin.py:190} INFO - 訊息成功傳送到 test-topic 分區 [1]
[2024-10-24T09:49:14.937+0000] {logging_mixin.py:190} INFO - 已傳送文章至 Kafka: [問卦] 沒人發現惡靈古堡電影根本就很好看嗎！
[2024-10-24T09:49:14.989+0000] {logging_mixin.py:190} INFO - 訊息成功傳送到 test-topic 分區 [3]
[2024-10-24T09:49:14.989+0000] {logging_mixin.py:190} INFO - 已傳送文章至 Kafka: [問卦] 震撼彈！女同事跑去逛童裝？
[2024-10-24T09:49:15.105+0000] {logging_mixin.py:190} INFO - 訊息成功傳送到 test-topic 分區 [4]
[2024-10-24T09:49:15.105+0000] {logging_mixin.py:190} INFO - 已傳送文章至 Kafka: Re: [新聞] 裝死、送你去柬埔寨！ 台中七期豪宅冷血
[2024-10-24T09:49:15.182+0000] {logging_mixin.py:190} INFO - 訊息成功傳送到 test-topic 分區 [1]
[2024-10-24T09:49:15.182+0000] {logging_mixin.py:190} INFO - 已傳送文章至 Kafka: [問卦] 台灣這麼小 為何要分類做環保？
[2024-10-24T09:49:15.224+0000] {logging_mixin.py:190} INFO - 訊息成功傳送到 test-topic 分區 [2]
[2024-10-24T09:49:15.225+0000] {logging_mixin.py:190} INFO - 已傳送文章至 Kafka: [問卦] 太扯了！！凌晨兩點半燒金紙是在幹嘛？
[2024-10-24T09:49:15.298+0000] {logging_mixin.py:190} INFO - 訊息成功傳送到 test-topic 分區 [2]
[2024-10-24T09:49:15.298+0000] {logging_mixin.py:190} INFO - 已傳送文章至 Kafka: [問卦] 獵人現在到底在畫三小？
[2024-10-24T09:49:15.344+0000] {logging_mixin.py:190} INFO - 訊息成功傳送到 test-topic 分區 [1]
[2024-10-24T09:49:15.344+0000] {logging_mixin.py:190} INFO - 已傳送文章至 Kafka: [問卦] 現在年輕人還看日綜嗎?
[2024-10-24T09:49:15.394+0000] {logging_mixin.py:190} INFO - 訊息成功傳送到 test-topic 分區 [3]
[2024-10-24T09:49:15.394+0000] {logging_mixin.py:190} INFO - 已傳送文章至 Kafka: [問卦] 超級喜歡桂綸鎂!
[2024-10-24T09:49:15.437+0000] {logging_mixin.py:190} INFO - 訊息成功傳送到 test-topic 分區 [2]
[2024-10-24T09:49:15.437+0000] {logging_mixin.py:190} INFO - 已傳送文章至 Kafka: [問卦] 少年董都怎麼發家崛起的啊？
[2024-10-24T09:49:15.479+0000] {logging_mixin.py:190} INFO - 訊息成功傳送到 test-topic 分區 [1]
[2024-10-24T09:49:15.480+0000] {logging_mixin.py:190} INFO - 已傳送文章至 Kafka: Re: [問卦]有人一天睡3-4小時就夠了？
[2024-10-24T09:49:15.553+0000] {logging_mixin.py:190} INFO - 訊息成功傳送到 test-topic 分區 [3]
[2024-10-24T09:49:15.554+0000] {logging_mixin.py:190} INFO - 已傳送文章至 Kafka: [問卦] 天氣冷了台男準備好穿搭了嗎
[2024-10-24T09:49:15.607+0000] {logging_mixin.py:190} INFO - 訊息成功傳送到 test-topic 分區 [2]
[2024-10-24T09:49:15.607+0000] {logging_mixin.py:190} INFO - 已傳送文章至 Kafka: [問卦] 靠燃氣綠能發電到底是哪個白癡想的
[2024-10-24T09:49:15.665+0000] {logging_mixin.py:190} INFO - 訊息成功傳送到 test-topic 分區 [0]
[2024-10-24T09:49:15.666+0000] {logging_mixin.py:190} INFO - 已傳送文章至 Kafka: Re: [問卦] 台灣這麼小 為何要分類做環保？
[2024-10-24T09:49:15.748+0000] {logging_mixin.py:190} INFO - 訊息成功傳送到 test-topic 分區 [4]
[2024-10-24T09:49:15.749+0000] {logging_mixin.py:190} INFO - 已傳送文章至 Kafka: [新聞] 民眾黨辦「賴清德搞什麼鬼」簡舒培：柯家
[2024-10-24T09:49:15.791+0000] {logging_mixin.py:190} INFO - 訊息成功傳送到 test-topic 分區 [3]
[2024-10-24T09:49:15.791+0000] {logging_mixin.py:190} INFO - 已傳送文章至 Kafka: Re: [新聞] 民眾黨辦「賴清德搞什麼鬼」簡舒培：柯家
[2024-10-24T09:49:15.852+0000] {logging_mixin.py:190} INFO - 訊息成功傳送到 test-topic 分區 [3]
[2024-10-24T09:49:15.852+0000] {logging_mixin.py:190} INFO - 已傳送文章至 Kafka: Re: [問卦] 幹 原來明朝時期就有火槍了喔?
[2024-10-24T09:49:15.852+0000] {logging_mixin.py:190} INFO - 第10頁完成
[2024-10-24T09:49:17.083+0000] {logging_mixin.py:190} INFO - 訊息成功傳送到 test-topic 分區 [4]
[2024-10-24T09:49:17.083+0000] {logging_mixin.py:190} INFO - 已傳送文章至 Kafka: [問卦] 為何房屋二樓交易量特別多？
[2024-10-24T09:49:17.181+0000] {logging_mixin.py:190} INFO - 訊息成功傳送到 test-topic 分區 [1]
[2024-10-24T09:49:17.181+0000] {logging_mixin.py:190} INFO - 已傳送文章至 Kafka: [問卦] 基層員工很多工作不出全力只做個70分
[2024-10-24T09:49:17.224+0000] {logging_mixin.py:190} INFO - 訊息成功傳送到 test-topic 分區 [4]
[2024-10-24T09:49:17.224+0000] {logging_mixin.py:190} INFO - 已傳送文章至 Kafka: [問卦] 這時間睡不著怎麼辦？
[2024-10-24T09:49:17.261+0000] {logging_mixin.py:190} INFO - 訊息成功傳送到 test-topic 分區 [2]
[2024-10-24T09:49:17.262+0000] {logging_mixin.py:190} INFO - 已傳送文章至 Kafka: [問卦] 沒有朋友跟家人的人 可以買瑪莉歐派對嗎
[2024-10-24T09:49:17.301+0000] {logging_mixin.py:190} INFO - 訊息成功傳送到 test-topic 分區 [0]
[2024-10-24T09:49:17.302+0000] {logging_mixin.py:190} INFO - 已傳送文章至 Kafka: [問卦] 在屋頂喵著你的歌？
[2024-10-24T09:49:17.350+0000] {logging_mixin.py:190} INFO - 訊息成功傳送到 test-topic 分區 [0]
[2024-10-24T09:49:17.350+0000] {logging_mixin.py:190} INFO - 已傳送文章至 Kafka: [問卦] 有一個肥宅告白失敗,然後殺了學妹
[2024-10-24T09:49:17.386+0000] {logging_mixin.py:190} INFO - 訊息成功傳送到 test-topic 分區 [0]
[2024-10-24T09:49:17.387+0000] {logging_mixin.py:190} INFO - 已傳送文章至 Kafka: [問卦] 有一說一 我們老了還是大方玩小時的電玩
[2024-10-24T09:49:17.435+0000] {logging_mixin.py:190} INFO - 訊息成功傳送到 test-topic 分區 [0]
[2024-10-24T09:49:17.436+0000] {logging_mixin.py:190} INFO - 已傳送文章至 Kafka: [問卦]有人一天睡3-4小時就夠了？
[2024-10-24T09:49:17.492+0000] {logging_mixin.py:190} INFO - 訊息成功傳送到 test-topic 分區 [1]
[2024-10-24T09:49:17.493+0000] {logging_mixin.py:190} INFO - 已傳送文章至 Kafka: [問卦] 王跟悟空誰會贏
[2024-10-24T09:49:17.553+0000] {logging_mixin.py:190} INFO - 訊息成功傳送到 test-topic 分區 [2]
[2024-10-24T09:49:17.554+0000] {logging_mixin.py:190} INFO - 已傳送文章至 Kafka: Re: [問卦] 台灣的五權分立是哪一步走錯了
[2024-10-24T09:49:17.589+0000] {logging_mixin.py:190} INFO - 訊息成功傳送到 test-topic 分區 [4]
[2024-10-24T09:49:17.589+0000] {logging_mixin.py:190} INFO - 已傳送文章至 Kafka: Re: [問卦] 這時間睡不著怎麼辦？
[2024-10-24T09:49:17.626+0000] {logging_mixin.py:190} INFO - 訊息成功傳送到 test-topic 分區 [1]
[2024-10-24T09:49:17.626+0000] {logging_mixin.py:190} INFO - 已傳送文章至 Kafka: Re: [問卦] 為什麼台灣人喜歡給別人壓力？
[2024-10-24T09:49:17.661+0000] {logging_mixin.py:190} INFO - 訊息成功傳送到 test-topic 分區 [3]
[2024-10-24T09:49:17.661+0000] {logging_mixin.py:190} INFO - 已傳送文章至 Kafka: Re: [問卦] 跟王菲同等級的歌手 有哪些呢?
[2024-10-24T09:49:17.696+0000] {logging_mixin.py:190} INFO - 訊息成功傳送到 test-topic 分區 [0]
[2024-10-24T09:49:17.696+0000] {logging_mixin.py:190} INFO - 已傳送文章至 Kafka: Re: [新聞] 亂象叢生！董娘遭控安插親戚全家寄生
[2024-10-24T09:49:17.743+0000] {logging_mixin.py:190} INFO - 訊息成功傳送到 test-topic 分區 [0]
[2024-10-24T09:49:17.743+0000] {logging_mixin.py:190} INFO - 已傳送文章至 Kafka: [問卦] 今天要搶周杰倫演唱會票的進來
[2024-10-24T09:49:17.790+0000] {logging_mixin.py:190} INFO - 訊息成功傳送到 test-topic 分區 [0]
[2024-10-24T09:49:17.790+0000] {logging_mixin.py:190} INFO - 已傳送文章至 Kafka: Re: [問卦] 台灣的五權分立是哪一步走錯了
[2024-10-24T09:49:18.192+0000] {logging_mixin.py:190} INFO - 訊息成功傳送到 test-topic 分區 [2]
[2024-10-24T09:49:18.193+0000] {logging_mixin.py:190} INFO - 已傳送文章至 Kafka: [新聞] 裝死、送你去柬埔寨！ 台中七期豪宅冷血
[2024-10-24T09:49:18.241+0000] {logging_mixin.py:190} INFO - 訊息成功傳送到 test-topic 分區 [0]
[2024-10-24T09:49:18.242+0000] {logging_mixin.py:190} INFO - 已傳送文章至 Kafka: [問卦] 現在年輕人還看日劇嗎?
[2024-10-24T09:49:18.242+0000] {logging_mixin.py:190} INFO - 第11頁完成
[2024-10-24T09:49:19.478+0000] {logging_mixin.py:190} INFO - 訊息成功傳送到 test-topic 分區 [3]
[2024-10-24T09:49:19.478+0000] {logging_mixin.py:190} INFO - 已傳送文章至 Kafka: Re: [問卦] 物價是不是失控了？
[2024-10-24T09:49:19.521+0000] {logging_mixin.py:190} INFO - 訊息成功傳送到 test-topic 分區 [1]
[2024-10-24T09:49:19.522+0000] {logging_mixin.py:190} INFO - 已傳送文章至 Kafka: [問卦] 講到北條會先想到誰啊？
[2024-10-24T09:49:19.563+0000] {logging_mixin.py:190} INFO - 訊息成功傳送到 test-topic 分區 [1]
[2024-10-24T09:49:19.564+0000] {logging_mixin.py:190} INFO - 已傳送文章至 Kafka: Re: [問卦] 獵人的主角 叫小剛吧 我剛剛重看了一次
[2024-10-24T09:49:19.610+0000] {logging_mixin.py:190} INFO - 訊息成功傳送到 test-topic 分區 [1]
[2024-10-24T09:49:19.611+0000] {logging_mixin.py:190} INFO - 已傳送文章至 Kafka: [新聞] 核一廠明首次吊離池內用過燃料棒
[2024-10-24T09:49:19.650+0000] {logging_mixin.py:190} INFO - 訊息成功傳送到 test-topic 分區 [4]
[2024-10-24T09:49:19.650+0000] {logging_mixin.py:190} INFO - 已傳送文章至 Kafka: Re: [新聞] 萬聖節穿太暴露、血腥「北捷將拒載」
[2024-10-24T09:49:19.688+0000] {logging_mixin.py:190} INFO - 訊息成功傳送到 test-topic 分區 [1]
[2024-10-24T09:49:19.688+0000] {logging_mixin.py:190} INFO - 已傳送文章至 Kafka: Re: [新聞] 台鹽綠能虧損上億爆弊案 南檢指揮調查局
[2024-10-24T09:49:19.727+0000] {logging_mixin.py:190} INFO - 訊息成功傳送到 test-topic 分區 [1]
[2024-10-24T09:49:19.728+0000] {logging_mixin.py:190} INFO - 已傳送文章至 Kafka: [問卦] 大家剛搗完 也是這種感覺嗎
[2024-10-24T09:49:19.770+0000] {logging_mixin.py:190} INFO - 訊息成功傳送到 test-topic 分區 [2]
[2024-10-24T09:49:19.770+0000] {logging_mixin.py:190} INFO - 已傳送文章至 Kafka: [問卦] 張智堯在台灣紅嗎?
[2024-10-24T09:49:19.808+0000] {logging_mixin.py:190} INFO - 訊息成功傳送到 test-topic 分區 [2]
[2024-10-24T09:49:19.809+0000] {logging_mixin.py:190} INFO - 已傳送文章至 Kafka: [問卦] 潮州副站長說有師姊在月台尿尿影片是哪支
[2024-10-24T09:49:19.846+0000] {logging_mixin.py:190} INFO - 訊息成功傳送到 test-topic 分區 [3]
[2024-10-24T09:49:19.847+0000] {logging_mixin.py:190} INFO - 已傳送文章至 Kafka: Re: [問卦] 台灣的五權分立是哪一步走錯了
[2024-10-24T09:49:19.902+0000] {logging_mixin.py:190} INFO - 訊息成功傳送到 test-topic 分區 [0]
[2024-10-24T09:49:19.903+0000] {logging_mixin.py:190} INFO - 已傳送文章至 Kafka: [新聞] 因應蟒蛇戰略 農業部:輔導轉種甘藷、大豆
[2024-10-24T09:49:19.965+0000] {logging_mixin.py:190} INFO - 訊息成功傳送到 test-topic 分區 [0]
[2024-10-24T09:49:19.965+0000] {logging_mixin.py:190} INFO - 已傳送文章至 Kafka: Re: [問卦] 台灣的五權分立是哪一步走錯了
[2024-10-24T09:49:20.003+0000] {logging_mixin.py:190} INFO - 訊息成功傳送到 test-topic 分區 [3]
[2024-10-24T09:49:20.003+0000] {logging_mixin.py:190} INFO - 已傳送文章至 Kafka: Re: [問卦] 為何美國送以色列薩德不送烏克蘭？
[2024-10-24T09:49:20.048+0000] {logging_mixin.py:190} INFO - 訊息成功傳送到 test-topic 分區 [0]
[2024-10-24T09:49:20.049+0000] {logging_mixin.py:190} INFO - 已傳送文章至 Kafka: Re: [問卦] 台灣的五權分立是哪一步走錯了
[2024-10-24T09:49:20.096+0000] {logging_mixin.py:190} INFO - 訊息成功傳送到 test-topic 分區 [3]
[2024-10-24T09:49:20.097+0000] {logging_mixin.py:190} INFO - 已傳送文章至 Kafka: [問卦] 大家希望開放哪些支語來使用?
[2024-10-24T09:49:20.134+0000] {logging_mixin.py:190} INFO - 訊息成功傳送到 test-topic 分區 [3]
[2024-10-24T09:49:20.134+0000] {logging_mixin.py:190} INFO - 已傳送文章至 Kafka: [問卦] 印度仔到國外會對強姦改觀嗎?
[2024-10-24T09:49:20.194+0000] {logging_mixin.py:190} INFO - 訊息成功傳送到 test-topic 分區 [2]
[2024-10-24T09:49:20.195+0000] {logging_mixin.py:190} INFO - 已傳送文章至 Kafka: Re: [問卦] 台灣的五權分立是哪一步走錯了
[2024-10-24T09:49:20.246+0000] {logging_mixin.py:190} INFO - 訊息成功傳送到 test-topic 分區 [2]
[2024-10-24T09:49:20.247+0000] {logging_mixin.py:190} INFO - 已傳送文章至 Kafka: [問卦] 有人開始消費降級了嗎?
[2024-10-24T09:49:20.300+0000] {logging_mixin.py:190} INFO - 訊息成功傳送到 test-topic 分區 [0]
[2024-10-24T09:49:20.301+0000] {logging_mixin.py:190} INFO - 已傳送文章至 Kafka: [問卦] 為什麼台灣人喜歡給別人壓力？
[2024-10-24T09:49:20.338+0000] {logging_mixin.py:190} INFO - 訊息成功傳送到 test-topic 分區 [2]
[2024-10-24T09:49:20.338+0000] {logging_mixin.py:190} INFO - 已傳送文章至 Kafka: Re: [問卦] 大家希望開放哪些支語來使用?
[2024-10-24T09:49:20.339+0000] {logging_mixin.py:190} INFO - 第12頁完成
[2024-10-24T09:49:21.557+0000] {logging_mixin.py:190} INFO - 訊息成功傳送到 test-topic 分區 [3]
[2024-10-24T09:49:21.557+0000] {logging_mixin.py:190} INFO - 已傳送文章至 Kafka: [問卦] 金鐘獎是什麼時候開始緬懷當年度過逝藝人
[2024-10-24T09:49:21.657+0000] {logging_mixin.py:190} INFO - 訊息成功傳送到 test-topic 分區 [1]
[2024-10-24T09:49:21.657+0000] {logging_mixin.py:190} INFO - 已傳送文章至 Kafka: [新聞] 台北19歲女11樓墜落 送醫傷重不治
[2024-10-24T09:49:21.703+0000] {logging_mixin.py:190} INFO - 訊息成功傳送到 test-topic 分區 [4]
[2024-10-24T09:49:21.704+0000] {logging_mixin.py:190} INFO - 已傳送文章至 Kafka: [問卦] 現在還有人吃枇杷嗎？
[2024-10-24T09:49:21.753+0000] {logging_mixin.py:190} INFO - 訊息成功傳送到 test-topic 分區 [3]
[2024-10-24T09:49:21.753+0000] {logging_mixin.py:190} INFO - 已傳送文章至 Kafka: [問卦] 美劇是怎麼改掉動不動就露奶做愛的
[2024-10-24T09:49:21.813+0000] {logging_mixin.py:190} INFO - 訊息成功傳送到 test-topic 分區 [2]
[2024-10-24T09:49:21.814+0000] {logging_mixin.py:190} INFO - 已傳送文章至 Kafka: Re: [問卦] 台灣的五權分立是哪一步走錯了
[2024-10-24T09:49:21.863+0000] {logging_mixin.py:190} INFO - 訊息成功傳送到 test-topic 分區 [3]
[2024-10-24T09:49:21.863+0000] {logging_mixin.py:190} INFO - 已傳送文章至 Kafka: Re: [新聞] 梳子、牙刷不再免費提供！旅宿業新規　一
[2024-10-24T09:49:21.903+0000] {logging_mixin.py:190} INFO - 訊息成功傳送到 test-topic 分區 [3]
[2024-10-24T09:49:21.903+0000] {logging_mixin.py:190} INFO - 已傳送文章至 Kafka: [問卦] 狀況很糟糕 但連一個能說話的人都沒有
[2024-10-24T09:49:21.945+0000] {logging_mixin.py:190} INFO - 訊息成功傳送到 test-topic 分區 [4]
[2024-10-24T09:49:21.945+0000] {logging_mixin.py:190} INFO - 已傳送文章至 Kafka: [問卦] 韓國國民所得校正回歸？
[2024-10-24T09:49:21.986+0000] {logging_mixin.py:190} INFO - 訊息成功傳送到 test-topic 分區 [3]
[2024-10-24T09:49:21.987+0000] {logging_mixin.py:190} INFO - 已傳送文章至 Kafka: Re: [問卦] 為啥林逸欣粉絲不知道她是雙胞胎
[2024-10-24T09:49:22.039+0000] {logging_mixin.py:190} INFO - 訊息成功傳送到 test-topic 分區 [1]
[2024-10-24T09:49:22.040+0000] {logging_mixin.py:190} INFO - 已傳送文章至 Kafka: [問卦] 為何美國送以色列薩德不送烏克蘭？
[2024-10-24T09:49:22.107+0000] {logging_mixin.py:190} INFO - 訊息成功傳送到 test-topic 分區 [0]
[2024-10-24T09:49:22.107+0000] {logging_mixin.py:190} INFO - 已傳送文章至 Kafka: [問卦] 跟王菲同等級的歌手 有哪些呢?
[2024-10-24T09:49:22.165+0000] {logging_mixin.py:190} INFO - 訊息成功傳送到 test-topic 分區 [3]
[2024-10-24T09:49:22.166+0000] {logging_mixin.py:190} INFO - 已傳送文章至 Kafka: [問卦] 3A遊戲臉都固定的不能調整捏臉創角色嗎?
[2024-10-24T09:49:22.220+0000] {logging_mixin.py:190} INFO - 訊息成功傳送到 test-topic 分區 [0]
[2024-10-24T09:49:22.220+0000] {logging_mixin.py:190} INFO - 已傳送文章至 Kafka: [問卦] 為何比較漂亮的都是在隔壁班
[2024-10-24T09:49:22.306+0000] {logging_mixin.py:190} INFO - 訊息成功傳送到 test-topic 分區 [2]
[2024-10-24T09:49:22.307+0000] {logging_mixin.py:190} INFO - 已傳送文章至 Kafka: [問卦] 沒人發現現在新建案一蓋就要蓋八年嗎！
[2024-10-24T09:49:22.350+0000] {logging_mixin.py:190} INFO - 訊息成功傳送到 test-topic 分區 [1]
[2024-10-24T09:49:22.351+0000] {logging_mixin.py:190} INFO - 已傳送文章至 Kafka: [問卦] 台灣未來的成長發展就是綠電了吧
[2024-10-24T09:49:22.409+0000] {logging_mixin.py:190} INFO - 訊息成功傳送到 test-topic 分區 [3]
[2024-10-24T09:49:22.409+0000] {logging_mixin.py:190} INFO - 已傳送文章至 Kafka: [問卦] 驚！飯店徵人需要靈知經驗？
[2024-10-24T09:49:22.456+0000] {logging_mixin.py:190} INFO - 訊息成功傳送到 test-topic 分區 [0]
[2024-10-24T09:49:22.456+0000] {logging_mixin.py:190} INFO - 已傳送文章至 Kafka: [問卦] 我是人 我反環保
[2024-10-24T09:49:22.514+0000] {logging_mixin.py:190} INFO - 訊息成功傳送到 test-topic 分區 [2]
[2024-10-24T09:49:22.515+0000] {logging_mixin.py:190} INFO - 已傳送文章至 Kafka: [問卦] 蛋價一直下跌，怎麼加蛋 都沒有降價?
[2024-10-24T09:49:22.564+0000] {logging_mixin.py:190} INFO - 訊息成功傳送到 test-topic 分區 [4]
[2024-10-24T09:49:22.564+0000] {logging_mixin.py:190} INFO - 已傳送文章至 Kafka: [問卦] 籃球,身高到底佔了幾%
[2024-10-24T09:49:22.603+0000] {logging_mixin.py:190} INFO - 訊息成功傳送到 test-topic 分區 [0]
[2024-10-24T09:49:22.603+0000] {logging_mixin.py:190} INFO - 已傳送文章至 Kafka: [問卦] 第一次發現記憶拼圖裡面有0.1秒有多震驚
[2024-10-24T09:49:22.604+0000] {logging_mixin.py:190} INFO - 第13頁完成
[2024-10-24T09:49:23.826+0000] {logging_mixin.py:190} INFO - 訊息成功傳送到 test-topic 分區 [4]
[2024-10-24T09:49:23.827+0000] {logging_mixin.py:190} INFO - 已傳送文章至 Kafka: Re: [新聞] 被爆是柯文哲金主之一 黃崇仁嘆「很
[2024-10-24T09:49:23.873+0000] {logging_mixin.py:190} INFO - 訊息成功傳送到 test-topic 分區 [1]
[2024-10-24T09:49:23.874+0000] {logging_mixin.py:190} INFO - 已傳送文章至 Kafka: [問卦] 老人聊天常常是無效溝通的狀態？
[2024-10-24T09:49:23.921+0000] {logging_mixin.py:190} INFO - 訊息成功傳送到 test-topic 分區 [4]
[2024-10-24T09:49:23.921+0000] {logging_mixin.py:190} INFO - 已傳送文章至 Kafka: [問卦] 台麥杯蓋蓋兩層,是否用了更多的塑膠?
[2024-10-24T09:49:23.956+0000] {logging_mixin.py:190} INFO - 訊息成功傳送到 test-topic 分區 [0]
[2024-10-24T09:49:23.956+0000] {logging_mixin.py:190} INFO - 已傳送文章至 Kafka: [問卦] 為何楊笠一直有獲得代言
[2024-10-24T09:49:24.009+0000] {logging_mixin.py:190} INFO - 訊息成功傳送到 test-topic 分區 [4]
[2024-10-24T09:49:24.010+0000] {logging_mixin.py:190} INFO - 已傳送文章至 Kafka: Re: [問卦] 台灣的五權分立是哪一步走錯了
[2024-10-24T09:49:24.061+0000] {logging_mixin.py:190} INFO - 訊息成功傳送到 test-topic 分區 [1]
[2024-10-24T09:49:24.061+0000] {logging_mixin.py:190} INFO - 已傳送文章至 Kafka: [問卦] 獵人的主角 叫小剛吧 我剛剛重看了一次
[2024-10-24T09:49:24.106+0000] {logging_mixin.py:190} INFO - 訊息成功傳送到 test-topic 分區 [2]
[2024-10-24T09:49:24.106+0000] {logging_mixin.py:190} INFO - 已傳送文章至 Kafka: Re: [問卦] 黑熊學院會是新一代的救國團嗎？
[2024-10-24T09:49:24.162+0000] {logging_mixin.py:190} INFO - 訊息成功傳送到 test-topic 分區 [2]
[2024-10-24T09:49:24.162+0000] {logging_mixin.py:190} INFO - 已傳送文章至 Kafka: [新聞] 陳昭姿再爆狂言！轟性平委員反代孕「心理
[2024-10-24T09:49:24.208+0000] {logging_mixin.py:190} INFO - 訊息成功傳送到 test-topic 分區 [0]
[2024-10-24T09:49:24.209+0000] {logging_mixin.py:190} INFO - 已傳送文章至 Kafka: [問卦] 跟女同事做愛，該怎麼假裝沒事？
[2024-10-24T09:49:24.258+0000] {logging_mixin.py:190} INFO - 訊息成功傳送到 test-topic 分區 [0]
[2024-10-24T09:49:24.258+0000] {logging_mixin.py:190} INFO - 已傳送文章至 Kafka: Re: [新聞] 蛋價崩跌創四年新低！　民眾無感：加蛋沒
[2024-10-24T09:49:24.306+0000] {logging_mixin.py:190} INFO - 訊息成功傳送到 test-topic 分區 [4]
[2024-10-24T09:49:24.306+0000] {logging_mixin.py:190} INFO - 已傳送文章至 Kafka: [問卦] 爆料AI有感知能力的人是本世紀最大笑話?
[2024-10-24T09:49:24.353+0000] {logging_mixin.py:190} INFO - 訊息成功傳送到 test-topic 分區 [3]
[2024-10-24T09:49:24.353+0000] {logging_mixin.py:190} INFO - 已傳送文章至 Kafka: [問卦] 九面關於這次獵人事件的看法(懶人包)
[2024-10-24T09:49:24.396+0000] {logging_mixin.py:190} INFO - 訊息成功傳送到 test-topic 分區 [4]
[2024-10-24T09:49:24.397+0000] {logging_mixin.py:190} INFO - 已傳送文章至 Kafka: [問卦] 霜降的降該唸ㄒㄧㄤˊ 或 ㄐㄧㄤˋ
[2024-10-24T09:49:24.437+0000] {logging_mixin.py:190} INFO - 訊息成功傳送到 test-topic 分區 [3]
[2024-10-24T09:49:24.437+0000] {logging_mixin.py:190} INFO - 已傳送文章至 Kafka: [問卦] 勁戰七代也該出了吧??
[2024-10-24T09:49:24.489+0000] {logging_mixin.py:190} INFO - 訊息成功傳送到 test-topic 分區 [2]
[2024-10-24T09:49:24.490+0000] {logging_mixin.py:190} INFO - 已傳送文章至 Kafka: Re: [新聞] 梳子、牙刷不再免費提供！旅宿業新規　一
[2024-10-24T09:49:24.544+0000] {logging_mixin.py:190} INFO - 訊息成功傳送到 test-topic 分區 [0]
[2024-10-24T09:49:24.544+0000] {logging_mixin.py:190} INFO - 已傳送文章至 Kafka: [問卦] 葉蒨文以前不輸楊丞琳吧!
[2024-10-24T09:49:24.587+0000] {logging_mixin.py:190} INFO - 訊息成功傳送到 test-topic 分區 [0]
[2024-10-24T09:49:24.587+0000] {logging_mixin.py:190} INFO - 已傳送文章至 Kafka: [問卦] 台北市重新定義低總價了3880
[2024-10-24T09:49:24.636+0000] {logging_mixin.py:190} INFO - 訊息成功傳送到 test-topic 分區 [0]
[2024-10-24T09:49:24.637+0000] {logging_mixin.py:190} INFO - 已傳送文章至 Kafka: Re: [問卦] 台灣的五權分立是哪一步走錯了
[2024-10-24T09:49:24.675+0000] {logging_mixin.py:190} INFO - 訊息成功傳送到 test-topic 分區 [0]
[2024-10-24T09:49:24.675+0000] {logging_mixin.py:190} INFO - 已傳送文章至 Kafka: Re: [問卦] 台灣的五權分立是哪一步走錯了
[2024-10-24T09:49:24.747+0000] {logging_mixin.py:190} INFO - 訊息成功傳送到 test-topic 分區 [2]
[2024-10-24T09:49:24.747+0000] {logging_mixin.py:190} INFO - 已傳送文章至 Kafka: [問卦] 算質數的用意？
[2024-10-24T09:49:24.748+0000] {logging_mixin.py:190} INFO - 第14頁完成
[2024-10-24T09:49:25.992+0000] {logging_mixin.py:190} INFO - 訊息成功傳送到 test-topic 分區 [1]
[2024-10-24T09:49:25.992+0000] {logging_mixin.py:190} INFO - 已傳送文章至 Kafka: [問卦] 藍芽耳機 電磁波會傷害大腦嗎？
[2024-10-24T09:49:26.030+0000] {logging_mixin.py:190} INFO - 訊息成功傳送到 test-topic 分區 [3]
[2024-10-24T09:49:26.030+0000] {logging_mixin.py:190} INFO - 已傳送文章至 Kafka: [新聞] 泰勒絲演唱會遭川普粉絲鬧場！ 派飛機
[2024-10-24T09:49:26.089+0000] {logging_mixin.py:190} INFO - 訊息成功傳送到 test-topic 分區 [3]
[2024-10-24T09:49:26.089+0000] {logging_mixin.py:190} INFO - 已傳送文章至 Kafka: Re: [新聞] 蛋價跌跌不休 茂生：已出現雞農拋售養雞
[2024-10-24T09:49:26.319+0000] {logging_mixin.py:190} INFO - 訊息成功傳送到 test-topic 分區 [2]
[2024-10-24T09:49:26.319+0000] {logging_mixin.py:190} INFO - 已傳送文章至 Kafka: [問卦] 數學能力可以苦練嗎
[2024-10-24T09:49:26.356+0000] {logging_mixin.py:190} INFO - 訊息成功傳送到 test-topic 分區 [3]
[2024-10-24T09:49:26.356+0000] {logging_mixin.py:190} INFO - 已傳送文章至 Kafka: [問卦] 聽說台胞證中國旅遊景點免費
[2024-10-24T09:49:26.400+0000] {logging_mixin.py:190} INFO - 訊息成功傳送到 test-topic 分區 [0]
[2024-10-24T09:49:26.401+0000] {logging_mixin.py:190} INFO - 已傳送文章至 Kafka: [問卦] 全世界哪個國家像台灣這麼愛出國？
[2024-10-24T09:49:26.441+0000] {logging_mixin.py:190} INFO - 訊息成功傳送到 test-topic 分區 [0]
[2024-10-24T09:49:26.441+0000] {logging_mixin.py:190} INFO - 已傳送文章至 Kafka: [問卦] 男生怎麼自慰到前列腺高潮？
[2024-10-24T09:49:26.502+0000] {logging_mixin.py:190} INFO - 訊息成功傳送到 test-topic 分區 [3]
[2024-10-24T09:49:26.502+0000] {logging_mixin.py:190} INFO - 已傳送文章至 Kafka: Re: [新聞] 被爆是柯文哲金主之一 黃崇仁嘆「很衰」
[2024-10-24T09:49:26.538+0000] {logging_mixin.py:190} INFO - 訊息成功傳送到 test-topic 分區 [3]
[2024-10-24T09:49:26.538+0000] {logging_mixin.py:190} INFO - 已傳送文章至 Kafka: [問卦] 會因為不想升遷而藏招嗎？
[2024-10-24T09:49:26.577+0000] {logging_mixin.py:190} INFO - 訊息成功傳送到 test-topic 分區 [4]
[2024-10-24T09:49:26.577+0000] {logging_mixin.py:190} INFO - 已傳送文章至 Kafka: [問卦] 明天麥當勞要怎麼掃卡包？
[2024-10-24T09:49:26.645+0000] {logging_mixin.py:190} INFO - 訊息成功傳送到 test-topic 分區 [4]
[2024-10-24T09:49:26.645+0000] {logging_mixin.py:190} INFO - 已傳送文章至 Kafka: [新聞] 女飛官偷吃同袍！傳裸照嬌喊「臭老公」
[2024-10-24T09:49:26.680+0000] {logging_mixin.py:190} INFO - 訊息成功傳送到 test-topic 分區 [2]
[2024-10-24T09:49:26.681+0000] {logging_mixin.py:190} INFO - 已傳送文章至 Kafka: [問卦] 分手了要不要刪掉對方朋友呀
[2024-10-24T09:49:26.720+0000] {logging_mixin.py:190} INFO - 訊息成功傳送到 test-topic 分區 [3]
[2024-10-24T09:49:26.720+0000] {logging_mixin.py:190} INFO - 已傳送文章至 Kafka: [新聞] 新北殯儀館 貨梯鋼索斷裂 3工人送醫無礙
[2024-10-24T09:49:26.760+0000] {logging_mixin.py:190} INFO - 訊息成功傳送到 test-topic 分區 [2]
[2024-10-24T09:49:26.760+0000] {logging_mixin.py:190} INFO - 已傳送文章至 Kafka: Re: [問卦] 烏俄戰爭最新情報（20241020）
[2024-10-24T09:49:26.801+0000] {logging_mixin.py:190} INFO - 訊息成功傳送到 test-topic 分區 [0]
[2024-10-24T09:49:26.801+0000] {logging_mixin.py:190} INFO - 已傳送文章至 Kafka: Re: [問卦] 台灣的五權分立是哪一步走錯了
[2024-10-24T09:49:26.847+0000] {logging_mixin.py:190} INFO - 訊息成功傳送到 test-topic 分區 [3]
[2024-10-24T09:49:26.847+0000] {logging_mixin.py:190} INFO - 已傳送文章至 Kafka: [新聞] 前夫涉嫌看顧客雙乳　Makiyo痛罵：噁心下流又無恥
[2024-10-24T09:49:26.885+0000] {logging_mixin.py:190} INFO - 訊息成功傳送到 test-topic 分區 [2]
[2024-10-24T09:49:26.886+0000] {logging_mixin.py:190} INFO - 已傳送文章至 Kafka: Re: [新聞] 蛋價跌跌不休 茂生：已出現雞農拋售養雞
[2024-10-24T09:49:26.921+0000] {logging_mixin.py:190} INFO - 訊息成功傳送到 test-topic 分區 [1]
[2024-10-24T09:49:26.922+0000] {logging_mixin.py:190} INFO - 已傳送文章至 Kafka: [問卦] 買房頭期款投資獵人卡包能賺多少
[2024-10-24T09:49:26.966+0000] {logging_mixin.py:190} INFO - 訊息成功傳送到 test-topic 分區 [3]
[2024-10-24T09:49:26.967+0000] {logging_mixin.py:190} INFO - 已傳送文章至 Kafka: [問卦] 卡通迷就不生氣嗎？
[2024-10-24T09:49:26.967+0000] {logging_mixin.py:190} INFO - 第15頁完成
[2024-10-24T09:49:28.214+0000] {logging_mixin.py:190} INFO - 訊息成功傳送到 test-topic 分區 [3]
[2024-10-24T09:49:28.214+0000] {logging_mixin.py:190} INFO - 已傳送文章至 Kafka: Re: [新聞] 梳子、牙刷不再免費提供！旅宿業新規　一
[2024-10-24T09:49:28.262+0000] {logging_mixin.py:190} INFO - 訊息成功傳送到 test-topic 分區 [1]
[2024-10-24T09:49:28.262+0000] {logging_mixin.py:190} INFO - 已傳送文章至 Kafka: [問卦] 日本韓國有文化美感台灣沒有？
[2024-10-24T09:49:28.309+0000] {logging_mixin.py:190} INFO - 訊息成功傳送到 test-topic 分區 [3]
[2024-10-24T09:49:28.309+0000] {logging_mixin.py:190} INFO - 已傳送文章至 Kafka: [問卦] 有沒有你的一切活動都在被監控的卦？
[2024-10-24T09:49:28.349+0000] {logging_mixin.py:190} INFO - 訊息成功傳送到 test-topic 分區 [3]
[2024-10-24T09:49:28.350+0000] {logging_mixin.py:190} INFO - 已傳送文章至 Kafka: [問卦] 明天麥當勞會被獵人癱瘓鬧上新聞嗎？
[2024-10-24T09:49:28.389+0000] {logging_mixin.py:190} INFO - 訊息成功傳送到 test-topic 分區 [0]
[2024-10-24T09:49:28.389+0000] {logging_mixin.py:190} INFO - 已傳送文章至 Kafka: [問卦] 酷拉皮卡也是穿愛馬士嗎
[2024-10-24T09:49:28.436+0000] {logging_mixin.py:190} INFO - 訊息成功傳送到 test-topic 分區 [2]
[2024-10-24T09:49:28.437+0000] {logging_mixin.py:190} INFO - 已傳送文章至 Kafka: [問卦] 有沒有美奶滋百搭的八卦?
[2024-10-24T09:49:28.478+0000] {logging_mixin.py:190} INFO - 訊息成功傳送到 test-topic 分區 [1]
[2024-10-24T09:49:28.478+0000] {logging_mixin.py:190} INFO - 已傳送文章至 Kafka: [問卦] 鳥貴族到底要排到什麼時候
[2024-10-24T09:49:28.523+0000] {logging_mixin.py:190} INFO - 訊息成功傳送到 test-topic 分區 [1]
[2024-10-24T09:49:28.523+0000] {logging_mixin.py:190} INFO - 已傳送文章至 Kafka: [問卦] 現在網咖還是很熱門的八卦？
[2024-10-24T09:49:28.561+0000] {logging_mixin.py:190} INFO - 訊息成功傳送到 test-topic 分區 [3]
[2024-10-24T09:49:28.561+0000] {logging_mixin.py:190} INFO - 已傳送文章至 Kafka: [問卦] 不缺電但是IDC機房一直漲價腫摸辦
[2024-10-24T09:49:28.602+0000] {logging_mixin.py:190} INFO - 訊息成功傳送到 test-topic 分區 [2]
[2024-10-24T09:49:28.603+0000] {logging_mixin.py:190} INFO - 已傳送文章至 Kafka: [新聞] 「汐東線」今決標！基隆捷運邁大步　汐
[2024-10-24T09:49:28.656+0000] {logging_mixin.py:190} INFO - 訊息成功傳送到 test-topic 分區 [3]
[2024-10-24T09:49:28.657+0000] {logging_mixin.py:190} INFO - 已傳送文章至 Kafka: [新聞] 遭疑核能態度大轉彎 卓揆:盼各黨能以開放
[2024-10-24T09:49:28.700+0000] {logging_mixin.py:190} INFO - 訊息成功傳送到 test-topic 分區 [3]
[2024-10-24T09:49:28.701+0000] {logging_mixin.py:190} INFO - 已傳送文章至 Kafka: [問卦] 殺老婆和兩個女兒的犯人要出來了？
[2024-10-24T09:49:28.763+0000] {logging_mixin.py:190} INFO - 訊息成功傳送到 test-topic 分區 [2]
[2024-10-24T09:49:28.763+0000] {logging_mixin.py:190} INFO - 已傳送文章至 Kafka: [新聞] 吳思瑤控「政治癡漢偷拍」　羅智強揭真相
[2024-10-24T09:49:28.812+0000] {logging_mixin.py:190} INFO - 訊息成功傳送到 test-topic 分區 [1]
[2024-10-24T09:49:28.813+0000] {logging_mixin.py:190} INFO - 已傳送文章至 Kafka: [新聞] 12歲弟打呼超大聲！醫挖出「2顆粉紅貢丸
[2024-10-24T09:49:28.868+0000] {logging_mixin.py:190} INFO - 訊息成功傳送到 test-topic 分區 [2]
[2024-10-24T09:49:28.868+0000] {logging_mixin.py:190} INFO - 已傳送文章至 Kafka: Re: [新聞] 有片／NHK揭中國「認知戰」真相　王定宇
[2024-10-24T09:49:28.909+0000] {logging_mixin.py:190} INFO - 訊息成功傳送到 test-topic 分區 [0]
[2024-10-24T09:49:28.909+0000] {logging_mixin.py:190} INFO - 已傳送文章至 Kafka: Re: [問卦] 你人在日本 被北檢列被告  會回台嗎
[2024-10-24T09:49:28.945+0000] {logging_mixin.py:190} INFO - 訊息成功傳送到 test-topic 分區 [4]
[2024-10-24T09:49:28.945+0000] {logging_mixin.py:190} INFO - 已傳送文章至 Kafka: Re: [問卦] 美劇為何愛拍很多季 最後又爛尾?
[2024-10-24T09:49:28.993+0000] {logging_mixin.py:190} INFO - 訊息成功傳送到 test-topic 分區 [2]
[2024-10-24T09:49:28.993+0000] {logging_mixin.py:190} INFO - 已傳送文章至 Kafka: Re: [問卦] 台灣的五權分立是哪一步走錯了
[2024-10-24T09:49:29.039+0000] {logging_mixin.py:190} INFO - 訊息成功傳送到 test-topic 分區 [2]
[2024-10-24T09:49:29.040+0000] {logging_mixin.py:190} INFO - 已傳送文章至 Kafka: [問卦] 阿肥們一餐能吃幾塊炸雞(麥當勞/肯德基)
[2024-10-24T09:49:29.081+0000] {logging_mixin.py:190} INFO - 訊息成功傳送到 test-topic 分區 [2]
[2024-10-24T09:49:29.081+0000] {logging_mixin.py:190} INFO - 已傳送文章至 Kafka: Re: [新聞] 王鴻薇控藍綠直轄市補助差很大 王定宇：
[2024-10-24T09:49:29.082+0000] {logging_mixin.py:190} INFO - 第16頁完成
[2024-10-24T09:49:30.310+0000] {logging_mixin.py:190} INFO - 訊息成功傳送到 test-topic 分區 [3]
[2024-10-24T09:49:30.310+0000] {logging_mixin.py:190} INFO - 已傳送文章至 Kafka: [問卦] 到處都在講周杰倫售票太扯了吧==？
[2024-10-24T09:49:30.361+0000] {logging_mixin.py:190} INFO - 訊息成功傳送到 test-topic 分區 [0]
[2024-10-24T09:49:30.362+0000] {logging_mixin.py:190} INFO - 已傳送文章至 Kafka: [問卦] 為什麼台灣人做什麼都很急？
[2024-10-24T09:49:30.411+0000] {logging_mixin.py:190} INFO - 訊息成功傳送到 test-topic 分區 [0]
[2024-10-24T09:49:30.412+0000] {logging_mixin.py:190} INFO - 已傳送文章至 Kafka: [新聞] 中國多地海水倒灌 官方稱中外無先例 民不
[2024-10-24T09:49:30.456+0000] {logging_mixin.py:190} INFO - 訊息成功傳送到 test-topic 分區 [4]
[2024-10-24T09:49:30.457+0000] {logging_mixin.py:190} INFO - 已傳送文章至 Kafka: [新聞] 王鴻薇控藍綠直轄市補助差很大 王定宇：
[2024-10-24T09:49:30.497+0000] {logging_mixin.py:190} INFO - 訊息成功傳送到 test-topic 分區 [2]
[2024-10-24T09:49:30.497+0000] {logging_mixin.py:190} INFO - 已傳送文章至 Kafka: [問卦] 東協國家人那麼愛花錢怎還是窮？
[2024-10-24T09:49:30.537+0000] {logging_mixin.py:190} INFO - 訊息成功傳送到 test-topic 分區 [3]
[2024-10-24T09:49:30.538+0000] {logging_mixin.py:190} INFO - 已傳送文章至 Kafka: [問卦] 如果看程序員小菲菲還需要看資結嗎
[2024-10-24T09:49:30.581+0000] {logging_mixin.py:190} INFO - 訊息成功傳送到 test-topic 分區 [2]
[2024-10-24T09:49:30.581+0000] {logging_mixin.py:190} INFO - 已傳送文章至 Kafka: [新聞] 台南試辦行穿線號誌投影燈 地面紅綠光條
[2024-10-24T09:49:30.632+0000] {logging_mixin.py:190} INFO - 訊息成功傳送到 test-topic 分區 [4]
[2024-10-24T09:49:30.632+0000] {logging_mixin.py:190} INFO - 已傳送文章至 Kafka: [問卦] 這漢堡163元你可以嗎☺
[2024-10-24T09:49:30.685+0000] {logging_mixin.py:190} INFO - 訊息成功傳送到 test-topic 分區 [0]
[2024-10-24T09:49:30.685+0000] {logging_mixin.py:190} INFO - 已傳送文章至 Kafka: [新聞] 利劍B軍演開始 關指部才緊急召回官兵？
[2024-10-24T09:49:30.732+0000] {logging_mixin.py:190} INFO - 訊息成功傳送到 test-topic 分區 [3]
[2024-10-24T09:49:30.732+0000] {logging_mixin.py:190} INFO - 已傳送文章至 Kafka: [問卦] 台灣男女為何沒有對立得很嚴重
[2024-10-24T09:49:30.788+0000] {logging_mixin.py:190} INFO - 訊息成功傳送到 test-topic 分區 [3]
[2024-10-24T09:49:30.789+0000] {logging_mixin.py:190} INFO - 已傳送文章至 Kafka: [問卦] 明天麥當勞是不是最大贏家
[2024-10-24T09:49:30.846+0000] {logging_mixin.py:190} INFO - 訊息成功傳送到 test-topic 分區 [0]
[2024-10-24T09:49:30.846+0000] {logging_mixin.py:190} INFO - 已傳送文章至 Kafka: [新聞] 蓋核電漲電費 日本核電補助新制度遭批判
[2024-10-24T09:49:30.889+0000] {logging_mixin.py:190} INFO - 訊息成功傳送到 test-topic 分區 [1]
[2024-10-24T09:49:30.889+0000] {logging_mixin.py:190} INFO - 已傳送文章至 Kafka: [問卦] 圖們江以東是朝鮮族傳統領地的卦？
[2024-10-24T09:49:30.943+0000] {logging_mixin.py:190} INFO - 訊息成功傳送到 test-topic 分區 [1]
[2024-10-24T09:49:30.943+0000] {logging_mixin.py:190} INFO - 已傳送文章至 Kafka: [問卦] 沒錢，要如何交到女朋友= =...?
[2024-10-24T09:49:30.981+0000] {logging_mixin.py:190} INFO - 訊息成功傳送到 test-topic 分區 [1]
[2024-10-24T09:49:30.981+0000] {logging_mixin.py:190} INFO - 已傳送文章至 Kafka: Re: [新聞] 快訊／北市中正區某大樓「17歲少女11F
[2024-10-24T09:49:31.028+0000] {logging_mixin.py:190} INFO - 訊息成功傳送到 test-topic 分區 [1]
[2024-10-24T09:49:31.028+0000] {logging_mixin.py:190} INFO - 已傳送文章至 Kafka: [問卦] 大立光現在可以all in了沒
[2024-10-24T09:49:31.070+0000] {logging_mixin.py:190} INFO - 訊息成功傳送到 test-topic 分區 [3]
[2024-10-24T09:49:31.070+0000] {logging_mixin.py:190} INFO - 已傳送文章至 Kafka: Re: [問卦] 笑死==原來一堆房屋仲介都是永慶的？
[2024-10-24T09:49:31.286+0000] {logging_mixin.py:190} INFO - 訊息成功傳送到 test-topic 分區 [4]
[2024-10-24T09:49:31.286+0000] {logging_mixin.py:190} INFO - 已傳送文章至 Kafka: [問卦] 台灣的五權分立是哪一步走錯了
[2024-10-24T09:49:31.332+0000] {logging_mixin.py:190} INFO - 訊息成功傳送到 test-topic 分區 [0]
[2024-10-24T09:49:31.332+0000] {logging_mixin.py:190} INFO - 已傳送文章至 Kafka: [問卦] 看一場棒球賽 300萬.
[2024-10-24T09:49:31.371+0000] {logging_mixin.py:190} INFO - 訊息成功傳送到 test-topic 分區 [1]
[2024-10-24T09:49:31.371+0000] {logging_mixin.py:190} INFO - 已傳送文章至 Kafka: [問卦] 越女 能稱  亞洲第一高顏值的國家 嗎
[2024-10-24T09:49:31.372+0000] {logging_mixin.py:190} INFO - 第17頁完成
[2024-10-24T09:49:32.595+0000] {logging_mixin.py:190} INFO - 訊息成功傳送到 test-topic 分區 [1]
[2024-10-24T09:49:32.595+0000] {logging_mixin.py:190} INFO - 已傳送文章至 Kafka: Re: [新聞] 日星水川麻美加入《零日攻擊》！ 陳其邁
[2024-10-24T09:49:32.643+0000] {logging_mixin.py:190} INFO - 訊息成功傳送到 test-topic 分區 [1]
[2024-10-24T09:49:32.643+0000] {logging_mixin.py:190} INFO - 已傳送文章至 Kafka: Re: [新聞] 柯文哲募款大將曝光　吳靜怡揭露她是柯
[2024-10-24T09:49:32.680+0000] {logging_mixin.py:190} INFO - 訊息成功傳送到 test-topic 分區 [2]
[2024-10-24T09:49:32.681+0000] {logging_mixin.py:190} INFO - 已傳送文章至 Kafka: Re: [新聞] 梳子、牙刷不再免費提供！旅宿業新規　一
[2024-10-24T09:49:32.726+0000] {logging_mixin.py:190} INFO - 訊息成功傳送到 test-topic 分區 [1]
[2024-10-24T09:49:32.726+0000] {logging_mixin.py:190} INFO - 已傳送文章至 Kafka: [問卦] 日幣又回到150！？
[2024-10-24T09:49:32.768+0000] {logging_mixin.py:190} INFO - 訊息成功傳送到 test-topic 分區 [3]
[2024-10-24T09:49:32.769+0000] {logging_mixin.py:190} INFO - 已傳送文章至 Kafka: [問卦] 現在在唸文組博士的都是什麼人
[2024-10-24T09:49:32.809+0000] {logging_mixin.py:190} INFO - 訊息成功傳送到 test-topic 分區 [1]
[2024-10-24T09:49:32.810+0000] {logging_mixin.py:190} INFO - 已傳送文章至 Kafka: [新聞] 土城房價5年漲4成 房仲：這些題材狂吸5大
[2024-10-24T09:49:32.880+0000] {logging_mixin.py:190} INFO - 訊息成功傳送到 test-topic 分區 [0]
[2024-10-24T09:49:32.880+0000] {logging_mixin.py:190} INFO - 已傳送文章至 Kafka: [問卦] 北韓出兵,...俄羅斯根本虧大了???
[2024-10-24T09:49:32.918+0000] {logging_mixin.py:190} INFO - 訊息成功傳送到 test-topic 分區 [0]
[2024-10-24T09:49:32.918+0000] {logging_mixin.py:190} INFO - 已傳送文章至 Kafka: [問卦] 原來膽大黨片尾那隻招財貓
[2024-10-24T09:49:32.960+0000] {logging_mixin.py:190} INFO - 訊息成功傳送到 test-topic 分區 [0]
[2024-10-24T09:49:32.961+0000] {logging_mixin.py:190} INFO - 已傳送文章至 Kafka: [新聞] 為名牌淪詐團車手少年穿逾4萬元LV運動鞋
[2024-10-24T09:49:32.998+0000] {logging_mixin.py:190} INFO - 訊息成功傳送到 test-topic 分區 [4]
[2024-10-24T09:49:32.998+0000] {logging_mixin.py:190} INFO - 已傳送文章至 Kafka: [問卦] 甲片放冷錢包會被破解嗎= =
[2024-10-24T09:49:33.039+0000] {logging_mixin.py:190} INFO - 訊息成功傳送到 test-topic 分區 [4]
[2024-10-24T09:49:33.039+0000] {logging_mixin.py:190} INFO - 已傳送文章至 Kafka: Re: [新聞] 梳子、牙刷不再免費提供！旅宿業新規　一
[2024-10-24T09:49:33.086+0000] {logging_mixin.py:190} INFO - 訊息成功傳送到 test-topic 分區 [2]
[2024-10-24T09:49:33.087+0000] {logging_mixin.py:190} INFO - 已傳送文章至 Kafka: [問卦] 每天上班都在想要不要辭職正常嗎==？
[2024-10-24T09:49:33.127+0000] {logging_mixin.py:190} INFO - 訊息成功傳送到 test-topic 分區 [3]
[2024-10-24T09:49:33.127+0000] {logging_mixin.py:190} INFO - 已傳送文章至 Kafka: [新聞] 陸女逛侏儒河馬「彈跳豬」園區拿彈弓亂射
[2024-10-24T09:49:33.169+0000] {logging_mixin.py:190} INFO - 訊息成功傳送到 test-topic 分區 [1]
[2024-10-24T09:49:33.170+0000] {logging_mixin.py:190} INFO - 已傳送文章至 Kafka: [問卦] 火力家園，得肺癌電費能減半嗎？
[2024-10-24T09:49:33.220+0000] {logging_mixin.py:190} INFO - 訊息成功傳送到 test-topic 分區 [4]
[2024-10-24T09:49:33.221+0000] {logging_mixin.py:190} INFO - 已傳送文章至 Kafka: Re: [新聞] 蛋價跌跌不休 茂生：已出現雞農拋售養雞
[2024-10-24T09:49:33.272+0000] {logging_mixin.py:190} INFO - 訊息成功傳送到 test-topic 分區 [1]
[2024-10-24T09:49:33.273+0000] {logging_mixin.py:190} INFO - 已傳送文章至 Kafka: Re: [新聞] 梳子、牙刷不再免費提供！旅宿業新規　一
[2024-10-24T09:49:33.338+0000] {logging_mixin.py:190} INFO - 訊息成功傳送到 test-topic 分區 [1]
[2024-10-24T09:49:33.338+0000] {logging_mixin.py:190} INFO - 已傳送文章至 Kafka: [問卦] 北京有92所大學
[2024-10-24T09:49:33.382+0000] {logging_mixin.py:190} INFO - 訊息成功傳送到 test-topic 分區 [1]
[2024-10-24T09:49:33.382+0000] {logging_mixin.py:190} INFO - 已傳送文章至 Kafka: [問卦] 聽キセキ聽到中毒了怎麼辦？
[2024-10-24T09:49:33.424+0000] {logging_mixin.py:190} INFO - 訊息成功傳送到 test-topic 分區 [0]
[2024-10-24T09:49:33.424+0000] {logging_mixin.py:190} INFO - 已傳送文章至 Kafka: Re: [新聞] 別讓高中生上戰場！藍擬修《全動法》　徐
[2024-10-24T09:49:33.424+0000] {logging_mixin.py:190} INFO - 第18頁完成
[2024-10-24T09:49:34.641+0000] {logging_mixin.py:190} INFO - 訊息成功傳送到 test-topic 分區 [1]
[2024-10-24T09:49:34.642+0000] {logging_mixin.py:190} INFO - 已傳送文章至 Kafka: Re: [問卦] 八卦怎麼交女友?
[2024-10-24T09:49:34.766+0000] {logging_mixin.py:190} INFO - 訊息成功傳送到 test-topic 分區 [2]
[2024-10-24T09:49:34.767+0000] {logging_mixin.py:190} INFO - 已傳送文章至 Kafka: [新聞] 20年國會經驗抵碩士學位？羅廷瑋爆綠委關
[2024-10-24T09:49:34.804+0000] {logging_mixin.py:190} INFO - 訊息成功傳送到 test-topic 分區 [0]
[2024-10-24T09:49:34.804+0000] {logging_mixin.py:190} INFO - 已傳送文章至 Kafka: Re: [問卦] 我國警察的密錄器為什麼不上網?
[2024-10-24T09:49:34.846+0000] {logging_mixin.py:190} INFO - 訊息成功傳送到 test-topic 分區 [3]
[2024-10-24T09:49:34.846+0000] {logging_mixin.py:190} INFO - 已傳送文章至 Kafka: [問卦] 美國的二輪摩托車 重機怎麼表現不怎優秀
[2024-10-24T09:49:34.893+0000] {logging_mixin.py:190} INFO - 訊息成功傳送到 test-topic 分區 [4]
[2024-10-24T09:49:34.893+0000] {logging_mixin.py:190} INFO - 已傳送文章至 Kafka: Re: [新聞] 核能立場轉彎？卓揆：有新技術不應置身事
[2024-10-24T09:49:34.934+0000] {logging_mixin.py:190} INFO - 訊息成功傳送到 test-topic 分區 [2]
[2024-10-24T09:49:34.934+0000] {logging_mixin.py:190} INFO - 已傳送文章至 Kafka: [問卦] 蘇俄人打德國人的時候是講英文嗎
[2024-10-24T09:49:35.068+0000] {logging_mixin.py:190} INFO - 訊息成功傳送到 test-topic 分區 [1]
[2024-10-24T09:49:35.069+0000] {logging_mixin.py:190} INFO - 已傳送文章至 Kafka: [新聞] 政確又翻車！日商3A大作砸32億 首日暴死悽慘數字曝比《星鳴
[2024-10-24T09:49:35.116+0000] {logging_mixin.py:190} INFO - 訊息成功傳送到 test-topic 分區 [2]
[2024-10-24T09:49:35.117+0000] {logging_mixin.py:190} INFO - 已傳送文章至 Kafka: [問卦] 三坪多的房間牆上什麼顏色
[2024-10-24T09:49:35.157+0000] {logging_mixin.py:190} INFO - 訊息成功傳送到 test-topic 分區 [3]
[2024-10-24T09:49:35.157+0000] {logging_mixin.py:190} INFO - 已傳送文章至 Kafka: [問卦] 把剪刀伸進肛門好可怕! 不敢看 ><
[2024-10-24T09:49:35.252+0000] {logging_mixin.py:190} INFO - 訊息成功傳送到 test-topic 分區 [0]
[2024-10-24T09:49:35.252+0000] {logging_mixin.py:190} INFO - 已傳送文章至 Kafka: [新聞] 有片／NHK揭中國「認知戰」真相　王定宇
[2024-10-24T09:49:35.294+0000] {logging_mixin.py:190} INFO - 訊息成功傳送到 test-topic 分區 [3]
[2024-10-24T09:49:35.294+0000] {logging_mixin.py:190} INFO - 已傳送文章至 Kafka: Re: [新聞] 蛋價跌跌不休 茂生：已出現雞農拋售養雞
[2024-10-24T09:49:35.354+0000] {logging_mixin.py:190} INFO - 訊息成功傳送到 test-topic 分區 [4]
[2024-10-24T09:49:35.354+0000] {logging_mixin.py:190} INFO - 已傳送文章至 Kafka: [新聞] 快訊／高雄男陳屍公寓租屋！鄰居超毛報
[2024-10-24T09:49:35.405+0000] {logging_mixin.py:190} INFO - 訊息成功傳送到 test-topic 分區 [0]
[2024-10-24T09:49:35.406+0000] {logging_mixin.py:190} INFO - 已傳送文章至 Kafka: [問卦] 水世界真的爛嗎？
[2024-10-24T09:49:35.442+0000] {logging_mixin.py:190} INFO - 訊息成功傳送到 test-topic 分區 [4]
[2024-10-24T09:49:35.442+0000] {logging_mixin.py:190} INFO - 已傳送文章至 Kafka: [問卦] 有部納粹在月球建基地的搞笑電影☺
[2024-10-24T09:49:35.482+0000] {logging_mixin.py:190} INFO - 訊息成功傳送到 test-topic 分區 [2]
[2024-10-24T09:49:35.483+0000] {logging_mixin.py:190} INFO - 已傳送文章至 Kafka: [問卦] 明天「綠電」三寶會大漲幾天?
[2024-10-24T09:49:35.519+0000] {logging_mixin.py:190} INFO - 訊息成功傳送到 test-topic 分區 [3]
[2024-10-24T09:49:35.520+0000] {logging_mixin.py:190} INFO - 已傳送文章至 Kafka: [問卦] 基隆路地下道很塞 走上面會比較快嗎？
[2024-10-24T09:49:35.567+0000] {logging_mixin.py:190} INFO - 訊息成功傳送到 test-topic 分區 [1]
[2024-10-24T09:49:35.568+0000] {logging_mixin.py:190} INFO - 已傳送文章至 Kafka: Re: [新聞] 補習班奇觀！「凌晨3點」學生大排隊　過
[2024-10-24T09:49:35.604+0000] {logging_mixin.py:190} INFO - 訊息成功傳送到 test-topic 分區 [4]
[2024-10-24T09:49:35.604+0000] {logging_mixin.py:190} INFO - 已傳送文章至 Kafka: [新聞] 共有人發起變價拍賣「法院認證廢墟」　外
[2024-10-24T09:49:35.689+0000] {logging_mixin.py:190} INFO - 訊息成功傳送到 test-topic 分區 [1]
[2024-10-24T09:49:35.690+0000] {logging_mixin.py:190} INFO - 已傳送文章至 Kafka: [新聞] 聯合國估計：俄羅斯全面入侵後 烏克蘭人口銳減
[2024-10-24T09:49:35.737+0000] {logging_mixin.py:190} INFO - 訊息成功傳送到 test-topic 分區 [0]
[2024-10-24T09:49:35.737+0000] {logging_mixin.py:190} INFO - 已傳送文章至 Kafka: [問卦] 如果嚴子琪跟你求婚？
[2024-10-24T09:49:35.737+0000] {logging_mixin.py:190} INFO - 第19頁完成
[2024-10-24T09:49:36.971+0000] {logging_mixin.py:190} INFO - 訊息成功傳送到 test-topic 分區 [2]
[2024-10-24T09:49:36.971+0000] {logging_mixin.py:190} INFO - 已傳送文章至 Kafka: [問卦] 賤葆比蔡阿嘎還慘耶。
[2024-10-24T09:49:37.006+0000] {logging_mixin.py:190} INFO - 訊息成功傳送到 test-topic 分區 [4]
[2024-10-24T09:49:37.007+0000] {logging_mixin.py:190} INFO - 已傳送文章至 Kafka: Re: [問卦] 動力火車怎麼有一段時間消失?
[2024-10-24T09:49:37.050+0000] {logging_mixin.py:190} INFO - 訊息成功傳送到 test-topic 分區 [1]
[2024-10-24T09:49:37.051+0000] {logging_mixin.py:190} INFO - 已傳送文章至 Kafka: [問卦] 記者真的很簡單入行嗎?
[2024-10-24T09:49:37.099+0000] {logging_mixin.py:190} INFO - 訊息成功傳送到 test-topic 分區 [4]
[2024-10-24T09:49:37.100+0000] {logging_mixin.py:190} INFO - 已傳送文章至 Kafka: [問卦] 當年沒有蓋深澳電廠 北部人是不是很聰明?
[2024-10-24T09:49:37.134+0000] {logging_mixin.py:190} INFO - 訊息成功傳送到 test-topic 分區 [3]
[2024-10-24T09:49:37.134+0000] {logging_mixin.py:190} INFO - 已傳送文章至 Kafka: Re: [問卦] 你人在日本 被北檢列被告  會回台嗎
[2024-10-24T09:49:37.184+0000] {logging_mixin.py:190} INFO - 訊息成功傳送到 test-topic 分區 [3]
[2024-10-24T09:49:37.184+0000] {logging_mixin.py:190} INFO - 已傳送文章至 Kafka: Re: [問卦] 為什麼你同情加薩多過台灣？
[2024-10-24T09:49:37.234+0000] {logging_mixin.py:190} INFO - 訊息成功傳送到 test-topic 分區 [4]
[2024-10-24T09:49:37.234+0000] {logging_mixin.py:190} INFO - 已傳送文章至 Kafka: [新聞] 高雄大停水！近10萬戶受影響區域時間一次
[2024-10-24T09:49:37.279+0000] {logging_mixin.py:190} INFO - 訊息成功傳送到 test-topic 分區 [2]
[2024-10-24T09:49:37.279+0000] {logging_mixin.py:190} INFO - 已傳送文章至 Kafka: [問卦] 阿嘉莎無所不在有人看嗎〓〓？
[2024-10-24T09:49:37.329+0000] {logging_mixin.py:190} INFO - 訊息成功傳送到 test-topic 分區 [4]
[2024-10-24T09:49:37.330+0000] {logging_mixin.py:190} INFO - 已傳送文章至 Kafka: [問卦] 超大型核能發電船？
[2024-10-24T09:49:37.372+0000] {logging_mixin.py:190} INFO - 訊息成功傳送到 test-topic 分區 [2]
[2024-10-24T09:49:37.373+0000] {logging_mixin.py:190} INFO - 已傳送文章至 Kafka: Re: [問卦] 你人在日本 被北檢列被告  會回台嗎
[2024-10-24T09:49:37.414+0000] {logging_mixin.py:190} INFO - 訊息成功傳送到 test-topic 分區 [2]
[2024-10-24T09:49:37.415+0000] {logging_mixin.py:190} INFO - 已傳送文章至 Kafka: [問卦] 為何加拿大跟澳洲 不走向共和制
[2024-10-24T09:49:37.454+0000] {logging_mixin.py:190} INFO - 訊息成功傳送到 test-topic 分區 [2]
[2024-10-24T09:49:37.454+0000] {logging_mixin.py:190} INFO - 已傳送文章至 Kafka: [問卦] 讓軍人休假時也配槍 可以維護社會安寧嗎
[2024-10-24T09:49:37.516+0000] {logging_mixin.py:190} INFO - 訊息成功傳送到 test-topic 分區 [1]
[2024-10-24T09:49:37.516+0000] {logging_mixin.py:190} INFO - 已傳送文章至 Kafka: [新聞] 台中教師打疫苗與衛生所人妻婚外情 激情2
[2024-10-24T09:49:37.559+0000] {logging_mixin.py:190} INFO - 訊息成功傳送到 test-topic 分區 [0]
[2024-10-24T09:49:37.560+0000] {logging_mixin.py:190} INFO - 已傳送文章至 Kafka: Re: [新聞] 梳子、牙刷不再免費提供！旅宿業新規　一
[2024-10-24T09:49:37.596+0000] {logging_mixin.py:190} INFO - 訊息成功傳送到 test-topic 分區 [0]
[2024-10-24T09:49:37.597+0000] {logging_mixin.py:190} INFO - 已傳送文章至 Kafka: [問卦] 什麼樣的人會改LINE名稱詐騙0_0？
[2024-10-24T09:49:37.631+0000] {logging_mixin.py:190} INFO - 訊息成功傳送到 test-topic 分區 [2]
[2024-10-24T09:49:37.632+0000] {logging_mixin.py:190} INFO - 已傳送文章至 Kafka: [問卦] 12強有李多會安之萱可以看嗎
[2024-10-24T09:49:37.677+0000] {logging_mixin.py:190} INFO - 訊息成功傳送到 test-topic 分區 [0]
[2024-10-24T09:49:37.678+0000] {logging_mixin.py:190} INFO - 已傳送文章至 Kafka: [問卦] 非核家園484很低能
[2024-10-24T09:49:37.721+0000] {logging_mixin.py:190} INFO - 訊息成功傳送到 test-topic 分區 [2]
[2024-10-24T09:49:37.722+0000] {logging_mixin.py:190} INFO - 已傳送文章至 Kafka: [新聞] 高雄22米高巨型南瓜燈試燈 比黃色小鴨還
[2024-10-24T09:49:37.795+0000] {logging_mixin.py:190} INFO - 訊息成功傳送到 test-topic 分區 [2]
[2024-10-24T09:49:37.795+0000] {logging_mixin.py:190} INFO - 已傳送文章至 Kafka: [新聞] 遭小草火大開轟「消費柯文哲」！蔡壁如不
[2024-10-24T09:49:37.795+0000] {logging_mixin.py:190} INFO - 第20頁完成
[2024-10-24T09:49:39.027+0000] {logging_mixin.py:190} INFO - 訊息成功傳送到 test-topic 分區 [1]
[2024-10-24T09:49:39.027+0000] {logging_mixin.py:190} INFO - 已傳送文章至 Kafka: [問卦] 福島機場下飛機直衝哪裡才對??
[2024-10-24T09:49:39.079+0000] {logging_mixin.py:190} INFO - 訊息成功傳送到 test-topic 分區 [2]
[2024-10-24T09:49:39.079+0000] {logging_mixin.py:190} INFO - 已傳送文章至 Kafka: [問卦] 問一部漫畫 政府故意阻擋國外藥物
[2024-10-24T09:49:39.793+0000] {logging_mixin.py:190} INFO - 訊息成功傳送到 test-topic 分區 [3]
[2024-10-24T09:49:39.793+0000] {logging_mixin.py:190} INFO - 已傳送文章至 Kafka: [新聞] 梳子、牙刷不再免費提供！旅宿業新規　一
[2024-10-24T09:49:39.847+0000] {logging_mixin.py:190} INFO - 訊息成功傳送到 test-topic 分區 [1]
[2024-10-24T09:49:39.847+0000] {logging_mixin.py:190} INFO - 已傳送文章至 Kafka: [問卦] 大陸地鐵可以刷臉 太先進了
[2024-10-24T09:49:39.890+0000] {logging_mixin.py:190} INFO - 訊息成功傳送到 test-topic 分區 [3]
[2024-10-24T09:49:39.891+0000] {logging_mixin.py:190} INFO - 已傳送文章至 Kafka: [問卦] 為什麼人很普通就不能有自信
[2024-10-24T09:49:39.933+0000] {logging_mixin.py:190} INFO - 訊息成功傳送到 test-topic 分區 [0]
[2024-10-24T09:49:39.933+0000] {logging_mixin.py:190} INFO - 已傳送文章至 Kafka: [問卦] Ace Pro2出了 gopro確定沒翻身機會了吧
[2024-10-24T09:49:39.997+0000] {logging_mixin.py:190} INFO - 訊息成功傳送到 test-topic 分區 [1]
[2024-10-24T09:49:39.997+0000] {logging_mixin.py:190} INFO - 已傳送文章至 Kafka: [新聞] 高鐵南延為何轉彎陳世凱喊不知道 黃捷：
[2024-10-24T09:49:40.042+0000] {logging_mixin.py:190} INFO - 訊息成功傳送到 test-topic 分區 [4]
[2024-10-24T09:49:40.043+0000] {logging_mixin.py:190} INFO - 已傳送文章至 Kafka: [問卦] 2025非核家園 提前實現了嗎????
[2024-10-24T09:49:40.091+0000] {logging_mixin.py:190} INFO - 訊息成功傳送到 test-topic 分區 [4]
[2024-10-24T09:49:40.092+0000] {logging_mixin.py:190} INFO - 已傳送文章至 Kafka: [問卦] 黑熊學院會是新一代的救國團嗎？
[2024-10-24T09:49:40.129+0000] {logging_mixin.py:190} INFO - 訊息成功傳送到 test-topic 分區 [4]
[2024-10-24T09:49:40.130+0000] {logging_mixin.py:190} INFO - 已傳送文章至 Kafka: [問卦] 我感覺現代人躁鬱症狀好明顯
[2024-10-24T09:49:40.280+0000] {local_task_job_runner.py:245} INFO - ::endgroup::
[2024-10-24T09:49:40.286+0000] {process_utils.py:132} INFO - Sending 15 to group 8870. PIDs of all processes in the group: [8870]
[2024-10-24T09:49:40.286+0000] {process_utils.py:87} INFO - Sending the signal 15 to group 8870
[2024-10-24T09:49:40.288+0000] {taskinstance.py:3092} ERROR - Received SIGTERM. Terminating subprocesses.
[2024-10-24T09:49:40.294+0000] {taskinstance.py:3310} ERROR - Task failed with exception
Traceback (most recent call last):
  File "/home/airflow/.local/lib/python3.12/site-packages/airflow/models/taskinstance.py", line 767, in _execute_task
    result = _execute_callable(context=context, **execute_callable_kwargs)
             ^^^^^^^^^^^^^^^^^^^^^^^^^^^^^^^^^^^^^^^^^^^^^^^^^^^^^^^^^^^^^
  File "/home/airflow/.local/lib/python3.12/site-packages/airflow/models/taskinstance.py", line 733, in _execute_callable
    return ExecutionCallableRunner(
           ^^^^^^^^^^^^^^^^^^^^^^^^
  File "/home/airflow/.local/lib/python3.12/site-packages/airflow/utils/operator_helpers.py", line 252, in run
    return self.func(*args, **kwargs)
           ^^^^^^^^^^^^^^^^^^^^^^^^^^
  File "/home/airflow/.local/lib/python3.12/site-packages/airflow/models/baseoperator.py", line 406, in wrapper
    return func(self, *args, **kwargs)
           ^^^^^^^^^^^^^^^^^^^^^^^^^^^
  File "/home/airflow/.local/lib/python3.12/site-packages/airflow/operators/python.py", line 238, in execute
    return_value = self.execute_callable()
                   ^^^^^^^^^^^^^^^^^^^^^^^
  File "/home/airflow/.local/lib/python3.12/site-packages/airflow/operators/python.py", line 256, in execute_callable
    return runner.run(*self.op_args, **self.op_kwargs)
           ^^^^^^^^^^^^^^^^^^^^^^^^^^^^^^^^^^^^^^^^^^^
  File "/home/airflow/.local/lib/python3.12/site-packages/airflow/utils/operator_helpers.py", line 252, in run
    return self.func(*args, **kwargs)
           ^^^^^^^^^^^^^^^^^^^^^^^^^^
  File "/opt/airflow/dags/frank_dag.py", line 136, in frank_ptt
    producer.flush()  # 確保訊息已傳送
    ^^^^^^^^^^^^^^^^
  File "/opt/airflow/dags/frank_dag.py", line 34, in delivery_report
    def delivery_report(err, msg):
    
  File "/home/airflow/.local/lib/python3.12/site-packages/airflow/models/taskinstance.py", line 3094, in signal_handler
    raise AirflowTaskTerminated("Task received SIGTERM signal")
airflow.exceptions.AirflowTaskTerminated: Task received SIGTERM signal
[2024-10-24T09:49:40.300+0000] {taskinstance.py:1225} INFO - Marking task as FAILED. dag_id=frank_dag, task_id=run_selenium_task, run_id=scheduled__2024-10-24T09:44:00+00:00, execution_date=20241024T094400, start_date=20241024T094851, end_date=20241024T094940
[2024-10-24T09:49:40.312+0000] {taskinstance.py:340} INFO - ::group::Post task execution logs
[2024-10-24T09:49:40.339+0000] {process_utils.py:80} INFO - Process psutil.Process(pid=8870, status='terminated', exitcode=2, started='09:48:50') (8870) terminated with exit code 2
