[2024-10-23T00:06:16.806+0000] {local_task_job_runner.py:123} INFO - ::group::Pre task execution logs
[2024-10-23T00:06:16.823+0000] {taskinstance.py:2612} INFO - Dependencies all met for dep_context=non-requeueable deps ti=<TaskInstance: selenium_scraper_dag.run_selenium_task scheduled__2024-10-22T00:00:00+00:00 [queued]>
[2024-10-23T00:06:16.832+0000] {taskinstance.py:2612} INFO - Dependencies all met for dep_context=requeueable deps ti=<TaskInstance: selenium_scraper_dag.run_selenium_task scheduled__2024-10-22T00:00:00+00:00 [queued]>
[2024-10-23T00:06:16.832+0000] {taskinstance.py:2865} INFO - Starting attempt 1 of 2
[2024-10-23T00:06:16.853+0000] {taskinstance.py:2888} INFO - Executing <Task(PythonOperator): run_selenium_task> on 2024-10-22 00:00:00+00:00
[2024-10-23T00:06:16.860+0000] {standard_task_runner.py:72} INFO - Started process 16609 to run task
[2024-10-23T00:06:16.867+0000] {standard_task_runner.py:104} INFO - Running: ['airflow', 'tasks', 'run', 'selenium_scraper_dag', 'run_selenium_task', 'scheduled__2024-10-22T00:00:00+00:00', '--job-id', '853', '--raw', '--subdir', 'DAGS_FOLDER/selenium_test.py', '--cfg-path', '/tmp/tmpp06bjcel']
[2024-10-23T00:06:16.869+0000] {standard_task_runner.py:105} INFO - Job 853: Subtask run_selenium_task
[2024-10-23T00:06:16.929+0000] {task_command.py:467} INFO - Running <TaskInstance: selenium_scraper_dag.run_selenium_task scheduled__2024-10-22T00:00:00+00:00 [running]> on host 60bbe790d101
[2024-10-23T00:06:17.024+0000] {taskinstance.py:3131} INFO - Exporting env vars: AIRFLOW_CTX_DAG_OWNER='airflow' AIRFLOW_CTX_DAG_ID='selenium_scraper_dag' AIRFLOW_CTX_TASK_ID='run_selenium_task' AIRFLOW_CTX_EXECUTION_DATE='2024-10-22T00:00:00+00:00' AIRFLOW_CTX_TRY_NUMBER='1' AIRFLOW_CTX_DAG_RUN_ID='scheduled__2024-10-22T00:00:00+00:00'
[2024-10-23T00:06:17.025+0000] {taskinstance.py:731} INFO - ::endgroup::
[2024-10-23T00:06:17.047+0000] {logger.py:11} INFO - ====== WebDriver manager ======
[2024-10-23T00:06:17.827+0000] {logger.py:11} INFO - Get LATEST chromedriver version for google-chrome
[2024-10-23T00:06:17.959+0000] {logger.py:11} INFO - Get LATEST chromedriver version for google-chrome
[2024-10-23T00:06:18.083+0000] {logger.py:11} INFO - There is no [linux64] chromedriver "130.0.6723.69" for browser google-chrome "130.0.6723" in cache
[2024-10-23T00:06:18.084+0000] {logger.py:11} INFO - Get LATEST chromedriver version for google-chrome
[2024-10-23T00:06:18.407+0000] {logger.py:11} INFO - WebDriver version 130.0.6723.69 selected
[2024-10-23T00:06:18.411+0000] {logger.py:11} INFO - Modern chrome version https://storage.googleapis.com/chrome-for-testing-public/130.0.6723.69/linux64/chromedriver-linux64.zip
[2024-10-23T00:06:18.412+0000] {logger.py:11} INFO - About to download new driver from https://storage.googleapis.com/chrome-for-testing-public/130.0.6723.69/linux64/chromedriver-linux64.zip
[2024-10-23T00:06:18.572+0000] {logger.py:11} INFO - Driver downloading response is 200
[2024-10-23T00:06:19.740+0000] {logger.py:11} INFO - Get LATEST chromedriver version for google-chrome
[2024-10-23T00:06:20.073+0000] {logger.py:11} INFO - Driver has been saved in cache [/home/airflow/.wdm/drivers/chromedriver/linux64/130.0.6723.69]
[2024-10-23T00:06:23.610+0000] {logging_mixin.py:190} INFO - Page title is: Google
[2024-10-23T00:06:25.306+0000] {logging_mixin.py:190} INFO - New page title is: Selenium - Google 搜尋
[2024-10-23T00:06:25.476+0000] {python.py:240} INFO - Done. Returned value was: None
[2024-10-23T00:06:25.483+0000] {taskinstance.py:340} INFO - ::group::Post task execution logs
[2024-10-23T00:06:25.483+0000] {taskinstance.py:352} INFO - Marking task as SUCCESS. dag_id=selenium_scraper_dag, task_id=run_selenium_task, run_id=scheduled__2024-10-22T00:00:00+00:00, execution_date=20241022T000000, start_date=20241023T000616, end_date=20241023T000625
[2024-10-23T00:06:25.533+0000] {local_task_job_runner.py:266} INFO - Task exited with return code 0
[2024-10-23T00:06:25.548+0000] {taskinstance.py:3900} INFO - 0 downstream tasks scheduled from follow-on schedule check
[2024-10-23T00:06:25.549+0000] {local_task_job_runner.py:245} INFO - ::endgroup::
