2024-10-22 06:34:45.952 [info] [main] Log level: Info
2024-10-22 06:34:45.952 [info] [main] Validating found git in: "git"
2024-10-22 06:34:45.952 [info] [main] Using git "2.25.1" from "git"
2024-10-22 06:34:45.953 [info] [Model][doInitialScan] Initial repository scan started
2024-10-22 06:34:45.953 [info] > git rev-parse --show-toplevel [1166ms]
2024-10-22 06:34:45.953 [info] fatal: not a git repository (or any of the parent directories): .git
2024-10-22 06:34:45.953 [info] > git rev-parse --show-toplevel [84ms]
2024-10-22 06:34:45.953 [info] fatal: not a git repository (or any of the parent directories): .git
2024-10-22 06:34:45.977 [info] > git rev-parse --show-toplevel [13ms]
2024-10-22 06:34:45.978 [info] fatal: not a git repository (or any of the parent directories): .git
2024-10-22 06:34:46.059 [info] > git rev-parse --show-toplevel [71ms]
2024-10-22 06:34:46.060 [info] fatal: not a git repository (or any of the parent directories): .git
2024-10-22 06:34:46.194 [info] > git rev-parse --show-toplevel [64ms]
2024-10-22 06:34:46.195 [info] fatal: not a git repository (or any of the parent directories): .git
2024-10-22 06:34:46.250 [info] > git rev-parse --show-toplevel [31ms]
2024-10-22 06:34:46.250 [info] fatal: not a git repository (or any of the parent directories): .git
2024-10-22 06:34:46.358 [info] > git rev-parse --show-toplevel [100ms]
2024-10-22 06:34:46.359 [info] fatal: not a git repository (or any of the parent directories): .git
2024-10-22 06:34:46.403 [info] > git rev-parse --show-toplevel [16ms]
2024-10-22 06:34:46.403 [info] fatal: not a git repository (or any of the parent directories): .git
2024-10-22 06:34:46.479 [info] > git rev-parse --show-toplevel [50ms]
2024-10-22 06:34:46.479 [info] fatal: not a git repository (or any of the parent directories): .git
2024-10-22 06:34:46.545 [info] > git rev-parse --show-toplevel [31ms]
2024-10-22 06:34:46.545 [info] fatal: not a git repository (or any of the parent directories): .git
2024-10-22 06:34:46.568 [info] > git rev-parse --show-toplevel [8ms]
2024-10-22 06:34:46.568 [info] fatal: not a git repository (or any of the parent directories): .git
2024-10-22 06:34:46.593 [info] > git rev-parse --show-toplevel [10ms]
2024-10-22 06:34:46.593 [info] fatal: not a git repository (or any of the parent directories): .git
2024-10-22 06:34:46.607 [info] > git rev-parse --show-toplevel [7ms]
2024-10-22 06:34:46.607 [info] fatal: not a git repository (or any of the parent directories): .git
2024-10-22 06:34:46.611 [info] [Model][doInitialScan] Initial repository scan completed - repositories (0), closed repositories (0), parent repositories (0), unsafe repositories (0)
2024-10-22 06:39:38.769 [info] > git rev-parse --show-toplevel [12ms]
2024-10-22 06:39:38.770 [info] fatal: not a git repository (or any of the parent directories): .git
2024-10-22 06:56:17.563 [info] > git rev-parse --show-toplevel [3ms]
2024-10-22 06:56:17.564 [info] fatal: not a git repository (or any of the parent directories): .git
2024-10-22 06:56:22.003 [info] > git rev-parse --show-toplevel [5ms]
2024-10-22 06:56:22.003 [info] fatal: not a git repository (or any of the parent directories): .git
2024-10-22 07:00:44.480 [info] > git rev-parse --show-toplevel [34ms]
2024-10-22 07:00:44.481 [info] fatal: not a git repository (or any of the parent directories): .git
2024-10-22 07:00:55.535 [info] > git rev-parse --show-toplevel [3ms]
2024-10-22 07:00:55.535 [info] fatal: not a git repository (or any of the parent directories): .git
