2024-10-22 07:49:45.203 [info] [main] Log level: Info
2024-10-22 07:49:45.203 [info] [main] Validating found git in: "git"
2024-10-22 07:49:45.203 [info] [main] Using git "2.25.1" from "git"
2024-10-22 07:49:45.203 [info] [Model][doInitialScan] Initial repository scan started
2024-10-22 07:49:45.203 [info] > git rev-parse --show-toplevel [24ms]
2024-10-22 07:49:45.203 [info] fatal: not a git repository (or any of the parent directories): .git
2024-10-22 07:49:45.390 [info] > git rev-parse --show-toplevel [24ms]
2024-10-22 07:49:45.391 [info] fatal: not a git repository (or any of the parent directories): .git
2024-10-22 07:49:45.415 [info] > git rev-parse --show-toplevel [14ms]
2024-10-22 07:49:45.415 [info] fatal: not a git repository (or any of the parent directories): .git
2024-10-22 07:49:45.457 [info] > git rev-parse --show-toplevel [19ms]
2024-10-22 07:49:45.469 [info] fatal: not a git repository (or any of the parent directories): .git
2024-10-22 07:49:45.711 [info] > git rev-parse --show-toplevel [104ms]
2024-10-22 07:49:45.713 [info] fatal: not a git repository (or any of the parent directories): .git
2024-10-22 07:49:45.871 [info] > git rev-parse --show-toplevel [149ms]
2024-10-22 07:49:45.871 [info] fatal: not a git repository (or any of the parent directories): .git
2024-10-22 07:49:45.888 [info] > git rev-parse --show-toplevel [11ms]
2024-10-22 07:49:45.888 [info] fatal: not a git repository (or any of the parent directories): .git
2024-10-22 07:49:45.914 [info] > git rev-parse --show-toplevel [19ms]
2024-10-22 07:49:45.915 [info] fatal: not a git repository (or any of the parent directories): .git
2024-10-22 07:49:45.934 [info] > git rev-parse --show-toplevel [12ms]
2024-10-22 07:49:45.934 [info] fatal: not a git repository (or any of the parent directories): .git
2024-10-22 07:49:45.960 [info] > git rev-parse --show-toplevel [16ms]
2024-10-22 07:49:45.961 [info] fatal: not a git repository (or any of the parent directories): .git
2024-10-22 07:49:46.111 [info] > git rev-parse --show-toplevel [142ms]
2024-10-22 07:49:46.124 [info] fatal: not a git repository (or any of the parent directories): .git
2024-10-22 07:49:46.142 [info] > git rev-parse --show-toplevel [8ms]
2024-10-22 07:49:46.142 [info] fatal: not a git repository (or any of the parent directories): .git
2024-10-22 07:49:46.169 [info] [Model][doInitialScan] Initial repository scan completed - repositories (0), closed repositories (0), parent repositories (0), unsafe repositories (0)
