2024-10-22 11:20:19.653 [info] [main] Log level: Info
2024-10-22 11:20:19.653 [info] [main] Validating found git in: "git"
2024-10-22 11:20:19.653 [info] [main] Using git "2.25.1" from "git"
2024-10-22 11:20:19.653 [info] [Model][doInitialScan] Initial repository scan started
2024-10-22 11:20:19.653 [info] > git rev-parse --show-toplevel [52ms]
2024-10-22 11:20:19.653 [info] fatal: not a git repository (or any of the parent directories): .git
2024-10-22 11:20:19.669 [info] > git rev-parse --show-toplevel [7ms]
2024-10-22 11:20:19.669 [info] fatal: not a git repository (or any of the parent directories): .git
2024-10-22 11:20:19.681 [info] > git rev-parse --show-toplevel [7ms]
2024-10-22 11:20:19.682 [info] fatal: not a git repository (or any of the parent directories): .git
2024-10-22 11:20:19.693 [info] > git rev-parse --show-toplevel [7ms]
2024-10-22 11:20:19.693 [info] fatal: not a git repository (or any of the parent directories): .git
2024-10-22 11:20:19.764 [info] > git rev-parse --show-toplevel [66ms]
2024-10-22 11:20:19.764 [info] fatal: not a git repository (or any of the parent directories): .git
2024-10-22 11:20:19.775 [info] > git rev-parse --show-toplevel [4ms]
2024-10-22 11:20:19.775 [info] fatal: not a git repository (or any of the parent directories): .git
2024-10-22 11:20:19.787 [info] > git rev-parse --show-toplevel [7ms]
2024-10-22 11:20:19.787 [info] fatal: not a git repository (or any of the parent directories): .git
2024-10-22 11:20:19.816 [info] > git rev-parse --show-toplevel [25ms]
2024-10-22 11:20:19.816 [info] fatal: not a git repository (or any of the parent directories): .git
2024-10-22 11:20:19.846 [info] > git rev-parse --show-toplevel [15ms]
2024-10-22 11:20:19.846 [info] fatal: not a git repository (or any of the parent directories): .git
2024-10-22 11:20:19.914 [info] > git rev-parse --show-toplevel [37ms]
2024-10-22 11:20:19.915 [info] fatal: not a git repository (or any of the parent directories): .git
2024-10-22 11:20:19.942 [info] > git rev-parse --show-toplevel [8ms]
2024-10-22 11:20:19.942 [info] fatal: not a git repository (or any of the parent directories): .git
2024-10-22 11:20:19.966 [info] > git rev-parse --show-toplevel [13ms]
2024-10-22 11:20:19.966 [info] fatal: not a git repository (or any of the parent directories): .git
2024-10-22 11:20:19.976 [info] [Model][doInitialScan] Initial repository scan completed - repositories (0), closed repositories (0), parent repositories (0), unsafe repositories (0)
2024-10-22 11:21:30.809 [info] > git rev-parse --show-toplevel [2ms]
2024-10-22 11:21:30.809 [info] fatal: not a git repository (or any of the parent directories): .git
2024-10-22 11:28:20.394 [info] > git rev-parse --show-toplevel [11ms]
2024-10-22 11:28:20.394 [info] fatal: not a git repository (or any of the parent directories): .git
2024-10-22 11:32:11.393 [info] > git rev-parse --show-toplevel [15ms]
2024-10-22 11:32:11.393 [info] fatal: not a git repository (or any of the parent directories): .git
2024-10-22 11:32:12.363 [info] > git rev-parse --show-toplevel [5ms]
2024-10-22 11:32:12.363 [info] fatal: not a git repository (or any of the parent directories): .git
2024-10-22 11:54:35.733 [info] > git rev-parse --show-toplevel [565ms]
2024-10-22 11:54:35.737 [info] fatal: not a git repository (or any of the parent directories): .git
