[2024-10-24T06:54:43.409+0000] {processor.py:186} INFO - Started process (PID=640) to work on /opt/airflow/dags/dcard_dag2.py
[2024-10-24T06:54:43.410+0000] {processor.py:914} INFO - Processing file /opt/airflow/dags/dcard_dag2.py for tasks to queue
[2024-10-24T06:54:43.412+0000] {logging_mixin.py:190} INFO - [2024-10-24T06:54:43.412+0000] {dagbag.py:588} INFO - Filling up the DagBag from /opt/airflow/dags/dcard_dag2.py
[2024-10-24T06:54:43.546+0000] {processor.py:925} INFO - DAG(s) 'test2' retrieved from /opt/airflow/dags/dcard_dag2.py
[2024-10-24T06:54:43.705+0000] {logging_mixin.py:190} INFO - [2024-10-24T06:54:43.704+0000] {override.py:1900} INFO - Created Permission View: can delete on DAG:test2
[2024-10-24T06:54:43.722+0000] {logging_mixin.py:190} INFO - [2024-10-24T06:54:43.721+0000] {override.py:1900} INFO - Created Permission View: can edit on DAG:test2
[2024-10-24T06:54:43.732+0000] {logging_mixin.py:190} INFO - [2024-10-24T06:54:43.732+0000] {override.py:1900} INFO - Created Permission View: can read on DAG:test2
[2024-10-24T06:54:43.747+0000] {logging_mixin.py:190} INFO - [2024-10-24T06:54:43.747+0000] {override.py:1900} INFO - Created Permission View: can delete on DAG Run:test2
[2024-10-24T06:54:43.759+0000] {logging_mixin.py:190} INFO - [2024-10-24T06:54:43.759+0000] {override.py:1900} INFO - Created Permission View: can create on DAG Run:test2
[2024-10-24T06:54:43.769+0000] {logging_mixin.py:190} INFO - [2024-10-24T06:54:43.769+0000] {override.py:1900} INFO - Created Permission View: menu access on DAG Run:test2
[2024-10-24T06:54:43.779+0000] {logging_mixin.py:190} INFO - [2024-10-24T06:54:43.779+0000] {override.py:1900} INFO - Created Permission View: can read on DAG Run:test2
[2024-10-24T06:54:43.780+0000] {logging_mixin.py:190} INFO - [2024-10-24T06:54:43.780+0000] {dag.py:3239} INFO - Sync 1 DAGs
[2024-10-24T06:54:43.795+0000] {logging_mixin.py:190} INFO - [2024-10-24T06:54:43.794+0000] {dag.py:3262} INFO - Creating ORM DAG for test2
[2024-10-24T06:54:43.804+0000] {logging_mixin.py:190} INFO - [2024-10-24T06:54:43.804+0000] {dag.py:4180} INFO - Setting next_dagrun for test2 to 2024-10-24 00:00:00+00:00, run_after=2024-10-25 00:00:00+00:00
[2024-10-24T06:54:43.829+0000] {processor.py:208} INFO - Processing /opt/airflow/dags/dcard_dag2.py took 0.428 seconds
[2024-10-24T06:54:50.834+0000] {processor.py:186} INFO - Started process (PID=658) to work on /opt/airflow/dags/dcard_dag2.py
[2024-10-24T06:54:50.835+0000] {processor.py:914} INFO - Processing file /opt/airflow/dags/dcard_dag2.py for tasks to queue
[2024-10-24T06:54:50.838+0000] {logging_mixin.py:190} INFO - [2024-10-24T06:54:50.838+0000] {dagbag.py:588} INFO - Filling up the DagBag from /opt/airflow/dags/dcard_dag2.py
[2024-10-24T06:54:50.976+0000] {processor.py:925} INFO - DAG(s) 'test2' retrieved from /opt/airflow/dags/dcard_dag2.py
[2024-10-24T06:54:50.987+0000] {logging_mixin.py:190} INFO - [2024-10-24T06:54:50.987+0000] {dag.py:3239} INFO - Sync 1 DAGs
[2024-10-24T06:54:51.016+0000] {logging_mixin.py:190} INFO - [2024-10-24T06:54:51.016+0000] {dag.py:4180} INFO - Setting next_dagrun for test2 to 2024-10-24 00:00:00+00:00, run_after=2024-10-25 00:00:00+00:00
[2024-10-24T06:54:51.045+0000] {processor.py:208} INFO - Processing /opt/airflow/dags/dcard_dag2.py took 0.219 seconds
[2024-10-24T06:55:14.811+0000] {processor.py:186} INFO - Started process (PID=664) to work on /opt/airflow/dags/dcard_dag2.py
[2024-10-24T06:55:14.812+0000] {processor.py:914} INFO - Processing file /opt/airflow/dags/dcard_dag2.py for tasks to queue
[2024-10-24T06:55:14.814+0000] {logging_mixin.py:190} INFO - [2024-10-24T06:55:14.814+0000] {dagbag.py:588} INFO - Filling up the DagBag from /opt/airflow/dags/dcard_dag2.py
[2024-10-24T06:55:14.960+0000] {processor.py:925} INFO - DAG(s) 'test2' retrieved from /opt/airflow/dags/dcard_dag2.py
[2024-10-24T06:55:14.998+0000] {logging_mixin.py:190} INFO - [2024-10-24T06:55:14.997+0000] {dag.py:3239} INFO - Sync 1 DAGs
[2024-10-24T06:55:15.029+0000] {logging_mixin.py:190} INFO - [2024-10-24T06:55:15.029+0000] {dag.py:4180} INFO - Setting next_dagrun for test2 to 2024-10-24 00:00:00+00:00, run_after=2024-10-25 00:00:00+00:00
[2024-10-24T06:55:15.053+0000] {processor.py:208} INFO - Processing /opt/airflow/dags/dcard_dag2.py took 0.251 seconds
[2024-10-24T06:55:45.466+0000] {processor.py:186} INFO - Started process (PID=1039) to work on /opt/airflow/dags/dcard_dag2.py
[2024-10-24T06:55:45.468+0000] {processor.py:914} INFO - Processing file /opt/airflow/dags/dcard_dag2.py for tasks to queue
[2024-10-24T06:55:45.471+0000] {logging_mixin.py:190} INFO - [2024-10-24T06:55:45.470+0000] {dagbag.py:588} INFO - Filling up the DagBag from /opt/airflow/dags/dcard_dag2.py
[2024-10-24T06:55:45.674+0000] {processor.py:925} INFO - DAG(s) 'test2' retrieved from /opt/airflow/dags/dcard_dag2.py
[2024-10-24T06:55:45.720+0000] {logging_mixin.py:190} INFO - [2024-10-24T06:55:45.720+0000] {dag.py:3239} INFO - Sync 1 DAGs
[2024-10-24T06:55:45.759+0000] {logging_mixin.py:190} INFO - [2024-10-24T06:55:45.759+0000] {dag.py:4180} INFO - Setting next_dagrun for test2 to 2024-10-24 00:00:00+00:00, run_after=2024-10-25 00:00:00+00:00
[2024-10-24T06:55:45.797+0000] {processor.py:208} INFO - Processing /opt/airflow/dags/dcard_dag2.py took 0.345 seconds
[2024-10-24T06:56:16.278+0000] {processor.py:186} INFO - Started process (PID=1048) to work on /opt/airflow/dags/dcard_dag2.py
[2024-10-24T06:56:16.279+0000] {processor.py:914} INFO - Processing file /opt/airflow/dags/dcard_dag2.py for tasks to queue
[2024-10-24T06:56:16.281+0000] {logging_mixin.py:190} INFO - [2024-10-24T06:56:16.280+0000] {dagbag.py:588} INFO - Filling up the DagBag from /opt/airflow/dags/dcard_dag2.py
[2024-10-24T06:56:16.424+0000] {processor.py:925} INFO - DAG(s) 'test2' retrieved from /opt/airflow/dags/dcard_dag2.py
[2024-10-24T06:56:16.453+0000] {logging_mixin.py:190} INFO - [2024-10-24T06:56:16.453+0000] {dag.py:3239} INFO - Sync 1 DAGs
[2024-10-24T06:56:16.477+0000] {logging_mixin.py:190} INFO - [2024-10-24T06:56:16.477+0000] {dag.py:4180} INFO - Setting next_dagrun for test2 to 2024-10-24 00:00:00+00:00, run_after=2024-10-25 00:00:00+00:00
[2024-10-24T06:56:16.502+0000] {processor.py:208} INFO - Processing /opt/airflow/dags/dcard_dag2.py took 0.233 seconds
[2024-10-24T06:56:46.884+0000] {processor.py:186} INFO - Started process (PID=1061) to work on /opt/airflow/dags/dcard_dag2.py
[2024-10-24T06:56:46.886+0000] {processor.py:914} INFO - Processing file /opt/airflow/dags/dcard_dag2.py for tasks to queue
[2024-10-24T06:56:46.887+0000] {logging_mixin.py:190} INFO - [2024-10-24T06:56:46.887+0000] {dagbag.py:588} INFO - Filling up the DagBag from /opt/airflow/dags/dcard_dag2.py
[2024-10-24T06:56:47.030+0000] {processor.py:925} INFO - DAG(s) 'test2' retrieved from /opt/airflow/dags/dcard_dag2.py
[2024-10-24T06:56:47.060+0000] {logging_mixin.py:190} INFO - [2024-10-24T06:56:47.059+0000] {dag.py:3239} INFO - Sync 1 DAGs
[2024-10-24T06:56:47.085+0000] {logging_mixin.py:190} INFO - [2024-10-24T06:56:47.085+0000] {dag.py:4180} INFO - Setting next_dagrun for test2 to 2024-10-24 00:00:00+00:00, run_after=2024-10-25 00:00:00+00:00
[2024-10-24T06:56:47.110+0000] {processor.py:208} INFO - Processing /opt/airflow/dags/dcard_dag2.py took 0.235 seconds
[2024-10-24T06:57:17.511+0000] {processor.py:186} INFO - Started process (PID=1067) to work on /opt/airflow/dags/dcard_dag2.py
[2024-10-24T06:57:17.513+0000] {processor.py:914} INFO - Processing file /opt/airflow/dags/dcard_dag2.py for tasks to queue
[2024-10-24T06:57:17.514+0000] {logging_mixin.py:190} INFO - [2024-10-24T06:57:17.514+0000] {dagbag.py:588} INFO - Filling up the DagBag from /opt/airflow/dags/dcard_dag2.py
[2024-10-24T06:57:17.655+0000] {processor.py:925} INFO - DAG(s) 'test2' retrieved from /opt/airflow/dags/dcard_dag2.py
[2024-10-24T06:57:17.684+0000] {logging_mixin.py:190} INFO - [2024-10-24T06:57:17.684+0000] {dag.py:3239} INFO - Sync 1 DAGs
[2024-10-24T06:57:17.710+0000] {logging_mixin.py:190} INFO - [2024-10-24T06:57:17.710+0000] {dag.py:4180} INFO - Setting next_dagrun for test2 to 2024-10-24 00:00:00+00:00, run_after=2024-10-25 00:00:00+00:00
[2024-10-24T06:57:17.734+0000] {processor.py:208} INFO - Processing /opt/airflow/dags/dcard_dag2.py took 0.232 seconds
[2024-10-24T06:57:48.148+0000] {processor.py:186} INFO - Started process (PID=1073) to work on /opt/airflow/dags/dcard_dag2.py
[2024-10-24T06:57:48.150+0000] {processor.py:914} INFO - Processing file /opt/airflow/dags/dcard_dag2.py for tasks to queue
[2024-10-24T06:57:48.152+0000] {logging_mixin.py:190} INFO - [2024-10-24T06:57:48.152+0000] {dagbag.py:588} INFO - Filling up the DagBag from /opt/airflow/dags/dcard_dag2.py
[2024-10-24T06:57:48.296+0000] {processor.py:925} INFO - DAG(s) 'test2' retrieved from /opt/airflow/dags/dcard_dag2.py
[2024-10-24T06:57:48.329+0000] {logging_mixin.py:190} INFO - [2024-10-24T06:57:48.328+0000] {dag.py:3239} INFO - Sync 1 DAGs
[2024-10-24T06:57:48.354+0000] {logging_mixin.py:190} INFO - [2024-10-24T06:57:48.353+0000] {dag.py:4180} INFO - Setting next_dagrun for test2 to 2024-10-24 00:00:00+00:00, run_after=2024-10-25 00:00:00+00:00
[2024-10-24T06:57:48.380+0000] {processor.py:208} INFO - Processing /opt/airflow/dags/dcard_dag2.py took 0.241 seconds
[2024-10-24T06:58:18.747+0000] {processor.py:186} INFO - Started process (PID=1079) to work on /opt/airflow/dags/dcard_dag2.py
[2024-10-24T06:58:18.748+0000] {processor.py:914} INFO - Processing file /opt/airflow/dags/dcard_dag2.py for tasks to queue
[2024-10-24T06:58:18.750+0000] {logging_mixin.py:190} INFO - [2024-10-24T06:58:18.749+0000] {dagbag.py:588} INFO - Filling up the DagBag from /opt/airflow/dags/dcard_dag2.py
[2024-10-24T06:58:18.901+0000] {processor.py:925} INFO - DAG(s) 'test2' retrieved from /opt/airflow/dags/dcard_dag2.py
[2024-10-24T06:58:18.940+0000] {logging_mixin.py:190} INFO - [2024-10-24T06:58:18.939+0000] {dag.py:3239} INFO - Sync 1 DAGs
[2024-10-24T06:58:18.968+0000] {logging_mixin.py:190} INFO - [2024-10-24T06:58:18.968+0000] {dag.py:4180} INFO - Setting next_dagrun for test2 to 2024-10-24 00:00:00+00:00, run_after=2024-10-25 00:00:00+00:00
[2024-10-24T06:58:18.992+0000] {processor.py:208} INFO - Processing /opt/airflow/dags/dcard_dag2.py took 0.254 seconds
[2024-10-24T06:59:30.926+0000] {processor.py:186} INFO - Started process (PID=1557) to work on /opt/airflow/dags/dcard_dag2.py
[2024-10-24T06:59:30.929+0000] {processor.py:914} INFO - Processing file /opt/airflow/dags/dcard_dag2.py for tasks to queue
[2024-10-24T06:59:30.930+0000] {logging_mixin.py:190} INFO - [2024-10-24T06:59:30.930+0000] {dagbag.py:588} INFO - Filling up the DagBag from /opt/airflow/dags/dcard_dag2.py
[2024-10-24T06:59:31.068+0000] {processor.py:925} INFO - DAG(s) 'test2' retrieved from /opt/airflow/dags/dcard_dag2.py
[2024-10-24T06:59:31.096+0000] {logging_mixin.py:190} INFO - [2024-10-24T06:59:31.095+0000] {dag.py:3239} INFO - Sync 1 DAGs
[2024-10-24T06:59:31.120+0000] {logging_mixin.py:190} INFO - [2024-10-24T06:59:31.119+0000] {dag.py:4180} INFO - Setting next_dagrun for test2 to 2024-10-24 00:00:00+00:00, run_after=2024-10-25 00:00:00+00:00
[2024-10-24T06:59:31.144+0000] {processor.py:208} INFO - Processing /opt/airflow/dags/dcard_dag2.py took 0.226 seconds
[2024-10-24T07:19:43.570+0000] {processor.py:186} INFO - Started process (PID=1573) to work on /opt/airflow/dags/dcard_dag2.py
[2024-10-24T07:19:43.575+0000] {processor.py:914} INFO - Processing file /opt/airflow/dags/dcard_dag2.py for tasks to queue
[2024-10-24T07:19:43.577+0000] {logging_mixin.py:190} INFO - [2024-10-24T07:19:43.577+0000] {dagbag.py:588} INFO - Filling up the DagBag from /opt/airflow/dags/dcard_dag2.py
[2024-10-24T07:19:43.717+0000] {processor.py:925} INFO - DAG(s) 'test3' retrieved from /opt/airflow/dags/dcard_dag2.py
[2024-10-24T07:19:43.868+0000] {logging_mixin.py:190} INFO - [2024-10-24T07:19:43.867+0000] {override.py:1900} INFO - Created Permission View: can delete on DAG:test3
[2024-10-24T07:19:43.882+0000] {logging_mixin.py:190} INFO - [2024-10-24T07:19:43.882+0000] {override.py:1900} INFO - Created Permission View: can edit on DAG:test3
[2024-10-24T07:19:43.892+0000] {logging_mixin.py:190} INFO - [2024-10-24T07:19:43.892+0000] {override.py:1900} INFO - Created Permission View: can read on DAG:test3
[2024-10-24T07:19:43.907+0000] {logging_mixin.py:190} INFO - [2024-10-24T07:19:43.907+0000] {override.py:1900} INFO - Created Permission View: can delete on DAG Run:test3
[2024-10-24T07:19:43.918+0000] {logging_mixin.py:190} INFO - [2024-10-24T07:19:43.918+0000] {override.py:1900} INFO - Created Permission View: can create on DAG Run:test3
[2024-10-24T07:19:43.928+0000] {logging_mixin.py:190} INFO - [2024-10-24T07:19:43.928+0000] {override.py:1900} INFO - Created Permission View: menu access on DAG Run:test3
[2024-10-24T07:19:43.938+0000] {logging_mixin.py:190} INFO - [2024-10-24T07:19:43.938+0000] {override.py:1900} INFO - Created Permission View: can read on DAG Run:test3
[2024-10-24T07:19:43.939+0000] {logging_mixin.py:190} INFO - [2024-10-24T07:19:43.939+0000] {dag.py:3239} INFO - Sync 1 DAGs
[2024-10-24T07:19:43.954+0000] {logging_mixin.py:190} INFO - [2024-10-24T07:19:43.954+0000] {dag.py:3262} INFO - Creating ORM DAG for test3
[2024-10-24T07:19:43.963+0000] {logging_mixin.py:190} INFO - [2024-10-24T07:19:43.963+0000] {dag.py:4180} INFO - Setting next_dagrun for test3 to 2024-10-24 00:00:00+00:00, run_after=2024-10-25 00:00:00+00:00
[2024-10-24T07:19:43.988+0000] {processor.py:208} INFO - Processing /opt/airflow/dags/dcard_dag2.py took 0.427 seconds
[2024-10-24T07:20:15.005+0000] {processor.py:186} INFO - Started process (PID=1578) to work on /opt/airflow/dags/dcard_dag2.py
[2024-10-24T07:20:15.012+0000] {processor.py:914} INFO - Processing file /opt/airflow/dags/dcard_dag2.py for tasks to queue
[2024-10-24T07:20:15.014+0000] {logging_mixin.py:190} INFO - [2024-10-24T07:20:15.013+0000] {dagbag.py:588} INFO - Filling up the DagBag from /opt/airflow/dags/dcard_dag2.py
[2024-10-24T07:20:15.159+0000] {processor.py:925} INFO - DAG(s) 'test3' retrieved from /opt/airflow/dags/dcard_dag2.py
[2024-10-24T07:20:15.188+0000] {logging_mixin.py:190} INFO - [2024-10-24T07:20:15.188+0000] {dag.py:3239} INFO - Sync 1 DAGs
[2024-10-24T07:20:15.212+0000] {logging_mixin.py:190} INFO - [2024-10-24T07:20:15.212+0000] {dag.py:4180} INFO - Setting next_dagrun for test3 to 2024-10-24 00:00:00+00:00, run_after=2024-10-25 00:00:00+00:00
[2024-10-24T07:20:15.237+0000] {processor.py:208} INFO - Processing /opt/airflow/dags/dcard_dag2.py took 0.241 seconds
[2024-10-24T07:20:45.570+0000] {processor.py:186} INFO - Started process (PID=1583) to work on /opt/airflow/dags/dcard_dag2.py
[2024-10-24T07:20:45.572+0000] {processor.py:914} INFO - Processing file /opt/airflow/dags/dcard_dag2.py for tasks to queue
[2024-10-24T07:20:45.574+0000] {logging_mixin.py:190} INFO - [2024-10-24T07:20:45.573+0000] {dagbag.py:588} INFO - Filling up the DagBag from /opt/airflow/dags/dcard_dag2.py
[2024-10-24T07:20:45.720+0000] {processor.py:925} INFO - DAG(s) 'test3' retrieved from /opt/airflow/dags/dcard_dag2.py
[2024-10-24T07:20:45.749+0000] {logging_mixin.py:190} INFO - [2024-10-24T07:20:45.748+0000] {dag.py:3239} INFO - Sync 1 DAGs
[2024-10-24T07:20:45.775+0000] {logging_mixin.py:190} INFO - [2024-10-24T07:20:45.774+0000] {dag.py:4180} INFO - Setting next_dagrun for test3 to 2024-10-24 00:00:00+00:00, run_after=2024-10-25 00:00:00+00:00
[2024-10-24T07:20:45.799+0000] {processor.py:208} INFO - Processing /opt/airflow/dags/dcard_dag2.py took 0.238 seconds
[2024-10-24T07:21:16.133+0000] {processor.py:186} INFO - Started process (PID=1588) to work on /opt/airflow/dags/dcard_dag2.py
[2024-10-24T07:21:16.135+0000] {processor.py:914} INFO - Processing file /opt/airflow/dags/dcard_dag2.py for tasks to queue
[2024-10-24T07:21:16.137+0000] {logging_mixin.py:190} INFO - [2024-10-24T07:21:16.136+0000] {dagbag.py:588} INFO - Filling up the DagBag from /opt/airflow/dags/dcard_dag2.py
[2024-10-24T07:21:16.280+0000] {processor.py:925} INFO - DAG(s) 'test3' retrieved from /opt/airflow/dags/dcard_dag2.py
[2024-10-24T07:21:16.310+0000] {logging_mixin.py:190} INFO - [2024-10-24T07:21:16.310+0000] {dag.py:3239} INFO - Sync 1 DAGs
[2024-10-24T07:21:16.335+0000] {logging_mixin.py:190} INFO - [2024-10-24T07:21:16.334+0000] {dag.py:4180} INFO - Setting next_dagrun for test3 to 2024-10-24 00:00:00+00:00, run_after=2024-10-25 00:00:00+00:00
[2024-10-24T07:21:16.359+0000] {processor.py:208} INFO - Processing /opt/airflow/dags/dcard_dag2.py took 0.235 seconds
[2024-10-24T07:21:46.696+0000] {processor.py:186} INFO - Started process (PID=1593) to work on /opt/airflow/dags/dcard_dag2.py
[2024-10-24T07:21:46.697+0000] {processor.py:914} INFO - Processing file /opt/airflow/dags/dcard_dag2.py for tasks to queue
[2024-10-24T07:21:46.699+0000] {logging_mixin.py:190} INFO - [2024-10-24T07:21:46.699+0000] {dagbag.py:588} INFO - Filling up the DagBag from /opt/airflow/dags/dcard_dag2.py
[2024-10-24T07:21:46.847+0000] {processor.py:925} INFO - DAG(s) 'test3' retrieved from /opt/airflow/dags/dcard_dag2.py
[2024-10-24T07:21:46.876+0000] {logging_mixin.py:190} INFO - [2024-10-24T07:21:46.876+0000] {dag.py:3239} INFO - Sync 1 DAGs
[2024-10-24T07:21:46.902+0000] {logging_mixin.py:190} INFO - [2024-10-24T07:21:46.901+0000] {dag.py:4180} INFO - Setting next_dagrun for test3 to 2024-10-24 00:00:00+00:00, run_after=2024-10-25 00:00:00+00:00
[2024-10-24T07:21:46.929+0000] {processor.py:208} INFO - Processing /opt/airflow/dags/dcard_dag2.py took 0.242 seconds
[2024-10-24T07:22:17.254+0000] {processor.py:186} INFO - Started process (PID=1598) to work on /opt/airflow/dags/dcard_dag2.py
[2024-10-24T07:22:17.255+0000] {processor.py:914} INFO - Processing file /opt/airflow/dags/dcard_dag2.py for tasks to queue
[2024-10-24T07:22:17.257+0000] {logging_mixin.py:190} INFO - [2024-10-24T07:22:17.256+0000] {dagbag.py:588} INFO - Filling up the DagBag from /opt/airflow/dags/dcard_dag2.py
[2024-10-24T07:22:17.403+0000] {processor.py:925} INFO - DAG(s) 'test3' retrieved from /opt/airflow/dags/dcard_dag2.py
[2024-10-24T07:22:17.432+0000] {logging_mixin.py:190} INFO - [2024-10-24T07:22:17.431+0000] {dag.py:3239} INFO - Sync 1 DAGs
[2024-10-24T07:22:17.458+0000] {logging_mixin.py:190} INFO - [2024-10-24T07:22:17.458+0000] {dag.py:4180} INFO - Setting next_dagrun for test3 to 2024-10-24 00:00:00+00:00, run_after=2024-10-25 00:00:00+00:00
[2024-10-24T07:22:17.482+0000] {processor.py:208} INFO - Processing /opt/airflow/dags/dcard_dag2.py took 0.237 seconds
[2024-10-24T07:22:47.808+0000] {processor.py:186} INFO - Started process (PID=1603) to work on /opt/airflow/dags/dcard_dag2.py
[2024-10-24T07:22:47.810+0000] {processor.py:914} INFO - Processing file /opt/airflow/dags/dcard_dag2.py for tasks to queue
[2024-10-24T07:22:47.812+0000] {logging_mixin.py:190} INFO - [2024-10-24T07:22:47.812+0000] {dagbag.py:588} INFO - Filling up the DagBag from /opt/airflow/dags/dcard_dag2.py
[2024-10-24T07:22:47.953+0000] {processor.py:925} INFO - DAG(s) 'test3' retrieved from /opt/airflow/dags/dcard_dag2.py
[2024-10-24T07:22:47.984+0000] {logging_mixin.py:190} INFO - [2024-10-24T07:22:47.984+0000] {dag.py:3239} INFO - Sync 1 DAGs
[2024-10-24T07:22:48.009+0000] {logging_mixin.py:190} INFO - [2024-10-24T07:22:48.008+0000] {dag.py:4180} INFO - Setting next_dagrun for test3 to 2024-10-24 00:00:00+00:00, run_after=2024-10-25 00:00:00+00:00
[2024-10-24T07:22:48.033+0000] {processor.py:208} INFO - Processing /opt/airflow/dags/dcard_dag2.py took 0.234 seconds
[2024-10-24T07:23:18.370+0000] {processor.py:186} INFO - Started process (PID=1608) to work on /opt/airflow/dags/dcard_dag2.py
[2024-10-24T07:23:18.372+0000] {processor.py:914} INFO - Processing file /opt/airflow/dags/dcard_dag2.py for tasks to queue
[2024-10-24T07:23:18.373+0000] {logging_mixin.py:190} INFO - [2024-10-24T07:23:18.373+0000] {dagbag.py:588} INFO - Filling up the DagBag from /opt/airflow/dags/dcard_dag2.py
[2024-10-24T07:23:18.520+0000] {processor.py:925} INFO - DAG(s) 'test3' retrieved from /opt/airflow/dags/dcard_dag2.py
[2024-10-24T07:23:18.550+0000] {logging_mixin.py:190} INFO - [2024-10-24T07:23:18.549+0000] {dag.py:3239} INFO - Sync 1 DAGs
[2024-10-24T07:23:18.574+0000] {logging_mixin.py:190} INFO - [2024-10-24T07:23:18.574+0000] {dag.py:4180} INFO - Setting next_dagrun for test3 to 2024-10-24 00:00:00+00:00, run_after=2024-10-25 00:00:00+00:00
[2024-10-24T07:23:18.599+0000] {processor.py:208} INFO - Processing /opt/airflow/dags/dcard_dag2.py took 0.238 seconds
[2024-10-24T07:23:48.929+0000] {processor.py:186} INFO - Started process (PID=1613) to work on /opt/airflow/dags/dcard_dag2.py
[2024-10-24T07:23:48.935+0000] {processor.py:914} INFO - Processing file /opt/airflow/dags/dcard_dag2.py for tasks to queue
[2024-10-24T07:23:48.937+0000] {logging_mixin.py:190} INFO - [2024-10-24T07:23:48.937+0000] {dagbag.py:588} INFO - Filling up the DagBag from /opt/airflow/dags/dcard_dag2.py
[2024-10-24T07:23:49.080+0000] {processor.py:925} INFO - DAG(s) 'test3' retrieved from /opt/airflow/dags/dcard_dag2.py
[2024-10-24T07:23:49.110+0000] {logging_mixin.py:190} INFO - [2024-10-24T07:23:49.109+0000] {dag.py:3239} INFO - Sync 1 DAGs
[2024-10-24T07:23:49.135+0000] {logging_mixin.py:190} INFO - [2024-10-24T07:23:49.134+0000] {dag.py:4180} INFO - Setting next_dagrun for test3 to 2024-10-24 00:00:00+00:00, run_after=2024-10-25 00:00:00+00:00
[2024-10-24T07:23:49.159+0000] {processor.py:208} INFO - Processing /opt/airflow/dags/dcard_dag2.py took 0.239 seconds
[2024-10-24T07:24:19.492+0000] {processor.py:186} INFO - Started process (PID=1618) to work on /opt/airflow/dags/dcard_dag2.py
[2024-10-24T07:24:19.494+0000] {processor.py:914} INFO - Processing file /opt/airflow/dags/dcard_dag2.py for tasks to queue
[2024-10-24T07:24:19.496+0000] {logging_mixin.py:190} INFO - [2024-10-24T07:24:19.495+0000] {dagbag.py:588} INFO - Filling up the DagBag from /opt/airflow/dags/dcard_dag2.py
[2024-10-24T07:24:19.640+0000] {processor.py:925} INFO - DAG(s) 'test3' retrieved from /opt/airflow/dags/dcard_dag2.py
[2024-10-24T07:24:19.670+0000] {logging_mixin.py:190} INFO - [2024-10-24T07:24:19.670+0000] {dag.py:3239} INFO - Sync 1 DAGs
[2024-10-24T07:24:19.694+0000] {logging_mixin.py:190} INFO - [2024-10-24T07:24:19.694+0000] {dag.py:4180} INFO - Setting next_dagrun for test3 to 2024-10-24 00:00:00+00:00, run_after=2024-10-25 00:00:00+00:00
[2024-10-24T07:24:19.718+0000] {processor.py:208} INFO - Processing /opt/airflow/dags/dcard_dag2.py took 0.234 seconds
[2024-10-24T07:24:50.047+0000] {processor.py:186} INFO - Started process (PID=1623) to work on /opt/airflow/dags/dcard_dag2.py
[2024-10-24T07:24:50.049+0000] {processor.py:914} INFO - Processing file /opt/airflow/dags/dcard_dag2.py for tasks to queue
[2024-10-24T07:24:50.051+0000] {logging_mixin.py:190} INFO - [2024-10-24T07:24:50.051+0000] {dagbag.py:588} INFO - Filling up the DagBag from /opt/airflow/dags/dcard_dag2.py
[2024-10-24T07:24:50.195+0000] {processor.py:925} INFO - DAG(s) 'test3' retrieved from /opt/airflow/dags/dcard_dag2.py
[2024-10-24T07:24:50.224+0000] {logging_mixin.py:190} INFO - [2024-10-24T07:24:50.224+0000] {dag.py:3239} INFO - Sync 1 DAGs
[2024-10-24T07:24:50.248+0000] {logging_mixin.py:190} INFO - [2024-10-24T07:24:50.248+0000] {dag.py:4180} INFO - Setting next_dagrun for test3 to 2024-10-24 00:00:00+00:00, run_after=2024-10-25 00:00:00+00:00
[2024-10-24T07:24:50.274+0000] {processor.py:208} INFO - Processing /opt/airflow/dags/dcard_dag2.py took 0.236 seconds
[2024-10-24T07:25:20.605+0000] {processor.py:186} INFO - Started process (PID=1628) to work on /opt/airflow/dags/dcard_dag2.py
[2024-10-24T07:25:20.607+0000] {processor.py:914} INFO - Processing file /opt/airflow/dags/dcard_dag2.py for tasks to queue
[2024-10-24T07:25:20.609+0000] {logging_mixin.py:190} INFO - [2024-10-24T07:25:20.608+0000] {dagbag.py:588} INFO - Filling up the DagBag from /opt/airflow/dags/dcard_dag2.py
[2024-10-24T07:25:20.750+0000] {processor.py:925} INFO - DAG(s) 'test3' retrieved from /opt/airflow/dags/dcard_dag2.py
[2024-10-24T07:25:20.780+0000] {logging_mixin.py:190} INFO - [2024-10-24T07:25:20.779+0000] {dag.py:3239} INFO - Sync 1 DAGs
[2024-10-24T07:25:20.806+0000] {logging_mixin.py:190} INFO - [2024-10-24T07:25:20.806+0000] {dag.py:4180} INFO - Setting next_dagrun for test3 to 2024-10-24 00:00:00+00:00, run_after=2024-10-25 00:00:00+00:00
[2024-10-24T07:25:20.829+0000] {processor.py:208} INFO - Processing /opt/airflow/dags/dcard_dag2.py took 0.233 seconds
[2024-10-24T07:25:51.162+0000] {processor.py:186} INFO - Started process (PID=1633) to work on /opt/airflow/dags/dcard_dag2.py
[2024-10-24T07:25:51.164+0000] {processor.py:914} INFO - Processing file /opt/airflow/dags/dcard_dag2.py for tasks to queue
[2024-10-24T07:25:51.166+0000] {logging_mixin.py:190} INFO - [2024-10-24T07:25:51.165+0000] {dagbag.py:588} INFO - Filling up the DagBag from /opt/airflow/dags/dcard_dag2.py
[2024-10-24T07:25:51.308+0000] {processor.py:925} INFO - DAG(s) 'test3' retrieved from /opt/airflow/dags/dcard_dag2.py
[2024-10-24T07:25:51.339+0000] {logging_mixin.py:190} INFO - [2024-10-24T07:25:51.338+0000] {dag.py:3239} INFO - Sync 1 DAGs
[2024-10-24T07:25:51.363+0000] {logging_mixin.py:190} INFO - [2024-10-24T07:25:51.363+0000] {dag.py:4180} INFO - Setting next_dagrun for test3 to 2024-10-24 00:00:00+00:00, run_after=2024-10-25 00:00:00+00:00
[2024-10-24T07:25:51.387+0000] {processor.py:208} INFO - Processing /opt/airflow/dags/dcard_dag2.py took 0.235 seconds
[2024-10-24T07:26:21.718+0000] {processor.py:186} INFO - Started process (PID=1638) to work on /opt/airflow/dags/dcard_dag2.py
[2024-10-24T07:26:21.719+0000] {processor.py:914} INFO - Processing file /opt/airflow/dags/dcard_dag2.py for tasks to queue
[2024-10-24T07:26:21.721+0000] {logging_mixin.py:190} INFO - [2024-10-24T07:26:21.720+0000] {dagbag.py:588} INFO - Filling up the DagBag from /opt/airflow/dags/dcard_dag2.py
[2024-10-24T07:26:21.863+0000] {processor.py:925} INFO - DAG(s) 'test3' retrieved from /opt/airflow/dags/dcard_dag2.py
[2024-10-24T07:26:21.893+0000] {logging_mixin.py:190} INFO - [2024-10-24T07:26:21.892+0000] {dag.py:3239} INFO - Sync 1 DAGs
[2024-10-24T07:26:21.917+0000] {logging_mixin.py:190} INFO - [2024-10-24T07:26:21.917+0000] {dag.py:4180} INFO - Setting next_dagrun for test3 to 2024-10-24 00:00:00+00:00, run_after=2024-10-25 00:00:00+00:00
[2024-10-24T07:26:21.943+0000] {processor.py:208} INFO - Processing /opt/airflow/dags/dcard_dag2.py took 0.234 seconds
[2024-10-24T07:26:52.235+0000] {processor.py:186} INFO - Started process (PID=1643) to work on /opt/airflow/dags/dcard_dag2.py
[2024-10-24T07:26:52.237+0000] {processor.py:914} INFO - Processing file /opt/airflow/dags/dcard_dag2.py for tasks to queue
[2024-10-24T07:26:52.239+0000] {logging_mixin.py:190} INFO - [2024-10-24T07:26:52.238+0000] {dagbag.py:588} INFO - Filling up the DagBag from /opt/airflow/dags/dcard_dag2.py
[2024-10-24T07:26:52.381+0000] {processor.py:925} INFO - DAG(s) 'test3' retrieved from /opt/airflow/dags/dcard_dag2.py
[2024-10-24T07:26:52.410+0000] {logging_mixin.py:190} INFO - [2024-10-24T07:26:52.410+0000] {dag.py:3239} INFO - Sync 1 DAGs
[2024-10-24T07:26:52.434+0000] {logging_mixin.py:190} INFO - [2024-10-24T07:26:52.434+0000] {dag.py:4180} INFO - Setting next_dagrun for test3 to 2024-10-24 00:00:00+00:00, run_after=2024-10-25 00:00:00+00:00
[2024-10-24T07:26:52.458+0000] {processor.py:208} INFO - Processing /opt/airflow/dags/dcard_dag2.py took 0.232 seconds
[2024-10-24T07:27:22.740+0000] {processor.py:186} INFO - Started process (PID=1649) to work on /opt/airflow/dags/dcard_dag2.py
[2024-10-24T07:27:22.742+0000] {processor.py:914} INFO - Processing file /opt/airflow/dags/dcard_dag2.py for tasks to queue
[2024-10-24T07:27:22.744+0000] {logging_mixin.py:190} INFO - [2024-10-24T07:27:22.744+0000] {dagbag.py:588} INFO - Filling up the DagBag from /opt/airflow/dags/dcard_dag2.py
[2024-10-24T07:27:22.887+0000] {processor.py:925} INFO - DAG(s) 'test3' retrieved from /opt/airflow/dags/dcard_dag2.py
[2024-10-24T07:27:22.916+0000] {logging_mixin.py:190} INFO - [2024-10-24T07:27:22.916+0000] {dag.py:3239} INFO - Sync 1 DAGs
[2024-10-24T07:27:22.941+0000] {logging_mixin.py:190} INFO - [2024-10-24T07:27:22.941+0000] {dag.py:4180} INFO - Setting next_dagrun for test3 to 2024-10-24 00:00:00+00:00, run_after=2024-10-25 00:00:00+00:00
[2024-10-24T07:27:22.967+0000] {processor.py:208} INFO - Processing /opt/airflow/dags/dcard_dag2.py took 0.236 seconds
[2024-10-24T07:27:53.191+0000] {processor.py:186} INFO - Started process (PID=1654) to work on /opt/airflow/dags/dcard_dag2.py
[2024-10-24T07:27:53.193+0000] {processor.py:914} INFO - Processing file /opt/airflow/dags/dcard_dag2.py for tasks to queue
[2024-10-24T07:27:53.195+0000] {logging_mixin.py:190} INFO - [2024-10-24T07:27:53.194+0000] {dagbag.py:588} INFO - Filling up the DagBag from /opt/airflow/dags/dcard_dag2.py
[2024-10-24T07:27:53.338+0000] {processor.py:925} INFO - DAG(s) 'test3' retrieved from /opt/airflow/dags/dcard_dag2.py
[2024-10-24T07:27:53.369+0000] {logging_mixin.py:190} INFO - [2024-10-24T07:27:53.368+0000] {dag.py:3239} INFO - Sync 1 DAGs
[2024-10-24T07:27:53.394+0000] {logging_mixin.py:190} INFO - [2024-10-24T07:27:53.394+0000] {dag.py:4180} INFO - Setting next_dagrun for test3 to 2024-10-24 00:00:00+00:00, run_after=2024-10-25 00:00:00+00:00
[2024-10-24T07:27:53.422+0000] {processor.py:208} INFO - Processing /opt/airflow/dags/dcard_dag2.py took 0.240 seconds
[2024-10-24T07:28:23.633+0000] {processor.py:186} INFO - Started process (PID=1659) to work on /opt/airflow/dags/dcard_dag2.py
[2024-10-24T07:28:23.635+0000] {processor.py:914} INFO - Processing file /opt/airflow/dags/dcard_dag2.py for tasks to queue
[2024-10-24T07:28:23.637+0000] {logging_mixin.py:190} INFO - [2024-10-24T07:28:23.636+0000] {dagbag.py:588} INFO - Filling up the DagBag from /opt/airflow/dags/dcard_dag2.py
[2024-10-24T07:28:23.780+0000] {processor.py:925} INFO - DAG(s) 'test3' retrieved from /opt/airflow/dags/dcard_dag2.py
[2024-10-24T07:28:23.809+0000] {logging_mixin.py:190} INFO - [2024-10-24T07:28:23.808+0000] {dag.py:3239} INFO - Sync 1 DAGs
[2024-10-24T07:28:23.835+0000] {logging_mixin.py:190} INFO - [2024-10-24T07:28:23.835+0000] {dag.py:4180} INFO - Setting next_dagrun for test3 to 2024-10-24 00:00:00+00:00, run_after=2024-10-25 00:00:00+00:00
[2024-10-24T07:28:23.860+0000] {processor.py:208} INFO - Processing /opt/airflow/dags/dcard_dag2.py took 0.238 seconds
[2024-10-24T07:28:54.078+0000] {processor.py:186} INFO - Started process (PID=1664) to work on /opt/airflow/dags/dcard_dag2.py
[2024-10-24T07:28:54.080+0000] {processor.py:914} INFO - Processing file /opt/airflow/dags/dcard_dag2.py for tasks to queue
[2024-10-24T07:28:54.082+0000] {logging_mixin.py:190} INFO - [2024-10-24T07:28:54.081+0000] {dagbag.py:588} INFO - Filling up the DagBag from /opt/airflow/dags/dcard_dag2.py
[2024-10-24T07:28:54.222+0000] {processor.py:925} INFO - DAG(s) 'test3' retrieved from /opt/airflow/dags/dcard_dag2.py
[2024-10-24T07:28:54.254+0000] {logging_mixin.py:190} INFO - [2024-10-24T07:28:54.253+0000] {dag.py:3239} INFO - Sync 1 DAGs
[2024-10-24T07:28:54.279+0000] {logging_mixin.py:190} INFO - [2024-10-24T07:28:54.279+0000] {dag.py:4180} INFO - Setting next_dagrun for test3 to 2024-10-24 00:00:00+00:00, run_after=2024-10-25 00:00:00+00:00
[2024-10-24T07:28:54.303+0000] {processor.py:208} INFO - Processing /opt/airflow/dags/dcard_dag2.py took 0.234 seconds
[2024-10-24T07:29:24.521+0000] {processor.py:186} INFO - Started process (PID=1669) to work on /opt/airflow/dags/dcard_dag2.py
[2024-10-24T07:29:24.523+0000] {processor.py:914} INFO - Processing file /opt/airflow/dags/dcard_dag2.py for tasks to queue
[2024-10-24T07:29:24.524+0000] {logging_mixin.py:190} INFO - [2024-10-24T07:29:24.524+0000] {dagbag.py:588} INFO - Filling up the DagBag from /opt/airflow/dags/dcard_dag2.py
[2024-10-24T07:29:24.669+0000] {processor.py:925} INFO - DAG(s) 'test3' retrieved from /opt/airflow/dags/dcard_dag2.py
[2024-10-24T07:29:24.698+0000] {logging_mixin.py:190} INFO - [2024-10-24T07:29:24.698+0000] {dag.py:3239} INFO - Sync 1 DAGs
[2024-10-24T07:29:24.722+0000] {logging_mixin.py:190} INFO - [2024-10-24T07:29:24.722+0000] {dag.py:4180} INFO - Setting next_dagrun for test3 to 2024-10-24 00:00:00+00:00, run_after=2024-10-25 00:00:00+00:00
[2024-10-24T07:29:24.746+0000] {processor.py:208} INFO - Processing /opt/airflow/dags/dcard_dag2.py took 0.234 seconds
[2024-10-24T07:29:54.964+0000] {processor.py:186} INFO - Started process (PID=1674) to work on /opt/airflow/dags/dcard_dag2.py
[2024-10-24T07:29:54.966+0000] {processor.py:914} INFO - Processing file /opt/airflow/dags/dcard_dag2.py for tasks to queue
[2024-10-24T07:29:54.968+0000] {logging_mixin.py:190} INFO - [2024-10-24T07:29:54.968+0000] {dagbag.py:588} INFO - Filling up the DagBag from /opt/airflow/dags/dcard_dag2.py
[2024-10-24T07:29:55.112+0000] {processor.py:925} INFO - DAG(s) 'test3' retrieved from /opt/airflow/dags/dcard_dag2.py
[2024-10-24T07:29:55.141+0000] {logging_mixin.py:190} INFO - [2024-10-24T07:29:55.141+0000] {dag.py:3239} INFO - Sync 1 DAGs
[2024-10-24T07:29:55.166+0000] {logging_mixin.py:190} INFO - [2024-10-24T07:29:55.166+0000] {dag.py:4180} INFO - Setting next_dagrun for test3 to 2024-10-24 00:00:00+00:00, run_after=2024-10-25 00:00:00+00:00
[2024-10-24T07:29:55.190+0000] {processor.py:208} INFO - Processing /opt/airflow/dags/dcard_dag2.py took 0.235 seconds
[2024-10-24T07:30:25.412+0000] {processor.py:186} INFO - Started process (PID=1679) to work on /opt/airflow/dags/dcard_dag2.py
[2024-10-24T07:30:25.413+0000] {processor.py:914} INFO - Processing file /opt/airflow/dags/dcard_dag2.py for tasks to queue
[2024-10-24T07:30:25.415+0000] {logging_mixin.py:190} INFO - [2024-10-24T07:30:25.414+0000] {dagbag.py:588} INFO - Filling up the DagBag from /opt/airflow/dags/dcard_dag2.py
[2024-10-24T07:30:25.554+0000] {processor.py:925} INFO - DAG(s) 'test3' retrieved from /opt/airflow/dags/dcard_dag2.py
[2024-10-24T07:30:25.584+0000] {logging_mixin.py:190} INFO - [2024-10-24T07:30:25.584+0000] {dag.py:3239} INFO - Sync 1 DAGs
[2024-10-24T07:30:25.610+0000] {logging_mixin.py:190} INFO - [2024-10-24T07:30:25.609+0000] {dag.py:4180} INFO - Setting next_dagrun for test3 to 2024-10-24 00:00:00+00:00, run_after=2024-10-25 00:00:00+00:00
[2024-10-24T07:30:25.636+0000] {processor.py:208} INFO - Processing /opt/airflow/dags/dcard_dag2.py took 0.234 seconds
[2024-10-24T07:30:55.861+0000] {processor.py:186} INFO - Started process (PID=1684) to work on /opt/airflow/dags/dcard_dag2.py
[2024-10-24T07:30:55.863+0000] {processor.py:914} INFO - Processing file /opt/airflow/dags/dcard_dag2.py for tasks to queue
[2024-10-24T07:30:55.865+0000] {logging_mixin.py:190} INFO - [2024-10-24T07:30:55.864+0000] {dagbag.py:588} INFO - Filling up the DagBag from /opt/airflow/dags/dcard_dag2.py
[2024-10-24T07:30:56.006+0000] {processor.py:925} INFO - DAG(s) 'test3' retrieved from /opt/airflow/dags/dcard_dag2.py
[2024-10-24T07:30:56.035+0000] {logging_mixin.py:190} INFO - [2024-10-24T07:30:56.035+0000] {dag.py:3239} INFO - Sync 1 DAGs
[2024-10-24T07:30:56.060+0000] {logging_mixin.py:190} INFO - [2024-10-24T07:30:56.060+0000] {dag.py:4180} INFO - Setting next_dagrun for test3 to 2024-10-24 00:00:00+00:00, run_after=2024-10-25 00:00:00+00:00
[2024-10-24T07:30:56.088+0000] {processor.py:208} INFO - Processing /opt/airflow/dags/dcard_dag2.py took 0.236 seconds
[2024-10-24T07:31:26.304+0000] {processor.py:186} INFO - Started process (PID=1689) to work on /opt/airflow/dags/dcard_dag2.py
[2024-10-24T07:31:26.306+0000] {processor.py:914} INFO - Processing file /opt/airflow/dags/dcard_dag2.py for tasks to queue
[2024-10-24T07:31:26.308+0000] {logging_mixin.py:190} INFO - [2024-10-24T07:31:26.308+0000] {dagbag.py:588} INFO - Filling up the DagBag from /opt/airflow/dags/dcard_dag2.py
[2024-10-24T07:31:26.451+0000] {processor.py:925} INFO - DAG(s) 'test3' retrieved from /opt/airflow/dags/dcard_dag2.py
[2024-10-24T07:31:26.480+0000] {logging_mixin.py:190} INFO - [2024-10-24T07:31:26.480+0000] {dag.py:3239} INFO - Sync 1 DAGs
[2024-10-24T07:31:26.507+0000] {logging_mixin.py:190} INFO - [2024-10-24T07:31:26.507+0000] {dag.py:4180} INFO - Setting next_dagrun for test3 to 2024-10-24 00:00:00+00:00, run_after=2024-10-25 00:00:00+00:00
[2024-10-24T07:31:26.532+0000] {processor.py:208} INFO - Processing /opt/airflow/dags/dcard_dag2.py took 0.237 seconds
[2024-10-24T07:31:56.749+0000] {processor.py:186} INFO - Started process (PID=1694) to work on /opt/airflow/dags/dcard_dag2.py
[2024-10-24T07:31:56.751+0000] {processor.py:914} INFO - Processing file /opt/airflow/dags/dcard_dag2.py for tasks to queue
[2024-10-24T07:31:56.753+0000] {logging_mixin.py:190} INFO - [2024-10-24T07:31:56.752+0000] {dagbag.py:588} INFO - Filling up the DagBag from /opt/airflow/dags/dcard_dag2.py
[2024-10-24T07:31:56.899+0000] {processor.py:925} INFO - DAG(s) 'test3' retrieved from /opt/airflow/dags/dcard_dag2.py
[2024-10-24T07:31:56.931+0000] {logging_mixin.py:190} INFO - [2024-10-24T07:31:56.930+0000] {dag.py:3239} INFO - Sync 1 DAGs
[2024-10-24T07:31:56.956+0000] {logging_mixin.py:190} INFO - [2024-10-24T07:31:56.956+0000] {dag.py:4180} INFO - Setting next_dagrun for test3 to 2024-10-24 00:00:00+00:00, run_after=2024-10-25 00:00:00+00:00
[2024-10-24T07:31:56.981+0000] {processor.py:208} INFO - Processing /opt/airflow/dags/dcard_dag2.py took 0.241 seconds
[2024-10-24T07:32:27.198+0000] {processor.py:186} INFO - Started process (PID=1699) to work on /opt/airflow/dags/dcard_dag2.py
[2024-10-24T07:32:27.200+0000] {processor.py:914} INFO - Processing file /opt/airflow/dags/dcard_dag2.py for tasks to queue
[2024-10-24T07:32:27.202+0000] {logging_mixin.py:190} INFO - [2024-10-24T07:32:27.201+0000] {dagbag.py:588} INFO - Filling up the DagBag from /opt/airflow/dags/dcard_dag2.py
[2024-10-24T07:32:27.348+0000] {processor.py:925} INFO - DAG(s) 'test3' retrieved from /opt/airflow/dags/dcard_dag2.py
[2024-10-24T07:32:27.378+0000] {logging_mixin.py:190} INFO - [2024-10-24T07:32:27.378+0000] {dag.py:3239} INFO - Sync 1 DAGs
[2024-10-24T07:32:27.403+0000] {logging_mixin.py:190} INFO - [2024-10-24T07:32:27.403+0000] {dag.py:4180} INFO - Setting next_dagrun for test3 to 2024-10-24 00:00:00+00:00, run_after=2024-10-25 00:00:00+00:00
[2024-10-24T07:32:27.429+0000] {processor.py:208} INFO - Processing /opt/airflow/dags/dcard_dag2.py took 0.240 seconds
[2024-10-24T07:32:57.640+0000] {processor.py:186} INFO - Started process (PID=1705) to work on /opt/airflow/dags/dcard_dag2.py
[2024-10-24T07:32:57.642+0000] {processor.py:914} INFO - Processing file /opt/airflow/dags/dcard_dag2.py for tasks to queue
[2024-10-24T07:32:57.644+0000] {logging_mixin.py:190} INFO - [2024-10-24T07:32:57.644+0000] {dagbag.py:588} INFO - Filling up the DagBag from /opt/airflow/dags/dcard_dag2.py
[2024-10-24T07:32:57.787+0000] {processor.py:925} INFO - DAG(s) 'test3' retrieved from /opt/airflow/dags/dcard_dag2.py
[2024-10-24T07:32:57.815+0000] {logging_mixin.py:190} INFO - [2024-10-24T07:32:57.815+0000] {dag.py:3239} INFO - Sync 1 DAGs
[2024-10-24T07:32:57.840+0000] {logging_mixin.py:190} INFO - [2024-10-24T07:32:57.839+0000] {dag.py:4180} INFO - Setting next_dagrun for test3 to 2024-10-24 00:00:00+00:00, run_after=2024-10-25 00:00:00+00:00
[2024-10-24T07:32:57.864+0000] {processor.py:208} INFO - Processing /opt/airflow/dags/dcard_dag2.py took 0.233 seconds
[2024-10-24T07:35:08.854+0000] {processor.py:186} INFO - Started process (PID=1721) to work on /opt/airflow/dags/dcard_dag2.py
[2024-10-24T07:35:08.856+0000] {processor.py:914} INFO - Processing file /opt/airflow/dags/dcard_dag2.py for tasks to queue
[2024-10-24T07:35:08.858+0000] {logging_mixin.py:190} INFO - [2024-10-24T07:35:08.858+0000] {dagbag.py:588} INFO - Filling up the DagBag from /opt/airflow/dags/dcard_dag2.py
[2024-10-24T07:35:08.994+0000] {processor.py:925} INFO - DAG(s) 'test3' retrieved from /opt/airflow/dags/dcard_dag2.py
[2024-10-24T07:35:09.022+0000] {logging_mixin.py:190} INFO - [2024-10-24T07:35:09.022+0000] {dag.py:3239} INFO - Sync 1 DAGs
[2024-10-24T07:35:09.045+0000] {logging_mixin.py:190} INFO - [2024-10-24T07:35:09.045+0000] {dag.py:4180} INFO - Setting next_dagrun for test3 to 2024-10-24 00:00:00+00:00, run_after=2024-10-25 00:00:00+00:00
[2024-10-24T07:35:09.069+0000] {processor.py:208} INFO - Processing /opt/airflow/dags/dcard_dag2.py took 0.224 seconds
[2024-10-24T07:35:39.245+0000] {processor.py:186} INFO - Started process (PID=1726) to work on /opt/airflow/dags/dcard_dag2.py
[2024-10-24T07:35:39.246+0000] {processor.py:914} INFO - Processing file /opt/airflow/dags/dcard_dag2.py for tasks to queue
[2024-10-24T07:35:39.248+0000] {logging_mixin.py:190} INFO - [2024-10-24T07:35:39.247+0000] {dagbag.py:588} INFO - Filling up the DagBag from /opt/airflow/dags/dcard_dag2.py
[2024-10-24T07:35:39.397+0000] {processor.py:925} INFO - DAG(s) 'test3' retrieved from /opt/airflow/dags/dcard_dag2.py
[2024-10-24T07:35:39.426+0000] {logging_mixin.py:190} INFO - [2024-10-24T07:35:39.426+0000] {dag.py:3239} INFO - Sync 1 DAGs
[2024-10-24T07:35:39.450+0000] {logging_mixin.py:190} INFO - [2024-10-24T07:35:39.450+0000] {dag.py:4180} INFO - Setting next_dagrun for test3 to 2024-10-24 00:00:00+00:00, run_after=2024-10-25 00:00:00+00:00
[2024-10-24T07:35:39.476+0000] {processor.py:208} INFO - Processing /opt/airflow/dags/dcard_dag2.py took 0.240 seconds
[2024-10-24T07:36:09.964+0000] {processor.py:186} INFO - Started process (PID=1731) to work on /opt/airflow/dags/dcard_dag2.py
[2024-10-24T07:36:09.966+0000] {processor.py:914} INFO - Processing file /opt/airflow/dags/dcard_dag2.py for tasks to queue
[2024-10-24T07:36:09.968+0000] {logging_mixin.py:190} INFO - [2024-10-24T07:36:09.967+0000] {dagbag.py:588} INFO - Filling up the DagBag from /opt/airflow/dags/dcard_dag2.py
[2024-10-24T07:36:10.110+0000] {processor.py:925} INFO - DAG(s) 'test3' retrieved from /opt/airflow/dags/dcard_dag2.py
[2024-10-24T07:36:10.139+0000] {logging_mixin.py:190} INFO - [2024-10-24T07:36:10.139+0000] {dag.py:3239} INFO - Sync 1 DAGs
[2024-10-24T07:36:10.164+0000] {logging_mixin.py:190} INFO - [2024-10-24T07:36:10.164+0000] {dag.py:4180} INFO - Setting next_dagrun for test3 to 2024-10-24 00:00:00+00:00, run_after=2024-10-25 00:00:00+00:00
[2024-10-24T07:36:10.189+0000] {processor.py:208} INFO - Processing /opt/airflow/dags/dcard_dag2.py took 0.235 seconds
[2024-10-24T07:36:40.736+0000] {processor.py:186} INFO - Started process (PID=1736) to work on /opt/airflow/dags/dcard_dag2.py
[2024-10-24T07:36:40.738+0000] {processor.py:914} INFO - Processing file /opt/airflow/dags/dcard_dag2.py for tasks to queue
[2024-10-24T07:36:40.740+0000] {logging_mixin.py:190} INFO - [2024-10-24T07:36:40.739+0000] {dagbag.py:588} INFO - Filling up the DagBag from /opt/airflow/dags/dcard_dag2.py
[2024-10-24T07:36:40.886+0000] {processor.py:925} INFO - DAG(s) 'test3' retrieved from /opt/airflow/dags/dcard_dag2.py
[2024-10-24T07:36:40.915+0000] {logging_mixin.py:190} INFO - [2024-10-24T07:36:40.914+0000] {dag.py:3239} INFO - Sync 1 DAGs
[2024-10-24T07:36:40.939+0000] {logging_mixin.py:190} INFO - [2024-10-24T07:36:40.939+0000] {dag.py:4180} INFO - Setting next_dagrun for test3 to 2024-10-24 00:00:00+00:00, run_after=2024-10-25 00:00:00+00:00
[2024-10-24T07:36:40.963+0000] {processor.py:208} INFO - Processing /opt/airflow/dags/dcard_dag2.py took 0.236 seconds
[2024-10-24T07:37:11.248+0000] {processor.py:186} INFO - Started process (PID=1741) to work on /opt/airflow/dags/dcard_dag2.py
[2024-10-24T07:37:11.249+0000] {processor.py:914} INFO - Processing file /opt/airflow/dags/dcard_dag2.py for tasks to queue
[2024-10-24T07:37:11.251+0000] {logging_mixin.py:190} INFO - [2024-10-24T07:37:11.250+0000] {dagbag.py:588} INFO - Filling up the DagBag from /opt/airflow/dags/dcard_dag2.py
[2024-10-24T07:37:11.394+0000] {processor.py:925} INFO - DAG(s) 'test3' retrieved from /opt/airflow/dags/dcard_dag2.py
[2024-10-24T07:37:11.424+0000] {logging_mixin.py:190} INFO - [2024-10-24T07:37:11.423+0000] {dag.py:3239} INFO - Sync 1 DAGs
[2024-10-24T07:37:11.450+0000] {logging_mixin.py:190} INFO - [2024-10-24T07:37:11.450+0000] {dag.py:4180} INFO - Setting next_dagrun for test3 to 2024-10-24 00:00:00+00:00, run_after=2024-10-25 00:00:00+00:00
[2024-10-24T07:37:11.475+0000] {processor.py:208} INFO - Processing /opt/airflow/dags/dcard_dag2.py took 0.236 seconds
[2024-10-24T07:37:42.016+0000] {processor.py:186} INFO - Started process (PID=1746) to work on /opt/airflow/dags/dcard_dag2.py
[2024-10-24T07:37:42.017+0000] {processor.py:914} INFO - Processing file /opt/airflow/dags/dcard_dag2.py for tasks to queue
[2024-10-24T07:37:42.019+0000] {logging_mixin.py:190} INFO - [2024-10-24T07:37:42.019+0000] {dagbag.py:588} INFO - Filling up the DagBag from /opt/airflow/dags/dcard_dag2.py
[2024-10-24T07:37:42.163+0000] {processor.py:925} INFO - DAG(s) 'test3' retrieved from /opt/airflow/dags/dcard_dag2.py
[2024-10-24T07:37:42.192+0000] {logging_mixin.py:190} INFO - [2024-10-24T07:37:42.192+0000] {dag.py:3239} INFO - Sync 1 DAGs
[2024-10-24T07:37:42.219+0000] {logging_mixin.py:190} INFO - [2024-10-24T07:37:42.218+0000] {dag.py:4180} INFO - Setting next_dagrun for test3 to 2024-10-24 00:00:00+00:00, run_after=2024-10-25 00:00:00+00:00
[2024-10-24T07:37:42.242+0000] {processor.py:208} INFO - Processing /opt/airflow/dags/dcard_dag2.py took 0.236 seconds
[2024-10-24T07:38:12.534+0000] {processor.py:186} INFO - Started process (PID=1751) to work on /opt/airflow/dags/dcard_dag2.py
[2024-10-24T07:38:12.536+0000] {processor.py:914} INFO - Processing file /opt/airflow/dags/dcard_dag2.py for tasks to queue
[2024-10-24T07:38:12.538+0000] {logging_mixin.py:190} INFO - [2024-10-24T07:38:12.537+0000] {dagbag.py:588} INFO - Filling up the DagBag from /opt/airflow/dags/dcard_dag2.py
[2024-10-24T07:38:12.682+0000] {processor.py:925} INFO - DAG(s) 'test3' retrieved from /opt/airflow/dags/dcard_dag2.py
[2024-10-24T07:38:12.712+0000] {logging_mixin.py:190} INFO - [2024-10-24T07:38:12.712+0000] {dag.py:3239} INFO - Sync 1 DAGs
[2024-10-24T07:38:12.737+0000] {logging_mixin.py:190} INFO - [2024-10-24T07:38:12.737+0000] {dag.py:4180} INFO - Setting next_dagrun for test3 to 2024-10-24 00:00:00+00:00, run_after=2024-10-25 00:00:00+00:00
[2024-10-24T07:38:12.762+0000] {processor.py:208} INFO - Processing /opt/airflow/dags/dcard_dag2.py took 0.237 seconds
[2024-10-24T07:38:43.316+0000] {processor.py:186} INFO - Started process (PID=1756) to work on /opt/airflow/dags/dcard_dag2.py
[2024-10-24T07:38:43.318+0000] {processor.py:914} INFO - Processing file /opt/airflow/dags/dcard_dag2.py for tasks to queue
[2024-10-24T07:38:43.320+0000] {logging_mixin.py:190} INFO - [2024-10-24T07:38:43.319+0000] {dagbag.py:588} INFO - Filling up the DagBag from /opt/airflow/dags/dcard_dag2.py
[2024-10-24T07:38:43.461+0000] {processor.py:925} INFO - DAG(s) 'test3' retrieved from /opt/airflow/dags/dcard_dag2.py
[2024-10-24T07:38:43.490+0000] {logging_mixin.py:190} INFO - [2024-10-24T07:38:43.490+0000] {dag.py:3239} INFO - Sync 1 DAGs
[2024-10-24T07:38:43.514+0000] {logging_mixin.py:190} INFO - [2024-10-24T07:38:43.514+0000] {dag.py:4180} INFO - Setting next_dagrun for test3 to 2024-10-24 00:00:00+00:00, run_after=2024-10-25 00:00:00+00:00
[2024-10-24T07:38:43.538+0000] {processor.py:208} INFO - Processing /opt/airflow/dags/dcard_dag2.py took 0.231 seconds
[2024-10-24T07:39:13.823+0000] {processor.py:186} INFO - Started process (PID=1761) to work on /opt/airflow/dags/dcard_dag2.py
[2024-10-24T07:39:13.824+0000] {processor.py:914} INFO - Processing file /opt/airflow/dags/dcard_dag2.py for tasks to queue
[2024-10-24T07:39:13.826+0000] {logging_mixin.py:190} INFO - [2024-10-24T07:39:13.826+0000] {dagbag.py:588} INFO - Filling up the DagBag from /opt/airflow/dags/dcard_dag2.py
[2024-10-24T07:39:13.967+0000] {processor.py:925} INFO - DAG(s) 'test3' retrieved from /opt/airflow/dags/dcard_dag2.py
[2024-10-24T07:39:13.996+0000] {logging_mixin.py:190} INFO - [2024-10-24T07:39:13.996+0000] {dag.py:3239} INFO - Sync 1 DAGs
[2024-10-24T07:39:14.021+0000] {logging_mixin.py:190} INFO - [2024-10-24T07:39:14.021+0000] {dag.py:4180} INFO - Setting next_dagrun for test3 to 2024-10-24 00:00:00+00:00, run_after=2024-10-25 00:00:00+00:00
[2024-10-24T07:39:14.045+0000] {processor.py:208} INFO - Processing /opt/airflow/dags/dcard_dag2.py took 0.232 seconds
[2024-10-24T07:39:44.595+0000] {processor.py:186} INFO - Started process (PID=1766) to work on /opt/airflow/dags/dcard_dag2.py
[2024-10-24T07:39:44.597+0000] {processor.py:914} INFO - Processing file /opt/airflow/dags/dcard_dag2.py for tasks to queue
[2024-10-24T07:39:44.599+0000] {logging_mixin.py:190} INFO - [2024-10-24T07:39:44.598+0000] {dagbag.py:588} INFO - Filling up the DagBag from /opt/airflow/dags/dcard_dag2.py
[2024-10-24T07:39:44.740+0000] {processor.py:925} INFO - DAG(s) 'test3' retrieved from /opt/airflow/dags/dcard_dag2.py
[2024-10-24T07:39:44.769+0000] {logging_mixin.py:190} INFO - [2024-10-24T07:39:44.768+0000] {dag.py:3239} INFO - Sync 1 DAGs
[2024-10-24T07:39:44.794+0000] {logging_mixin.py:190} INFO - [2024-10-24T07:39:44.794+0000] {dag.py:4180} INFO - Setting next_dagrun for test3 to 2024-10-24 00:00:00+00:00, run_after=2024-10-25 00:00:00+00:00
[2024-10-24T07:39:44.819+0000] {processor.py:208} INFO - Processing /opt/airflow/dags/dcard_dag2.py took 0.233 seconds
[2024-10-24T07:40:14.987+0000] {processor.py:186} INFO - Started process (PID=1771) to work on /opt/airflow/dags/dcard_dag2.py
[2024-10-24T07:40:14.989+0000] {processor.py:914} INFO - Processing file /opt/airflow/dags/dcard_dag2.py for tasks to queue
[2024-10-24T07:40:14.990+0000] {logging_mixin.py:190} INFO - [2024-10-24T07:40:14.990+0000] {dagbag.py:588} INFO - Filling up the DagBag from /opt/airflow/dags/dcard_dag2.py
[2024-10-24T07:40:15.132+0000] {processor.py:925} INFO - DAG(s) 'test3' retrieved from /opt/airflow/dags/dcard_dag2.py
[2024-10-24T07:40:15.160+0000] {logging_mixin.py:190} INFO - [2024-10-24T07:40:15.160+0000] {dag.py:3239} INFO - Sync 1 DAGs
[2024-10-24T07:40:15.187+0000] {logging_mixin.py:190} INFO - [2024-10-24T07:40:15.187+0000] {dag.py:4180} INFO - Setting next_dagrun for test3 to 2024-10-24 00:00:00+00:00, run_after=2024-10-25 00:00:00+00:00
[2024-10-24T07:40:15.211+0000] {processor.py:208} INFO - Processing /opt/airflow/dags/dcard_dag2.py took 0.233 seconds
[2024-10-24T07:40:46.335+0000] {processor.py:186} INFO - Started process (PID=1778) to work on /opt/airflow/dags/dcard_dag2.py
[2024-10-24T07:40:46.337+0000] {processor.py:914} INFO - Processing file /opt/airflow/dags/dcard_dag2.py for tasks to queue
[2024-10-24T07:40:46.339+0000] {logging_mixin.py:190} INFO - [2024-10-24T07:40:46.338+0000] {dagbag.py:588} INFO - Filling up the DagBag from /opt/airflow/dags/dcard_dag2.py
[2024-10-24T07:40:46.480+0000] {processor.py:925} INFO - DAG(s) 'test3' retrieved from /opt/airflow/dags/dcard_dag2.py
[2024-10-24T07:40:46.512+0000] {logging_mixin.py:190} INFO - [2024-10-24T07:40:46.511+0000] {dag.py:3239} INFO - Sync 1 DAGs
[2024-10-24T07:40:46.536+0000] {logging_mixin.py:190} INFO - [2024-10-24T07:40:46.535+0000] {dag.py:4180} INFO - Setting next_dagrun for test3 to 2024-10-24 00:00:00+00:00, run_after=2024-10-25 00:00:00+00:00
[2024-10-24T07:40:46.559+0000] {processor.py:208} INFO - Processing /opt/airflow/dags/dcard_dag2.py took 0.233 seconds
