[2024-10-24T13:17:59.476+0000] {local_task_job_runner.py:123} INFO - ::group::Pre task execution logs
[2024-10-24T13:17:59.492+0000] {taskinstance.py:2612} INFO - Dependencies all met for dep_context=non-requeueable deps ti=<TaskInstance: selenium_scraper_dag.run_selenium_task manual__2024-10-24T13:17:53.535497+00:00 [queued]>
[2024-10-24T13:17:59.501+0000] {taskinstance.py:2612} INFO - Dependencies all met for dep_context=requeueable deps ti=<TaskInstance: selenium_scraper_dag.run_selenium_task manual__2024-10-24T13:17:53.535497+00:00 [queued]>
[2024-10-24T13:17:59.502+0000] {taskinstance.py:2865} INFO - Starting attempt 1 of 2
[2024-10-24T13:17:59.521+0000] {taskinstance.py:2888} INFO - Executing <Task(PythonOperator): run_selenium_task> on 2024-10-24 13:17:53.535497+00:00
[2024-10-24T13:17:59.529+0000] {standard_task_runner.py:72} INFO - Started process 19394 to run task
[2024-10-24T13:17:59.533+0000] {standard_task_runner.py:104} INFO - Running: ['airflow', 'tasks', 'run', 'selenium_scraper_dag', 'run_selenium_task', 'manual__2024-10-24T13:17:53.535497+00:00', '--job-id', '937', '--raw', '--subdir', 'DAGS_FOLDER/selenium_test.py', '--cfg-path', '/tmp/tmpciotdrbo']
[2024-10-24T13:17:59.536+0000] {standard_task_runner.py:105} INFO - Job 937: Subtask run_selenium_task
[2024-10-24T13:17:59.592+0000] {task_command.py:467} INFO - Running <TaskInstance: selenium_scraper_dag.run_selenium_task manual__2024-10-24T13:17:53.535497+00:00 [running]> on host 60bbe790d101
[2024-10-24T13:17:59.691+0000] {taskinstance.py:3131} INFO - Exporting env vars: AIRFLOW_CTX_DAG_OWNER='airflow' AIRFLOW_CTX_DAG_ID='selenium_scraper_dag' AIRFLOW_CTX_TASK_ID='run_selenium_task' AIRFLOW_CTX_EXECUTION_DATE='2024-10-24T13:17:53.535497+00:00' AIRFLOW_CTX_TRY_NUMBER='1' AIRFLOW_CTX_DAG_RUN_ID='manual__2024-10-24T13:17:53.535497+00:00'
[2024-10-24T13:17:59.692+0000] {taskinstance.py:731} INFO - ::endgroup::
[2024-10-24T13:17:59.713+0000] {logger.py:11} INFO - ====== WebDriver manager ======
[2024-10-24T13:17:59.847+0000] {logger.py:11} INFO - Get LATEST chromedriver version for google-chrome
[2024-10-24T13:17:59.986+0000] {logger.py:11} INFO - Get LATEST chromedriver version for google-chrome
[2024-10-24T13:18:00.108+0000] {logger.py:11} INFO - Driver [/home/airflow/.wdm/drivers/chromedriver/linux64/130.0.6723.69/chromedriver] found in cache
[2024-10-24T13:18:01.747+0000] {logging_mixin.py:190} INFO - Page title is: Google
[2024-10-24T13:18:03.109+0000] {logging_mixin.py:190} INFO - New page title is: 
[2024-10-24T13:18:03.218+0000] {python.py:240} INFO - Done. Returned value was: None
[2024-10-24T13:18:03.225+0000] {taskinstance.py:340} INFO - ::group::Post task execution logs
[2024-10-24T13:18:03.225+0000] {taskinstance.py:352} INFO - Marking task as SUCCESS. dag_id=selenium_scraper_dag, task_id=run_selenium_task, run_id=manual__2024-10-24T13:17:53.535497+00:00, execution_date=20241024T131753, start_date=20241024T131759, end_date=20241024T131803
[2024-10-24T13:18:03.282+0000] {local_task_job_runner.py:266} INFO - Task exited with return code 0
[2024-10-24T13:18:03.302+0000] {taskinstance.py:3900} INFO - 0 downstream tasks scheduled from follow-on schedule check
[2024-10-24T13:18:03.303+0000] {local_task_job_runner.py:245} INFO - ::endgroup::
